[2025-01-08T18:43:58.594+0000] {processor.py:186} INFO - Started process (PID=74) to work on /opt/airflow/dags/data_load.py
[2025-01-08T18:43:58.594+0000] {processor.py:914} INFO - Processing file /opt/airflow/dags/data_load.py for tasks to queue
[2025-01-08T18:43:58.597+0000] {logging_mixin.py:190} INFO - [2025-01-08T18:43:58.596+0000] {dagbag.py:588} INFO - Filling up the DagBag from /opt/airflow/dags/data_load.py
[2025-01-08T18:43:58.709+0000] {processor.py:925} INFO - DAG(s) 'csv_to_postgresql' retrieved from /opt/airflow/dags/data_load.py
[2025-01-08T18:44:00.885+0000] {logging_mixin.py:190} INFO - [2025-01-08T18:44:00.871+0000] {override.py:1911} INFO - Created Permission View: can edit on DAG:csv_to_postgresql
[2025-01-08T18:44:00.908+0000] {logging_mixin.py:190} INFO - [2025-01-08T18:44:00.903+0000] {override.py:1911} INFO - Created Permission View: can read on DAG:csv_to_postgresql
[2025-01-08T18:44:00.943+0000] {logging_mixin.py:190} INFO - [2025-01-08T18:44:00.942+0000] {override.py:1911} INFO - Created Permission View: can delete on DAG:csv_to_postgresql
[2025-01-08T18:44:00.966+0000] {logging_mixin.py:190} INFO - [2025-01-08T18:44:00.965+0000] {override.py:1911} INFO - Created Permission View: menu access on DAG Run:csv_to_postgresql
[2025-01-08T18:44:01.058+0000] {logging_mixin.py:190} INFO - [2025-01-08T18:44:01.058+0000] {override.py:1911} INFO - Created Permission View: can read on DAG Run:csv_to_postgresql
[2025-01-08T18:44:01.114+0000] {logging_mixin.py:190} INFO - [2025-01-08T18:44:01.114+0000] {override.py:1911} INFO - Created Permission View: can delete on DAG Run:csv_to_postgresql
[2025-01-08T18:44:01.134+0000] {logging_mixin.py:190} INFO - [2025-01-08T18:44:01.133+0000] {override.py:1911} INFO - Created Permission View: can create on DAG Run:csv_to_postgresql
[2025-01-08T18:44:01.137+0000] {logging_mixin.py:190} INFO - [2025-01-08T18:44:01.136+0000] {dag.py:3239} INFO - Sync 1 DAGs
[2025-01-08T18:44:01.256+0000] {logging_mixin.py:190} INFO - [2025-01-08T18:44:01.256+0000] {dag.py:3262} INFO - Creating ORM DAG for csv_to_postgresql
[2025-01-08T18:44:01.335+0000] {logging_mixin.py:190} INFO - [2025-01-08T18:44:01.335+0000] {dag.py:4180} INFO - Setting next_dagrun for csv_to_postgresql to 2025-01-08 00:00:00+00:00, run_after=2025-01-09 00:00:00+00:00
[2025-01-08T18:44:01.452+0000] {processor.py:208} INFO - Processing /opt/airflow/dags/data_load.py took 2.895 seconds
[2025-01-08T18:44:31.928+0000] {processor.py:186} INFO - Started process (PID=141) to work on /opt/airflow/dags/data_load.py
[2025-01-08T18:44:31.929+0000] {processor.py:914} INFO - Processing file /opt/airflow/dags/data_load.py for tasks to queue
[2025-01-08T18:44:31.933+0000] {logging_mixin.py:190} INFO - [2025-01-08T18:44:31.932+0000] {dagbag.py:588} INFO - Filling up the DagBag from /opt/airflow/dags/data_load.py
[2025-01-08T18:44:31.960+0000] {processor.py:925} INFO - DAG(s) 'csv_to_postgresql' retrieved from /opt/airflow/dags/data_load.py
[2025-01-08T18:44:32.064+0000] {logging_mixin.py:190} INFO - [2025-01-08T18:44:32.064+0000] {dag.py:3239} INFO - Sync 1 DAGs
[2025-01-08T18:44:32.166+0000] {logging_mixin.py:190} INFO - [2025-01-08T18:44:32.132+0000] {dag.py:4180} INFO - Setting next_dagrun for csv_to_postgresql to 2025-01-08 00:00:00+00:00, run_after=2025-01-09 00:00:00+00:00
[2025-01-08T18:44:32.264+0000] {processor.py:208} INFO - Processing /opt/airflow/dags/data_load.py took 0.367 seconds
[2025-01-08T18:45:02.834+0000] {processor.py:186} INFO - Started process (PID=205) to work on /opt/airflow/dags/data_load.py
[2025-01-08T18:45:02.852+0000] {processor.py:914} INFO - Processing file /opt/airflow/dags/data_load.py for tasks to queue
[2025-01-08T18:45:02.862+0000] {logging_mixin.py:190} INFO - [2025-01-08T18:45:02.862+0000] {dagbag.py:588} INFO - Filling up the DagBag from /opt/airflow/dags/data_load.py
[2025-01-08T18:45:02.915+0000] {processor.py:925} INFO - DAG(s) 'csv_to_postgresql' retrieved from /opt/airflow/dags/data_load.py
[2025-01-08T18:45:03.066+0000] {logging_mixin.py:190} INFO - [2025-01-08T18:45:03.065+0000] {dag.py:3239} INFO - Sync 1 DAGs
[2025-01-08T18:45:03.380+0000] {logging_mixin.py:190} INFO - [2025-01-08T18:45:03.380+0000] {dag.py:4180} INFO - Setting next_dagrun for csv_to_postgresql to 2025-01-08 00:00:00+00:00, run_after=2025-01-09 00:00:00+00:00
[2025-01-08T18:45:03.676+0000] {processor.py:208} INFO - Processing /opt/airflow/dags/data_load.py took 0.848 seconds
[2025-01-08T18:45:34.596+0000] {processor.py:186} INFO - Started process (PID=268) to work on /opt/airflow/dags/data_load.py
[2025-01-08T18:45:34.597+0000] {processor.py:914} INFO - Processing file /opt/airflow/dags/data_load.py for tasks to queue
[2025-01-08T18:45:34.600+0000] {logging_mixin.py:190} INFO - [2025-01-08T18:45:34.599+0000] {dagbag.py:588} INFO - Filling up the DagBag from /opt/airflow/dags/data_load.py
[2025-01-08T18:45:34.611+0000] {processor.py:925} INFO - DAG(s) 'csv_to_postgresql' retrieved from /opt/airflow/dags/data_load.py
[2025-01-08T18:45:34.636+0000] {logging_mixin.py:190} INFO - [2025-01-08T18:45:34.635+0000] {dag.py:3239} INFO - Sync 1 DAGs
[2025-01-08T18:45:34.663+0000] {logging_mixin.py:190} INFO - [2025-01-08T18:45:34.662+0000] {dag.py:4180} INFO - Setting next_dagrun for csv_to_postgresql to 2025-01-08 00:00:00+00:00, run_after=2025-01-09 00:00:00+00:00
[2025-01-08T18:45:34.717+0000] {processor.py:208} INFO - Processing /opt/airflow/dags/data_load.py took 0.127 seconds
[2025-01-08T18:46:05.053+0000] {processor.py:186} INFO - Started process (PID=333) to work on /opt/airflow/dags/data_load.py
[2025-01-08T18:46:05.062+0000] {processor.py:914} INFO - Processing file /opt/airflow/dags/data_load.py for tasks to queue
[2025-01-08T18:46:05.064+0000] {logging_mixin.py:190} INFO - [2025-01-08T18:46:05.064+0000] {dagbag.py:588} INFO - Filling up the DagBag from /opt/airflow/dags/data_load.py
[2025-01-08T18:46:05.096+0000] {processor.py:925} INFO - DAG(s) 'csv_to_postgresql' retrieved from /opt/airflow/dags/data_load.py
[2025-01-08T18:46:05.120+0000] {logging_mixin.py:190} INFO - [2025-01-08T18:46:05.119+0000] {dag.py:3239} INFO - Sync 1 DAGs
[2025-01-08T18:46:05.160+0000] {logging_mixin.py:190} INFO - [2025-01-08T18:46:05.160+0000] {dag.py:4180} INFO - Setting next_dagrun for csv_to_postgresql to 2025-01-08 00:00:00+00:00, run_after=2025-01-09 00:00:00+00:00
[2025-01-08T18:46:05.200+0000] {processor.py:208} INFO - Processing /opt/airflow/dags/data_load.py took 0.154 seconds
[2025-01-08T18:46:35.746+0000] {processor.py:186} INFO - Started process (PID=398) to work on /opt/airflow/dags/data_load.py
[2025-01-08T18:46:35.746+0000] {processor.py:914} INFO - Processing file /opt/airflow/dags/data_load.py for tasks to queue
[2025-01-08T18:46:35.749+0000] {logging_mixin.py:190} INFO - [2025-01-08T18:46:35.749+0000] {dagbag.py:588} INFO - Filling up the DagBag from /opt/airflow/dags/data_load.py
[2025-01-08T18:46:35.762+0000] {processor.py:925} INFO - DAG(s) 'csv_to_postgresql' retrieved from /opt/airflow/dags/data_load.py
[2025-01-08T18:46:35.800+0000] {logging_mixin.py:190} INFO - [2025-01-08T18:46:35.800+0000] {dag.py:3239} INFO - Sync 1 DAGs
[2025-01-08T18:46:35.847+0000] {logging_mixin.py:190} INFO - [2025-01-08T18:46:35.847+0000] {dag.py:4180} INFO - Setting next_dagrun for csv_to_postgresql to 2025-01-08 00:00:00+00:00, run_after=2025-01-09 00:00:00+00:00
[2025-01-08T18:46:35.864+0000] {processor.py:208} INFO - Processing /opt/airflow/dags/data_load.py took 0.125 seconds
[2025-01-08T18:47:06.368+0000] {processor.py:186} INFO - Started process (PID=463) to work on /opt/airflow/dags/data_load.py
[2025-01-08T18:47:06.370+0000] {processor.py:914} INFO - Processing file /opt/airflow/dags/data_load.py for tasks to queue
[2025-01-08T18:47:06.374+0000] {logging_mixin.py:190} INFO - [2025-01-08T18:47:06.373+0000] {dagbag.py:588} INFO - Filling up the DagBag from /opt/airflow/dags/data_load.py
[2025-01-08T18:47:06.388+0000] {processor.py:925} INFO - DAG(s) 'csv_to_postgresql' retrieved from /opt/airflow/dags/data_load.py
[2025-01-08T18:47:06.415+0000] {logging_mixin.py:190} INFO - [2025-01-08T18:47:06.415+0000] {dag.py:3239} INFO - Sync 1 DAGs
[2025-01-08T18:47:06.453+0000] {logging_mixin.py:190} INFO - [2025-01-08T18:47:06.453+0000] {dag.py:4180} INFO - Setting next_dagrun for csv_to_postgresql to 2025-01-08 00:00:00+00:00, run_after=2025-01-09 00:00:00+00:00
[2025-01-08T18:47:06.470+0000] {processor.py:208} INFO - Processing /opt/airflow/dags/data_load.py took 0.107 seconds
[2025-01-08T18:47:38.388+0000] {processor.py:186} INFO - Started process (PID=529) to work on /opt/airflow/dags/data_load.py
[2025-01-08T18:47:38.398+0000] {processor.py:914} INFO - Processing file /opt/airflow/dags/data_load.py for tasks to queue
[2025-01-08T18:47:38.400+0000] {logging_mixin.py:190} INFO - [2025-01-08T18:47:38.400+0000] {dagbag.py:588} INFO - Filling up the DagBag from /opt/airflow/dags/data_load.py
[2025-01-08T18:47:38.414+0000] {processor.py:925} INFO - DAG(s) 'csv_to_postgresql' retrieved from /opt/airflow/dags/data_load.py
[2025-01-08T18:47:38.457+0000] {logging_mixin.py:190} INFO - [2025-01-08T18:47:38.457+0000] {dag.py:3239} INFO - Sync 1 DAGs
[2025-01-08T18:47:38.499+0000] {logging_mixin.py:190} INFO - [2025-01-08T18:47:38.499+0000] {dag.py:4180} INFO - Setting next_dagrun for csv_to_postgresql to 2025-01-08 00:00:00+00:00, run_after=2025-01-09 00:00:00+00:00
[2025-01-08T18:47:38.536+0000] {processor.py:208} INFO - Processing /opt/airflow/dags/data_load.py took 0.163 seconds
[2025-01-08T18:48:08.736+0000] {processor.py:186} INFO - Started process (PID=593) to work on /opt/airflow/dags/data_load.py
[2025-01-08T18:48:08.738+0000] {processor.py:914} INFO - Processing file /opt/airflow/dags/data_load.py for tasks to queue
[2025-01-08T18:48:08.740+0000] {logging_mixin.py:190} INFO - [2025-01-08T18:48:08.739+0000] {dagbag.py:588} INFO - Filling up the DagBag from /opt/airflow/dags/data_load.py
[2025-01-08T18:48:08.750+0000] {processor.py:925} INFO - DAG(s) 'csv_to_postgresql' retrieved from /opt/airflow/dags/data_load.py
[2025-01-08T18:48:08.773+0000] {logging_mixin.py:190} INFO - [2025-01-08T18:48:08.772+0000] {dag.py:3239} INFO - Sync 1 DAGs
[2025-01-08T18:48:08.800+0000] {logging_mixin.py:190} INFO - [2025-01-08T18:48:08.799+0000] {dag.py:4180} INFO - Setting next_dagrun for csv_to_postgresql to 2025-01-08 00:00:00+00:00, run_after=2025-01-09 00:00:00+00:00
[2025-01-08T18:48:08.816+0000] {processor.py:208} INFO - Processing /opt/airflow/dags/data_load.py took 0.086 seconds
[2025-01-08T18:48:39.086+0000] {processor.py:186} INFO - Started process (PID=658) to work on /opt/airflow/dags/data_load.py
[2025-01-08T18:48:39.087+0000] {processor.py:914} INFO - Processing file /opt/airflow/dags/data_load.py for tasks to queue
[2025-01-08T18:48:39.088+0000] {logging_mixin.py:190} INFO - [2025-01-08T18:48:39.088+0000] {dagbag.py:588} INFO - Filling up the DagBag from /opt/airflow/dags/data_load.py
[2025-01-08T18:48:39.095+0000] {processor.py:925} INFO - DAG(s) 'csv_to_postgresql' retrieved from /opt/airflow/dags/data_load.py
[2025-01-08T18:48:39.110+0000] {logging_mixin.py:190} INFO - [2025-01-08T18:48:39.110+0000] {dag.py:3239} INFO - Sync 1 DAGs
[2025-01-08T18:48:39.129+0000] {logging_mixin.py:190} INFO - [2025-01-08T18:48:39.128+0000] {dag.py:4180} INFO - Setting next_dagrun for csv_to_postgresql to 2025-01-08 00:00:00+00:00, run_after=2025-01-09 00:00:00+00:00
[2025-01-08T18:48:39.141+0000] {processor.py:208} INFO - Processing /opt/airflow/dags/data_load.py took 0.060 seconds
[2025-01-08T18:49:09.738+0000] {processor.py:186} INFO - Started process (PID=719) to work on /opt/airflow/dags/data_load.py
[2025-01-08T18:49:09.739+0000] {processor.py:914} INFO - Processing file /opt/airflow/dags/data_load.py for tasks to queue
[2025-01-08T18:49:09.742+0000] {logging_mixin.py:190} INFO - [2025-01-08T18:49:09.741+0000] {dagbag.py:588} INFO - Filling up the DagBag from /opt/airflow/dags/data_load.py
[2025-01-08T18:49:09.752+0000] {processor.py:925} INFO - DAG(s) 'csv_to_postgresql' retrieved from /opt/airflow/dags/data_load.py
[2025-01-08T18:49:09.772+0000] {logging_mixin.py:190} INFO - [2025-01-08T18:49:09.772+0000] {dag.py:3239} INFO - Sync 1 DAGs
[2025-01-08T18:49:09.794+0000] {logging_mixin.py:190} INFO - [2025-01-08T18:49:09.794+0000] {dag.py:4180} INFO - Setting next_dagrun for csv_to_postgresql to 2025-01-08 00:00:00+00:00, run_after=2025-01-09 00:00:00+00:00
[2025-01-08T18:49:09.806+0000] {processor.py:208} INFO - Processing /opt/airflow/dags/data_load.py took 0.073 seconds
[2025-01-08T18:49:43.209+0000] {processor.py:186} INFO - Started process (PID=781) to work on /opt/airflow/dags/data_load.py
[2025-01-08T18:49:43.210+0000] {processor.py:914} INFO - Processing file /opt/airflow/dags/data_load.py for tasks to queue
[2025-01-08T18:49:43.214+0000] {logging_mixin.py:190} INFO - [2025-01-08T18:49:43.214+0000] {dagbag.py:588} INFO - Filling up the DagBag from /opt/airflow/dags/data_load.py
[2025-01-08T18:49:43.227+0000] {processor.py:925} INFO - DAG(s) 'csv_to_postgresql' retrieved from /opt/airflow/dags/data_load.py
[2025-01-08T18:49:43.255+0000] {logging_mixin.py:190} INFO - [2025-01-08T18:49:43.254+0000] {dag.py:3239} INFO - Sync 1 DAGs
[2025-01-08T18:49:43.283+0000] {logging_mixin.py:190} INFO - [2025-01-08T18:49:43.282+0000] {dag.py:4180} INFO - Setting next_dagrun for csv_to_postgresql to 2025-01-08 00:00:00+00:00, run_after=2025-01-09 00:00:00+00:00
[2025-01-08T18:49:43.317+0000] {processor.py:208} INFO - Processing /opt/airflow/dags/data_load.py took 0.124 seconds
[2025-01-08T18:50:13.849+0000] {processor.py:186} INFO - Started process (PID=844) to work on /opt/airflow/dags/data_load.py
[2025-01-08T18:50:13.850+0000] {processor.py:914} INFO - Processing file /opt/airflow/dags/data_load.py for tasks to queue
[2025-01-08T18:50:13.852+0000] {logging_mixin.py:190} INFO - [2025-01-08T18:50:13.852+0000] {dagbag.py:588} INFO - Filling up the DagBag from /opt/airflow/dags/data_load.py
[2025-01-08T18:50:13.892+0000] {processor.py:925} INFO - DAG(s) 'csv_to_postgresql' retrieved from /opt/airflow/dags/data_load.py
[2025-01-08T18:50:13.923+0000] {logging_mixin.py:190} INFO - [2025-01-08T18:50:13.923+0000] {dag.py:3239} INFO - Sync 1 DAGs
[2025-01-08T18:50:13.970+0000] {logging_mixin.py:190} INFO - [2025-01-08T18:50:13.970+0000] {dag.py:4180} INFO - Setting next_dagrun for csv_to_postgresql to 2025-01-08 00:00:00+00:00, run_after=2025-01-09 00:00:00+00:00
[2025-01-08T18:50:13.990+0000] {processor.py:208} INFO - Processing /opt/airflow/dags/data_load.py took 0.147 seconds
[2025-01-08T18:50:44.490+0000] {processor.py:186} INFO - Started process (PID=907) to work on /opt/airflow/dags/data_load.py
[2025-01-08T18:50:44.491+0000] {processor.py:914} INFO - Processing file /opt/airflow/dags/data_load.py for tasks to queue
[2025-01-08T18:50:44.493+0000] {logging_mixin.py:190} INFO - [2025-01-08T18:50:44.492+0000] {dagbag.py:588} INFO - Filling up the DagBag from /opt/airflow/dags/data_load.py
[2025-01-08T18:50:44.520+0000] {processor.py:925} INFO - DAG(s) 'csv_to_postgresql' retrieved from /opt/airflow/dags/data_load.py
[2025-01-08T18:50:44.550+0000] {logging_mixin.py:190} INFO - [2025-01-08T18:50:44.550+0000] {dag.py:3239} INFO - Sync 1 DAGs
[2025-01-08T18:50:44.581+0000] {logging_mixin.py:190} INFO - [2025-01-08T18:50:44.581+0000] {dag.py:4180} INFO - Setting next_dagrun for csv_to_postgresql to 2025-01-08 00:00:00+00:00, run_after=2025-01-09 00:00:00+00:00
[2025-01-08T18:50:44.606+0000] {processor.py:208} INFO - Processing /opt/airflow/dags/data_load.py took 0.144 seconds
[2025-01-08T18:51:15.068+0000] {processor.py:186} INFO - Started process (PID=972) to work on /opt/airflow/dags/data_load.py
[2025-01-08T18:51:15.070+0000] {processor.py:914} INFO - Processing file /opt/airflow/dags/data_load.py for tasks to queue
[2025-01-08T18:51:15.072+0000] {logging_mixin.py:190} INFO - [2025-01-08T18:51:15.072+0000] {dagbag.py:588} INFO - Filling up the DagBag from /opt/airflow/dags/data_load.py
[2025-01-08T18:51:15.084+0000] {processor.py:925} INFO - DAG(s) 'csv_to_postgresql' retrieved from /opt/airflow/dags/data_load.py
[2025-01-08T18:51:15.104+0000] {logging_mixin.py:190} INFO - [2025-01-08T18:51:15.104+0000] {dag.py:3239} INFO - Sync 1 DAGs
[2025-01-08T18:51:15.132+0000] {logging_mixin.py:190} INFO - [2025-01-08T18:51:15.131+0000] {dag.py:4180} INFO - Setting next_dagrun for csv_to_postgresql to 2025-01-08 00:00:00+00:00, run_after=2025-01-09 00:00:00+00:00
[2025-01-08T18:51:15.149+0000] {processor.py:208} INFO - Processing /opt/airflow/dags/data_load.py took 0.086 seconds
[2025-01-08T18:51:46.002+0000] {processor.py:186} INFO - Started process (PID=1036) to work on /opt/airflow/dags/data_load.py
[2025-01-08T18:51:46.003+0000] {processor.py:914} INFO - Processing file /opt/airflow/dags/data_load.py for tasks to queue
[2025-01-08T18:51:46.005+0000] {logging_mixin.py:190} INFO - [2025-01-08T18:51:46.004+0000] {dagbag.py:588} INFO - Filling up the DagBag from /opt/airflow/dags/data_load.py
[2025-01-08T18:51:46.015+0000] {processor.py:925} INFO - DAG(s) 'csv_to_postgresql' retrieved from /opt/airflow/dags/data_load.py
[2025-01-08T18:51:46.037+0000] {logging_mixin.py:190} INFO - [2025-01-08T18:51:46.037+0000] {dag.py:3239} INFO - Sync 1 DAGs
[2025-01-08T18:51:46.068+0000] {logging_mixin.py:190} INFO - [2025-01-08T18:51:46.068+0000] {dag.py:4180} INFO - Setting next_dagrun for csv_to_postgresql to 2025-01-08 00:00:00+00:00, run_after=2025-01-09 00:00:00+00:00
[2025-01-08T18:51:46.110+0000] {processor.py:208} INFO - Processing /opt/airflow/dags/data_load.py took 0.114 seconds
[2025-01-08T18:52:16.912+0000] {processor.py:186} INFO - Started process (PID=1101) to work on /opt/airflow/dags/data_load.py
[2025-01-08T18:52:16.913+0000] {processor.py:914} INFO - Processing file /opt/airflow/dags/data_load.py for tasks to queue
[2025-01-08T18:52:16.915+0000] {logging_mixin.py:190} INFO - [2025-01-08T18:52:16.914+0000] {dagbag.py:588} INFO - Filling up the DagBag from /opt/airflow/dags/data_load.py
[2025-01-08T18:52:16.926+0000] {processor.py:925} INFO - DAG(s) 'csv_to_postgresql' retrieved from /opt/airflow/dags/data_load.py
[2025-01-08T18:52:16.947+0000] {logging_mixin.py:190} INFO - [2025-01-08T18:52:16.947+0000] {dag.py:3239} INFO - Sync 1 DAGs
[2025-01-08T18:52:16.973+0000] {logging_mixin.py:190} INFO - [2025-01-08T18:52:16.973+0000] {dag.py:4180} INFO - Setting next_dagrun for csv_to_postgresql to 2025-01-08 00:00:00+00:00, run_after=2025-01-09 00:00:00+00:00
[2025-01-08T18:52:16.990+0000] {processor.py:208} INFO - Processing /opt/airflow/dags/data_load.py took 0.084 seconds
[2025-01-08T18:52:47.333+0000] {processor.py:186} INFO - Started process (PID=1167) to work on /opt/airflow/dags/data_load.py
[2025-01-08T18:52:47.338+0000] {processor.py:914} INFO - Processing file /opt/airflow/dags/data_load.py for tasks to queue
[2025-01-08T18:52:47.348+0000] {logging_mixin.py:190} INFO - [2025-01-08T18:52:47.348+0000] {dagbag.py:588} INFO - Filling up the DagBag from /opt/airflow/dags/data_load.py
[2025-01-08T18:52:47.373+0000] {processor.py:925} INFO - DAG(s) 'csv_to_postgresql' retrieved from /opt/airflow/dags/data_load.py
[2025-01-08T18:52:47.410+0000] {logging_mixin.py:190} INFO - [2025-01-08T18:52:47.410+0000] {dag.py:3239} INFO - Sync 1 DAGs
[2025-01-08T18:52:47.459+0000] {logging_mixin.py:190} INFO - [2025-01-08T18:52:47.459+0000] {dag.py:4180} INFO - Setting next_dagrun for csv_to_postgresql to 2025-01-08 00:00:00+00:00, run_after=2025-01-09 00:00:00+00:00
[2025-01-08T18:52:47.491+0000] {processor.py:208} INFO - Processing /opt/airflow/dags/data_load.py took 0.167 seconds
[2025-01-08T18:53:17.566+0000] {processor.py:186} INFO - Started process (PID=1233) to work on /opt/airflow/dags/data_load.py
[2025-01-08T18:53:17.567+0000] {processor.py:914} INFO - Processing file /opt/airflow/dags/data_load.py for tasks to queue
[2025-01-08T18:53:17.569+0000] {logging_mixin.py:190} INFO - [2025-01-08T18:53:17.569+0000] {dagbag.py:588} INFO - Filling up the DagBag from /opt/airflow/dags/data_load.py
[2025-01-08T18:53:17.579+0000] {processor.py:925} INFO - DAG(s) 'csv_to_postgresql' retrieved from /opt/airflow/dags/data_load.py
[2025-01-08T18:53:17.599+0000] {logging_mixin.py:190} INFO - [2025-01-08T18:53:17.599+0000] {dag.py:3239} INFO - Sync 1 DAGs
[2025-01-08T18:53:17.624+0000] {logging_mixin.py:190} INFO - [2025-01-08T18:53:17.624+0000] {dag.py:4180} INFO - Setting next_dagrun for csv_to_postgresql to 2025-01-08 00:00:00+00:00, run_after=2025-01-09 00:00:00+00:00
[2025-01-08T18:53:17.639+0000] {processor.py:208} INFO - Processing /opt/airflow/dags/data_load.py took 0.080 seconds
[2025-01-08T18:53:47.948+0000] {processor.py:186} INFO - Started process (PID=1298) to work on /opt/airflow/dags/data_load.py
[2025-01-08T18:53:47.949+0000] {processor.py:914} INFO - Processing file /opt/airflow/dags/data_load.py for tasks to queue
[2025-01-08T18:53:47.952+0000] {logging_mixin.py:190} INFO - [2025-01-08T18:53:47.951+0000] {dagbag.py:588} INFO - Filling up the DagBag from /opt/airflow/dags/data_load.py
[2025-01-08T18:53:47.966+0000] {processor.py:925} INFO - DAG(s) 'csv_to_postgresql' retrieved from /opt/airflow/dags/data_load.py
[2025-01-08T18:53:48.018+0000] {logging_mixin.py:190} INFO - [2025-01-08T18:53:48.018+0000] {dag.py:3239} INFO - Sync 1 DAGs
[2025-01-08T18:53:48.058+0000] {logging_mixin.py:190} INFO - [2025-01-08T18:53:48.057+0000] {dag.py:4180} INFO - Setting next_dagrun for csv_to_postgresql to 2025-01-08 00:00:00+00:00, run_after=2025-01-09 00:00:00+00:00
[2025-01-08T18:53:48.092+0000] {processor.py:208} INFO - Processing /opt/airflow/dags/data_load.py took 0.151 seconds
[2025-01-08T18:54:18.545+0000] {processor.py:186} INFO - Started process (PID=1364) to work on /opt/airflow/dags/data_load.py
[2025-01-08T18:54:18.546+0000] {processor.py:914} INFO - Processing file /opt/airflow/dags/data_load.py for tasks to queue
[2025-01-08T18:54:18.548+0000] {logging_mixin.py:190} INFO - [2025-01-08T18:54:18.547+0000] {dagbag.py:588} INFO - Filling up the DagBag from /opt/airflow/dags/data_load.py
[2025-01-08T18:54:18.557+0000] {processor.py:925} INFO - DAG(s) 'csv_to_postgresql' retrieved from /opt/airflow/dags/data_load.py
[2025-01-08T18:54:18.578+0000] {logging_mixin.py:190} INFO - [2025-01-08T18:54:18.578+0000] {dag.py:3239} INFO - Sync 1 DAGs
[2025-01-08T18:54:18.615+0000] {logging_mixin.py:190} INFO - [2025-01-08T18:54:18.610+0000] {dag.py:4180} INFO - Setting next_dagrun for csv_to_postgresql to 2025-01-08 00:00:00+00:00, run_after=2025-01-09 00:00:00+00:00
[2025-01-08T18:54:18.631+0000] {processor.py:208} INFO - Processing /opt/airflow/dags/data_load.py took 0.092 seconds
[2025-01-08T18:54:49.089+0000] {processor.py:186} INFO - Started process (PID=1429) to work on /opt/airflow/dags/data_load.py
[2025-01-08T18:54:49.089+0000] {processor.py:914} INFO - Processing file /opt/airflow/dags/data_load.py for tasks to queue
[2025-01-08T18:54:49.091+0000] {logging_mixin.py:190} INFO - [2025-01-08T18:54:49.091+0000] {dagbag.py:588} INFO - Filling up the DagBag from /opt/airflow/dags/data_load.py
[2025-01-08T18:54:49.101+0000] {processor.py:925} INFO - DAG(s) 'csv_to_postgresql' retrieved from /opt/airflow/dags/data_load.py
[2025-01-08T18:54:49.122+0000] {logging_mixin.py:190} INFO - [2025-01-08T18:54:49.121+0000] {dag.py:3239} INFO - Sync 1 DAGs
[2025-01-08T18:54:49.147+0000] {logging_mixin.py:190} INFO - [2025-01-08T18:54:49.147+0000] {dag.py:4180} INFO - Setting next_dagrun for csv_to_postgresql to 2025-01-08 00:00:00+00:00, run_after=2025-01-09 00:00:00+00:00
[2025-01-08T18:54:49.163+0000] {processor.py:208} INFO - Processing /opt/airflow/dags/data_load.py took 0.080 seconds
[2025-01-08T18:55:19.776+0000] {processor.py:186} INFO - Started process (PID=1494) to work on /opt/airflow/dags/data_load.py
[2025-01-08T18:55:19.782+0000] {processor.py:914} INFO - Processing file /opt/airflow/dags/data_load.py for tasks to queue
[2025-01-08T18:55:19.784+0000] {logging_mixin.py:190} INFO - [2025-01-08T18:55:19.784+0000] {dagbag.py:588} INFO - Filling up the DagBag from /opt/airflow/dags/data_load.py
[2025-01-08T18:55:19.794+0000] {processor.py:925} INFO - DAG(s) 'csv_to_postgresql' retrieved from /opt/airflow/dags/data_load.py
[2025-01-08T18:55:19.839+0000] {logging_mixin.py:190} INFO - [2025-01-08T18:55:19.839+0000] {dag.py:3239} INFO - Sync 1 DAGs
[2025-01-08T18:55:19.869+0000] {logging_mixin.py:190} INFO - [2025-01-08T18:55:19.869+0000] {dag.py:4180} INFO - Setting next_dagrun for csv_to_postgresql to 2025-01-08 00:00:00+00:00, run_after=2025-01-09 00:00:00+00:00
[2025-01-08T18:55:19.905+0000] {processor.py:208} INFO - Processing /opt/airflow/dags/data_load.py took 0.141 seconds
[2025-01-08T18:55:50.356+0000] {processor.py:186} INFO - Started process (PID=1559) to work on /opt/airflow/dags/data_load.py
[2025-01-08T18:55:50.357+0000] {processor.py:914} INFO - Processing file /opt/airflow/dags/data_load.py for tasks to queue
[2025-01-08T18:55:50.360+0000] {logging_mixin.py:190} INFO - [2025-01-08T18:55:50.359+0000] {dagbag.py:588} INFO - Filling up the DagBag from /opt/airflow/dags/data_load.py
[2025-01-08T18:55:50.373+0000] {processor.py:925} INFO - DAG(s) 'csv_to_postgresql' retrieved from /opt/airflow/dags/data_load.py
[2025-01-08T18:55:50.395+0000] {logging_mixin.py:190} INFO - [2025-01-08T18:55:50.394+0000] {dag.py:3239} INFO - Sync 1 DAGs
[2025-01-08T18:55:50.421+0000] {logging_mixin.py:190} INFO - [2025-01-08T18:55:50.421+0000] {dag.py:4180} INFO - Setting next_dagrun for csv_to_postgresql to 2025-01-08 00:00:00+00:00, run_after=2025-01-09 00:00:00+00:00
[2025-01-08T18:55:50.439+0000] {processor.py:208} INFO - Processing /opt/airflow/dags/data_load.py took 0.089 seconds
[2025-01-08T18:56:20.562+0000] {processor.py:186} INFO - Started process (PID=1624) to work on /opt/airflow/dags/data_load.py
[2025-01-08T18:56:20.566+0000] {processor.py:914} INFO - Processing file /opt/airflow/dags/data_load.py for tasks to queue
[2025-01-08T18:56:20.574+0000] {logging_mixin.py:190} INFO - [2025-01-08T18:56:20.573+0000] {dagbag.py:588} INFO - Filling up the DagBag from /opt/airflow/dags/data_load.py
[2025-01-08T18:56:20.587+0000] {processor.py:925} INFO - DAG(s) 'csv_to_postgresql' retrieved from /opt/airflow/dags/data_load.py
[2025-01-08T18:56:20.678+0000] {logging_mixin.py:190} INFO - [2025-01-08T18:56:20.677+0000] {dag.py:3239} INFO - Sync 1 DAGs
[2025-01-08T18:56:20.707+0000] {logging_mixin.py:190} INFO - [2025-01-08T18:56:20.707+0000] {dag.py:4180} INFO - Setting next_dagrun for csv_to_postgresql to 2025-01-08 00:00:00+00:00, run_after=2025-01-09 00:00:00+00:00
[2025-01-08T18:56:20.742+0000] {processor.py:208} INFO - Processing /opt/airflow/dags/data_load.py took 0.196 seconds
[2025-01-08T18:56:50.883+0000] {processor.py:186} INFO - Started process (PID=1689) to work on /opt/airflow/dags/data_load.py
[2025-01-08T18:56:50.883+0000] {processor.py:914} INFO - Processing file /opt/airflow/dags/data_load.py for tasks to queue
[2025-01-08T18:56:50.885+0000] {logging_mixin.py:190} INFO - [2025-01-08T18:56:50.885+0000] {dagbag.py:588} INFO - Filling up the DagBag from /opt/airflow/dags/data_load.py
[2025-01-08T18:56:50.898+0000] {processor.py:925} INFO - DAG(s) 'csv_to_postgresql' retrieved from /opt/airflow/dags/data_load.py
[2025-01-08T18:56:50.918+0000] {logging_mixin.py:190} INFO - [2025-01-08T18:56:50.918+0000] {dag.py:3239} INFO - Sync 1 DAGs
[2025-01-08T18:56:50.939+0000] {logging_mixin.py:190} INFO - [2025-01-08T18:56:50.939+0000] {dag.py:4180} INFO - Setting next_dagrun for csv_to_postgresql to 2025-01-08 00:00:00+00:00, run_after=2025-01-09 00:00:00+00:00
[2025-01-08T18:56:50.951+0000] {processor.py:208} INFO - Processing /opt/airflow/dags/data_load.py took 0.078 seconds
[2025-01-08T18:57:21.330+0000] {processor.py:186} INFO - Started process (PID=1755) to work on /opt/airflow/dags/data_load.py
[2025-01-08T18:57:21.330+0000] {processor.py:914} INFO - Processing file /opt/airflow/dags/data_load.py for tasks to queue
[2025-01-08T18:57:21.332+0000] {logging_mixin.py:190} INFO - [2025-01-08T18:57:21.332+0000] {dagbag.py:588} INFO - Filling up the DagBag from /opt/airflow/dags/data_load.py
[2025-01-08T18:57:21.339+0000] {processor.py:925} INFO - DAG(s) 'csv_to_postgresql' retrieved from /opt/airflow/dags/data_load.py
[2025-01-08T18:57:21.353+0000] {logging_mixin.py:190} INFO - [2025-01-08T18:57:21.353+0000] {dag.py:3239} INFO - Sync 1 DAGs
[2025-01-08T18:57:21.370+0000] {logging_mixin.py:190} INFO - [2025-01-08T18:57:21.370+0000] {dag.py:4180} INFO - Setting next_dagrun for csv_to_postgresql to 2025-01-08 00:00:00+00:00, run_after=2025-01-09 00:00:00+00:00
[2025-01-08T18:57:21.384+0000] {processor.py:208} INFO - Processing /opt/airflow/dags/data_load.py took 0.058 seconds
[2025-01-08T18:57:51.852+0000] {processor.py:186} INFO - Started process (PID=1820) to work on /opt/airflow/dags/data_load.py
[2025-01-08T18:57:51.853+0000] {processor.py:914} INFO - Processing file /opt/airflow/dags/data_load.py for tasks to queue
[2025-01-08T18:57:51.856+0000] {logging_mixin.py:190} INFO - [2025-01-08T18:57:51.855+0000] {dagbag.py:588} INFO - Filling up the DagBag from /opt/airflow/dags/data_load.py
[2025-01-08T18:57:51.866+0000] {processor.py:925} INFO - DAG(s) 'csv_to_postgresql' retrieved from /opt/airflow/dags/data_load.py
[2025-01-08T18:57:51.887+0000] {logging_mixin.py:190} INFO - [2025-01-08T18:57:51.887+0000] {dag.py:3239} INFO - Sync 1 DAGs
[2025-01-08T18:57:51.913+0000] {logging_mixin.py:190} INFO - [2025-01-08T18:57:51.913+0000] {dag.py:4180} INFO - Setting next_dagrun for csv_to_postgresql to 2025-01-08 00:00:00+00:00, run_after=2025-01-09 00:00:00+00:00
[2025-01-08T18:57:51.945+0000] {processor.py:208} INFO - Processing /opt/airflow/dags/data_load.py took 0.099 seconds
[2025-01-08T18:58:21.996+0000] {processor.py:186} INFO - Started process (PID=1885) to work on /opt/airflow/dags/data_load.py
[2025-01-08T18:58:21.996+0000] {processor.py:914} INFO - Processing file /opt/airflow/dags/data_load.py for tasks to queue
[2025-01-08T18:58:21.998+0000] {logging_mixin.py:190} INFO - [2025-01-08T18:58:21.998+0000] {dagbag.py:588} INFO - Filling up the DagBag from /opt/airflow/dags/data_load.py
[2025-01-08T18:58:22.005+0000] {processor.py:925} INFO - DAG(s) 'csv_to_postgresql' retrieved from /opt/airflow/dags/data_load.py
[2025-01-08T18:58:22.019+0000] {logging_mixin.py:190} INFO - [2025-01-08T18:58:22.019+0000] {dag.py:3239} INFO - Sync 1 DAGs
[2025-01-08T18:58:22.038+0000] {logging_mixin.py:190} INFO - [2025-01-08T18:58:22.038+0000] {dag.py:4180} INFO - Setting next_dagrun for csv_to_postgresql to 2025-01-08 00:00:00+00:00, run_after=2025-01-09 00:00:00+00:00
[2025-01-08T18:58:22.050+0000] {processor.py:208} INFO - Processing /opt/airflow/dags/data_load.py took 0.058 seconds
