[2025-01-08T18:43:58.719+0000] {processor.py:186} INFO - Started process (PID=75) to work on /opt/airflow/dags/data_loading.py
[2025-01-08T18:43:58.733+0000] {processor.py:914} INFO - Processing file /opt/airflow/dags/data_loading.py for tasks to queue
[2025-01-08T18:43:58.752+0000] {logging_mixin.py:190} INFO - [2025-01-08T18:43:58.752+0000] {dagbag.py:588} INFO - Filling up the DagBag from /opt/airflow/dags/data_loading.py
[2025-01-08T18:43:58.857+0000] {processor.py:925} INFO - DAG(s) 'load_csv_to_postgres' retrieved from /opt/airflow/dags/data_loading.py
[2025-01-08T18:43:59.696+0000] {logging_mixin.py:190} INFO - [2025-01-08T18:43:59.695+0000] {dag.py:3239} INFO - Sync 1 DAGs
[2025-01-08T18:43:59.903+0000] {logging_mixin.py:190} INFO - [2025-01-08T18:43:59.903+0000] {dag.py:4180} INFO - Setting next_dagrun for load_csv_to_postgres to None, run_after=None
[2025-01-08T18:44:00.069+0000] {processor.py:208} INFO - Processing /opt/airflow/dags/data_loading.py took 1.418 seconds
[2025-01-08T18:44:30.909+0000] {processor.py:186} INFO - Started process (PID=139) to work on /opt/airflow/dags/data_loading.py
[2025-01-08T18:44:30.917+0000] {processor.py:914} INFO - Processing file /opt/airflow/dags/data_loading.py for tasks to queue
[2025-01-08T18:44:30.937+0000] {logging_mixin.py:190} INFO - [2025-01-08T18:44:30.936+0000] {dagbag.py:588} INFO - Filling up the DagBag from /opt/airflow/dags/data_loading.py
[2025-01-08T18:44:30.959+0000] {processor.py:925} INFO - DAG(s) 'load_csv_to_postgres' retrieved from /opt/airflow/dags/data_loading.py
[2025-01-08T18:44:31.031+0000] {logging_mixin.py:190} INFO - [2025-01-08T18:44:31.030+0000] {dag.py:3239} INFO - Sync 1 DAGs
[2025-01-08T18:44:31.160+0000] {logging_mixin.py:190} INFO - [2025-01-08T18:44:31.159+0000] {dag.py:4180} INFO - Setting next_dagrun for load_csv_to_postgres to None, run_after=None
[2025-01-08T18:44:31.333+0000] {processor.py:208} INFO - Processing /opt/airflow/dags/data_loading.py took 0.440 seconds
[2025-01-08T18:45:01.944+0000] {processor.py:186} INFO - Started process (PID=203) to work on /opt/airflow/dags/data_loading.py
[2025-01-08T18:45:01.967+0000] {processor.py:914} INFO - Processing file /opt/airflow/dags/data_loading.py for tasks to queue
[2025-01-08T18:45:01.971+0000] {logging_mixin.py:190} INFO - [2025-01-08T18:45:01.971+0000] {dagbag.py:588} INFO - Filling up the DagBag from /opt/airflow/dags/data_loading.py
[2025-01-08T18:45:02.043+0000] {processor.py:925} INFO - DAG(s) 'load_csv_to_postgres' retrieved from /opt/airflow/dags/data_loading.py
[2025-01-08T18:45:02.276+0000] {logging_mixin.py:190} INFO - [2025-01-08T18:45:02.276+0000] {dag.py:3239} INFO - Sync 1 DAGs
[2025-01-08T18:45:02.400+0000] {logging_mixin.py:190} INFO - [2025-01-08T18:45:02.400+0000] {dag.py:4180} INFO - Setting next_dagrun for load_csv_to_postgres to None, run_after=None
[2025-01-08T18:45:02.589+0000] {processor.py:208} INFO - Processing /opt/airflow/dags/data_loading.py took 0.720 seconds
[2025-01-08T18:45:33.553+0000] {processor.py:186} INFO - Started process (PID=267) to work on /opt/airflow/dags/data_loading.py
[2025-01-08T18:45:33.554+0000] {processor.py:914} INFO - Processing file /opt/airflow/dags/data_loading.py for tasks to queue
[2025-01-08T18:45:33.556+0000] {logging_mixin.py:190} INFO - [2025-01-08T18:45:33.556+0000] {dagbag.py:588} INFO - Filling up the DagBag from /opt/airflow/dags/data_loading.py
[2025-01-08T18:45:33.564+0000] {processor.py:925} INFO - DAG(s) 'load_csv_to_postgres' retrieved from /opt/airflow/dags/data_loading.py
[2025-01-08T18:45:33.583+0000] {logging_mixin.py:190} INFO - [2025-01-08T18:45:33.582+0000] {dag.py:3239} INFO - Sync 1 DAGs
[2025-01-08T18:45:33.593+0000] {logging_mixin.py:190} INFO - [2025-01-08T18:45:33.593+0000] {dag.py:4180} INFO - Setting next_dagrun for load_csv_to_postgres to None, run_after=None
[2025-01-08T18:45:33.608+0000] {processor.py:208} INFO - Processing /opt/airflow/dags/data_loading.py took 0.060 seconds
[2025-01-08T18:46:04.012+0000] {processor.py:186} INFO - Started process (PID=332) to work on /opt/airflow/dags/data_loading.py
[2025-01-08T18:46:04.013+0000] {processor.py:914} INFO - Processing file /opt/airflow/dags/data_loading.py for tasks to queue
[2025-01-08T18:46:04.015+0000] {logging_mixin.py:190} INFO - [2025-01-08T18:46:04.014+0000] {dagbag.py:588} INFO - Filling up the DagBag from /opt/airflow/dags/data_loading.py
[2025-01-08T18:46:04.020+0000] {processor.py:925} INFO - DAG(s) 'load_csv_to_postgres' retrieved from /opt/airflow/dags/data_loading.py
[2025-01-08T18:46:04.036+0000] {logging_mixin.py:190} INFO - [2025-01-08T18:46:04.036+0000] {dag.py:3239} INFO - Sync 1 DAGs
[2025-01-08T18:46:04.046+0000] {logging_mixin.py:190} INFO - [2025-01-08T18:46:04.046+0000] {dag.py:4180} INFO - Setting next_dagrun for load_csv_to_postgres to None, run_after=None
[2025-01-08T18:46:04.058+0000] {processor.py:208} INFO - Processing /opt/airflow/dags/data_loading.py took 0.050 seconds
[2025-01-08T18:46:34.716+0000] {processor.py:186} INFO - Started process (PID=397) to work on /opt/airflow/dags/data_loading.py
[2025-01-08T18:46:34.717+0000] {processor.py:914} INFO - Processing file /opt/airflow/dags/data_loading.py for tasks to queue
[2025-01-08T18:46:34.718+0000] {logging_mixin.py:190} INFO - [2025-01-08T18:46:34.718+0000] {dagbag.py:588} INFO - Filling up the DagBag from /opt/airflow/dags/data_loading.py
[2025-01-08T18:46:34.725+0000] {processor.py:925} INFO - DAG(s) 'load_csv_to_postgres' retrieved from /opt/airflow/dags/data_loading.py
[2025-01-08T18:46:34.740+0000] {logging_mixin.py:190} INFO - [2025-01-08T18:46:34.739+0000] {dag.py:3239} INFO - Sync 1 DAGs
[2025-01-08T18:46:34.750+0000] {logging_mixin.py:190} INFO - [2025-01-08T18:46:34.750+0000] {dag.py:4180} INFO - Setting next_dagrun for load_csv_to_postgres to None, run_after=None
[2025-01-08T18:46:34.762+0000] {processor.py:208} INFO - Processing /opt/airflow/dags/data_loading.py took 0.051 seconds
[2025-01-08T18:47:05.290+0000] {processor.py:186} INFO - Started process (PID=461) to work on /opt/airflow/dags/data_loading.py
[2025-01-08T18:47:05.291+0000] {processor.py:914} INFO - Processing file /opt/airflow/dags/data_loading.py for tasks to queue
[2025-01-08T18:47:05.293+0000] {logging_mixin.py:190} INFO - [2025-01-08T18:47:05.292+0000] {dagbag.py:588} INFO - Filling up the DagBag from /opt/airflow/dags/data_loading.py
[2025-01-08T18:47:05.300+0000] {processor.py:925} INFO - DAG(s) 'load_csv_to_postgres' retrieved from /opt/airflow/dags/data_loading.py
[2025-01-08T18:47:05.320+0000] {logging_mixin.py:190} INFO - [2025-01-08T18:47:05.320+0000] {dag.py:3239} INFO - Sync 1 DAGs
[2025-01-08T18:47:05.336+0000] {logging_mixin.py:190} INFO - [2025-01-08T18:47:05.336+0000] {dag.py:4180} INFO - Setting next_dagrun for load_csv_to_postgres to None, run_after=None
[2025-01-08T18:47:05.352+0000] {processor.py:208} INFO - Processing /opt/airflow/dags/data_loading.py took 0.067 seconds
[2025-01-08T18:47:35.898+0000] {processor.py:186} INFO - Started process (PID=519) to work on /opt/airflow/dags/data_loading.py
[2025-01-08T18:47:35.914+0000] {processor.py:914} INFO - Processing file /opt/airflow/dags/data_loading.py for tasks to queue
[2025-01-08T18:47:35.916+0000] {logging_mixin.py:190} INFO - [2025-01-08T18:47:35.916+0000] {dagbag.py:588} INFO - Filling up the DagBag from /opt/airflow/dags/data_loading.py
[2025-01-08T18:47:35.943+0000] {processor.py:925} INFO - DAG(s) 'load_csv_to_postgres' retrieved from /opt/airflow/dags/data_loading.py
[2025-01-08T18:47:36.007+0000] {logging_mixin.py:190} INFO - [2025-01-08T18:47:36.007+0000] {dag.py:3239} INFO - Sync 1 DAGs
[2025-01-08T18:47:36.064+0000] {logging_mixin.py:190} INFO - [2025-01-08T18:47:36.064+0000] {dag.py:4180} INFO - Setting next_dagrun for load_csv_to_postgres to None, run_after=None
[2025-01-08T18:47:36.128+0000] {processor.py:208} INFO - Processing /opt/airflow/dags/data_loading.py took 0.251 seconds
[2025-01-08T18:48:06.229+0000] {processor.py:186} INFO - Started process (PID=584) to work on /opt/airflow/dags/data_loading.py
[2025-01-08T18:48:06.229+0000] {processor.py:914} INFO - Processing file /opt/airflow/dags/data_loading.py for tasks to queue
[2025-01-08T18:48:06.231+0000] {logging_mixin.py:190} INFO - [2025-01-08T18:48:06.231+0000] {dagbag.py:588} INFO - Filling up the DagBag from /opt/airflow/dags/data_loading.py
[2025-01-08T18:48:06.237+0000] {processor.py:925} INFO - DAG(s) 'load_csv_to_postgres' retrieved from /opt/airflow/dags/data_loading.py
[2025-01-08T18:48:06.252+0000] {logging_mixin.py:190} INFO - [2025-01-08T18:48:06.252+0000] {dag.py:3239} INFO - Sync 1 DAGs
[2025-01-08T18:48:06.262+0000] {logging_mixin.py:190} INFO - [2025-01-08T18:48:06.262+0000] {dag.py:4180} INFO - Setting next_dagrun for load_csv_to_postgres to None, run_after=None
[2025-01-08T18:48:06.275+0000] {processor.py:208} INFO - Processing /opt/airflow/dags/data_loading.py took 0.050 seconds
[2025-01-08T18:48:36.354+0000] {processor.py:186} INFO - Started process (PID=646) to work on /opt/airflow/dags/data_loading.py
[2025-01-08T18:48:36.355+0000] {processor.py:914} INFO - Processing file /opt/airflow/dags/data_loading.py for tasks to queue
[2025-01-08T18:48:36.357+0000] {logging_mixin.py:190} INFO - [2025-01-08T18:48:36.357+0000] {dagbag.py:588} INFO - Filling up the DagBag from /opt/airflow/dags/data_loading.py
[2025-01-08T18:48:36.365+0000] {processor.py:925} INFO - DAG(s) 'load_csv_to_postgres' retrieved from /opt/airflow/dags/data_loading.py
[2025-01-08T18:48:36.386+0000] {logging_mixin.py:190} INFO - [2025-01-08T18:48:36.386+0000] {dag.py:3239} INFO - Sync 1 DAGs
[2025-01-08T18:48:36.403+0000] {logging_mixin.py:190} INFO - [2025-01-08T18:48:36.403+0000] {dag.py:4180} INFO - Setting next_dagrun for load_csv_to_postgres to None, run_after=None
[2025-01-08T18:48:36.419+0000] {processor.py:208} INFO - Processing /opt/airflow/dags/data_loading.py took 0.072 seconds
[2025-01-08T18:49:06.646+0000] {processor.py:186} INFO - Started process (PID=706) to work on /opt/airflow/dags/data_loading.py
[2025-01-08T18:49:06.647+0000] {processor.py:914} INFO - Processing file /opt/airflow/dags/data_loading.py for tasks to queue
[2025-01-08T18:49:06.649+0000] {logging_mixin.py:190} INFO - [2025-01-08T18:49:06.649+0000] {dagbag.py:588} INFO - Filling up the DagBag from /opt/airflow/dags/data_loading.py
[2025-01-08T18:49:06.657+0000] {processor.py:925} INFO - DAG(s) 'load_csv_to_postgres' retrieved from /opt/airflow/dags/data_loading.py
[2025-01-08T18:49:06.678+0000] {logging_mixin.py:190} INFO - [2025-01-08T18:49:06.678+0000] {dag.py:3239} INFO - Sync 1 DAGs
[2025-01-08T18:49:06.695+0000] {logging_mixin.py:190} INFO - [2025-01-08T18:49:06.695+0000] {dag.py:4180} INFO - Setting next_dagrun for load_csv_to_postgres to None, run_after=None
[2025-01-08T18:49:06.712+0000] {processor.py:208} INFO - Processing /opt/airflow/dags/data_loading.py took 0.071 seconds
[2025-01-08T18:49:38.511+0000] {processor.py:186} INFO - Started process (PID=771) to work on /opt/airflow/dags/data_loading.py
[2025-01-08T18:49:38.526+0000] {processor.py:914} INFO - Processing file /opt/airflow/dags/data_loading.py for tasks to queue
[2025-01-08T18:49:38.529+0000] {logging_mixin.py:190} INFO - [2025-01-08T18:49:38.528+0000] {dagbag.py:588} INFO - Filling up the DagBag from /opt/airflow/dags/data_loading.py
[2025-01-08T18:49:38.564+0000] {processor.py:925} INFO - DAG(s) 'load_csv_to_postgres' retrieved from /opt/airflow/dags/data_loading.py
[2025-01-08T18:49:38.643+0000] {logging_mixin.py:190} INFO - [2025-01-08T18:49:38.643+0000] {dag.py:3239} INFO - Sync 1 DAGs
[2025-01-08T18:49:38.707+0000] {logging_mixin.py:190} INFO - [2025-01-08T18:49:38.706+0000] {dag.py:4180} INFO - Setting next_dagrun for load_csv_to_postgres to None, run_after=None
[2025-01-08T18:49:39.008+0000] {processor.py:208} INFO - Processing /opt/airflow/dags/data_loading.py took 0.506 seconds
[2025-01-08T18:50:09.970+0000] {processor.py:186} INFO - Started process (PID=835) to work on /opt/airflow/dags/data_loading.py
[2025-01-08T18:50:09.970+0000] {processor.py:914} INFO - Processing file /opt/airflow/dags/data_loading.py for tasks to queue
[2025-01-08T18:50:09.972+0000] {logging_mixin.py:190} INFO - [2025-01-08T18:50:09.972+0000] {dagbag.py:588} INFO - Filling up the DagBag from /opt/airflow/dags/data_loading.py
[2025-01-08T18:50:09.978+0000] {processor.py:925} INFO - DAG(s) 'load_csv_to_postgres' retrieved from /opt/airflow/dags/data_loading.py
[2025-01-08T18:50:09.993+0000] {logging_mixin.py:190} INFO - [2025-01-08T18:50:09.993+0000] {dag.py:3239} INFO - Sync 1 DAGs
[2025-01-08T18:50:10.003+0000] {logging_mixin.py:190} INFO - [2025-01-08T18:50:10.003+0000] {dag.py:4180} INFO - Setting next_dagrun for load_csv_to_postgres to None, run_after=None
[2025-01-08T18:50:10.015+0000] {processor.py:208} INFO - Processing /opt/airflow/dags/data_loading.py took 0.050 seconds
[2025-01-08T18:50:40.640+0000] {processor.py:186} INFO - Started process (PID=901) to work on /opt/airflow/dags/data_loading.py
[2025-01-08T18:50:40.641+0000] {processor.py:914} INFO - Processing file /opt/airflow/dags/data_loading.py for tasks to queue
[2025-01-08T18:50:40.643+0000] {logging_mixin.py:190} INFO - [2025-01-08T18:50:40.642+0000] {dagbag.py:588} INFO - Filling up the DagBag from /opt/airflow/dags/data_loading.py
[2025-01-08T18:50:40.648+0000] {processor.py:925} INFO - DAG(s) 'load_csv_to_postgres' retrieved from /opt/airflow/dags/data_loading.py
[2025-01-08T18:50:40.664+0000] {logging_mixin.py:190} INFO - [2025-01-08T18:50:40.664+0000] {dag.py:3239} INFO - Sync 1 DAGs
[2025-01-08T18:50:40.674+0000] {logging_mixin.py:190} INFO - [2025-01-08T18:50:40.674+0000] {dag.py:4180} INFO - Setting next_dagrun for load_csv_to_postgres to None, run_after=None
[2025-01-08T18:50:40.687+0000] {processor.py:208} INFO - Processing /opt/airflow/dags/data_loading.py took 0.051 seconds
[2025-01-08T18:51:11.158+0000] {processor.py:186} INFO - Started process (PID=966) to work on /opt/airflow/dags/data_loading.py
[2025-01-08T18:51:11.159+0000] {processor.py:914} INFO - Processing file /opt/airflow/dags/data_loading.py for tasks to queue
[2025-01-08T18:51:11.161+0000] {logging_mixin.py:190} INFO - [2025-01-08T18:51:11.160+0000] {dagbag.py:588} INFO - Filling up the DagBag from /opt/airflow/dags/data_loading.py
[2025-01-08T18:51:11.166+0000] {processor.py:925} INFO - DAG(s) 'load_csv_to_postgres' retrieved from /opt/airflow/dags/data_loading.py
[2025-01-08T18:51:11.182+0000] {logging_mixin.py:190} INFO - [2025-01-08T18:51:11.182+0000] {dag.py:3239} INFO - Sync 1 DAGs
[2025-01-08T18:51:11.192+0000] {logging_mixin.py:190} INFO - [2025-01-08T18:51:11.192+0000] {dag.py:4180} INFO - Setting next_dagrun for load_csv_to_postgres to None, run_after=None
[2025-01-08T18:51:11.205+0000] {processor.py:208} INFO - Processing /opt/airflow/dags/data_loading.py took 0.051 seconds
[2025-01-08T18:51:41.697+0000] {processor.py:186} INFO - Started process (PID=1031) to work on /opt/airflow/dags/data_loading.py
[2025-01-08T18:51:41.698+0000] {processor.py:914} INFO - Processing file /opt/airflow/dags/data_loading.py for tasks to queue
[2025-01-08T18:51:41.701+0000] {logging_mixin.py:190} INFO - [2025-01-08T18:51:41.700+0000] {dagbag.py:588} INFO - Filling up the DagBag from /opt/airflow/dags/data_loading.py
[2025-01-08T18:51:41.709+0000] {processor.py:925} INFO - DAG(s) 'load_csv_to_postgres' retrieved from /opt/airflow/dags/data_loading.py
[2025-01-08T18:51:41.732+0000] {logging_mixin.py:190} INFO - [2025-01-08T18:51:41.732+0000] {dag.py:3239} INFO - Sync 1 DAGs
[2025-01-08T18:51:41.748+0000] {logging_mixin.py:190} INFO - [2025-01-08T18:51:41.748+0000] {dag.py:4180} INFO - Setting next_dagrun for load_csv_to_postgres to None, run_after=None
[2025-01-08T18:51:41.766+0000] {processor.py:208} INFO - Processing /opt/airflow/dags/data_loading.py took 0.076 seconds
[2025-01-08T18:52:12.496+0000] {processor.py:186} INFO - Started process (PID=1096) to work on /opt/airflow/dags/data_loading.py
[2025-01-08T18:52:12.497+0000] {processor.py:914} INFO - Processing file /opt/airflow/dags/data_loading.py for tasks to queue
[2025-01-08T18:52:12.499+0000] {logging_mixin.py:190} INFO - [2025-01-08T18:52:12.499+0000] {dagbag.py:588} INFO - Filling up the DagBag from /opt/airflow/dags/data_loading.py
[2025-01-08T18:52:12.507+0000] {processor.py:925} INFO - DAG(s) 'load_csv_to_postgres' retrieved from /opt/airflow/dags/data_loading.py
[2025-01-08T18:52:12.529+0000] {logging_mixin.py:190} INFO - [2025-01-08T18:52:12.529+0000] {dag.py:3239} INFO - Sync 1 DAGs
[2025-01-08T18:52:12.546+0000] {logging_mixin.py:190} INFO - [2025-01-08T18:52:12.546+0000] {dag.py:4180} INFO - Setting next_dagrun for load_csv_to_postgres to None, run_after=None
[2025-01-08T18:52:12.576+0000] {processor.py:208} INFO - Processing /opt/airflow/dags/data_loading.py took 0.086 seconds
[2025-01-08T18:52:42.974+0000] {processor.py:186} INFO - Started process (PID=1162) to work on /opt/airflow/dags/data_loading.py
[2025-01-08T18:52:42.975+0000] {processor.py:914} INFO - Processing file /opt/airflow/dags/data_loading.py for tasks to queue
[2025-01-08T18:52:42.977+0000] {logging_mixin.py:190} INFO - [2025-01-08T18:52:42.977+0000] {dagbag.py:588} INFO - Filling up the DagBag from /opt/airflow/dags/data_loading.py
[2025-01-08T18:52:42.985+0000] {processor.py:925} INFO - DAG(s) 'load_csv_to_postgres' retrieved from /opt/airflow/dags/data_loading.py
[2025-01-08T18:52:43.009+0000] {logging_mixin.py:190} INFO - [2025-01-08T18:52:43.009+0000] {dag.py:3239} INFO - Sync 1 DAGs
[2025-01-08T18:52:43.027+0000] {logging_mixin.py:190} INFO - [2025-01-08T18:52:43.027+0000] {dag.py:4180} INFO - Setting next_dagrun for load_csv_to_postgres to None, run_after=None
[2025-01-08T18:52:43.044+0000] {processor.py:208} INFO - Processing /opt/airflow/dags/data_loading.py took 0.076 seconds
[2025-01-08T18:53:13.454+0000] {processor.py:186} INFO - Started process (PID=1226) to work on /opt/airflow/dags/data_loading.py
[2025-01-08T18:53:13.455+0000] {processor.py:914} INFO - Processing file /opt/airflow/dags/data_loading.py for tasks to queue
[2025-01-08T18:53:13.457+0000] {logging_mixin.py:190} INFO - [2025-01-08T18:53:13.457+0000] {dagbag.py:588} INFO - Filling up the DagBag from /opt/airflow/dags/data_loading.py
[2025-01-08T18:53:13.465+0000] {processor.py:925} INFO - DAG(s) 'load_csv_to_postgres' retrieved from /opt/airflow/dags/data_loading.py
[2025-01-08T18:53:13.485+0000] {logging_mixin.py:190} INFO - [2025-01-08T18:53:13.485+0000] {dag.py:3239} INFO - Sync 1 DAGs
[2025-01-08T18:53:13.507+0000] {logging_mixin.py:190} INFO - [2025-01-08T18:53:13.507+0000] {dag.py:4180} INFO - Setting next_dagrun for load_csv_to_postgres to None, run_after=None
[2025-01-08T18:53:13.523+0000] {processor.py:208} INFO - Processing /opt/airflow/dags/data_loading.py took 0.074 seconds
[2025-01-08T18:53:44.023+0000] {processor.py:186} INFO - Started process (PID=1292) to work on /opt/airflow/dags/data_loading.py
[2025-01-08T18:53:44.024+0000] {processor.py:914} INFO - Processing file /opt/airflow/dags/data_loading.py for tasks to queue
[2025-01-08T18:53:44.026+0000] {logging_mixin.py:190} INFO - [2025-01-08T18:53:44.025+0000] {dagbag.py:588} INFO - Filling up the DagBag from /opt/airflow/dags/data_loading.py
[2025-01-08T18:53:44.034+0000] {processor.py:925} INFO - DAG(s) 'load_csv_to_postgres' retrieved from /opt/airflow/dags/data_loading.py
[2025-01-08T18:53:44.055+0000] {logging_mixin.py:190} INFO - [2025-01-08T18:53:44.054+0000] {dag.py:3239} INFO - Sync 1 DAGs
[2025-01-08T18:53:44.066+0000] {logging_mixin.py:190} INFO - [2025-01-08T18:53:44.066+0000] {dag.py:4180} INFO - Setting next_dagrun for load_csv_to_postgres to None, run_after=None
[2025-01-08T18:53:44.083+0000] {processor.py:208} INFO - Processing /opt/airflow/dags/data_loading.py took 0.067 seconds
[2025-01-08T18:54:14.701+0000] {processor.py:186} INFO - Started process (PID=1358) to work on /opt/airflow/dags/data_loading.py
[2025-01-08T18:54:14.702+0000] {processor.py:914} INFO - Processing file /opt/airflow/dags/data_loading.py for tasks to queue
[2025-01-08T18:54:14.704+0000] {logging_mixin.py:190} INFO - [2025-01-08T18:54:14.703+0000] {dagbag.py:588} INFO - Filling up the DagBag from /opt/airflow/dags/data_loading.py
[2025-01-08T18:54:14.709+0000] {processor.py:925} INFO - DAG(s) 'load_csv_to_postgres' retrieved from /opt/airflow/dags/data_loading.py
[2025-01-08T18:54:14.724+0000] {logging_mixin.py:190} INFO - [2025-01-08T18:54:14.724+0000] {dag.py:3239} INFO - Sync 1 DAGs
[2025-01-08T18:54:14.735+0000] {logging_mixin.py:190} INFO - [2025-01-08T18:54:14.735+0000] {dag.py:4180} INFO - Setting next_dagrun for load_csv_to_postgres to None, run_after=None
[2025-01-08T18:54:14.747+0000] {processor.py:208} INFO - Processing /opt/airflow/dags/data_loading.py took 0.050 seconds
[2025-01-08T18:54:45.173+0000] {processor.py:186} INFO - Started process (PID=1423) to work on /opt/airflow/dags/data_loading.py
[2025-01-08T18:54:45.174+0000] {processor.py:914} INFO - Processing file /opt/airflow/dags/data_loading.py for tasks to queue
[2025-01-08T18:54:45.176+0000] {logging_mixin.py:190} INFO - [2025-01-08T18:54:45.175+0000] {dagbag.py:588} INFO - Filling up the DagBag from /opt/airflow/dags/data_loading.py
[2025-01-08T18:54:45.181+0000] {processor.py:925} INFO - DAG(s) 'load_csv_to_postgres' retrieved from /opt/airflow/dags/data_loading.py
[2025-01-08T18:54:45.197+0000] {logging_mixin.py:190} INFO - [2025-01-08T18:54:45.197+0000] {dag.py:3239} INFO - Sync 1 DAGs
[2025-01-08T18:54:45.208+0000] {logging_mixin.py:190} INFO - [2025-01-08T18:54:45.207+0000] {dag.py:4180} INFO - Setting next_dagrun for load_csv_to_postgres to None, run_after=None
[2025-01-08T18:54:45.221+0000] {processor.py:208} INFO - Processing /opt/airflow/dags/data_loading.py took 0.053 seconds
[2025-01-08T18:55:15.789+0000] {processor.py:186} INFO - Started process (PID=1488) to work on /opt/airflow/dags/data_loading.py
[2025-01-08T18:55:15.790+0000] {processor.py:914} INFO - Processing file /opt/airflow/dags/data_loading.py for tasks to queue
[2025-01-08T18:55:15.792+0000] {logging_mixin.py:190} INFO - [2025-01-08T18:55:15.792+0000] {dagbag.py:588} INFO - Filling up the DagBag from /opt/airflow/dags/data_loading.py
[2025-01-08T18:55:15.801+0000] {processor.py:925} INFO - DAG(s) 'load_csv_to_postgres' retrieved from /opt/airflow/dags/data_loading.py
[2025-01-08T18:55:15.833+0000] {logging_mixin.py:190} INFO - [2025-01-08T18:55:15.832+0000] {dag.py:3239} INFO - Sync 1 DAGs
[2025-01-08T18:55:15.864+0000] {logging_mixin.py:190} INFO - [2025-01-08T18:55:15.864+0000] {dag.py:4180} INFO - Setting next_dagrun for load_csv_to_postgres to None, run_after=None
[2025-01-08T18:55:15.897+0000] {processor.py:208} INFO - Processing /opt/airflow/dags/data_loading.py took 0.117 seconds
[2025-01-08T18:55:45.990+0000] {processor.py:186} INFO - Started process (PID=1553) to work on /opt/airflow/dags/data_loading.py
[2025-01-08T18:55:45.991+0000] {processor.py:914} INFO - Processing file /opt/airflow/dags/data_loading.py for tasks to queue
[2025-01-08T18:55:45.993+0000] {logging_mixin.py:190} INFO - [2025-01-08T18:55:45.993+0000] {dagbag.py:588} INFO - Filling up the DagBag from /opt/airflow/dags/data_loading.py
[2025-01-08T18:55:46.001+0000] {processor.py:925} INFO - DAG(s) 'load_csv_to_postgres' retrieved from /opt/airflow/dags/data_loading.py
[2025-01-08T18:55:46.018+0000] {logging_mixin.py:190} INFO - [2025-01-08T18:55:46.018+0000] {dag.py:3239} INFO - Sync 1 DAGs
[2025-01-08T18:55:46.029+0000] {logging_mixin.py:190} INFO - [2025-01-08T18:55:46.029+0000] {dag.py:4180} INFO - Setting next_dagrun for load_csv_to_postgres to None, run_after=None
[2025-01-08T18:55:46.041+0000] {processor.py:208} INFO - Processing /opt/airflow/dags/data_loading.py took 0.057 seconds
[2025-01-08T18:56:16.313+0000] {processor.py:186} INFO - Started process (PID=1618) to work on /opt/airflow/dags/data_loading.py
[2025-01-08T18:56:16.314+0000] {processor.py:914} INFO - Processing file /opt/airflow/dags/data_loading.py for tasks to queue
[2025-01-08T18:56:16.315+0000] {logging_mixin.py:190} INFO - [2025-01-08T18:56:16.315+0000] {dagbag.py:588} INFO - Filling up the DagBag from /opt/airflow/dags/data_loading.py
[2025-01-08T18:56:16.321+0000] {processor.py:925} INFO - DAG(s) 'load_csv_to_postgres' retrieved from /opt/airflow/dags/data_loading.py
[2025-01-08T18:56:16.336+0000] {logging_mixin.py:190} INFO - [2025-01-08T18:56:16.335+0000] {dag.py:3239} INFO - Sync 1 DAGs
[2025-01-08T18:56:16.346+0000] {logging_mixin.py:190} INFO - [2025-01-08T18:56:16.346+0000] {dag.py:4180} INFO - Setting next_dagrun for load_csv_to_postgres to None, run_after=None
[2025-01-08T18:56:16.358+0000] {processor.py:208} INFO - Processing /opt/airflow/dags/data_loading.py took 0.049 seconds
[2025-01-08T18:56:46.661+0000] {processor.py:186} INFO - Started process (PID=1684) to work on /opt/airflow/dags/data_loading.py
[2025-01-08T18:56:46.662+0000] {processor.py:914} INFO - Processing file /opt/airflow/dags/data_loading.py for tasks to queue
[2025-01-08T18:56:46.663+0000] {logging_mixin.py:190} INFO - [2025-01-08T18:56:46.663+0000] {dagbag.py:588} INFO - Filling up the DagBag from /opt/airflow/dags/data_loading.py
[2025-01-08T18:56:46.669+0000] {processor.py:925} INFO - DAG(s) 'load_csv_to_postgres' retrieved from /opt/airflow/dags/data_loading.py
[2025-01-08T18:56:46.685+0000] {logging_mixin.py:190} INFO - [2025-01-08T18:56:46.684+0000] {dag.py:3239} INFO - Sync 1 DAGs
[2025-01-08T18:56:46.696+0000] {logging_mixin.py:190} INFO - [2025-01-08T18:56:46.696+0000] {dag.py:4180} INFO - Setting next_dagrun for load_csv_to_postgres to None, run_after=None
[2025-01-08T18:56:46.708+0000] {processor.py:208} INFO - Processing /opt/airflow/dags/data_loading.py took 0.051 seconds
[2025-01-08T18:57:17.004+0000] {processor.py:186} INFO - Started process (PID=1750) to work on /opt/airflow/dags/data_loading.py
[2025-01-08T18:57:17.005+0000] {processor.py:914} INFO - Processing file /opt/airflow/dags/data_loading.py for tasks to queue
[2025-01-08T18:57:17.007+0000] {logging_mixin.py:190} INFO - [2025-01-08T18:57:17.007+0000] {dagbag.py:588} INFO - Filling up the DagBag from /opt/airflow/dags/data_loading.py
[2025-01-08T18:57:17.015+0000] {processor.py:925} INFO - DAG(s) 'load_csv_to_postgres' retrieved from /opt/airflow/dags/data_loading.py
[2025-01-08T18:57:17.037+0000] {logging_mixin.py:190} INFO - [2025-01-08T18:57:17.037+0000] {dag.py:3239} INFO - Sync 1 DAGs
[2025-01-08T18:57:17.053+0000] {logging_mixin.py:190} INFO - [2025-01-08T18:57:17.053+0000] {dag.py:4180} INFO - Setting next_dagrun for load_csv_to_postgres to None, run_after=None
[2025-01-08T18:57:17.070+0000] {processor.py:208} INFO - Processing /opt/airflow/dags/data_loading.py took 0.072 seconds
[2025-01-08T18:57:47.462+0000] {processor.py:186} INFO - Started process (PID=1815) to work on /opt/airflow/dags/data_loading.py
[2025-01-08T18:57:47.462+0000] {processor.py:914} INFO - Processing file /opt/airflow/dags/data_loading.py for tasks to queue
[2025-01-08T18:57:47.464+0000] {logging_mixin.py:190} INFO - [2025-01-08T18:57:47.464+0000] {dagbag.py:588} INFO - Filling up the DagBag from /opt/airflow/dags/data_loading.py
[2025-01-08T18:57:47.470+0000] {processor.py:925} INFO - DAG(s) 'load_csv_to_postgres' retrieved from /opt/airflow/dags/data_loading.py
[2025-01-08T18:57:47.485+0000] {logging_mixin.py:190} INFO - [2025-01-08T18:57:47.485+0000] {dag.py:3239} INFO - Sync 1 DAGs
[2025-01-08T18:57:47.496+0000] {logging_mixin.py:190} INFO - [2025-01-08T18:57:47.496+0000] {dag.py:4180} INFO - Setting next_dagrun for load_csv_to_postgres to None, run_after=None
[2025-01-08T18:57:47.509+0000] {processor.py:208} INFO - Processing /opt/airflow/dags/data_loading.py took 0.052 seconds
[2025-01-08T18:58:17.724+0000] {processor.py:186} INFO - Started process (PID=1880) to work on /opt/airflow/dags/data_loading.py
[2025-01-08T18:58:17.725+0000] {processor.py:914} INFO - Processing file /opt/airflow/dags/data_loading.py for tasks to queue
[2025-01-08T18:58:17.727+0000] {logging_mixin.py:190} INFO - [2025-01-08T18:58:17.727+0000] {dagbag.py:588} INFO - Filling up the DagBag from /opt/airflow/dags/data_loading.py
[2025-01-08T18:58:17.735+0000] {processor.py:925} INFO - DAG(s) 'load_csv_to_postgres' retrieved from /opt/airflow/dags/data_loading.py
[2025-01-08T18:58:17.758+0000] {logging_mixin.py:190} INFO - [2025-01-08T18:58:17.757+0000] {dag.py:3239} INFO - Sync 1 DAGs
[2025-01-08T18:58:17.780+0000] {logging_mixin.py:190} INFO - [2025-01-08T18:58:17.779+0000] {dag.py:4180} INFO - Setting next_dagrun for load_csv_to_postgres to None, run_after=None
[2025-01-08T18:58:17.795+0000] {processor.py:208} INFO - Processing /opt/airflow/dags/data_loading.py took 0.078 seconds
[2025-01-08T18:58:47.904+0000] {processor.py:186} INFO - Started process (PID=1945) to work on /opt/airflow/dags/data_loading.py
[2025-01-08T18:58:47.905+0000] {processor.py:914} INFO - Processing file /opt/airflow/dags/data_loading.py for tasks to queue
[2025-01-08T18:58:47.907+0000] {logging_mixin.py:190} INFO - [2025-01-08T18:58:47.907+0000] {dagbag.py:588} INFO - Filling up the DagBag from /opt/airflow/dags/data_loading.py
[2025-01-08T18:58:47.912+0000] {processor.py:925} INFO - DAG(s) 'load_csv_to_postgres' retrieved from /opt/airflow/dags/data_loading.py
[2025-01-08T18:58:47.927+0000] {logging_mixin.py:190} INFO - [2025-01-08T18:58:47.927+0000] {dag.py:3239} INFO - Sync 1 DAGs
[2025-01-08T18:58:47.939+0000] {logging_mixin.py:190} INFO - [2025-01-08T18:58:47.938+0000] {dag.py:4180} INFO - Setting next_dagrun for load_csv_to_postgres to None, run_after=None
[2025-01-08T18:58:47.953+0000] {processor.py:208} INFO - Processing /opt/airflow/dags/data_loading.py took 0.053 seconds
[2025-01-08T18:59:18.537+0000] {processor.py:186} INFO - Started process (PID=2010) to work on /opt/airflow/dags/data_loading.py
[2025-01-08T18:59:18.538+0000] {processor.py:914} INFO - Processing file /opt/airflow/dags/data_loading.py for tasks to queue
[2025-01-08T18:59:18.540+0000] {logging_mixin.py:190} INFO - [2025-01-08T18:59:18.540+0000] {dagbag.py:588} INFO - Filling up the DagBag from /opt/airflow/dags/data_loading.py
[2025-01-08T18:59:18.545+0000] {processor.py:925} INFO - DAG(s) 'load_csv_to_postgres' retrieved from /opt/airflow/dags/data_loading.py
[2025-01-08T18:59:18.560+0000] {logging_mixin.py:190} INFO - [2025-01-08T18:59:18.560+0000] {dag.py:3239} INFO - Sync 1 DAGs
[2025-01-08T18:59:18.575+0000] {logging_mixin.py:190} INFO - [2025-01-08T18:59:18.575+0000] {dag.py:4180} INFO - Setting next_dagrun for load_csv_to_postgres to None, run_after=None
[2025-01-08T18:59:18.587+0000] {processor.py:208} INFO - Processing /opt/airflow/dags/data_loading.py took 0.054 seconds
[2025-01-08T18:59:49.198+0000] {processor.py:186} INFO - Started process (PID=2075) to work on /opt/airflow/dags/data_loading.py
[2025-01-08T18:59:49.199+0000] {processor.py:914} INFO - Processing file /opt/airflow/dags/data_loading.py for tasks to queue
[2025-01-08T18:59:49.200+0000] {logging_mixin.py:190} INFO - [2025-01-08T18:59:49.200+0000] {dagbag.py:588} INFO - Filling up the DagBag from /opt/airflow/dags/data_loading.py
[2025-01-08T18:59:49.206+0000] {processor.py:925} INFO - DAG(s) 'load_csv_to_postgres' retrieved from /opt/airflow/dags/data_loading.py
[2025-01-08T18:59:49.221+0000] {logging_mixin.py:190} INFO - [2025-01-08T18:59:49.221+0000] {dag.py:3239} INFO - Sync 1 DAGs
[2025-01-08T18:59:49.231+0000] {logging_mixin.py:190} INFO - [2025-01-08T18:59:49.231+0000] {dag.py:4180} INFO - Setting next_dagrun for load_csv_to_postgres to None, run_after=None
[2025-01-08T18:59:49.243+0000] {processor.py:208} INFO - Processing /opt/airflow/dags/data_loading.py took 0.049 seconds
