[2024-12-13T12:53:28.710+0000] {local_task_job_runner.py:123} INFO - ::group::Pre task execution logs
[2024-12-13T12:53:28.734+0000] {taskinstance.py:2613} INFO - Dependencies all met for dep_context=non-requeueable deps ti=<TaskInstance: tutorial.templated scheduled__2024-12-12T00:00:00+00:00 [queued]>
[2024-12-13T12:53:28.744+0000] {taskinstance.py:2613} INFO - Dependencies all met for dep_context=requeueable deps ti=<TaskInstance: tutorial.templated scheduled__2024-12-12T00:00:00+00:00 [queued]>
[2024-12-13T12:53:28.745+0000] {taskinstance.py:2866} INFO - Starting attempt 1 of 2
[2024-12-13T12:53:28.762+0000] {taskinstance.py:2889} INFO - Executing <Task(BashOperator): templated> on 2024-12-12 00:00:00+00:00
[2024-12-13T12:53:28.774+0000] {warnings.py:112} WARNING - /home/***/.local/lib/python3.12/site-packages/***/task/task_runner/standard_task_runner.py:70: DeprecationWarning: This process (pid=400) is multi-threaded, use of fork() may lead to deadlocks in the child.
  pid = os.fork()

[2024-12-13T12:53:28.776+0000] {standard_task_runner.py:72} INFO - Started process 410 to run task
[2024-12-13T12:53:28.777+0000] {standard_task_runner.py:104} INFO - Running: ['***', 'tasks', 'run', 'tutorial', 'templated', 'scheduled__2024-12-12T00:00:00+00:00', '--job-id', '6', '--raw', '--subdir', '/home/***/.local/lib/python3.12/site-packages/***/example_dags/tutorial.py', '--cfg-path', '/tmp/tmp1lus5lmy']
[2024-12-13T12:53:28.779+0000] {standard_task_runner.py:105} INFO - Job 6: Subtask templated
[2024-12-13T12:53:28.879+0000] {task_command.py:467} INFO - Running <TaskInstance: tutorial.templated scheduled__2024-12-12T00:00:00+00:00 [running]> on host 1fc3f6372dca
[2024-12-13T12:53:29.023+0000] {taskinstance.py:3132} INFO - Exporting env vars: AIRFLOW_CTX_DAG_EMAIL='***@example.com' AIRFLOW_CTX_DAG_OWNER='***' AIRFLOW_CTX_DAG_ID='tutorial' AIRFLOW_CTX_TASK_ID='templated' AIRFLOW_CTX_EXECUTION_DATE='2024-12-12T00:00:00+00:00' AIRFLOW_CTX_TRY_NUMBER='1' AIRFLOW_CTX_DAG_RUN_ID='scheduled__2024-12-12T00:00:00+00:00'
[2024-12-13T12:53:29.027+0000] {logging_mixin.py:190} INFO - Task instance is in running state
[2024-12-13T12:53:29.028+0000] {logging_mixin.py:190} INFO -  Previous state of the Task instance: queued
[2024-12-13T12:53:29.028+0000] {logging_mixin.py:190} INFO - Current task name:templated state:running start_date:2024-12-13 12:53:28.734975+00:00
[2024-12-13T12:53:29.029+0000] {logging_mixin.py:190} INFO - Dag name:tutorial and current dag run status:running
[2024-12-13T12:53:29.029+0000] {taskinstance.py:731} INFO - ::endgroup::
[2024-12-13T12:53:29.030+0000] {subprocess.py:78} INFO - Tmp dir root location: /tmp
[2024-12-13T12:53:29.031+0000] {subprocess.py:88} INFO - Running command: ['/usr/bin/bash', '-c', '\n\n    echo "2024-12-12"\n    echo "2024-12-19"\n\n    echo "2024-12-12"\n    echo "2024-12-19"\n\n    echo "2024-12-12"\n    echo "2024-12-19"\n\n    echo "2024-12-12"\n    echo "2024-12-19"\n\n    echo "2024-12-12"\n    echo "2024-12-19"\n']
[2024-12-13T12:53:29.048+0000] {subprocess.py:99} INFO - Output:
[2024-12-13T12:53:29.050+0000] {subprocess.py:106} INFO - 2024-12-12
[2024-12-13T12:53:29.051+0000] {subprocess.py:106} INFO - 2024-12-19
[2024-12-13T12:53:29.054+0000] {subprocess.py:106} INFO - 2024-12-12
[2024-12-13T12:53:29.055+0000] {subprocess.py:106} INFO - 2024-12-19
[2024-12-13T12:53:29.056+0000] {subprocess.py:106} INFO - 2024-12-12
[2024-12-13T12:53:29.056+0000] {subprocess.py:106} INFO - 2024-12-19
[2024-12-13T12:53:29.057+0000] {subprocess.py:106} INFO - 2024-12-12
[2024-12-13T12:53:29.058+0000] {subprocess.py:106} INFO - 2024-12-19
[2024-12-13T12:53:29.058+0000] {subprocess.py:106} INFO - 2024-12-12
[2024-12-13T12:53:29.059+0000] {subprocess.py:106} INFO - 2024-12-19
[2024-12-13T12:53:29.059+0000] {subprocess.py:110} INFO - Command exited with return code 0
[2024-12-13T12:53:29.093+0000] {taskinstance.py:340} INFO - ::group::Post task execution logs
[2024-12-13T12:53:29.093+0000] {taskinstance.py:352} INFO - Marking task as SUCCESS. dag_id=tutorial, task_id=templated, run_id=scheduled__2024-12-12T00:00:00+00:00, execution_date=20241212T000000, start_date=20241213T125328, end_date=20241213T125329
[2024-12-13T12:53:29.104+0000] {logging_mixin.py:190} INFO - Task instance in success state
[2024-12-13T12:53:29.105+0000] {logging_mixin.py:190} INFO -  Previous state of the Task instance: running
[2024-12-13T12:53:29.106+0000] {logging_mixin.py:190} INFO - Dag name:tutorial queued_at:2024-12-13 12:53:21.283945+00:00
[2024-12-13T12:53:29.106+0000] {logging_mixin.py:190} INFO - Task hostname:1fc3f6372dca operator:BashOperator
[2024-12-13T12:53:29.155+0000] {local_task_job_runner.py:266} INFO - Task exited with return code 0
[2024-12-13T12:53:29.170+0000] {taskinstance.py:3895} INFO - 0 downstream tasks scheduled from follow-on schedule check
[2024-12-13T12:53:29.172+0000] {local_task_job_runner.py:245} INFO - ::endgroup::
