[2024-12-13T12:53:29.311+0000] {local_task_job_runner.py:123} INFO - ::group::Pre task execution logs
[2024-12-13T12:53:29.332+0000] {taskinstance.py:2613} INFO - Dependencies all met for dep_context=non-requeueable deps ti=<TaskInstance: tutorial.sleep manual__2024-12-13T12:53:20.576911+00:00 [queued]>
[2024-12-13T12:53:29.344+0000] {taskinstance.py:2613} INFO - Dependencies all met for dep_context=requeueable deps ti=<TaskInstance: tutorial.sleep manual__2024-12-13T12:53:20.576911+00:00 [queued]>
[2024-12-13T12:53:29.345+0000] {taskinstance.py:2866} INFO - Starting attempt 1 of 4
[2024-12-13T12:53:29.367+0000] {taskinstance.py:2889} INFO - Executing <Task(BashOperator): sleep> on 2024-12-13 12:53:20.576911+00:00
[2024-12-13T12:53:29.379+0000] {warnings.py:112} WARNING - /home/***/.local/lib/python3.12/site-packages/***/task/task_runner/standard_task_runner.py:70: DeprecationWarning: This process (pid=405) is multi-threaded, use of fork() may lead to deadlocks in the child.
  pid = os.fork()

[2024-12-13T12:53:29.382+0000] {standard_task_runner.py:72} INFO - Started process 414 to run task
[2024-12-13T12:53:29.381+0000] {standard_task_runner.py:104} INFO - Running: ['***', 'tasks', 'run', 'tutorial', 'sleep', 'manual__2024-12-13T12:53:20.576911+00:00', '--job-id', '8', '--raw', '--subdir', '/home/***/.local/lib/python3.12/site-packages/***/example_dags/tutorial.py', '--cfg-path', '/tmp/tmpl5otqaoh']
[2024-12-13T12:53:29.383+0000] {standard_task_runner.py:105} INFO - Job 8: Subtask sleep
[2024-12-13T12:53:29.713+0000] {task_command.py:467} INFO - Running <TaskInstance: tutorial.sleep manual__2024-12-13T12:53:20.576911+00:00 [running]> on host 1fc3f6372dca
[2024-12-13T12:53:29.797+0000] {taskinstance.py:3132} INFO - Exporting env vars: AIRFLOW_CTX_DAG_EMAIL='***@example.com' AIRFLOW_CTX_DAG_OWNER='***' AIRFLOW_CTX_DAG_ID='tutorial' AIRFLOW_CTX_TASK_ID='sleep' AIRFLOW_CTX_EXECUTION_DATE='2024-12-13T12:53:20.576911+00:00' AIRFLOW_CTX_TRY_NUMBER='1' AIRFLOW_CTX_DAG_RUN_ID='manual__2024-12-13T12:53:20.576911+00:00'
[2024-12-13T12:53:29.798+0000] {logging_mixin.py:190} INFO - Task instance is in running state
[2024-12-13T12:53:29.799+0000] {logging_mixin.py:190} INFO -  Previous state of the Task instance: queued
[2024-12-13T12:53:29.799+0000] {logging_mixin.py:190} INFO - Current task name:sleep state:running start_date:2024-12-13 12:53:29.332746+00:00
[2024-12-13T12:53:29.800+0000] {logging_mixin.py:190} INFO - Dag name:tutorial and current dag run status:running
[2024-12-13T12:53:29.800+0000] {taskinstance.py:731} INFO - ::endgroup::
[2024-12-13T12:53:29.801+0000] {subprocess.py:78} INFO - Tmp dir root location: /tmp
[2024-12-13T12:53:29.802+0000] {subprocess.py:88} INFO - Running command: ['/usr/bin/bash', '-c', 'sleep 5']
[2024-12-13T12:53:29.818+0000] {subprocess.py:99} INFO - Output:
[2024-12-13T12:53:34.819+0000] {subprocess.py:110} INFO - Command exited with return code 0
[2024-12-13T12:53:34.848+0000] {taskinstance.py:340} INFO - ::group::Post task execution logs
[2024-12-13T12:53:34.849+0000] {taskinstance.py:352} INFO - Marking task as SUCCESS. dag_id=tutorial, task_id=sleep, run_id=manual__2024-12-13T12:53:20.576911+00:00, execution_date=20241213T125320, start_date=20241213T125329, end_date=20241213T125334
[2024-12-13T12:53:34.860+0000] {logging_mixin.py:190} INFO - Task instance in success state
[2024-12-13T12:53:34.860+0000] {logging_mixin.py:190} INFO -  Previous state of the Task instance: running
[2024-12-13T12:53:34.861+0000] {logging_mixin.py:190} INFO - Dag name:tutorial queued_at:2024-12-13 12:53:20.616263+00:00
[2024-12-13T12:53:34.861+0000] {logging_mixin.py:190} INFO - Task hostname:1fc3f6372dca operator:BashOperator
[2024-12-13T12:53:34.908+0000] {local_task_job_runner.py:266} INFO - Task exited with return code 0
[2024-12-13T12:53:34.922+0000] {taskinstance.py:3895} INFO - 0 downstream tasks scheduled from follow-on schedule check
[2024-12-13T12:53:34.925+0000] {local_task_job_runner.py:245} INFO - ::endgroup::
