[2025-01-08T18:44:17.273+0000] {processor.py:186} INFO - Started process (PID=109) to work on /home/airflow/.local/lib/python3.12/site-packages/airflow/example_dags/example_inlet_event_extra.py
[2025-01-08T18:44:17.278+0000] {processor.py:914} INFO - Processing file /home/airflow/.local/lib/python3.12/site-packages/airflow/example_dags/example_inlet_event_extra.py for tasks to queue
[2025-01-08T18:44:17.280+0000] {logging_mixin.py:190} INFO - [2025-01-08T18:44:17.280+0000] {dagbag.py:588} INFO - Filling up the DagBag from /home/airflow/.local/lib/python3.12/site-packages/airflow/example_dags/example_inlet_event_extra.py
[2025-01-08T18:44:21.181+0000] {processor.py:925} INFO - DAG(s) 'read_dataset_event', 'read_dataset_event_from_classic' retrieved from /home/airflow/.local/lib/python3.12/site-packages/airflow/example_dags/example_inlet_event_extra.py
[2025-01-08T18:44:21.465+0000] {logging_mixin.py:190} INFO - [2025-01-08T18:44:21.464+0000] {dag.py:3239} INFO - Sync 2 DAGs
[2025-01-08T18:44:21.799+0000] {logging_mixin.py:190} INFO - [2025-01-08T18:44:21.798+0000] {dag.py:4180} INFO - Setting next_dagrun for read_dataset_event to 2025-01-07 00:00:00+00:00, run_after=2025-01-08 00:00:00+00:00
[2025-01-08T18:44:21.876+0000] {logging_mixin.py:190} INFO - [2025-01-08T18:44:21.876+0000] {dag.py:4180} INFO - Setting next_dagrun for read_dataset_event_from_classic to 2025-01-07 00:00:00+00:00, run_after=2025-01-08 00:00:00+00:00
[2025-01-08T18:44:22.131+0000] {processor.py:208} INFO - Processing /home/airflow/.local/lib/python3.12/site-packages/airflow/example_dags/example_inlet_event_extra.py took 4.868 seconds
[2025-01-08T18:44:52.439+0000] {processor.py:186} INFO - Started process (PID=178) to work on /home/airflow/.local/lib/python3.12/site-packages/airflow/example_dags/example_inlet_event_extra.py
[2025-01-08T18:44:52.440+0000] {processor.py:914} INFO - Processing file /home/airflow/.local/lib/python3.12/site-packages/airflow/example_dags/example_inlet_event_extra.py for tasks to queue
[2025-01-08T18:44:52.442+0000] {logging_mixin.py:190} INFO - [2025-01-08T18:44:52.442+0000] {dagbag.py:588} INFO - Filling up the DagBag from /home/airflow/.local/lib/python3.12/site-packages/airflow/example_dags/example_inlet_event_extra.py
[2025-01-08T18:44:54.415+0000] {processor.py:925} INFO - DAG(s) 'read_dataset_event_from_classic', 'read_dataset_event' retrieved from /home/airflow/.local/lib/python3.12/site-packages/airflow/example_dags/example_inlet_event_extra.py
[2025-01-08T18:44:54.441+0000] {logging_mixin.py:190} INFO - [2025-01-08T18:44:54.441+0000] {dag.py:3239} INFO - Sync 2 DAGs
[2025-01-08T18:44:54.473+0000] {logging_mixin.py:190} INFO - [2025-01-08T18:44:54.473+0000] {dag.py:4180} INFO - Setting next_dagrun for read_dataset_event to 2025-01-07 00:00:00+00:00, run_after=2025-01-08 00:00:00+00:00
[2025-01-08T18:44:54.482+0000] {logging_mixin.py:190} INFO - [2025-01-08T18:44:54.482+0000] {dag.py:4180} INFO - Setting next_dagrun for read_dataset_event_from_classic to 2025-01-07 00:00:00+00:00, run_after=2025-01-08 00:00:00+00:00
[2025-01-08T18:44:54.537+0000] {processor.py:208} INFO - Processing /home/airflow/.local/lib/python3.12/site-packages/airflow/example_dags/example_inlet_event_extra.py took 2.105 seconds
[2025-01-08T18:45:25.044+0000] {processor.py:186} INFO - Started process (PID=244) to work on /home/airflow/.local/lib/python3.12/site-packages/airflow/example_dags/example_inlet_event_extra.py
[2025-01-08T18:45:25.087+0000] {processor.py:914} INFO - Processing file /home/airflow/.local/lib/python3.12/site-packages/airflow/example_dags/example_inlet_event_extra.py for tasks to queue
[2025-01-08T18:45:25.089+0000] {logging_mixin.py:190} INFO - [2025-01-08T18:45:25.089+0000] {dagbag.py:588} INFO - Filling up the DagBag from /home/airflow/.local/lib/python3.12/site-packages/airflow/example_dags/example_inlet_event_extra.py
[2025-01-08T18:45:25.973+0000] {processor.py:925} INFO - DAG(s) 'read_dataset_event', 'read_dataset_event_from_classic' retrieved from /home/airflow/.local/lib/python3.12/site-packages/airflow/example_dags/example_inlet_event_extra.py
[2025-01-08T18:45:25.990+0000] {logging_mixin.py:190} INFO - [2025-01-08T18:45:25.990+0000] {dag.py:3239} INFO - Sync 2 DAGs
[2025-01-08T18:45:26.028+0000] {logging_mixin.py:190} INFO - [2025-01-08T18:45:26.028+0000] {dag.py:4180} INFO - Setting next_dagrun for read_dataset_event to 2025-01-07 00:00:00+00:00, run_after=2025-01-08 00:00:00+00:00
[2025-01-08T18:45:26.032+0000] {logging_mixin.py:190} INFO - [2025-01-08T18:45:26.032+0000] {dag.py:4180} INFO - Setting next_dagrun for read_dataset_event_from_classic to 2025-01-07 00:00:00+00:00, run_after=2025-01-08 00:00:00+00:00
[2025-01-08T18:45:26.046+0000] {processor.py:208} INFO - Processing /home/airflow/.local/lib/python3.12/site-packages/airflow/example_dags/example_inlet_event_extra.py took 1.013 seconds
[2025-01-08T18:45:56.720+0000] {processor.py:186} INFO - Started process (PID=310) to work on /home/airflow/.local/lib/python3.12/site-packages/airflow/example_dags/example_inlet_event_extra.py
[2025-01-08T18:45:56.720+0000] {processor.py:914} INFO - Processing file /home/airflow/.local/lib/python3.12/site-packages/airflow/example_dags/example_inlet_event_extra.py for tasks to queue
[2025-01-08T18:45:56.722+0000] {logging_mixin.py:190} INFO - [2025-01-08T18:45:56.722+0000] {dagbag.py:588} INFO - Filling up the DagBag from /home/airflow/.local/lib/python3.12/site-packages/airflow/example_dags/example_inlet_event_extra.py
[2025-01-08T18:45:57.456+0000] {processor.py:925} INFO - DAG(s) 'read_dataset_event_from_classic', 'read_dataset_event' retrieved from /home/airflow/.local/lib/python3.12/site-packages/airflow/example_dags/example_inlet_event_extra.py
[2025-01-08T18:45:57.471+0000] {logging_mixin.py:190} INFO - [2025-01-08T18:45:57.471+0000] {dag.py:3239} INFO - Sync 2 DAGs
[2025-01-08T18:45:57.502+0000] {logging_mixin.py:190} INFO - [2025-01-08T18:45:57.502+0000] {dag.py:4180} INFO - Setting next_dagrun for read_dataset_event to 2025-01-07 00:00:00+00:00, run_after=2025-01-08 00:00:00+00:00
[2025-01-08T18:45:57.508+0000] {logging_mixin.py:190} INFO - [2025-01-08T18:45:57.508+0000] {dag.py:4180} INFO - Setting next_dagrun for read_dataset_event_from_classic to 2025-01-07 00:00:00+00:00, run_after=2025-01-08 00:00:00+00:00
[2025-01-08T18:45:57.535+0000] {processor.py:208} INFO - Processing /home/airflow/.local/lib/python3.12/site-packages/airflow/example_dags/example_inlet_event_extra.py took 0.821 seconds
[2025-01-08T18:46:28.467+0000] {processor.py:186} INFO - Started process (PID=375) to work on /home/airflow/.local/lib/python3.12/site-packages/airflow/example_dags/example_inlet_event_extra.py
[2025-01-08T18:46:28.468+0000] {processor.py:914} INFO - Processing file /home/airflow/.local/lib/python3.12/site-packages/airflow/example_dags/example_inlet_event_extra.py for tasks to queue
[2025-01-08T18:46:28.470+0000] {logging_mixin.py:190} INFO - [2025-01-08T18:46:28.470+0000] {dagbag.py:588} INFO - Filling up the DagBag from /home/airflow/.local/lib/python3.12/site-packages/airflow/example_dags/example_inlet_event_extra.py
[2025-01-08T18:46:29.227+0000] {processor.py:925} INFO - DAG(s) 'read_dataset_event_from_classic', 'read_dataset_event' retrieved from /home/airflow/.local/lib/python3.12/site-packages/airflow/example_dags/example_inlet_event_extra.py
[2025-01-08T18:46:29.249+0000] {logging_mixin.py:190} INFO - [2025-01-08T18:46:29.249+0000] {dag.py:3239} INFO - Sync 2 DAGs
[2025-01-08T18:46:29.280+0000] {logging_mixin.py:190} INFO - [2025-01-08T18:46:29.279+0000] {dag.py:4180} INFO - Setting next_dagrun for read_dataset_event to 2025-01-07 00:00:00+00:00, run_after=2025-01-08 00:00:00+00:00
[2025-01-08T18:46:29.286+0000] {logging_mixin.py:190} INFO - [2025-01-08T18:46:29.286+0000] {dag.py:4180} INFO - Setting next_dagrun for read_dataset_event_from_classic to 2025-01-07 00:00:00+00:00, run_after=2025-01-08 00:00:00+00:00
[2025-01-08T18:46:29.302+0000] {processor.py:208} INFO - Processing /home/airflow/.local/lib/python3.12/site-packages/airflow/example_dags/example_inlet_event_extra.py took 0.843 seconds
[2025-01-08T18:47:03.627+0000] {processor.py:186} INFO - Started process (PID=447) to work on /home/airflow/.local/lib/python3.12/site-packages/airflow/example_dags/example_inlet_event_extra.py
[2025-01-08T18:47:03.628+0000] {processor.py:914} INFO - Processing file /home/airflow/.local/lib/python3.12/site-packages/airflow/example_dags/example_inlet_event_extra.py for tasks to queue
[2025-01-08T18:47:03.630+0000] {logging_mixin.py:190} INFO - [2025-01-08T18:47:03.630+0000] {dagbag.py:588} INFO - Filling up the DagBag from /home/airflow/.local/lib/python3.12/site-packages/airflow/example_dags/example_inlet_event_extra.py
[2025-01-08T18:47:04.885+0000] {processor.py:925} INFO - DAG(s) 'read_dataset_event_from_classic', 'read_dataset_event' retrieved from /home/airflow/.local/lib/python3.12/site-packages/airflow/example_dags/example_inlet_event_extra.py
[2025-01-08T18:47:04.917+0000] {logging_mixin.py:190} INFO - [2025-01-08T18:47:04.917+0000] {dag.py:3239} INFO - Sync 2 DAGs
[2025-01-08T18:47:04.946+0000] {logging_mixin.py:190} INFO - [2025-01-08T18:47:04.945+0000] {dag.py:4180} INFO - Setting next_dagrun for read_dataset_event to 2025-01-07 00:00:00+00:00, run_after=2025-01-08 00:00:00+00:00
[2025-01-08T18:47:04.952+0000] {logging_mixin.py:190} INFO - [2025-01-08T18:47:04.952+0000] {dag.py:4180} INFO - Setting next_dagrun for read_dataset_event_from_classic to 2025-01-07 00:00:00+00:00, run_after=2025-01-08 00:00:00+00:00
[2025-01-08T18:47:04.969+0000] {processor.py:208} INFO - Processing /home/airflow/.local/lib/python3.12/site-packages/airflow/example_dags/example_inlet_event_extra.py took 1.352 seconds
[2025-01-08T18:47:35.946+0000] {processor.py:186} INFO - Started process (PID=520) to work on /home/airflow/.local/lib/python3.12/site-packages/airflow/example_dags/example_inlet_event_extra.py
[2025-01-08T18:47:35.962+0000] {processor.py:914} INFO - Processing file /home/airflow/.local/lib/python3.12/site-packages/airflow/example_dags/example_inlet_event_extra.py for tasks to queue
[2025-01-08T18:47:35.964+0000] {logging_mixin.py:190} INFO - [2025-01-08T18:47:35.964+0000] {dagbag.py:588} INFO - Filling up the DagBag from /home/airflow/.local/lib/python3.12/site-packages/airflow/example_dags/example_inlet_event_extra.py
[2025-01-08T18:47:38.518+0000] {processor.py:925} INFO - DAG(s) 'read_dataset_event', 'read_dataset_event_from_classic' retrieved from /home/airflow/.local/lib/python3.12/site-packages/airflow/example_dags/example_inlet_event_extra.py
[2025-01-08T18:47:38.557+0000] {logging_mixin.py:190} INFO - [2025-01-08T18:47:38.556+0000] {dag.py:3239} INFO - Sync 2 DAGs
[2025-01-08T18:47:38.588+0000] {logging_mixin.py:190} INFO - [2025-01-08T18:47:38.588+0000] {dag.py:4180} INFO - Setting next_dagrun for read_dataset_event to 2025-01-07 00:00:00+00:00, run_after=2025-01-08 00:00:00+00:00
[2025-01-08T18:47:38.594+0000] {logging_mixin.py:190} INFO - [2025-01-08T18:47:38.593+0000] {dag.py:4180} INFO - Setting next_dagrun for read_dataset_event_from_classic to 2025-01-07 00:00:00+00:00, run_after=2025-01-08 00:00:00+00:00
[2025-01-08T18:47:38.616+0000] {processor.py:208} INFO - Processing /home/airflow/.local/lib/python3.12/site-packages/airflow/example_dags/example_inlet_event_extra.py took 2.692 seconds
[2025-01-08T18:48:08.855+0000] {processor.py:186} INFO - Started process (PID=594) to work on /home/airflow/.local/lib/python3.12/site-packages/airflow/example_dags/example_inlet_event_extra.py
[2025-01-08T18:48:08.856+0000] {processor.py:914} INFO - Processing file /home/airflow/.local/lib/python3.12/site-packages/airflow/example_dags/example_inlet_event_extra.py for tasks to queue
[2025-01-08T18:48:08.858+0000] {logging_mixin.py:190} INFO - [2025-01-08T18:48:08.858+0000] {dagbag.py:588} INFO - Filling up the DagBag from /home/airflow/.local/lib/python3.12/site-packages/airflow/example_dags/example_inlet_event_extra.py
[2025-01-08T18:48:09.603+0000] {processor.py:925} INFO - DAG(s) 'read_dataset_event_from_classic', 'read_dataset_event' retrieved from /home/airflow/.local/lib/python3.12/site-packages/airflow/example_dags/example_inlet_event_extra.py
[2025-01-08T18:48:09.624+0000] {logging_mixin.py:190} INFO - [2025-01-08T18:48:09.623+0000] {dag.py:3239} INFO - Sync 2 DAGs
[2025-01-08T18:48:09.655+0000] {logging_mixin.py:190} INFO - [2025-01-08T18:48:09.654+0000] {dag.py:4180} INFO - Setting next_dagrun for read_dataset_event to 2025-01-07 00:00:00+00:00, run_after=2025-01-08 00:00:00+00:00
[2025-01-08T18:48:09.662+0000] {logging_mixin.py:190} INFO - [2025-01-08T18:48:09.662+0000] {dag.py:4180} INFO - Setting next_dagrun for read_dataset_event_from_classic to 2025-01-07 00:00:00+00:00, run_after=2025-01-08 00:00:00+00:00
[2025-01-08T18:48:09.691+0000] {processor.py:208} INFO - Processing /home/airflow/.local/lib/python3.12/site-packages/airflow/example_dags/example_inlet_event_extra.py took 0.842 seconds
[2025-01-08T18:48:40.116+0000] {processor.py:186} INFO - Started process (PID=660) to work on /home/airflow/.local/lib/python3.12/site-packages/airflow/example_dags/example_inlet_event_extra.py
[2025-01-08T18:48:40.116+0000] {processor.py:914} INFO - Processing file /home/airflow/.local/lib/python3.12/site-packages/airflow/example_dags/example_inlet_event_extra.py for tasks to queue
[2025-01-08T18:48:40.119+0000] {logging_mixin.py:190} INFO - [2025-01-08T18:48:40.119+0000] {dagbag.py:588} INFO - Filling up the DagBag from /home/airflow/.local/lib/python3.12/site-packages/airflow/example_dags/example_inlet_event_extra.py
[2025-01-08T18:48:40.673+0000] {processor.py:925} INFO - DAG(s) 'read_dataset_event', 'read_dataset_event_from_classic' retrieved from /home/airflow/.local/lib/python3.12/site-packages/airflow/example_dags/example_inlet_event_extra.py
[2025-01-08T18:48:40.689+0000] {logging_mixin.py:190} INFO - [2025-01-08T18:48:40.688+0000] {dag.py:3239} INFO - Sync 2 DAGs
[2025-01-08T18:48:40.708+0000] {logging_mixin.py:190} INFO - [2025-01-08T18:48:40.708+0000] {dag.py:4180} INFO - Setting next_dagrun for read_dataset_event to 2025-01-07 00:00:00+00:00, run_after=2025-01-08 00:00:00+00:00
[2025-01-08T18:48:40.712+0000] {logging_mixin.py:190} INFO - [2025-01-08T18:48:40.712+0000] {dag.py:4180} INFO - Setting next_dagrun for read_dataset_event_from_classic to 2025-01-07 00:00:00+00:00, run_after=2025-01-08 00:00:00+00:00
[2025-01-08T18:48:40.723+0000] {processor.py:208} INFO - Processing /home/airflow/.local/lib/python3.12/site-packages/airflow/example_dags/example_inlet_event_extra.py took 0.614 seconds
[2025-01-08T18:49:11.038+0000] {processor.py:186} INFO - Started process (PID=727) to work on /home/airflow/.local/lib/python3.12/site-packages/airflow/example_dags/example_inlet_event_extra.py
[2025-01-08T18:49:11.039+0000] {processor.py:914} INFO - Processing file /home/airflow/.local/lib/python3.12/site-packages/airflow/example_dags/example_inlet_event_extra.py for tasks to queue
[2025-01-08T18:49:11.041+0000] {logging_mixin.py:190} INFO - [2025-01-08T18:49:11.041+0000] {dagbag.py:588} INFO - Filling up the DagBag from /home/airflow/.local/lib/python3.12/site-packages/airflow/example_dags/example_inlet_event_extra.py
[2025-01-08T18:49:11.631+0000] {processor.py:925} INFO - DAG(s) 'read_dataset_event_from_classic', 'read_dataset_event' retrieved from /home/airflow/.local/lib/python3.12/site-packages/airflow/example_dags/example_inlet_event_extra.py
[2025-01-08T18:49:11.648+0000] {logging_mixin.py:190} INFO - [2025-01-08T18:49:11.647+0000] {dag.py:3239} INFO - Sync 2 DAGs
[2025-01-08T18:49:11.667+0000] {logging_mixin.py:190} INFO - [2025-01-08T18:49:11.667+0000] {dag.py:4180} INFO - Setting next_dagrun for read_dataset_event to 2025-01-07 00:00:00+00:00, run_after=2025-01-08 00:00:00+00:00
[2025-01-08T18:49:11.671+0000] {logging_mixin.py:190} INFO - [2025-01-08T18:49:11.671+0000] {dag.py:4180} INFO - Setting next_dagrun for read_dataset_event_from_classic to 2025-01-07 00:00:00+00:00, run_after=2025-01-08 00:00:00+00:00
[2025-01-08T18:49:11.682+0000] {processor.py:208} INFO - Processing /home/airflow/.local/lib/python3.12/site-packages/airflow/example_dags/example_inlet_event_extra.py took 0.650 seconds
[2025-01-08T18:49:44.491+0000] {processor.py:186} INFO - Started process (PID=790) to work on /home/airflow/.local/lib/python3.12/site-packages/airflow/example_dags/example_inlet_event_extra.py
[2025-01-08T18:49:44.492+0000] {processor.py:914} INFO - Processing file /home/airflow/.local/lib/python3.12/site-packages/airflow/example_dags/example_inlet_event_extra.py for tasks to queue
[2025-01-08T18:49:44.494+0000] {logging_mixin.py:190} INFO - [2025-01-08T18:49:44.494+0000] {dagbag.py:588} INFO - Filling up the DagBag from /home/airflow/.local/lib/python3.12/site-packages/airflow/example_dags/example_inlet_event_extra.py
[2025-01-08T18:49:45.147+0000] {processor.py:925} INFO - DAG(s) 'read_dataset_event_from_classic', 'read_dataset_event' retrieved from /home/airflow/.local/lib/python3.12/site-packages/airflow/example_dags/example_inlet_event_extra.py
[2025-01-08T18:49:45.162+0000] {logging_mixin.py:190} INFO - [2025-01-08T18:49:45.162+0000] {dag.py:3239} INFO - Sync 2 DAGs
[2025-01-08T18:49:45.180+0000] {logging_mixin.py:190} INFO - [2025-01-08T18:49:45.180+0000] {dag.py:4180} INFO - Setting next_dagrun for read_dataset_event to 2025-01-07 00:00:00+00:00, run_after=2025-01-08 00:00:00+00:00
[2025-01-08T18:49:45.184+0000] {logging_mixin.py:190} INFO - [2025-01-08T18:49:45.184+0000] {dag.py:4180} INFO - Setting next_dagrun for read_dataset_event_from_classic to 2025-01-07 00:00:00+00:00, run_after=2025-01-08 00:00:00+00:00
[2025-01-08T18:49:45.196+0000] {processor.py:208} INFO - Processing /home/airflow/.local/lib/python3.12/site-packages/airflow/example_dags/example_inlet_event_extra.py took 0.712 seconds
[2025-01-08T18:50:15.865+0000] {processor.py:186} INFO - Started process (PID=855) to work on /home/airflow/.local/lib/python3.12/site-packages/airflow/example_dags/example_inlet_event_extra.py
[2025-01-08T18:50:15.866+0000] {processor.py:914} INFO - Processing file /home/airflow/.local/lib/python3.12/site-packages/airflow/example_dags/example_inlet_event_extra.py for tasks to queue
[2025-01-08T18:50:15.868+0000] {logging_mixin.py:190} INFO - [2025-01-08T18:50:15.867+0000] {dagbag.py:588} INFO - Filling up the DagBag from /home/airflow/.local/lib/python3.12/site-packages/airflow/example_dags/example_inlet_event_extra.py
[2025-01-08T18:50:16.644+0000] {processor.py:925} INFO - DAG(s) 'read_dataset_event', 'read_dataset_event_from_classic' retrieved from /home/airflow/.local/lib/python3.12/site-packages/airflow/example_dags/example_inlet_event_extra.py
[2025-01-08T18:50:16.667+0000] {logging_mixin.py:190} INFO - [2025-01-08T18:50:16.667+0000] {dag.py:3239} INFO - Sync 2 DAGs
[2025-01-08T18:50:16.696+0000] {logging_mixin.py:190} INFO - [2025-01-08T18:50:16.695+0000] {dag.py:4180} INFO - Setting next_dagrun for read_dataset_event to 2025-01-07 00:00:00+00:00, run_after=2025-01-08 00:00:00+00:00
[2025-01-08T18:50:16.702+0000] {logging_mixin.py:190} INFO - [2025-01-08T18:50:16.702+0000] {dag.py:4180} INFO - Setting next_dagrun for read_dataset_event_from_classic to 2025-01-07 00:00:00+00:00, run_after=2025-01-08 00:00:00+00:00
[2025-01-08T18:50:16.717+0000] {processor.py:208} INFO - Processing /home/airflow/.local/lib/python3.12/site-packages/airflow/example_dags/example_inlet_event_extra.py took 0.858 seconds
[2025-01-08T18:50:47.844+0000] {processor.py:186} INFO - Started process (PID=934) to work on /home/airflow/.local/lib/python3.12/site-packages/airflow/example_dags/example_inlet_event_extra.py
[2025-01-08T18:50:47.845+0000] {processor.py:914} INFO - Processing file /home/airflow/.local/lib/python3.12/site-packages/airflow/example_dags/example_inlet_event_extra.py for tasks to queue
[2025-01-08T18:50:47.847+0000] {logging_mixin.py:190} INFO - [2025-01-08T18:50:47.847+0000] {dagbag.py:588} INFO - Filling up the DagBag from /home/airflow/.local/lib/python3.12/site-packages/airflow/example_dags/example_inlet_event_extra.py
[2025-01-08T18:50:48.458+0000] {processor.py:925} INFO - DAG(s) 'read_dataset_event', 'read_dataset_event_from_classic' retrieved from /home/airflow/.local/lib/python3.12/site-packages/airflow/example_dags/example_inlet_event_extra.py
[2025-01-08T18:50:48.473+0000] {logging_mixin.py:190} INFO - [2025-01-08T18:50:48.473+0000] {dag.py:3239} INFO - Sync 2 DAGs
[2025-01-08T18:50:48.492+0000] {logging_mixin.py:190} INFO - [2025-01-08T18:50:48.491+0000] {dag.py:4180} INFO - Setting next_dagrun for read_dataset_event to 2025-01-07 00:00:00+00:00, run_after=2025-01-08 00:00:00+00:00
[2025-01-08T18:50:48.497+0000] {logging_mixin.py:190} INFO - [2025-01-08T18:50:48.497+0000] {dag.py:4180} INFO - Setting next_dagrun for read_dataset_event_from_classic to 2025-01-07 00:00:00+00:00, run_after=2025-01-08 00:00:00+00:00
[2025-01-08T18:50:48.510+0000] {processor.py:208} INFO - Processing /home/airflow/.local/lib/python3.12/site-packages/airflow/example_dags/example_inlet_event_extra.py took 0.672 seconds
[2025-01-08T18:51:18.573+0000] {processor.py:186} INFO - Started process (PID=1002) to work on /home/airflow/.local/lib/python3.12/site-packages/airflow/example_dags/example_inlet_event_extra.py
[2025-01-08T18:51:18.574+0000] {processor.py:914} INFO - Processing file /home/airflow/.local/lib/python3.12/site-packages/airflow/example_dags/example_inlet_event_extra.py for tasks to queue
[2025-01-08T18:51:18.575+0000] {logging_mixin.py:190} INFO - [2025-01-08T18:51:18.575+0000] {dagbag.py:588} INFO - Filling up the DagBag from /home/airflow/.local/lib/python3.12/site-packages/airflow/example_dags/example_inlet_event_extra.py
[2025-01-08T18:51:19.092+0000] {processor.py:925} INFO - DAG(s) 'read_dataset_event', 'read_dataset_event_from_classic' retrieved from /home/airflow/.local/lib/python3.12/site-packages/airflow/example_dags/example_inlet_event_extra.py
[2025-01-08T18:51:19.108+0000] {logging_mixin.py:190} INFO - [2025-01-08T18:51:19.108+0000] {dag.py:3239} INFO - Sync 2 DAGs
[2025-01-08T18:51:19.127+0000] {logging_mixin.py:190} INFO - [2025-01-08T18:51:19.126+0000] {dag.py:4180} INFO - Setting next_dagrun for read_dataset_event to 2025-01-07 00:00:00+00:00, run_after=2025-01-08 00:00:00+00:00
[2025-01-08T18:51:19.131+0000] {logging_mixin.py:190} INFO - [2025-01-08T18:51:19.131+0000] {dag.py:4180} INFO - Setting next_dagrun for read_dataset_event_from_classic to 2025-01-07 00:00:00+00:00, run_after=2025-01-08 00:00:00+00:00
[2025-01-08T18:51:19.142+0000] {processor.py:208} INFO - Processing /home/airflow/.local/lib/python3.12/site-packages/airflow/example_dags/example_inlet_event_extra.py took 0.573 seconds
[2025-01-08T18:51:50.290+0000] {processor.py:186} INFO - Started process (PID=1070) to work on /home/airflow/.local/lib/python3.12/site-packages/airflow/example_dags/example_inlet_event_extra.py
[2025-01-08T18:51:50.291+0000] {processor.py:914} INFO - Processing file /home/airflow/.local/lib/python3.12/site-packages/airflow/example_dags/example_inlet_event_extra.py for tasks to queue
[2025-01-08T18:51:50.293+0000] {logging_mixin.py:190} INFO - [2025-01-08T18:51:50.293+0000] {dagbag.py:588} INFO - Filling up the DagBag from /home/airflow/.local/lib/python3.12/site-packages/airflow/example_dags/example_inlet_event_extra.py
[2025-01-08T18:51:51.532+0000] {processor.py:925} INFO - DAG(s) 'read_dataset_event_from_classic', 'read_dataset_event' retrieved from /home/airflow/.local/lib/python3.12/site-packages/airflow/example_dags/example_inlet_event_extra.py
[2025-01-08T18:51:51.572+0000] {logging_mixin.py:190} INFO - [2025-01-08T18:51:51.571+0000] {dag.py:3239} INFO - Sync 2 DAGs
[2025-01-08T18:51:51.620+0000] {logging_mixin.py:190} INFO - [2025-01-08T18:51:51.619+0000] {dag.py:4180} INFO - Setting next_dagrun for read_dataset_event to 2025-01-07 00:00:00+00:00, run_after=2025-01-08 00:00:00+00:00
[2025-01-08T18:51:51.626+0000] {logging_mixin.py:190} INFO - [2025-01-08T18:51:51.626+0000] {dag.py:4180} INFO - Setting next_dagrun for read_dataset_event_from_classic to 2025-01-07 00:00:00+00:00, run_after=2025-01-08 00:00:00+00:00
[2025-01-08T18:51:51.658+0000] {processor.py:208} INFO - Processing /home/airflow/.local/lib/python3.12/site-packages/airflow/example_dags/example_inlet_event_extra.py took 1.375 seconds
[2025-01-08T18:52:22.026+0000] {processor.py:186} INFO - Started process (PID=1137) to work on /home/airflow/.local/lib/python3.12/site-packages/airflow/example_dags/example_inlet_event_extra.py
[2025-01-08T18:52:22.027+0000] {processor.py:914} INFO - Processing file /home/airflow/.local/lib/python3.12/site-packages/airflow/example_dags/example_inlet_event_extra.py for tasks to queue
[2025-01-08T18:52:22.029+0000] {logging_mixin.py:190} INFO - [2025-01-08T18:52:22.029+0000] {dagbag.py:588} INFO - Filling up the DagBag from /home/airflow/.local/lib/python3.12/site-packages/airflow/example_dags/example_inlet_event_extra.py
[2025-01-08T18:52:22.644+0000] {processor.py:925} INFO - DAG(s) 'read_dataset_event', 'read_dataset_event_from_classic' retrieved from /home/airflow/.local/lib/python3.12/site-packages/airflow/example_dags/example_inlet_event_extra.py
[2025-01-08T18:52:22.661+0000] {logging_mixin.py:190} INFO - [2025-01-08T18:52:22.660+0000] {dag.py:3239} INFO - Sync 2 DAGs
[2025-01-08T18:52:22.680+0000] {logging_mixin.py:190} INFO - [2025-01-08T18:52:22.679+0000] {dag.py:4180} INFO - Setting next_dagrun for read_dataset_event to 2025-01-07 00:00:00+00:00, run_after=2025-01-08 00:00:00+00:00
[2025-01-08T18:52:22.683+0000] {logging_mixin.py:190} INFO - [2025-01-08T18:52:22.683+0000] {dag.py:4180} INFO - Setting next_dagrun for read_dataset_event_from_classic to 2025-01-07 00:00:00+00:00, run_after=2025-01-08 00:00:00+00:00
[2025-01-08T18:52:22.694+0000] {processor.py:208} INFO - Processing /home/airflow/.local/lib/python3.12/site-packages/airflow/example_dags/example_inlet_event_extra.py took 0.675 seconds
[2025-01-08T18:52:53.103+0000] {processor.py:186} INFO - Started process (PID=1203) to work on /home/airflow/.local/lib/python3.12/site-packages/airflow/example_dags/example_inlet_event_extra.py
[2025-01-08T18:52:53.103+0000] {processor.py:914} INFO - Processing file /home/airflow/.local/lib/python3.12/site-packages/airflow/example_dags/example_inlet_event_extra.py for tasks to queue
[2025-01-08T18:52:53.105+0000] {logging_mixin.py:190} INFO - [2025-01-08T18:52:53.105+0000] {dagbag.py:588} INFO - Filling up the DagBag from /home/airflow/.local/lib/python3.12/site-packages/airflow/example_dags/example_inlet_event_extra.py
[2025-01-08T18:52:53.612+0000] {processor.py:925} INFO - DAG(s) 'read_dataset_event', 'read_dataset_event_from_classic' retrieved from /home/airflow/.local/lib/python3.12/site-packages/airflow/example_dags/example_inlet_event_extra.py
[2025-01-08T18:52:53.627+0000] {logging_mixin.py:190} INFO - [2025-01-08T18:52:53.627+0000] {dag.py:3239} INFO - Sync 2 DAGs
[2025-01-08T18:52:53.645+0000] {logging_mixin.py:190} INFO - [2025-01-08T18:52:53.645+0000] {dag.py:4180} INFO - Setting next_dagrun for read_dataset_event to 2025-01-07 00:00:00+00:00, run_after=2025-01-08 00:00:00+00:00
[2025-01-08T18:52:53.649+0000] {logging_mixin.py:190} INFO - [2025-01-08T18:52:53.649+0000] {dag.py:4180} INFO - Setting next_dagrun for read_dataset_event_from_classic to 2025-01-07 00:00:00+00:00, run_after=2025-01-08 00:00:00+00:00
[2025-01-08T18:52:53.660+0000] {processor.py:208} INFO - Processing /home/airflow/.local/lib/python3.12/site-packages/airflow/example_dags/example_inlet_event_extra.py took 0.562 seconds
[2025-01-08T18:53:24.259+0000] {processor.py:186} INFO - Started process (PID=1268) to work on /home/airflow/.local/lib/python3.12/site-packages/airflow/example_dags/example_inlet_event_extra.py
[2025-01-08T18:53:24.262+0000] {processor.py:914} INFO - Processing file /home/airflow/.local/lib/python3.12/site-packages/airflow/example_dags/example_inlet_event_extra.py for tasks to queue
[2025-01-08T18:53:24.265+0000] {logging_mixin.py:190} INFO - [2025-01-08T18:53:24.265+0000] {dagbag.py:588} INFO - Filling up the DagBag from /home/airflow/.local/lib/python3.12/site-packages/airflow/example_dags/example_inlet_event_extra.py
[2025-01-08T18:53:25.044+0000] {processor.py:925} INFO - DAG(s) 'read_dataset_event_from_classic', 'read_dataset_event' retrieved from /home/airflow/.local/lib/python3.12/site-packages/airflow/example_dags/example_inlet_event_extra.py
[2025-01-08T18:53:25.068+0000] {logging_mixin.py:190} INFO - [2025-01-08T18:53:25.068+0000] {dag.py:3239} INFO - Sync 2 DAGs
[2025-01-08T18:53:25.104+0000] {logging_mixin.py:190} INFO - [2025-01-08T18:53:25.104+0000] {dag.py:4180} INFO - Setting next_dagrun for read_dataset_event to 2025-01-07 00:00:00+00:00, run_after=2025-01-08 00:00:00+00:00
[2025-01-08T18:53:25.108+0000] {logging_mixin.py:190} INFO - [2025-01-08T18:53:25.108+0000] {dag.py:4180} INFO - Setting next_dagrun for read_dataset_event_from_classic to 2025-01-07 00:00:00+00:00, run_after=2025-01-08 00:00:00+00:00
[2025-01-08T18:53:25.118+0000] {processor.py:208} INFO - Processing /home/airflow/.local/lib/python3.12/site-packages/airflow/example_dags/example_inlet_event_extra.py took 0.890 seconds
[2025-01-08T18:53:57.093+0000] {processor.py:186} INFO - Started process (PID=1334) to work on /home/airflow/.local/lib/python3.12/site-packages/airflow/example_dags/example_inlet_event_extra.py
[2025-01-08T18:53:57.101+0000] {processor.py:914} INFO - Processing file /home/airflow/.local/lib/python3.12/site-packages/airflow/example_dags/example_inlet_event_extra.py for tasks to queue
[2025-01-08T18:53:57.103+0000] {logging_mixin.py:190} INFO - [2025-01-08T18:53:57.103+0000] {dagbag.py:588} INFO - Filling up the DagBag from /home/airflow/.local/lib/python3.12/site-packages/airflow/example_dags/example_inlet_event_extra.py
[2025-01-08T18:53:58.021+0000] {processor.py:925} INFO - DAG(s) 'read_dataset_event_from_classic', 'read_dataset_event' retrieved from /home/airflow/.local/lib/python3.12/site-packages/airflow/example_dags/example_inlet_event_extra.py
[2025-01-08T18:53:58.044+0000] {logging_mixin.py:190} INFO - [2025-01-08T18:53:58.044+0000] {dag.py:3239} INFO - Sync 2 DAGs
[2025-01-08T18:53:58.087+0000] {logging_mixin.py:190} INFO - [2025-01-08T18:53:58.086+0000] {dag.py:4180} INFO - Setting next_dagrun for read_dataset_event to 2025-01-07 00:00:00+00:00, run_after=2025-01-08 00:00:00+00:00
[2025-01-08T18:53:58.093+0000] {logging_mixin.py:190} INFO - [2025-01-08T18:53:58.093+0000] {dag.py:4180} INFO - Setting next_dagrun for read_dataset_event_from_classic to 2025-01-07 00:00:00+00:00, run_after=2025-01-08 00:00:00+00:00
[2025-01-08T18:53:58.108+0000] {processor.py:208} INFO - Processing /home/airflow/.local/lib/python3.12/site-packages/airflow/example_dags/example_inlet_event_extra.py took 1.027 seconds
[2025-01-08T18:54:28.995+0000] {processor.py:186} INFO - Started process (PID=1400) to work on /home/airflow/.local/lib/python3.12/site-packages/airflow/example_dags/example_inlet_event_extra.py
[2025-01-08T18:54:28.996+0000] {processor.py:914} INFO - Processing file /home/airflow/.local/lib/python3.12/site-packages/airflow/example_dags/example_inlet_event_extra.py for tasks to queue
[2025-01-08T18:54:28.998+0000] {logging_mixin.py:190} INFO - [2025-01-08T18:54:28.998+0000] {dagbag.py:588} INFO - Filling up the DagBag from /home/airflow/.local/lib/python3.12/site-packages/airflow/example_dags/example_inlet_event_extra.py
[2025-01-08T18:54:29.779+0000] {processor.py:925} INFO - DAG(s) 'read_dataset_event_from_classic', 'read_dataset_event' retrieved from /home/airflow/.local/lib/python3.12/site-packages/airflow/example_dags/example_inlet_event_extra.py
[2025-01-08T18:54:29.802+0000] {logging_mixin.py:190} INFO - [2025-01-08T18:54:29.802+0000] {dag.py:3239} INFO - Sync 2 DAGs
[2025-01-08T18:54:29.831+0000] {logging_mixin.py:190} INFO - [2025-01-08T18:54:29.831+0000] {dag.py:4180} INFO - Setting next_dagrun for read_dataset_event to 2025-01-07 00:00:00+00:00, run_after=2025-01-08 00:00:00+00:00
[2025-01-08T18:54:29.837+0000] {logging_mixin.py:190} INFO - [2025-01-08T18:54:29.837+0000] {dag.py:4180} INFO - Setting next_dagrun for read_dataset_event_from_classic to 2025-01-07 00:00:00+00:00, run_after=2025-01-08 00:00:00+00:00
[2025-01-08T18:54:29.852+0000] {processor.py:208} INFO - Processing /home/airflow/.local/lib/python3.12/site-packages/airflow/example_dags/example_inlet_event_extra.py took 0.862 seconds
[2025-01-08T18:55:00.141+0000] {processor.py:186} INFO - Started process (PID=1465) to work on /home/airflow/.local/lib/python3.12/site-packages/airflow/example_dags/example_inlet_event_extra.py
[2025-01-08T18:55:00.141+0000] {processor.py:914} INFO - Processing file /home/airflow/.local/lib/python3.12/site-packages/airflow/example_dags/example_inlet_event_extra.py for tasks to queue
[2025-01-08T18:55:00.144+0000] {logging_mixin.py:190} INFO - [2025-01-08T18:55:00.143+0000] {dagbag.py:588} INFO - Filling up the DagBag from /home/airflow/.local/lib/python3.12/site-packages/airflow/example_dags/example_inlet_event_extra.py
[2025-01-08T18:55:00.800+0000] {processor.py:925} INFO - DAG(s) 'read_dataset_event', 'read_dataset_event_from_classic' retrieved from /home/airflow/.local/lib/python3.12/site-packages/airflow/example_dags/example_inlet_event_extra.py
[2025-01-08T18:55:00.845+0000] {logging_mixin.py:190} INFO - [2025-01-08T18:55:00.845+0000] {dag.py:3239} INFO - Sync 2 DAGs
[2025-01-08T18:55:00.888+0000] {logging_mixin.py:190} INFO - [2025-01-08T18:55:00.888+0000] {dag.py:4180} INFO - Setting next_dagrun for read_dataset_event to 2025-01-07 00:00:00+00:00, run_after=2025-01-08 00:00:00+00:00
[2025-01-08T18:55:00.900+0000] {logging_mixin.py:190} INFO - [2025-01-08T18:55:00.900+0000] {dag.py:4180} INFO - Setting next_dagrun for read_dataset_event_from_classic to 2025-01-07 00:00:00+00:00, run_after=2025-01-08 00:00:00+00:00
[2025-01-08T18:55:00.922+0000] {processor.py:208} INFO - Processing /home/airflow/.local/lib/python3.12/site-packages/airflow/example_dags/example_inlet_event_extra.py took 0.788 seconds
[2025-01-08T18:55:32.901+0000] {processor.py:186} INFO - Started process (PID=1536) to work on /home/airflow/.local/lib/python3.12/site-packages/airflow/example_dags/example_inlet_event_extra.py
[2025-01-08T18:55:32.902+0000] {processor.py:914} INFO - Processing file /home/airflow/.local/lib/python3.12/site-packages/airflow/example_dags/example_inlet_event_extra.py for tasks to queue
[2025-01-08T18:55:32.905+0000] {logging_mixin.py:190} INFO - [2025-01-08T18:55:32.904+0000] {dagbag.py:588} INFO - Filling up the DagBag from /home/airflow/.local/lib/python3.12/site-packages/airflow/example_dags/example_inlet_event_extra.py
[2025-01-08T18:55:33.817+0000] {processor.py:925} INFO - DAG(s) 'read_dataset_event_from_classic', 'read_dataset_event' retrieved from /home/airflow/.local/lib/python3.12/site-packages/airflow/example_dags/example_inlet_event_extra.py
[2025-01-08T18:55:33.866+0000] {logging_mixin.py:190} INFO - [2025-01-08T18:55:33.866+0000] {dag.py:3239} INFO - Sync 2 DAGs
[2025-01-08T18:55:33.896+0000] {logging_mixin.py:190} INFO - [2025-01-08T18:55:33.895+0000] {dag.py:4180} INFO - Setting next_dagrun for read_dataset_event to 2025-01-07 00:00:00+00:00, run_after=2025-01-08 00:00:00+00:00
[2025-01-08T18:55:33.902+0000] {logging_mixin.py:190} INFO - [2025-01-08T18:55:33.901+0000] {dag.py:4180} INFO - Setting next_dagrun for read_dataset_event_from_classic to 2025-01-07 00:00:00+00:00, run_after=2025-01-08 00:00:00+00:00
[2025-01-08T18:55:33.917+0000] {processor.py:208} INFO - Processing /home/airflow/.local/lib/python3.12/site-packages/airflow/example_dags/example_inlet_event_extra.py took 1.025 seconds
[2025-01-08T18:56:05.565+0000] {processor.py:186} INFO - Started process (PID=1601) to work on /home/airflow/.local/lib/python3.12/site-packages/airflow/example_dags/example_inlet_event_extra.py
[2025-01-08T18:56:05.572+0000] {processor.py:914} INFO - Processing file /home/airflow/.local/lib/python3.12/site-packages/airflow/example_dags/example_inlet_event_extra.py for tasks to queue
[2025-01-08T18:56:05.576+0000] {logging_mixin.py:190} INFO - [2025-01-08T18:56:05.575+0000] {dagbag.py:588} INFO - Filling up the DagBag from /home/airflow/.local/lib/python3.12/site-packages/airflow/example_dags/example_inlet_event_extra.py
[2025-01-08T18:56:07.011+0000] {processor.py:925} INFO - DAG(s) 'read_dataset_event', 'read_dataset_event_from_classic' retrieved from /home/airflow/.local/lib/python3.12/site-packages/airflow/example_dags/example_inlet_event_extra.py
[2025-01-08T18:56:07.080+0000] {logging_mixin.py:190} INFO - [2025-01-08T18:56:07.080+0000] {dag.py:3239} INFO - Sync 2 DAGs
[2025-01-08T18:56:07.111+0000] {logging_mixin.py:190} INFO - [2025-01-08T18:56:07.111+0000] {dag.py:4180} INFO - Setting next_dagrun for read_dataset_event to 2025-01-07 00:00:00+00:00, run_after=2025-01-08 00:00:00+00:00
[2025-01-08T18:56:07.117+0000] {logging_mixin.py:190} INFO - [2025-01-08T18:56:07.117+0000] {dag.py:4180} INFO - Setting next_dagrun for read_dataset_event_from_classic to 2025-01-07 00:00:00+00:00, run_after=2025-01-08 00:00:00+00:00
[2025-01-08T18:56:07.132+0000] {processor.py:208} INFO - Processing /home/airflow/.local/lib/python3.12/site-packages/airflow/example_dags/example_inlet_event_extra.py took 1.586 seconds
[2025-01-08T18:56:37.974+0000] {processor.py:186} INFO - Started process (PID=1670) to work on /home/airflow/.local/lib/python3.12/site-packages/airflow/example_dags/example_inlet_event_extra.py
[2025-01-08T18:56:37.974+0000] {processor.py:914} INFO - Processing file /home/airflow/.local/lib/python3.12/site-packages/airflow/example_dags/example_inlet_event_extra.py for tasks to queue
[2025-01-08T18:56:37.977+0000] {logging_mixin.py:190} INFO - [2025-01-08T18:56:37.976+0000] {dagbag.py:588} INFO - Filling up the DagBag from /home/airflow/.local/lib/python3.12/site-packages/airflow/example_dags/example_inlet_event_extra.py
[2025-01-08T18:56:39.425+0000] {processor.py:925} INFO - DAG(s) 'read_dataset_event', 'read_dataset_event_from_classic' retrieved from /home/airflow/.local/lib/python3.12/site-packages/airflow/example_dags/example_inlet_event_extra.py
[2025-01-08T18:56:39.474+0000] {logging_mixin.py:190} INFO - [2025-01-08T18:56:39.474+0000] {dag.py:3239} INFO - Sync 2 DAGs
[2025-01-08T18:56:39.546+0000] {logging_mixin.py:190} INFO - [2025-01-08T18:56:39.545+0000] {dag.py:4180} INFO - Setting next_dagrun for read_dataset_event to 2025-01-07 00:00:00+00:00, run_after=2025-01-08 00:00:00+00:00
[2025-01-08T18:56:39.558+0000] {logging_mixin.py:190} INFO - [2025-01-08T18:56:39.558+0000] {dag.py:4180} INFO - Setting next_dagrun for read_dataset_event_from_classic to 2025-01-07 00:00:00+00:00, run_after=2025-01-08 00:00:00+00:00
[2025-01-08T18:56:39.599+0000] {processor.py:208} INFO - Processing /home/airflow/.local/lib/python3.12/site-packages/airflow/example_dags/example_inlet_event_extra.py took 1.632 seconds
[2025-01-08T18:57:09.641+0000] {processor.py:186} INFO - Started process (PID=1736) to work on /home/airflow/.local/lib/python3.12/site-packages/airflow/example_dags/example_inlet_event_extra.py
[2025-01-08T18:57:09.642+0000] {processor.py:914} INFO - Processing file /home/airflow/.local/lib/python3.12/site-packages/airflow/example_dags/example_inlet_event_extra.py for tasks to queue
[2025-01-08T18:57:09.643+0000] {logging_mixin.py:190} INFO - [2025-01-08T18:57:09.643+0000] {dagbag.py:588} INFO - Filling up the DagBag from /home/airflow/.local/lib/python3.12/site-packages/airflow/example_dags/example_inlet_event_extra.py
[2025-01-08T18:57:10.147+0000] {processor.py:925} INFO - DAG(s) 'read_dataset_event_from_classic', 'read_dataset_event' retrieved from /home/airflow/.local/lib/python3.12/site-packages/airflow/example_dags/example_inlet_event_extra.py
[2025-01-08T18:57:10.163+0000] {logging_mixin.py:190} INFO - [2025-01-08T18:57:10.163+0000] {dag.py:3239} INFO - Sync 2 DAGs
[2025-01-08T18:57:10.183+0000] {logging_mixin.py:190} INFO - [2025-01-08T18:57:10.182+0000] {dag.py:4180} INFO - Setting next_dagrun for read_dataset_event to 2025-01-07 00:00:00+00:00, run_after=2025-01-08 00:00:00+00:00
[2025-01-08T18:57:10.186+0000] {logging_mixin.py:190} INFO - [2025-01-08T18:57:10.186+0000] {dag.py:4180} INFO - Setting next_dagrun for read_dataset_event_from_classic to 2025-01-07 00:00:00+00:00, run_after=2025-01-08 00:00:00+00:00
[2025-01-08T18:57:10.197+0000] {processor.py:208} INFO - Processing /home/airflow/.local/lib/python3.12/site-packages/airflow/example_dags/example_inlet_event_extra.py took 0.561 seconds
[2025-01-08T18:57:41.058+0000] {processor.py:186} INFO - Started process (PID=1803) to work on /home/airflow/.local/lib/python3.12/site-packages/airflow/example_dags/example_inlet_event_extra.py
[2025-01-08T18:57:41.059+0000] {processor.py:914} INFO - Processing file /home/airflow/.local/lib/python3.12/site-packages/airflow/example_dags/example_inlet_event_extra.py for tasks to queue
[2025-01-08T18:57:41.061+0000] {logging_mixin.py:190} INFO - [2025-01-08T18:57:41.060+0000] {dagbag.py:588} INFO - Filling up the DagBag from /home/airflow/.local/lib/python3.12/site-packages/airflow/example_dags/example_inlet_event_extra.py
[2025-01-08T18:57:41.563+0000] {processor.py:925} INFO - DAG(s) 'read_dataset_event_from_classic', 'read_dataset_event' retrieved from /home/airflow/.local/lib/python3.12/site-packages/airflow/example_dags/example_inlet_event_extra.py
[2025-01-08T18:57:41.579+0000] {logging_mixin.py:190} INFO - [2025-01-08T18:57:41.579+0000] {dag.py:3239} INFO - Sync 2 DAGs
[2025-01-08T18:57:41.599+0000] {logging_mixin.py:190} INFO - [2025-01-08T18:57:41.598+0000] {dag.py:4180} INFO - Setting next_dagrun for read_dataset_event to 2025-01-07 00:00:00+00:00, run_after=2025-01-08 00:00:00+00:00
[2025-01-08T18:57:41.602+0000] {logging_mixin.py:190} INFO - [2025-01-08T18:57:41.602+0000] {dag.py:4180} INFO - Setting next_dagrun for read_dataset_event_from_classic to 2025-01-07 00:00:00+00:00, run_after=2025-01-08 00:00:00+00:00
[2025-01-08T18:57:41.613+0000] {processor.py:208} INFO - Processing /home/airflow/.local/lib/python3.12/site-packages/airflow/example_dags/example_inlet_event_extra.py took 0.559 seconds
[2025-01-08T18:58:11.745+0000] {processor.py:186} INFO - Started process (PID=1868) to work on /home/airflow/.local/lib/python3.12/site-packages/airflow/example_dags/example_inlet_event_extra.py
[2025-01-08T18:58:11.745+0000] {processor.py:914} INFO - Processing file /home/airflow/.local/lib/python3.12/site-packages/airflow/example_dags/example_inlet_event_extra.py for tasks to queue
[2025-01-08T18:58:11.747+0000] {logging_mixin.py:190} INFO - [2025-01-08T18:58:11.747+0000] {dagbag.py:588} INFO - Filling up the DagBag from /home/airflow/.local/lib/python3.12/site-packages/airflow/example_dags/example_inlet_event_extra.py
[2025-01-08T18:58:12.376+0000] {processor.py:925} INFO - DAG(s) 'read_dataset_event', 'read_dataset_event_from_classic' retrieved from /home/airflow/.local/lib/python3.12/site-packages/airflow/example_dags/example_inlet_event_extra.py
[2025-01-08T18:58:12.392+0000] {logging_mixin.py:190} INFO - [2025-01-08T18:58:12.391+0000] {dag.py:3239} INFO - Sync 2 DAGs
[2025-01-08T18:58:12.411+0000] {logging_mixin.py:190} INFO - [2025-01-08T18:58:12.411+0000] {dag.py:4180} INFO - Setting next_dagrun for read_dataset_event to 2025-01-07 00:00:00+00:00, run_after=2025-01-08 00:00:00+00:00
[2025-01-08T18:58:12.415+0000] {logging_mixin.py:190} INFO - [2025-01-08T18:58:12.415+0000] {dag.py:4180} INFO - Setting next_dagrun for read_dataset_event_from_classic to 2025-01-07 00:00:00+00:00, run_after=2025-01-08 00:00:00+00:00
[2025-01-08T18:58:12.425+0000] {processor.py:208} INFO - Processing /home/airflow/.local/lib/python3.12/site-packages/airflow/example_dags/example_inlet_event_extra.py took 0.686 seconds
[2025-01-08T18:58:43.862+0000] {processor.py:186} INFO - Started process (PID=1937) to work on /home/airflow/.local/lib/python3.12/site-packages/airflow/example_dags/example_inlet_event_extra.py
[2025-01-08T18:58:43.863+0000] {processor.py:914} INFO - Processing file /home/airflow/.local/lib/python3.12/site-packages/airflow/example_dags/example_inlet_event_extra.py for tasks to queue
[2025-01-08T18:58:43.865+0000] {logging_mixin.py:190} INFO - [2025-01-08T18:58:43.865+0000] {dagbag.py:588} INFO - Filling up the DagBag from /home/airflow/.local/lib/python3.12/site-packages/airflow/example_dags/example_inlet_event_extra.py
[2025-01-08T18:58:44.605+0000] {processor.py:925} INFO - DAG(s) 'read_dataset_event_from_classic', 'read_dataset_event' retrieved from /home/airflow/.local/lib/python3.12/site-packages/airflow/example_dags/example_inlet_event_extra.py
[2025-01-08T18:58:44.627+0000] {logging_mixin.py:190} INFO - [2025-01-08T18:58:44.627+0000] {dag.py:3239} INFO - Sync 2 DAGs
[2025-01-08T18:58:44.660+0000] {logging_mixin.py:190} INFO - [2025-01-08T18:58:44.660+0000] {dag.py:4180} INFO - Setting next_dagrun for read_dataset_event to 2025-01-07 00:00:00+00:00, run_after=2025-01-08 00:00:00+00:00
[2025-01-08T18:58:44.665+0000] {logging_mixin.py:190} INFO - [2025-01-08T18:58:44.665+0000] {dag.py:4180} INFO - Setting next_dagrun for read_dataset_event_from_classic to 2025-01-07 00:00:00+00:00, run_after=2025-01-08 00:00:00+00:00
[2025-01-08T18:58:44.700+0000] {processor.py:208} INFO - Processing /home/airflow/.local/lib/python3.12/site-packages/airflow/example_dags/example_inlet_event_extra.py took 0.843 seconds
[2025-01-08T18:59:15.107+0000] {processor.py:186} INFO - Started process (PID=2002) to work on /home/airflow/.local/lib/python3.12/site-packages/airflow/example_dags/example_inlet_event_extra.py
[2025-01-08T18:59:15.108+0000] {processor.py:914} INFO - Processing file /home/airflow/.local/lib/python3.12/site-packages/airflow/example_dags/example_inlet_event_extra.py for tasks to queue
[2025-01-08T18:59:15.110+0000] {logging_mixin.py:190} INFO - [2025-01-08T18:59:15.110+0000] {dagbag.py:588} INFO - Filling up the DagBag from /home/airflow/.local/lib/python3.12/site-packages/airflow/example_dags/example_inlet_event_extra.py
[2025-01-08T18:59:15.984+0000] {processor.py:925} INFO - DAG(s) 'read_dataset_event_from_classic', 'read_dataset_event' retrieved from /home/airflow/.local/lib/python3.12/site-packages/airflow/example_dags/example_inlet_event_extra.py
[2025-01-08T18:59:16.005+0000] {logging_mixin.py:190} INFO - [2025-01-08T18:59:16.005+0000] {dag.py:3239} INFO - Sync 2 DAGs
[2025-01-08T18:59:16.035+0000] {logging_mixin.py:190} INFO - [2025-01-08T18:59:16.034+0000] {dag.py:4180} INFO - Setting next_dagrun for read_dataset_event to 2025-01-07 00:00:00+00:00, run_after=2025-01-08 00:00:00+00:00
[2025-01-08T18:59:16.040+0000] {logging_mixin.py:190} INFO - [2025-01-08T18:59:16.040+0000] {dag.py:4180} INFO - Setting next_dagrun for read_dataset_event_from_classic to 2025-01-07 00:00:00+00:00, run_after=2025-01-08 00:00:00+00:00
[2025-01-08T18:59:16.075+0000] {processor.py:208} INFO - Processing /home/airflow/.local/lib/python3.12/site-packages/airflow/example_dags/example_inlet_event_extra.py took 0.974 seconds
[2025-01-08T18:59:47.207+0000] {processor.py:186} INFO - Started process (PID=2070) to work on /home/airflow/.local/lib/python3.12/site-packages/airflow/example_dags/example_inlet_event_extra.py
[2025-01-08T18:59:47.208+0000] {processor.py:914} INFO - Processing file /home/airflow/.local/lib/python3.12/site-packages/airflow/example_dags/example_inlet_event_extra.py for tasks to queue
[2025-01-08T18:59:47.210+0000] {logging_mixin.py:190} INFO - [2025-01-08T18:59:47.210+0000] {dagbag.py:588} INFO - Filling up the DagBag from /home/airflow/.local/lib/python3.12/site-packages/airflow/example_dags/example_inlet_event_extra.py
[2025-01-08T18:59:47.972+0000] {processor.py:925} INFO - DAG(s) 'read_dataset_event_from_classic', 'read_dataset_event' retrieved from /home/airflow/.local/lib/python3.12/site-packages/airflow/example_dags/example_inlet_event_extra.py
[2025-01-08T18:59:47.991+0000] {logging_mixin.py:190} INFO - [2025-01-08T18:59:47.991+0000] {dag.py:3239} INFO - Sync 2 DAGs
[2025-01-08T18:59:48.018+0000] {logging_mixin.py:190} INFO - [2025-01-08T18:59:48.018+0000] {dag.py:4180} INFO - Setting next_dagrun for read_dataset_event to 2025-01-07 00:00:00+00:00, run_after=2025-01-08 00:00:00+00:00
[2025-01-08T18:59:48.024+0000] {logging_mixin.py:190} INFO - [2025-01-08T18:59:48.024+0000] {dag.py:4180} INFO - Setting next_dagrun for read_dataset_event_from_classic to 2025-01-07 00:00:00+00:00, run_after=2025-01-08 00:00:00+00:00
[2025-01-08T18:59:48.039+0000] {processor.py:208} INFO - Processing /home/airflow/.local/lib/python3.12/site-packages/airflow/example_dags/example_inlet_event_extra.py took 0.837 seconds
