[2025-01-08T18:44:08.387+0000] {processor.py:186} INFO - Started process (PID=94) to work on /home/airflow/.local/lib/python3.12/site-packages/airflow/example_dags/example_skip_dag.py
[2025-01-08T18:44:08.390+0000] {processor.py:914} INFO - Processing file /home/airflow/.local/lib/python3.12/site-packages/airflow/example_dags/example_skip_dag.py for tasks to queue
[2025-01-08T18:44:08.393+0000] {logging_mixin.py:190} INFO - [2025-01-08T18:44:08.392+0000] {dagbag.py:588} INFO - Filling up the DagBag from /home/airflow/.local/lib/python3.12/site-packages/airflow/example_dags/example_skip_dag.py
[2025-01-08T18:44:08.412+0000] {processor.py:925} INFO - DAG(s) 'example_skip_dag' retrieved from /home/airflow/.local/lib/python3.12/site-packages/airflow/example_dags/example_skip_dag.py
[2025-01-08T18:44:08.531+0000] {logging_mixin.py:190} INFO - [2025-01-08T18:44:08.531+0000] {dag.py:3239} INFO - Sync 1 DAGs
[2025-01-08T18:44:08.744+0000] {logging_mixin.py:190} INFO - [2025-01-08T18:44:08.744+0000] {dag.py:4180} INFO - Setting next_dagrun for example_skip_dag to 2025-01-07 00:00:00+00:00, run_after=2025-01-08 00:00:00+00:00
[2025-01-08T18:44:08.877+0000] {processor.py:208} INFO - Processing /home/airflow/.local/lib/python3.12/site-packages/airflow/example_dags/example_skip_dag.py took 0.531 seconds
[2025-01-08T18:44:39.352+0000] {processor.py:186} INFO - Started process (PID=159) to work on /home/airflow/.local/lib/python3.12/site-packages/airflow/example_dags/example_skip_dag.py
[2025-01-08T18:44:39.355+0000] {processor.py:914} INFO - Processing file /home/airflow/.local/lib/python3.12/site-packages/airflow/example_dags/example_skip_dag.py for tasks to queue
[2025-01-08T18:44:39.362+0000] {logging_mixin.py:190} INFO - [2025-01-08T18:44:39.362+0000] {dagbag.py:588} INFO - Filling up the DagBag from /home/airflow/.local/lib/python3.12/site-packages/airflow/example_dags/example_skip_dag.py
[2025-01-08T18:44:39.377+0000] {processor.py:925} INFO - DAG(s) 'example_skip_dag' retrieved from /home/airflow/.local/lib/python3.12/site-packages/airflow/example_dags/example_skip_dag.py
[2025-01-08T18:44:39.401+0000] {logging_mixin.py:190} INFO - [2025-01-08T18:44:39.401+0000] {dag.py:3239} INFO - Sync 1 DAGs
[2025-01-08T18:44:39.473+0000] {logging_mixin.py:190} INFO - [2025-01-08T18:44:39.473+0000] {dag.py:4180} INFO - Setting next_dagrun for example_skip_dag to 2025-01-07 00:00:00+00:00, run_after=2025-01-08 00:00:00+00:00
[2025-01-08T18:44:39.557+0000] {processor.py:208} INFO - Processing /home/airflow/.local/lib/python3.12/site-packages/airflow/example_dags/example_skip_dag.py took 0.236 seconds
[2025-01-08T18:45:11.099+0000] {processor.py:186} INFO - Started process (PID=224) to work on /home/airflow/.local/lib/python3.12/site-packages/airflow/example_dags/example_skip_dag.py
[2025-01-08T18:45:11.107+0000] {processor.py:914} INFO - Processing file /home/airflow/.local/lib/python3.12/site-packages/airflow/example_dags/example_skip_dag.py for tasks to queue
[2025-01-08T18:45:11.109+0000] {logging_mixin.py:190} INFO - [2025-01-08T18:45:11.109+0000] {dagbag.py:588} INFO - Filling up the DagBag from /home/airflow/.local/lib/python3.12/site-packages/airflow/example_dags/example_skip_dag.py
[2025-01-08T18:45:11.181+0000] {processor.py:925} INFO - DAG(s) 'example_skip_dag' retrieved from /home/airflow/.local/lib/python3.12/site-packages/airflow/example_dags/example_skip_dag.py
[2025-01-08T18:45:11.313+0000] {logging_mixin.py:190} INFO - [2025-01-08T18:45:11.297+0000] {dag.py:3239} INFO - Sync 1 DAGs
[2025-01-08T18:45:11.510+0000] {logging_mixin.py:190} INFO - [2025-01-08T18:45:11.510+0000] {dag.py:4180} INFO - Setting next_dagrun for example_skip_dag to 2025-01-07 00:00:00+00:00, run_after=2025-01-08 00:00:00+00:00
[2025-01-08T18:45:11.666+0000] {processor.py:208} INFO - Processing /home/airflow/.local/lib/python3.12/site-packages/airflow/example_dags/example_skip_dag.py took 0.616 seconds
[2025-01-08T18:45:42.550+0000] {processor.py:186} INFO - Started process (PID=288) to work on /home/airflow/.local/lib/python3.12/site-packages/airflow/example_dags/example_skip_dag.py
[2025-01-08T18:45:42.551+0000] {processor.py:914} INFO - Processing file /home/airflow/.local/lib/python3.12/site-packages/airflow/example_dags/example_skip_dag.py for tasks to queue
[2025-01-08T18:45:42.554+0000] {logging_mixin.py:190} INFO - [2025-01-08T18:45:42.553+0000] {dagbag.py:588} INFO - Filling up the DagBag from /home/airflow/.local/lib/python3.12/site-packages/airflow/example_dags/example_skip_dag.py
[2025-01-08T18:45:42.578+0000] {processor.py:925} INFO - DAG(s) 'example_skip_dag' retrieved from /home/airflow/.local/lib/python3.12/site-packages/airflow/example_dags/example_skip_dag.py
[2025-01-08T18:45:42.651+0000] {logging_mixin.py:190} INFO - [2025-01-08T18:45:42.651+0000] {dag.py:3239} INFO - Sync 1 DAGs
[2025-01-08T18:45:42.727+0000] {logging_mixin.py:190} INFO - [2025-01-08T18:45:42.727+0000] {dag.py:4180} INFO - Setting next_dagrun for example_skip_dag to 2025-01-07 00:00:00+00:00, run_after=2025-01-08 00:00:00+00:00
[2025-01-08T18:45:42.763+0000] {processor.py:208} INFO - Processing /home/airflow/.local/lib/python3.12/site-packages/airflow/example_dags/example_skip_dag.py took 0.223 seconds
[2025-01-08T18:46:13.029+0000] {processor.py:186} INFO - Started process (PID=353) to work on /home/airflow/.local/lib/python3.12/site-packages/airflow/example_dags/example_skip_dag.py
[2025-01-08T18:46:13.029+0000] {processor.py:914} INFO - Processing file /home/airflow/.local/lib/python3.12/site-packages/airflow/example_dags/example_skip_dag.py for tasks to queue
[2025-01-08T18:46:13.031+0000] {logging_mixin.py:190} INFO - [2025-01-08T18:46:13.031+0000] {dagbag.py:588} INFO - Filling up the DagBag from /home/airflow/.local/lib/python3.12/site-packages/airflow/example_dags/example_skip_dag.py
[2025-01-08T18:46:13.037+0000] {processor.py:925} INFO - DAG(s) 'example_skip_dag' retrieved from /home/airflow/.local/lib/python3.12/site-packages/airflow/example_dags/example_skip_dag.py
[2025-01-08T18:46:13.055+0000] {logging_mixin.py:190} INFO - [2025-01-08T18:46:13.055+0000] {dag.py:3239} INFO - Sync 1 DAGs
[2025-01-08T18:46:13.072+0000] {logging_mixin.py:190} INFO - [2025-01-08T18:46:13.072+0000] {dag.py:4180} INFO - Setting next_dagrun for example_skip_dag to 2025-01-07 00:00:00+00:00, run_after=2025-01-08 00:00:00+00:00
[2025-01-08T18:46:13.085+0000] {processor.py:208} INFO - Processing /home/airflow/.local/lib/python3.12/site-packages/airflow/example_dags/example_skip_dag.py took 0.061 seconds
[2025-01-08T18:46:43.567+0000] {processor.py:186} INFO - Started process (PID=418) to work on /home/airflow/.local/lib/python3.12/site-packages/airflow/example_dags/example_skip_dag.py
[2025-01-08T18:46:43.567+0000] {processor.py:914} INFO - Processing file /home/airflow/.local/lib/python3.12/site-packages/airflow/example_dags/example_skip_dag.py for tasks to queue
[2025-01-08T18:46:43.569+0000] {logging_mixin.py:190} INFO - [2025-01-08T18:46:43.569+0000] {dagbag.py:588} INFO - Filling up the DagBag from /home/airflow/.local/lib/python3.12/site-packages/airflow/example_dags/example_skip_dag.py
[2025-01-08T18:46:43.576+0000] {processor.py:925} INFO - DAG(s) 'example_skip_dag' retrieved from /home/airflow/.local/lib/python3.12/site-packages/airflow/example_dags/example_skip_dag.py
[2025-01-08T18:46:43.591+0000] {logging_mixin.py:190} INFO - [2025-01-08T18:46:43.591+0000] {dag.py:3239} INFO - Sync 1 DAGs
[2025-01-08T18:46:43.609+0000] {logging_mixin.py:190} INFO - [2025-01-08T18:46:43.608+0000] {dag.py:4180} INFO - Setting next_dagrun for example_skip_dag to 2025-01-07 00:00:00+00:00, run_after=2025-01-08 00:00:00+00:00
[2025-01-08T18:46:43.621+0000] {processor.py:208} INFO - Processing /home/airflow/.local/lib/python3.12/site-packages/airflow/example_dags/example_skip_dag.py took 0.061 seconds
[2025-01-08T18:47:14.435+0000] {processor.py:186} INFO - Started process (PID=483) to work on /home/airflow/.local/lib/python3.12/site-packages/airflow/example_dags/example_skip_dag.py
[2025-01-08T18:47:14.436+0000] {processor.py:914} INFO - Processing file /home/airflow/.local/lib/python3.12/site-packages/airflow/example_dags/example_skip_dag.py for tasks to queue
[2025-01-08T18:47:14.438+0000] {logging_mixin.py:190} INFO - [2025-01-08T18:47:14.437+0000] {dagbag.py:588} INFO - Filling up the DagBag from /home/airflow/.local/lib/python3.12/site-packages/airflow/example_dags/example_skip_dag.py
[2025-01-08T18:47:14.444+0000] {processor.py:925} INFO - DAG(s) 'example_skip_dag' retrieved from /home/airflow/.local/lib/python3.12/site-packages/airflow/example_dags/example_skip_dag.py
[2025-01-08T18:47:14.460+0000] {logging_mixin.py:190} INFO - [2025-01-08T18:47:14.460+0000] {dag.py:3239} INFO - Sync 1 DAGs
[2025-01-08T18:47:14.480+0000] {logging_mixin.py:190} INFO - [2025-01-08T18:47:14.479+0000] {dag.py:4180} INFO - Setting next_dagrun for example_skip_dag to 2025-01-07 00:00:00+00:00, run_after=2025-01-08 00:00:00+00:00
[2025-01-08T18:47:14.493+0000] {processor.py:208} INFO - Processing /home/airflow/.local/lib/python3.12/site-packages/airflow/example_dags/example_skip_dag.py took 0.063 seconds
[2025-01-08T18:47:44.924+0000] {processor.py:186} INFO - Started process (PID=549) to work on /home/airflow/.local/lib/python3.12/site-packages/airflow/example_dags/example_skip_dag.py
[2025-01-08T18:47:44.925+0000] {processor.py:914} INFO - Processing file /home/airflow/.local/lib/python3.12/site-packages/airflow/example_dags/example_skip_dag.py for tasks to queue
[2025-01-08T18:47:44.926+0000] {logging_mixin.py:190} INFO - [2025-01-08T18:47:44.926+0000] {dagbag.py:588} INFO - Filling up the DagBag from /home/airflow/.local/lib/python3.12/site-packages/airflow/example_dags/example_skip_dag.py
[2025-01-08T18:47:44.932+0000] {processor.py:925} INFO - DAG(s) 'example_skip_dag' retrieved from /home/airflow/.local/lib/python3.12/site-packages/airflow/example_dags/example_skip_dag.py
[2025-01-08T18:47:44.948+0000] {logging_mixin.py:190} INFO - [2025-01-08T18:47:44.948+0000] {dag.py:3239} INFO - Sync 1 DAGs
[2025-01-08T18:47:44.971+0000] {logging_mixin.py:190} INFO - [2025-01-08T18:47:44.971+0000] {dag.py:4180} INFO - Setting next_dagrun for example_skip_dag to 2025-01-07 00:00:00+00:00, run_after=2025-01-08 00:00:00+00:00
[2025-01-08T18:47:44.984+0000] {processor.py:208} INFO - Processing /home/airflow/.local/lib/python3.12/site-packages/airflow/example_dags/example_skip_dag.py took 0.064 seconds
[2025-01-08T18:48:15.660+0000] {processor.py:186} INFO - Started process (PID=614) to work on /home/airflow/.local/lib/python3.12/site-packages/airflow/example_dags/example_skip_dag.py
[2025-01-08T18:48:15.670+0000] {processor.py:914} INFO - Processing file /home/airflow/.local/lib/python3.12/site-packages/airflow/example_dags/example_skip_dag.py for tasks to queue
[2025-01-08T18:48:15.672+0000] {logging_mixin.py:190} INFO - [2025-01-08T18:48:15.672+0000] {dagbag.py:588} INFO - Filling up the DagBag from /home/airflow/.local/lib/python3.12/site-packages/airflow/example_dags/example_skip_dag.py
[2025-01-08T18:48:15.704+0000] {processor.py:925} INFO - DAG(s) 'example_skip_dag' retrieved from /home/airflow/.local/lib/python3.12/site-packages/airflow/example_dags/example_skip_dag.py
[2025-01-08T18:48:15.732+0000] {logging_mixin.py:190} INFO - [2025-01-08T18:48:15.732+0000] {dag.py:3239} INFO - Sync 1 DAGs
[2025-01-08T18:48:15.758+0000] {logging_mixin.py:190} INFO - [2025-01-08T18:48:15.758+0000] {dag.py:4180} INFO - Setting next_dagrun for example_skip_dag to 2025-01-07 00:00:00+00:00, run_after=2025-01-08 00:00:00+00:00
[2025-01-08T18:48:15.774+0000] {processor.py:208} INFO - Processing /home/airflow/.local/lib/python3.12/site-packages/airflow/example_dags/example_skip_dag.py took 0.132 seconds
[2025-01-08T18:48:46.184+0000] {processor.py:186} INFO - Started process (PID=678) to work on /home/airflow/.local/lib/python3.12/site-packages/airflow/example_dags/example_skip_dag.py
[2025-01-08T18:48:46.186+0000] {processor.py:914} INFO - Processing file /home/airflow/.local/lib/python3.12/site-packages/airflow/example_dags/example_skip_dag.py for tasks to queue
[2025-01-08T18:48:46.188+0000] {logging_mixin.py:190} INFO - [2025-01-08T18:48:46.188+0000] {dagbag.py:588} INFO - Filling up the DagBag from /home/airflow/.local/lib/python3.12/site-packages/airflow/example_dags/example_skip_dag.py
[2025-01-08T18:48:46.210+0000] {processor.py:925} INFO - DAG(s) 'example_skip_dag' retrieved from /home/airflow/.local/lib/python3.12/site-packages/airflow/example_dags/example_skip_dag.py
[2025-01-08T18:48:46.237+0000] {logging_mixin.py:190} INFO - [2025-01-08T18:48:46.237+0000] {dag.py:3239} INFO - Sync 1 DAGs
[2025-01-08T18:48:46.282+0000] {logging_mixin.py:190} INFO - [2025-01-08T18:48:46.281+0000] {dag.py:4180} INFO - Setting next_dagrun for example_skip_dag to 2025-01-07 00:00:00+00:00, run_after=2025-01-08 00:00:00+00:00
[2025-01-08T18:48:46.327+0000] {processor.py:208} INFO - Processing /home/airflow/.local/lib/python3.12/site-packages/airflow/example_dags/example_skip_dag.py took 0.162 seconds
[2025-01-08T18:49:17.333+0000] {processor.py:186} INFO - Started process (PID=744) to work on /home/airflow/.local/lib/python3.12/site-packages/airflow/example_dags/example_skip_dag.py
[2025-01-08T18:49:17.334+0000] {processor.py:914} INFO - Processing file /home/airflow/.local/lib/python3.12/site-packages/airflow/example_dags/example_skip_dag.py for tasks to queue
[2025-01-08T18:49:17.335+0000] {logging_mixin.py:190} INFO - [2025-01-08T18:49:17.335+0000] {dagbag.py:588} INFO - Filling up the DagBag from /home/airflow/.local/lib/python3.12/site-packages/airflow/example_dags/example_skip_dag.py
[2025-01-08T18:49:17.341+0000] {processor.py:925} INFO - DAG(s) 'example_skip_dag' retrieved from /home/airflow/.local/lib/python3.12/site-packages/airflow/example_dags/example_skip_dag.py
[2025-01-08T18:49:17.357+0000] {logging_mixin.py:190} INFO - [2025-01-08T18:49:17.357+0000] {dag.py:3239} INFO - Sync 1 DAGs
[2025-01-08T18:49:17.374+0000] {logging_mixin.py:190} INFO - [2025-01-08T18:49:17.374+0000] {dag.py:4180} INFO - Setting next_dagrun for example_skip_dag to 2025-01-07 00:00:00+00:00, run_after=2025-01-08 00:00:00+00:00
[2025-01-08T18:49:17.386+0000] {processor.py:208} INFO - Processing /home/airflow/.local/lib/python3.12/site-packages/airflow/example_dags/example_skip_dag.py took 0.058 seconds
[2025-01-08T18:49:47.409+0000] {processor.py:186} INFO - Started process (PID=809) to work on /home/airflow/.local/lib/python3.12/site-packages/airflow/example_dags/example_skip_dag.py
[2025-01-08T18:49:47.410+0000] {processor.py:914} INFO - Processing file /home/airflow/.local/lib/python3.12/site-packages/airflow/example_dags/example_skip_dag.py for tasks to queue
[2025-01-08T18:49:47.412+0000] {logging_mixin.py:190} INFO - [2025-01-08T18:49:47.411+0000] {dagbag.py:588} INFO - Filling up the DagBag from /home/airflow/.local/lib/python3.12/site-packages/airflow/example_dags/example_skip_dag.py
[2025-01-08T18:49:47.418+0000] {processor.py:925} INFO - DAG(s) 'example_skip_dag' retrieved from /home/airflow/.local/lib/python3.12/site-packages/airflow/example_dags/example_skip_dag.py
[2025-01-08T18:49:47.435+0000] {logging_mixin.py:190} INFO - [2025-01-08T18:49:47.435+0000] {dag.py:3239} INFO - Sync 1 DAGs
[2025-01-08T18:49:47.453+0000] {logging_mixin.py:190} INFO - [2025-01-08T18:49:47.452+0000] {dag.py:4180} INFO - Setting next_dagrun for example_skip_dag to 2025-01-07 00:00:00+00:00, run_after=2025-01-08 00:00:00+00:00
[2025-01-08T18:49:47.465+0000] {processor.py:208} INFO - Processing /home/airflow/.local/lib/python3.12/site-packages/airflow/example_dags/example_skip_dag.py took 0.060 seconds
[2025-01-08T18:50:18.387+0000] {processor.py:186} INFO - Started process (PID=874) to work on /home/airflow/.local/lib/python3.12/site-packages/airflow/example_dags/example_skip_dag.py
[2025-01-08T18:50:18.388+0000] {processor.py:914} INFO - Processing file /home/airflow/.local/lib/python3.12/site-packages/airflow/example_dags/example_skip_dag.py for tasks to queue
[2025-01-08T18:50:18.390+0000] {logging_mixin.py:190} INFO - [2025-01-08T18:50:18.390+0000] {dagbag.py:588} INFO - Filling up the DagBag from /home/airflow/.local/lib/python3.12/site-packages/airflow/example_dags/example_skip_dag.py
[2025-01-08T18:50:18.398+0000] {processor.py:925} INFO - DAG(s) 'example_skip_dag' retrieved from /home/airflow/.local/lib/python3.12/site-packages/airflow/example_dags/example_skip_dag.py
[2025-01-08T18:50:18.416+0000] {logging_mixin.py:190} INFO - [2025-01-08T18:50:18.416+0000] {dag.py:3239} INFO - Sync 1 DAGs
[2025-01-08T18:50:18.434+0000] {logging_mixin.py:190} INFO - [2025-01-08T18:50:18.434+0000] {dag.py:4180} INFO - Setting next_dagrun for example_skip_dag to 2025-01-07 00:00:00+00:00, run_after=2025-01-08 00:00:00+00:00
[2025-01-08T18:50:18.448+0000] {processor.py:208} INFO - Processing /home/airflow/.local/lib/python3.12/site-packages/airflow/example_dags/example_skip_dag.py took 0.067 seconds
[2025-01-08T18:50:48.671+0000] {processor.py:186} INFO - Started process (PID=940) to work on /home/airflow/.local/lib/python3.12/site-packages/airflow/example_dags/example_skip_dag.py
[2025-01-08T18:50:48.672+0000] {processor.py:914} INFO - Processing file /home/airflow/.local/lib/python3.12/site-packages/airflow/example_dags/example_skip_dag.py for tasks to queue
[2025-01-08T18:50:48.673+0000] {logging_mixin.py:190} INFO - [2025-01-08T18:50:48.673+0000] {dagbag.py:588} INFO - Filling up the DagBag from /home/airflow/.local/lib/python3.12/site-packages/airflow/example_dags/example_skip_dag.py
[2025-01-08T18:50:48.679+0000] {processor.py:925} INFO - DAG(s) 'example_skip_dag' retrieved from /home/airflow/.local/lib/python3.12/site-packages/airflow/example_dags/example_skip_dag.py
[2025-01-08T18:50:48.694+0000] {logging_mixin.py:190} INFO - [2025-01-08T18:50:48.694+0000] {dag.py:3239} INFO - Sync 1 DAGs
[2025-01-08T18:50:48.711+0000] {logging_mixin.py:190} INFO - [2025-01-08T18:50:48.711+0000] {dag.py:4180} INFO - Setting next_dagrun for example_skip_dag to 2025-01-07 00:00:00+00:00, run_after=2025-01-08 00:00:00+00:00
[2025-01-08T18:50:48.724+0000] {processor.py:208} INFO - Processing /home/airflow/.local/lib/python3.12/site-packages/airflow/example_dags/example_skip_dag.py took 0.058 seconds
[2025-01-08T18:51:19.357+0000] {processor.py:186} INFO - Started process (PID=1005) to work on /home/airflow/.local/lib/python3.12/site-packages/airflow/example_dags/example_skip_dag.py
[2025-01-08T18:51:19.357+0000] {processor.py:914} INFO - Processing file /home/airflow/.local/lib/python3.12/site-packages/airflow/example_dags/example_skip_dag.py for tasks to queue
[2025-01-08T18:51:19.359+0000] {logging_mixin.py:190} INFO - [2025-01-08T18:51:19.359+0000] {dagbag.py:588} INFO - Filling up the DagBag from /home/airflow/.local/lib/python3.12/site-packages/airflow/example_dags/example_skip_dag.py
[2025-01-08T18:51:19.366+0000] {processor.py:925} INFO - DAG(s) 'example_skip_dag' retrieved from /home/airflow/.local/lib/python3.12/site-packages/airflow/example_dags/example_skip_dag.py
[2025-01-08T18:51:19.382+0000] {logging_mixin.py:190} INFO - [2025-01-08T18:51:19.382+0000] {dag.py:3239} INFO - Sync 1 DAGs
[2025-01-08T18:51:19.400+0000] {logging_mixin.py:190} INFO - [2025-01-08T18:51:19.399+0000] {dag.py:4180} INFO - Setting next_dagrun for example_skip_dag to 2025-01-07 00:00:00+00:00, run_after=2025-01-08 00:00:00+00:00
[2025-01-08T18:51:19.412+0000] {processor.py:208} INFO - Processing /home/airflow/.local/lib/python3.12/site-packages/airflow/example_dags/example_skip_dag.py took 0.060 seconds
[2025-01-08T18:51:50.157+0000] {processor.py:186} INFO - Started process (PID=1069) to work on /home/airflow/.local/lib/python3.12/site-packages/airflow/example_dags/example_skip_dag.py
[2025-01-08T18:51:50.158+0000] {processor.py:914} INFO - Processing file /home/airflow/.local/lib/python3.12/site-packages/airflow/example_dags/example_skip_dag.py for tasks to queue
[2025-01-08T18:51:50.160+0000] {logging_mixin.py:190} INFO - [2025-01-08T18:51:50.160+0000] {dagbag.py:588} INFO - Filling up the DagBag from /home/airflow/.local/lib/python3.12/site-packages/airflow/example_dags/example_skip_dag.py
[2025-01-08T18:51:50.169+0000] {processor.py:925} INFO - DAG(s) 'example_skip_dag' retrieved from /home/airflow/.local/lib/python3.12/site-packages/airflow/example_dags/example_skip_dag.py
[2025-01-08T18:51:50.193+0000] {logging_mixin.py:190} INFO - [2025-01-08T18:51:50.192+0000] {dag.py:3239} INFO - Sync 1 DAGs
[2025-01-08T18:51:50.233+0000] {logging_mixin.py:190} INFO - [2025-01-08T18:51:50.233+0000] {dag.py:4180} INFO - Setting next_dagrun for example_skip_dag to 2025-01-07 00:00:00+00:00, run_after=2025-01-08 00:00:00+00:00
[2025-01-08T18:51:50.251+0000] {processor.py:208} INFO - Processing /home/airflow/.local/lib/python3.12/site-packages/airflow/example_dags/example_skip_dag.py took 0.100 seconds
[2025-01-08T18:52:21.138+0000] {processor.py:186} INFO - Started process (PID=1133) to work on /home/airflow/.local/lib/python3.12/site-packages/airflow/example_dags/example_skip_dag.py
[2025-01-08T18:52:21.139+0000] {processor.py:914} INFO - Processing file /home/airflow/.local/lib/python3.12/site-packages/airflow/example_dags/example_skip_dag.py for tasks to queue
[2025-01-08T18:52:21.141+0000] {logging_mixin.py:190} INFO - [2025-01-08T18:52:21.141+0000] {dagbag.py:588} INFO - Filling up the DagBag from /home/airflow/.local/lib/python3.12/site-packages/airflow/example_dags/example_skip_dag.py
[2025-01-08T18:52:21.150+0000] {processor.py:925} INFO - DAG(s) 'example_skip_dag' retrieved from /home/airflow/.local/lib/python3.12/site-packages/airflow/example_dags/example_skip_dag.py
[2025-01-08T18:52:21.202+0000] {logging_mixin.py:190} INFO - [2025-01-08T18:52:21.202+0000] {dag.py:3239} INFO - Sync 1 DAGs
[2025-01-08T18:52:21.265+0000] {logging_mixin.py:190} INFO - [2025-01-08T18:52:21.264+0000] {dag.py:4180} INFO - Setting next_dagrun for example_skip_dag to 2025-01-07 00:00:00+00:00, run_after=2025-01-08 00:00:00+00:00
[2025-01-08T18:52:21.282+0000] {processor.py:208} INFO - Processing /home/airflow/.local/lib/python3.12/site-packages/airflow/example_dags/example_skip_dag.py took 0.153 seconds
[2025-01-08T18:52:51.369+0000] {processor.py:186} INFO - Started process (PID=1199) to work on /home/airflow/.local/lib/python3.12/site-packages/airflow/example_dags/example_skip_dag.py
[2025-01-08T18:52:51.370+0000] {processor.py:914} INFO - Processing file /home/airflow/.local/lib/python3.12/site-packages/airflow/example_dags/example_skip_dag.py for tasks to queue
[2025-01-08T18:52:51.371+0000] {logging_mixin.py:190} INFO - [2025-01-08T18:52:51.371+0000] {dagbag.py:588} INFO - Filling up the DagBag from /home/airflow/.local/lib/python3.12/site-packages/airflow/example_dags/example_skip_dag.py
[2025-01-08T18:52:51.377+0000] {processor.py:925} INFO - DAG(s) 'example_skip_dag' retrieved from /home/airflow/.local/lib/python3.12/site-packages/airflow/example_dags/example_skip_dag.py
[2025-01-08T18:52:51.393+0000] {logging_mixin.py:190} INFO - [2025-01-08T18:52:51.393+0000] {dag.py:3239} INFO - Sync 1 DAGs
[2025-01-08T18:52:51.410+0000] {logging_mixin.py:190} INFO - [2025-01-08T18:52:51.410+0000] {dag.py:4180} INFO - Setting next_dagrun for example_skip_dag to 2025-01-07 00:00:00+00:00, run_after=2025-01-08 00:00:00+00:00
[2025-01-08T18:52:51.424+0000] {processor.py:208} INFO - Processing /home/airflow/.local/lib/python3.12/site-packages/airflow/example_dags/example_skip_dag.py took 0.058 seconds
[2025-01-08T18:53:22.202+0000] {processor.py:186} INFO - Started process (PID=1260) to work on /home/airflow/.local/lib/python3.12/site-packages/airflow/example_dags/example_skip_dag.py
[2025-01-08T18:53:22.203+0000] {processor.py:914} INFO - Processing file /home/airflow/.local/lib/python3.12/site-packages/airflow/example_dags/example_skip_dag.py for tasks to queue
[2025-01-08T18:53:22.205+0000] {logging_mixin.py:190} INFO - [2025-01-08T18:53:22.205+0000] {dagbag.py:588} INFO - Filling up the DagBag from /home/airflow/.local/lib/python3.12/site-packages/airflow/example_dags/example_skip_dag.py
[2025-01-08T18:53:22.214+0000] {processor.py:925} INFO - DAG(s) 'example_skip_dag' retrieved from /home/airflow/.local/lib/python3.12/site-packages/airflow/example_dags/example_skip_dag.py
[2025-01-08T18:53:22.238+0000] {logging_mixin.py:190} INFO - [2025-01-08T18:53:22.238+0000] {dag.py:3239} INFO - Sync 1 DAGs
[2025-01-08T18:53:22.263+0000] {logging_mixin.py:190} INFO - [2025-01-08T18:53:22.263+0000] {dag.py:4180} INFO - Setting next_dagrun for example_skip_dag to 2025-01-07 00:00:00+00:00, run_after=2025-01-08 00:00:00+00:00
[2025-01-08T18:53:22.289+0000] {processor.py:208} INFO - Processing /home/airflow/.local/lib/python3.12/site-packages/airflow/example_dags/example_skip_dag.py took 0.117 seconds
[2025-01-08T18:53:52.475+0000] {processor.py:186} INFO - Started process (PID=1326) to work on /home/airflow/.local/lib/python3.12/site-packages/airflow/example_dags/example_skip_dag.py
[2025-01-08T18:53:52.476+0000] {processor.py:914} INFO - Processing file /home/airflow/.local/lib/python3.12/site-packages/airflow/example_dags/example_skip_dag.py for tasks to queue
[2025-01-08T18:53:52.478+0000] {logging_mixin.py:190} INFO - [2025-01-08T18:53:52.478+0000] {dagbag.py:588} INFO - Filling up the DagBag from /home/airflow/.local/lib/python3.12/site-packages/airflow/example_dags/example_skip_dag.py
[2025-01-08T18:53:52.486+0000] {processor.py:925} INFO - DAG(s) 'example_skip_dag' retrieved from /home/airflow/.local/lib/python3.12/site-packages/airflow/example_dags/example_skip_dag.py
[2025-01-08T18:53:52.509+0000] {logging_mixin.py:190} INFO - [2025-01-08T18:53:52.508+0000] {dag.py:3239} INFO - Sync 1 DAGs
[2025-01-08T18:53:52.532+0000] {logging_mixin.py:190} INFO - [2025-01-08T18:53:52.532+0000] {dag.py:4180} INFO - Setting next_dagrun for example_skip_dag to 2025-01-07 00:00:00+00:00, run_after=2025-01-08 00:00:00+00:00
[2025-01-08T18:53:52.549+0000] {processor.py:208} INFO - Processing /home/airflow/.local/lib/python3.12/site-packages/airflow/example_dags/example_skip_dag.py took 0.079 seconds
[2025-01-08T18:54:23.364+0000] {processor.py:186} INFO - Started process (PID=1392) to work on /home/airflow/.local/lib/python3.12/site-packages/airflow/example_dags/example_skip_dag.py
[2025-01-08T18:54:23.366+0000] {processor.py:914} INFO - Processing file /home/airflow/.local/lib/python3.12/site-packages/airflow/example_dags/example_skip_dag.py for tasks to queue
[2025-01-08T18:54:23.370+0000] {logging_mixin.py:190} INFO - [2025-01-08T18:54:23.370+0000] {dagbag.py:588} INFO - Filling up the DagBag from /home/airflow/.local/lib/python3.12/site-packages/airflow/example_dags/example_skip_dag.py
[2025-01-08T18:54:23.381+0000] {processor.py:925} INFO - DAG(s) 'example_skip_dag' retrieved from /home/airflow/.local/lib/python3.12/site-packages/airflow/example_dags/example_skip_dag.py
[2025-01-08T18:54:23.453+0000] {logging_mixin.py:190} INFO - [2025-01-08T18:54:23.452+0000] {dag.py:3239} INFO - Sync 1 DAGs
[2025-01-08T18:54:23.478+0000] {logging_mixin.py:190} INFO - [2025-01-08T18:54:23.478+0000] {dag.py:4180} INFO - Setting next_dagrun for example_skip_dag to 2025-01-07 00:00:00+00:00, run_after=2025-01-08 00:00:00+00:00
[2025-01-08T18:54:23.494+0000] {processor.py:208} INFO - Processing /home/airflow/.local/lib/python3.12/site-packages/airflow/example_dags/example_skip_dag.py took 0.150 seconds
[2025-01-08T18:54:54.240+0000] {processor.py:186} INFO - Started process (PID=1452) to work on /home/airflow/.local/lib/python3.12/site-packages/airflow/example_dags/example_skip_dag.py
[2025-01-08T18:54:54.241+0000] {processor.py:914} INFO - Processing file /home/airflow/.local/lib/python3.12/site-packages/airflow/example_dags/example_skip_dag.py for tasks to queue
[2025-01-08T18:54:54.243+0000] {logging_mixin.py:190} INFO - [2025-01-08T18:54:54.243+0000] {dagbag.py:588} INFO - Filling up the DagBag from /home/airflow/.local/lib/python3.12/site-packages/airflow/example_dags/example_skip_dag.py
[2025-01-08T18:54:54.252+0000] {processor.py:925} INFO - DAG(s) 'example_skip_dag' retrieved from /home/airflow/.local/lib/python3.12/site-packages/airflow/example_dags/example_skip_dag.py
[2025-01-08T18:54:54.274+0000] {logging_mixin.py:190} INFO - [2025-01-08T18:54:54.274+0000] {dag.py:3239} INFO - Sync 1 DAGs
[2025-01-08T18:54:54.298+0000] {logging_mixin.py:190} INFO - [2025-01-08T18:54:54.297+0000] {dag.py:4180} INFO - Setting next_dagrun for example_skip_dag to 2025-01-07 00:00:00+00:00, run_after=2025-01-08 00:00:00+00:00
[2025-01-08T18:54:54.328+0000] {processor.py:208} INFO - Processing /home/airflow/.local/lib/python3.12/site-packages/airflow/example_dags/example_skip_dag.py took 0.094 seconds
[2025-01-08T18:55:25.157+0000] {processor.py:186} INFO - Started process (PID=1517) to work on /home/airflow/.local/lib/python3.12/site-packages/airflow/example_dags/example_skip_dag.py
[2025-01-08T18:55:25.157+0000] {processor.py:914} INFO - Processing file /home/airflow/.local/lib/python3.12/site-packages/airflow/example_dags/example_skip_dag.py for tasks to queue
[2025-01-08T18:55:25.159+0000] {logging_mixin.py:190} INFO - [2025-01-08T18:55:25.159+0000] {dagbag.py:588} INFO - Filling up the DagBag from /home/airflow/.local/lib/python3.12/site-packages/airflow/example_dags/example_skip_dag.py
[2025-01-08T18:55:25.168+0000] {processor.py:925} INFO - DAG(s) 'example_skip_dag' retrieved from /home/airflow/.local/lib/python3.12/site-packages/airflow/example_dags/example_skip_dag.py
[2025-01-08T18:55:25.193+0000] {logging_mixin.py:190} INFO - [2025-01-08T18:55:25.193+0000] {dag.py:3239} INFO - Sync 1 DAGs
[2025-01-08T18:55:25.219+0000] {logging_mixin.py:190} INFO - [2025-01-08T18:55:25.218+0000] {dag.py:4180} INFO - Setting next_dagrun for example_skip_dag to 2025-01-07 00:00:00+00:00, run_after=2025-01-08 00:00:00+00:00
[2025-01-08T18:55:25.235+0000] {processor.py:208} INFO - Processing /home/airflow/.local/lib/python3.12/site-packages/airflow/example_dags/example_skip_dag.py took 0.084 seconds
[2025-01-08T18:55:55.952+0000] {processor.py:186} INFO - Started process (PID=1582) to work on /home/airflow/.local/lib/python3.12/site-packages/airflow/example_dags/example_skip_dag.py
[2025-01-08T18:55:55.953+0000] {processor.py:914} INFO - Processing file /home/airflow/.local/lib/python3.12/site-packages/airflow/example_dags/example_skip_dag.py for tasks to queue
[2025-01-08T18:55:55.955+0000] {logging_mixin.py:190} INFO - [2025-01-08T18:55:55.955+0000] {dagbag.py:588} INFO - Filling up the DagBag from /home/airflow/.local/lib/python3.12/site-packages/airflow/example_dags/example_skip_dag.py
[2025-01-08T18:55:55.961+0000] {processor.py:925} INFO - DAG(s) 'example_skip_dag' retrieved from /home/airflow/.local/lib/python3.12/site-packages/airflow/example_dags/example_skip_dag.py
[2025-01-08T18:55:55.977+0000] {logging_mixin.py:190} INFO - [2025-01-08T18:55:55.977+0000] {dag.py:3239} INFO - Sync 1 DAGs
[2025-01-08T18:55:55.994+0000] {logging_mixin.py:190} INFO - [2025-01-08T18:55:55.994+0000] {dag.py:4180} INFO - Setting next_dagrun for example_skip_dag to 2025-01-07 00:00:00+00:00, run_after=2025-01-08 00:00:00+00:00
[2025-01-08T18:55:56.006+0000] {processor.py:208} INFO - Processing /home/airflow/.local/lib/python3.12/site-packages/airflow/example_dags/example_skip_dag.py took 0.058 seconds
[2025-01-08T18:56:26.275+0000] {processor.py:186} INFO - Started process (PID=1647) to work on /home/airflow/.local/lib/python3.12/site-packages/airflow/example_dags/example_skip_dag.py
[2025-01-08T18:56:26.276+0000] {processor.py:914} INFO - Processing file /home/airflow/.local/lib/python3.12/site-packages/airflow/example_dags/example_skip_dag.py for tasks to queue
[2025-01-08T18:56:26.278+0000] {logging_mixin.py:190} INFO - [2025-01-08T18:56:26.278+0000] {dagbag.py:588} INFO - Filling up the DagBag from /home/airflow/.local/lib/python3.12/site-packages/airflow/example_dags/example_skip_dag.py
[2025-01-08T18:56:26.284+0000] {processor.py:925} INFO - DAG(s) 'example_skip_dag' retrieved from /home/airflow/.local/lib/python3.12/site-packages/airflow/example_dags/example_skip_dag.py
[2025-01-08T18:56:26.300+0000] {logging_mixin.py:190} INFO - [2025-01-08T18:56:26.300+0000] {dag.py:3239} INFO - Sync 1 DAGs
[2025-01-08T18:56:26.317+0000] {logging_mixin.py:190} INFO - [2025-01-08T18:56:26.317+0000] {dag.py:4180} INFO - Setting next_dagrun for example_skip_dag to 2025-01-07 00:00:00+00:00, run_after=2025-01-08 00:00:00+00:00
[2025-01-08T18:56:26.329+0000] {processor.py:208} INFO - Processing /home/airflow/.local/lib/python3.12/site-packages/airflow/example_dags/example_skip_dag.py took 0.060 seconds
[2025-01-08T18:56:56.799+0000] {processor.py:186} INFO - Started process (PID=1713) to work on /home/airflow/.local/lib/python3.12/site-packages/airflow/example_dags/example_skip_dag.py
[2025-01-08T18:56:56.800+0000] {processor.py:914} INFO - Processing file /home/airflow/.local/lib/python3.12/site-packages/airflow/example_dags/example_skip_dag.py for tasks to queue
[2025-01-08T18:56:56.802+0000] {logging_mixin.py:190} INFO - [2025-01-08T18:56:56.801+0000] {dagbag.py:588} INFO - Filling up the DagBag from /home/airflow/.local/lib/python3.12/site-packages/airflow/example_dags/example_skip_dag.py
[2025-01-08T18:56:56.808+0000] {processor.py:925} INFO - DAG(s) 'example_skip_dag' retrieved from /home/airflow/.local/lib/python3.12/site-packages/airflow/example_dags/example_skip_dag.py
[2025-01-08T18:56:56.825+0000] {logging_mixin.py:190} INFO - [2025-01-08T18:56:56.825+0000] {dag.py:3239} INFO - Sync 1 DAGs
[2025-01-08T18:56:56.843+0000] {logging_mixin.py:190} INFO - [2025-01-08T18:56:56.843+0000] {dag.py:4180} INFO - Setting next_dagrun for example_skip_dag to 2025-01-07 00:00:00+00:00, run_after=2025-01-08 00:00:00+00:00
[2025-01-08T18:56:56.857+0000] {processor.py:208} INFO - Processing /home/airflow/.local/lib/python3.12/site-packages/airflow/example_dags/example_skip_dag.py took 0.062 seconds
[2025-01-08T18:57:27.311+0000] {processor.py:186} INFO - Started process (PID=1779) to work on /home/airflow/.local/lib/python3.12/site-packages/airflow/example_dags/example_skip_dag.py
[2025-01-08T18:57:27.311+0000] {processor.py:914} INFO - Processing file /home/airflow/.local/lib/python3.12/site-packages/airflow/example_dags/example_skip_dag.py for tasks to queue
[2025-01-08T18:57:27.313+0000] {logging_mixin.py:190} INFO - [2025-01-08T18:57:27.313+0000] {dagbag.py:588} INFO - Filling up the DagBag from /home/airflow/.local/lib/python3.12/site-packages/airflow/example_dags/example_skip_dag.py
[2025-01-08T18:57:27.320+0000] {processor.py:925} INFO - DAG(s) 'example_skip_dag' retrieved from /home/airflow/.local/lib/python3.12/site-packages/airflow/example_dags/example_skip_dag.py
[2025-01-08T18:57:27.341+0000] {logging_mixin.py:190} INFO - [2025-01-08T18:57:27.341+0000] {dag.py:3239} INFO - Sync 1 DAGs
[2025-01-08T18:57:27.367+0000] {logging_mixin.py:190} INFO - [2025-01-08T18:57:27.366+0000] {dag.py:4180} INFO - Setting next_dagrun for example_skip_dag to 2025-01-07 00:00:00+00:00, run_after=2025-01-08 00:00:00+00:00
[2025-01-08T18:57:27.383+0000] {processor.py:208} INFO - Processing /home/airflow/.local/lib/python3.12/site-packages/airflow/example_dags/example_skip_dag.py took 0.079 seconds
[2025-01-08T18:57:57.899+0000] {processor.py:186} INFO - Started process (PID=1844) to work on /home/airflow/.local/lib/python3.12/site-packages/airflow/example_dags/example_skip_dag.py
[2025-01-08T18:57:57.899+0000] {processor.py:914} INFO - Processing file /home/airflow/.local/lib/python3.12/site-packages/airflow/example_dags/example_skip_dag.py for tasks to queue
[2025-01-08T18:57:57.901+0000] {logging_mixin.py:190} INFO - [2025-01-08T18:57:57.901+0000] {dagbag.py:588} INFO - Filling up the DagBag from /home/airflow/.local/lib/python3.12/site-packages/airflow/example_dags/example_skip_dag.py
[2025-01-08T18:57:57.910+0000] {processor.py:925} INFO - DAG(s) 'example_skip_dag' retrieved from /home/airflow/.local/lib/python3.12/site-packages/airflow/example_dags/example_skip_dag.py
[2025-01-08T18:57:57.934+0000] {logging_mixin.py:190} INFO - [2025-01-08T18:57:57.934+0000] {dag.py:3239} INFO - Sync 1 DAGs
[2025-01-08T18:57:57.961+0000] {logging_mixin.py:190} INFO - [2025-01-08T18:57:57.960+0000] {dag.py:4180} INFO - Setting next_dagrun for example_skip_dag to 2025-01-07 00:00:00+00:00, run_after=2025-01-08 00:00:00+00:00
[2025-01-08T18:57:57.976+0000] {processor.py:208} INFO - Processing /home/airflow/.local/lib/python3.12/site-packages/airflow/example_dags/example_skip_dag.py took 0.084 seconds
[2025-01-08T18:58:28.247+0000] {processor.py:186} INFO - Started process (PID=1909) to work on /home/airflow/.local/lib/python3.12/site-packages/airflow/example_dags/example_skip_dag.py
[2025-01-08T18:58:28.248+0000] {processor.py:914} INFO - Processing file /home/airflow/.local/lib/python3.12/site-packages/airflow/example_dags/example_skip_dag.py for tasks to queue
[2025-01-08T18:58:28.250+0000] {logging_mixin.py:190} INFO - [2025-01-08T18:58:28.249+0000] {dagbag.py:588} INFO - Filling up the DagBag from /home/airflow/.local/lib/python3.12/site-packages/airflow/example_dags/example_skip_dag.py
[2025-01-08T18:58:28.257+0000] {processor.py:925} INFO - DAG(s) 'example_skip_dag' retrieved from /home/airflow/.local/lib/python3.12/site-packages/airflow/example_dags/example_skip_dag.py
[2025-01-08T18:58:28.294+0000] {logging_mixin.py:190} INFO - [2025-01-08T18:58:28.294+0000] {dag.py:3239} INFO - Sync 1 DAGs
[2025-01-08T18:58:28.319+0000] {logging_mixin.py:190} INFO - [2025-01-08T18:58:28.319+0000] {dag.py:4180} INFO - Setting next_dagrun for example_skip_dag to 2025-01-07 00:00:00+00:00, run_after=2025-01-08 00:00:00+00:00
[2025-01-08T18:58:28.345+0000] {processor.py:208} INFO - Processing /home/airflow/.local/lib/python3.12/site-packages/airflow/example_dags/example_skip_dag.py took 0.104 seconds
[2025-01-08T18:58:58.766+0000] {processor.py:186} INFO - Started process (PID=1974) to work on /home/airflow/.local/lib/python3.12/site-packages/airflow/example_dags/example_skip_dag.py
[2025-01-08T18:58:58.767+0000] {processor.py:914} INFO - Processing file /home/airflow/.local/lib/python3.12/site-packages/airflow/example_dags/example_skip_dag.py for tasks to queue
[2025-01-08T18:58:58.770+0000] {logging_mixin.py:190} INFO - [2025-01-08T18:58:58.769+0000] {dagbag.py:588} INFO - Filling up the DagBag from /home/airflow/.local/lib/python3.12/site-packages/airflow/example_dags/example_skip_dag.py
[2025-01-08T18:58:58.778+0000] {processor.py:925} INFO - DAG(s) 'example_skip_dag' retrieved from /home/airflow/.local/lib/python3.12/site-packages/airflow/example_dags/example_skip_dag.py
[2025-01-08T18:58:58.814+0000] {logging_mixin.py:190} INFO - [2025-01-08T18:58:58.813+0000] {dag.py:3239} INFO - Sync 1 DAGs
[2025-01-08T18:58:58.839+0000] {logging_mixin.py:190} INFO - [2025-01-08T18:58:58.839+0000] {dag.py:4180} INFO - Setting next_dagrun for example_skip_dag to 2025-01-07 00:00:00+00:00, run_after=2025-01-08 00:00:00+00:00
[2025-01-08T18:58:58.863+0000] {processor.py:208} INFO - Processing /home/airflow/.local/lib/python3.12/site-packages/airflow/example_dags/example_skip_dag.py took 0.103 seconds
[2025-01-08T18:59:29.742+0000] {processor.py:186} INFO - Started process (PID=2039) to work on /home/airflow/.local/lib/python3.12/site-packages/airflow/example_dags/example_skip_dag.py
[2025-01-08T18:59:29.743+0000] {processor.py:914} INFO - Processing file /home/airflow/.local/lib/python3.12/site-packages/airflow/example_dags/example_skip_dag.py for tasks to queue
[2025-01-08T18:59:29.744+0000] {logging_mixin.py:190} INFO - [2025-01-08T18:59:29.744+0000] {dagbag.py:588} INFO - Filling up the DagBag from /home/airflow/.local/lib/python3.12/site-packages/airflow/example_dags/example_skip_dag.py
[2025-01-08T18:59:29.752+0000] {processor.py:925} INFO - DAG(s) 'example_skip_dag' retrieved from /home/airflow/.local/lib/python3.12/site-packages/airflow/example_dags/example_skip_dag.py
[2025-01-08T18:59:29.774+0000] {logging_mixin.py:190} INFO - [2025-01-08T18:59:29.774+0000] {dag.py:3239} INFO - Sync 1 DAGs
[2025-01-08T18:59:29.800+0000] {logging_mixin.py:190} INFO - [2025-01-08T18:59:29.800+0000] {dag.py:4180} INFO - Setting next_dagrun for example_skip_dag to 2025-01-07 00:00:00+00:00, run_after=2025-01-08 00:00:00+00:00
[2025-01-08T18:59:29.816+0000] {processor.py:208} INFO - Processing /home/airflow/.local/lib/python3.12/site-packages/airflow/example_dags/example_skip_dag.py took 0.080 seconds
[2025-01-08T19:00:00.321+0000] {processor.py:186} INFO - Started process (PID=2100) to work on /home/airflow/.local/lib/python3.12/site-packages/airflow/example_dags/example_skip_dag.py
[2025-01-08T19:00:00.321+0000] {processor.py:914} INFO - Processing file /home/airflow/.local/lib/python3.12/site-packages/airflow/example_dags/example_skip_dag.py for tasks to queue
[2025-01-08T19:00:00.323+0000] {logging_mixin.py:190} INFO - [2025-01-08T19:00:00.323+0000] {dagbag.py:588} INFO - Filling up the DagBag from /home/airflow/.local/lib/python3.12/site-packages/airflow/example_dags/example_skip_dag.py
[2025-01-08T19:00:00.329+0000] {processor.py:925} INFO - DAG(s) 'example_skip_dag' retrieved from /home/airflow/.local/lib/python3.12/site-packages/airflow/example_dags/example_skip_dag.py
[2025-01-08T19:00:00.347+0000] {logging_mixin.py:190} INFO - [2025-01-08T19:00:00.347+0000] {dag.py:3239} INFO - Sync 1 DAGs
[2025-01-08T19:00:00.391+0000] {logging_mixin.py:190} INFO - [2025-01-08T19:00:00.391+0000] {dag.py:4180} INFO - Setting next_dagrun for example_skip_dag to 2025-01-07 00:00:00+00:00, run_after=2025-01-08 00:00:00+00:00
[2025-01-08T19:00:00.411+0000] {processor.py:208} INFO - Processing /home/airflow/.local/lib/python3.12/site-packages/airflow/example_dags/example_skip_dag.py took 0.095 seconds
