[2025-01-08T18:44:16.822+0000] {processor.py:186} INFO - Started process (PID=108) to work on /home/airflow/.local/lib/python3.12/site-packages/airflow/example_dags/example_complex.py
[2025-01-08T18:44:16.823+0000] {processor.py:914} INFO - Processing file /home/airflow/.local/lib/python3.12/site-packages/airflow/example_dags/example_complex.py for tasks to queue
[2025-01-08T18:44:16.834+0000] {logging_mixin.py:190} INFO - [2025-01-08T18:44:16.831+0000] {dagbag.py:588} INFO - Filling up the DagBag from /home/airflow/.local/lib/python3.12/site-packages/airflow/example_dags/example_complex.py
[2025-01-08T18:44:16.869+0000] {processor.py:925} INFO - DAG(s) 'example_complex' retrieved from /home/airflow/.local/lib/python3.12/site-packages/airflow/example_dags/example_complex.py
[2025-01-08T18:44:17.049+0000] {logging_mixin.py:190} INFO - [2025-01-08T18:44:17.049+0000] {dag.py:3239} INFO - Sync 1 DAGs
[2025-01-08T18:44:17.108+0000] {logging_mixin.py:190} INFO - [2025-01-08T18:44:17.107+0000] {dag.py:4180} INFO - Setting next_dagrun for example_complex to None, run_after=None
[2025-01-08T18:44:17.163+0000] {processor.py:208} INFO - Processing /home/airflow/.local/lib/python3.12/site-packages/airflow/example_dags/example_complex.py took 0.390 seconds
[2025-01-08T18:44:47.961+0000] {processor.py:186} INFO - Started process (PID=172) to work on /home/airflow/.local/lib/python3.12/site-packages/airflow/example_dags/example_complex.py
[2025-01-08T18:44:47.968+0000] {processor.py:914} INFO - Processing file /home/airflow/.local/lib/python3.12/site-packages/airflow/example_dags/example_complex.py for tasks to queue
[2025-01-08T18:44:47.970+0000] {logging_mixin.py:190} INFO - [2025-01-08T18:44:47.970+0000] {dagbag.py:588} INFO - Filling up the DagBag from /home/airflow/.local/lib/python3.12/site-packages/airflow/example_dags/example_complex.py
[2025-01-08T18:44:47.987+0000] {processor.py:925} INFO - DAG(s) 'example_complex' retrieved from /home/airflow/.local/lib/python3.12/site-packages/airflow/example_dags/example_complex.py
[2025-01-08T18:44:48.034+0000] {logging_mixin.py:190} INFO - [2025-01-08T18:44:48.033+0000] {dag.py:3239} INFO - Sync 1 DAGs
[2025-01-08T18:44:48.066+0000] {logging_mixin.py:190} INFO - [2025-01-08T18:44:48.066+0000] {dag.py:4180} INFO - Setting next_dagrun for example_complex to None, run_after=None
[2025-01-08T18:44:48.092+0000] {processor.py:208} INFO - Processing /home/airflow/.local/lib/python3.12/site-packages/airflow/example_dags/example_complex.py took 0.137 seconds
[2025-01-08T18:45:20.723+0000] {processor.py:186} INFO - Started process (PID=238) to work on /home/airflow/.local/lib/python3.12/site-packages/airflow/example_dags/example_complex.py
[2025-01-08T18:45:20.730+0000] {processor.py:914} INFO - Processing file /home/airflow/.local/lib/python3.12/site-packages/airflow/example_dags/example_complex.py for tasks to queue
[2025-01-08T18:45:20.732+0000] {logging_mixin.py:190} INFO - [2025-01-08T18:45:20.731+0000] {dagbag.py:588} INFO - Filling up the DagBag from /home/airflow/.local/lib/python3.12/site-packages/airflow/example_dags/example_complex.py
[2025-01-08T18:45:20.763+0000] {processor.py:925} INFO - DAG(s) 'example_complex' retrieved from /home/airflow/.local/lib/python3.12/site-packages/airflow/example_dags/example_complex.py
[2025-01-08T18:45:20.840+0000] {logging_mixin.py:190} INFO - [2025-01-08T18:45:20.839+0000] {dag.py:3239} INFO - Sync 1 DAGs
[2025-01-08T18:45:20.868+0000] {logging_mixin.py:190} INFO - [2025-01-08T18:45:20.868+0000] {dag.py:4180} INFO - Setting next_dagrun for example_complex to None, run_after=None
[2025-01-08T18:45:20.917+0000] {processor.py:208} INFO - Processing /home/airflow/.local/lib/python3.12/site-packages/airflow/example_dags/example_complex.py took 0.206 seconds
[2025-01-08T18:45:51.628+0000] {processor.py:186} INFO - Started process (PID=301) to work on /home/airflow/.local/lib/python3.12/site-packages/airflow/example_dags/example_complex.py
[2025-01-08T18:45:51.645+0000] {processor.py:914} INFO - Processing file /home/airflow/.local/lib/python3.12/site-packages/airflow/example_dags/example_complex.py for tasks to queue
[2025-01-08T18:45:51.647+0000] {logging_mixin.py:190} INFO - [2025-01-08T18:45:51.647+0000] {dagbag.py:588} INFO - Filling up the DagBag from /home/airflow/.local/lib/python3.12/site-packages/airflow/example_dags/example_complex.py
[2025-01-08T18:45:51.700+0000] {processor.py:925} INFO - DAG(s) 'example_complex' retrieved from /home/airflow/.local/lib/python3.12/site-packages/airflow/example_dags/example_complex.py
[2025-01-08T18:45:51.747+0000] {logging_mixin.py:190} INFO - [2025-01-08T18:45:51.746+0000] {dag.py:3239} INFO - Sync 1 DAGs
[2025-01-08T18:45:51.764+0000] {logging_mixin.py:190} INFO - [2025-01-08T18:45:51.763+0000] {dag.py:4180} INFO - Setting next_dagrun for example_complex to None, run_after=None
[2025-01-08T18:45:51.801+0000] {processor.py:208} INFO - Processing /home/airflow/.local/lib/python3.12/site-packages/airflow/example_dags/example_complex.py took 0.180 seconds
[2025-01-08T18:46:27.862+0000] {processor.py:186} INFO - Started process (PID=367) to work on /home/airflow/.local/lib/python3.12/site-packages/airflow/example_dags/example_complex.py
[2025-01-08T18:46:27.863+0000] {processor.py:914} INFO - Processing file /home/airflow/.local/lib/python3.12/site-packages/airflow/example_dags/example_complex.py for tasks to queue
[2025-01-08T18:46:27.865+0000] {logging_mixin.py:190} INFO - [2025-01-08T18:46:27.865+0000] {dagbag.py:588} INFO - Filling up the DagBag from /home/airflow/.local/lib/python3.12/site-packages/airflow/example_dags/example_complex.py
[2025-01-08T18:46:27.882+0000] {processor.py:925} INFO - DAG(s) 'example_complex' retrieved from /home/airflow/.local/lib/python3.12/site-packages/airflow/example_dags/example_complex.py
[2025-01-08T18:46:27.925+0000] {logging_mixin.py:190} INFO - [2025-01-08T18:46:27.925+0000] {dag.py:3239} INFO - Sync 1 DAGs
[2025-01-08T18:46:27.942+0000] {logging_mixin.py:190} INFO - [2025-01-08T18:46:27.942+0000] {dag.py:4180} INFO - Setting next_dagrun for example_complex to None, run_after=None
[2025-01-08T18:46:27.965+0000] {processor.py:208} INFO - Processing /home/airflow/.local/lib/python3.12/site-packages/airflow/example_dags/example_complex.py took 0.109 seconds
[2025-01-08T18:47:01.753+0000] {processor.py:186} INFO - Started process (PID=438) to work on /home/airflow/.local/lib/python3.12/site-packages/airflow/example_dags/example_complex.py
[2025-01-08T18:47:01.767+0000] {processor.py:914} INFO - Processing file /home/airflow/.local/lib/python3.12/site-packages/airflow/example_dags/example_complex.py for tasks to queue
[2025-01-08T18:47:01.769+0000] {logging_mixin.py:190} INFO - [2025-01-08T18:47:01.769+0000] {dagbag.py:588} INFO - Filling up the DagBag from /home/airflow/.local/lib/python3.12/site-packages/airflow/example_dags/example_complex.py
[2025-01-08T18:47:01.804+0000] {processor.py:925} INFO - DAG(s) 'example_complex' retrieved from /home/airflow/.local/lib/python3.12/site-packages/airflow/example_dags/example_complex.py
[2025-01-08T18:47:01.896+0000] {logging_mixin.py:190} INFO - [2025-01-08T18:47:01.896+0000] {dag.py:3239} INFO - Sync 1 DAGs
[2025-01-08T18:47:01.946+0000] {logging_mixin.py:190} INFO - [2025-01-08T18:47:01.946+0000] {dag.py:4180} INFO - Setting next_dagrun for example_complex to None, run_after=None
[2025-01-08T18:47:01.983+0000] {processor.py:208} INFO - Processing /home/airflow/.local/lib/python3.12/site-packages/airflow/example_dags/example_complex.py took 0.237 seconds
[2025-01-08T18:47:32.552+0000] {processor.py:186} INFO - Started process (PID=504) to work on /home/airflow/.local/lib/python3.12/site-packages/airflow/example_dags/example_complex.py
[2025-01-08T18:47:32.553+0000] {processor.py:914} INFO - Processing file /home/airflow/.local/lib/python3.12/site-packages/airflow/example_dags/example_complex.py for tasks to queue
[2025-01-08T18:47:32.555+0000] {logging_mixin.py:190} INFO - [2025-01-08T18:47:32.555+0000] {dagbag.py:588} INFO - Filling up the DagBag from /home/airflow/.local/lib/python3.12/site-packages/airflow/example_dags/example_complex.py
[2025-01-08T18:47:32.569+0000] {processor.py:925} INFO - DAG(s) 'example_complex' retrieved from /home/airflow/.local/lib/python3.12/site-packages/airflow/example_dags/example_complex.py
[2025-01-08T18:47:32.613+0000] {logging_mixin.py:190} INFO - [2025-01-08T18:47:32.613+0000] {dag.py:3239} INFO - Sync 1 DAGs
[2025-01-08T18:47:32.629+0000] {logging_mixin.py:190} INFO - [2025-01-08T18:47:32.629+0000] {dag.py:4180} INFO - Setting next_dagrun for example_complex to None, run_after=None
[2025-01-08T18:47:32.648+0000] {processor.py:208} INFO - Processing /home/airflow/.local/lib/python3.12/site-packages/airflow/example_dags/example_complex.py took 0.104 seconds
[2025-01-08T18:48:02.761+0000] {processor.py:186} INFO - Started process (PID=568) to work on /home/airflow/.local/lib/python3.12/site-packages/airflow/example_dags/example_complex.py
[2025-01-08T18:48:02.762+0000] {processor.py:914} INFO - Processing file /home/airflow/.local/lib/python3.12/site-packages/airflow/example_dags/example_complex.py for tasks to queue
[2025-01-08T18:48:02.764+0000] {logging_mixin.py:190} INFO - [2025-01-08T18:48:02.763+0000] {dagbag.py:588} INFO - Filling up the DagBag from /home/airflow/.local/lib/python3.12/site-packages/airflow/example_dags/example_complex.py
[2025-01-08T18:48:02.774+0000] {processor.py:925} INFO - DAG(s) 'example_complex' retrieved from /home/airflow/.local/lib/python3.12/site-packages/airflow/example_dags/example_complex.py
[2025-01-08T18:48:02.798+0000] {logging_mixin.py:190} INFO - [2025-01-08T18:48:02.798+0000] {dag.py:3239} INFO - Sync 1 DAGs
[2025-01-08T18:48:02.809+0000] {logging_mixin.py:190} INFO - [2025-01-08T18:48:02.809+0000] {dag.py:4180} INFO - Setting next_dagrun for example_complex to None, run_after=None
[2025-01-08T18:48:02.822+0000] {processor.py:208} INFO - Processing /home/airflow/.local/lib/python3.12/site-packages/airflow/example_dags/example_complex.py took 0.065 seconds
[2025-01-08T18:48:33.583+0000] {processor.py:186} INFO - Started process (PID=633) to work on /home/airflow/.local/lib/python3.12/site-packages/airflow/example_dags/example_complex.py
[2025-01-08T18:48:33.584+0000] {processor.py:914} INFO - Processing file /home/airflow/.local/lib/python3.12/site-packages/airflow/example_dags/example_complex.py for tasks to queue
[2025-01-08T18:48:33.586+0000] {logging_mixin.py:190} INFO - [2025-01-08T18:48:33.586+0000] {dagbag.py:588} INFO - Filling up the DagBag from /home/airflow/.local/lib/python3.12/site-packages/airflow/example_dags/example_complex.py
[2025-01-08T18:48:33.600+0000] {processor.py:925} INFO - DAG(s) 'example_complex' retrieved from /home/airflow/.local/lib/python3.12/site-packages/airflow/example_dags/example_complex.py
[2025-01-08T18:48:33.639+0000] {logging_mixin.py:190} INFO - [2025-01-08T18:48:33.639+0000] {dag.py:3239} INFO - Sync 1 DAGs
[2025-01-08T18:48:33.656+0000] {logging_mixin.py:190} INFO - [2025-01-08T18:48:33.656+0000] {dag.py:4180} INFO - Setting next_dagrun for example_complex to None, run_after=None
[2025-01-08T18:48:33.676+0000] {processor.py:208} INFO - Processing /home/airflow/.local/lib/python3.12/site-packages/airflow/example_dags/example_complex.py took 0.099 seconds
[2025-01-08T18:49:03.760+0000] {processor.py:186} INFO - Started process (PID=698) to work on /home/airflow/.local/lib/python3.12/site-packages/airflow/example_dags/example_complex.py
[2025-01-08T18:49:03.760+0000] {processor.py:914} INFO - Processing file /home/airflow/.local/lib/python3.12/site-packages/airflow/example_dags/example_complex.py for tasks to queue
[2025-01-08T18:49:03.762+0000] {logging_mixin.py:190} INFO - [2025-01-08T18:49:03.762+0000] {dagbag.py:588} INFO - Filling up the DagBag from /home/airflow/.local/lib/python3.12/site-packages/airflow/example_dags/example_complex.py
[2025-01-08T18:49:03.771+0000] {processor.py:925} INFO - DAG(s) 'example_complex' retrieved from /home/airflow/.local/lib/python3.12/site-packages/airflow/example_dags/example_complex.py
[2025-01-08T18:49:03.795+0000] {logging_mixin.py:190} INFO - [2025-01-08T18:49:03.795+0000] {dag.py:3239} INFO - Sync 1 DAGs
[2025-01-08T18:49:03.807+0000] {logging_mixin.py:190} INFO - [2025-01-08T18:49:03.806+0000] {dag.py:4180} INFO - Setting next_dagrun for example_complex to None, run_after=None
[2025-01-08T18:49:03.819+0000] {processor.py:208} INFO - Processing /home/airflow/.local/lib/python3.12/site-packages/airflow/example_dags/example_complex.py took 0.064 seconds
[2025-01-08T18:49:34.619+0000] {processor.py:186} INFO - Started process (PID=763) to work on /home/airflow/.local/lib/python3.12/site-packages/airflow/example_dags/example_complex.py
[2025-01-08T18:49:34.622+0000] {processor.py:914} INFO - Processing file /home/airflow/.local/lib/python3.12/site-packages/airflow/example_dags/example_complex.py for tasks to queue
[2025-01-08T18:49:34.625+0000] {logging_mixin.py:190} INFO - [2025-01-08T18:49:34.624+0000] {dagbag.py:588} INFO - Filling up the DagBag from /home/airflow/.local/lib/python3.12/site-packages/airflow/example_dags/example_complex.py
[2025-01-08T18:49:34.690+0000] {processor.py:925} INFO - DAG(s) 'example_complex' retrieved from /home/airflow/.local/lib/python3.12/site-packages/airflow/example_dags/example_complex.py
[2025-01-08T18:49:34.834+0000] {logging_mixin.py:190} INFO - [2025-01-08T18:49:34.833+0000] {dag.py:3239} INFO - Sync 1 DAGs
[2025-01-08T18:49:34.907+0000] {logging_mixin.py:190} INFO - [2025-01-08T18:49:34.907+0000] {dag.py:4180} INFO - Setting next_dagrun for example_complex to None, run_after=None
[2025-01-08T18:49:35.031+0000] {processor.py:208} INFO - Processing /home/airflow/.local/lib/python3.12/site-packages/airflow/example_dags/example_complex.py took 0.418 seconds
[2025-01-08T18:50:05.699+0000] {processor.py:186} INFO - Started process (PID=828) to work on /home/airflow/.local/lib/python3.12/site-packages/airflow/example_dags/example_complex.py
[2025-01-08T18:50:05.699+0000] {processor.py:914} INFO - Processing file /home/airflow/.local/lib/python3.12/site-packages/airflow/example_dags/example_complex.py for tasks to queue
[2025-01-08T18:50:05.706+0000] {logging_mixin.py:190} INFO - [2025-01-08T18:50:05.701+0000] {dagbag.py:588} INFO - Filling up the DagBag from /home/airflow/.local/lib/python3.12/site-packages/airflow/example_dags/example_complex.py
[2025-01-08T18:50:05.720+0000] {processor.py:925} INFO - DAG(s) 'example_complex' retrieved from /home/airflow/.local/lib/python3.12/site-packages/airflow/example_dags/example_complex.py
[2025-01-08T18:50:05.770+0000] {logging_mixin.py:190} INFO - [2025-01-08T18:50:05.769+0000] {dag.py:3239} INFO - Sync 1 DAGs
[2025-01-08T18:50:05.786+0000] {logging_mixin.py:190} INFO - [2025-01-08T18:50:05.786+0000] {dag.py:4180} INFO - Setting next_dagrun for example_complex to None, run_after=None
[2025-01-08T18:50:05.805+0000] {processor.py:208} INFO - Processing /home/airflow/.local/lib/python3.12/site-packages/airflow/example_dags/example_complex.py took 0.121 seconds
[2025-01-08T18:50:36.025+0000] {processor.py:186} INFO - Started process (PID=893) to work on /home/airflow/.local/lib/python3.12/site-packages/airflow/example_dags/example_complex.py
[2025-01-08T18:50:36.026+0000] {processor.py:914} INFO - Processing file /home/airflow/.local/lib/python3.12/site-packages/airflow/example_dags/example_complex.py for tasks to queue
[2025-01-08T18:50:36.028+0000] {logging_mixin.py:190} INFO - [2025-01-08T18:50:36.027+0000] {dagbag.py:588} INFO - Filling up the DagBag from /home/airflow/.local/lib/python3.12/site-packages/airflow/example_dags/example_complex.py
[2025-01-08T18:50:36.042+0000] {processor.py:925} INFO - DAG(s) 'example_complex' retrieved from /home/airflow/.local/lib/python3.12/site-packages/airflow/example_dags/example_complex.py
[2025-01-08T18:50:36.079+0000] {logging_mixin.py:190} INFO - [2025-01-08T18:50:36.079+0000] {dag.py:3239} INFO - Sync 1 DAGs
[2025-01-08T18:50:36.092+0000] {logging_mixin.py:190} INFO - [2025-01-08T18:50:36.092+0000] {dag.py:4180} INFO - Setting next_dagrun for example_complex to None, run_after=None
[2025-01-08T18:50:36.105+0000] {processor.py:208} INFO - Processing /home/airflow/.local/lib/python3.12/site-packages/airflow/example_dags/example_complex.py took 0.086 seconds
[2025-01-08T18:51:06.389+0000] {processor.py:186} INFO - Started process (PID=958) to work on /home/airflow/.local/lib/python3.12/site-packages/airflow/example_dags/example_complex.py
[2025-01-08T18:51:06.422+0000] {processor.py:914} INFO - Processing file /home/airflow/.local/lib/python3.12/site-packages/airflow/example_dags/example_complex.py for tasks to queue
[2025-01-08T18:51:06.425+0000] {logging_mixin.py:190} INFO - [2025-01-08T18:51:06.424+0000] {dagbag.py:588} INFO - Filling up the DagBag from /home/airflow/.local/lib/python3.12/site-packages/airflow/example_dags/example_complex.py
[2025-01-08T18:51:06.458+0000] {processor.py:925} INFO - DAG(s) 'example_complex' retrieved from /home/airflow/.local/lib/python3.12/site-packages/airflow/example_dags/example_complex.py
[2025-01-08T18:51:06.543+0000] {logging_mixin.py:190} INFO - [2025-01-08T18:51:06.543+0000] {dag.py:3239} INFO - Sync 1 DAGs
[2025-01-08T18:51:06.568+0000] {logging_mixin.py:190} INFO - [2025-01-08T18:51:06.567+0000] {dag.py:4180} INFO - Setting next_dagrun for example_complex to None, run_after=None
[2025-01-08T18:51:06.631+0000] {processor.py:208} INFO - Processing /home/airflow/.local/lib/python3.12/site-packages/airflow/example_dags/example_complex.py took 0.249 seconds
[2025-01-08T18:51:36.741+0000] {processor.py:186} INFO - Started process (PID=1023) to work on /home/airflow/.local/lib/python3.12/site-packages/airflow/example_dags/example_complex.py
[2025-01-08T18:51:36.742+0000] {processor.py:914} INFO - Processing file /home/airflow/.local/lib/python3.12/site-packages/airflow/example_dags/example_complex.py for tasks to queue
[2025-01-08T18:51:36.745+0000] {logging_mixin.py:190} INFO - [2025-01-08T18:51:36.744+0000] {dagbag.py:588} INFO - Filling up the DagBag from /home/airflow/.local/lib/python3.12/site-packages/airflow/example_dags/example_complex.py
[2025-01-08T18:51:36.759+0000] {processor.py:925} INFO - DAG(s) 'example_complex' retrieved from /home/airflow/.local/lib/python3.12/site-packages/airflow/example_dags/example_complex.py
[2025-01-08T18:51:36.797+0000] {logging_mixin.py:190} INFO - [2025-01-08T18:51:36.796+0000] {dag.py:3239} INFO - Sync 1 DAGs
[2025-01-08T18:51:36.814+0000] {logging_mixin.py:190} INFO - [2025-01-08T18:51:36.814+0000] {dag.py:4180} INFO - Setting next_dagrun for example_complex to None, run_after=None
[2025-01-08T18:51:36.831+0000] {processor.py:208} INFO - Processing /home/airflow/.local/lib/python3.12/site-packages/airflow/example_dags/example_complex.py took 0.097 seconds
[2025-01-08T18:52:06.906+0000] {processor.py:186} INFO - Started process (PID=1088) to work on /home/airflow/.local/lib/python3.12/site-packages/airflow/example_dags/example_complex.py
[2025-01-08T18:52:06.907+0000] {processor.py:914} INFO - Processing file /home/airflow/.local/lib/python3.12/site-packages/airflow/example_dags/example_complex.py for tasks to queue
[2025-01-08T18:52:06.909+0000] {logging_mixin.py:190} INFO - [2025-01-08T18:52:06.909+0000] {dagbag.py:588} INFO - Filling up the DagBag from /home/airflow/.local/lib/python3.12/site-packages/airflow/example_dags/example_complex.py
[2025-01-08T18:52:06.936+0000] {processor.py:925} INFO - DAG(s) 'example_complex' retrieved from /home/airflow/.local/lib/python3.12/site-packages/airflow/example_dags/example_complex.py
[2025-01-08T18:52:06.976+0000] {logging_mixin.py:190} INFO - [2025-01-08T18:52:06.975+0000] {dag.py:3239} INFO - Sync 1 DAGs
[2025-01-08T18:52:06.999+0000] {logging_mixin.py:190} INFO - [2025-01-08T18:52:06.999+0000] {dag.py:4180} INFO - Setting next_dagrun for example_complex to None, run_after=None
[2025-01-08T18:52:07.015+0000] {processor.py:208} INFO - Processing /home/airflow/.local/lib/python3.12/site-packages/airflow/example_dags/example_complex.py took 0.118 seconds
[2025-01-08T18:52:37.602+0000] {processor.py:186} INFO - Started process (PID=1154) to work on /home/airflow/.local/lib/python3.12/site-packages/airflow/example_dags/example_complex.py
[2025-01-08T18:52:37.602+0000] {processor.py:914} INFO - Processing file /home/airflow/.local/lib/python3.12/site-packages/airflow/example_dags/example_complex.py for tasks to queue
[2025-01-08T18:52:37.611+0000] {logging_mixin.py:190} INFO - [2025-01-08T18:52:37.610+0000] {dagbag.py:588} INFO - Filling up the DagBag from /home/airflow/.local/lib/python3.12/site-packages/airflow/example_dags/example_complex.py
[2025-01-08T18:52:37.625+0000] {processor.py:925} INFO - DAG(s) 'example_complex' retrieved from /home/airflow/.local/lib/python3.12/site-packages/airflow/example_dags/example_complex.py
[2025-01-08T18:52:37.671+0000] {logging_mixin.py:190} INFO - [2025-01-08T18:52:37.671+0000] {dag.py:3239} INFO - Sync 1 DAGs
[2025-01-08T18:52:37.692+0000] {logging_mixin.py:190} INFO - [2025-01-08T18:52:37.692+0000] {dag.py:4180} INFO - Setting next_dagrun for example_complex to None, run_after=None
[2025-01-08T18:52:37.733+0000] {processor.py:208} INFO - Processing /home/airflow/.local/lib/python3.12/site-packages/airflow/example_dags/example_complex.py took 0.137 seconds
[2025-01-08T18:53:08.055+0000] {processor.py:186} INFO - Started process (PID=1219) to work on /home/airflow/.local/lib/python3.12/site-packages/airflow/example_dags/example_complex.py
[2025-01-08T18:53:08.056+0000] {processor.py:914} INFO - Processing file /home/airflow/.local/lib/python3.12/site-packages/airflow/example_dags/example_complex.py for tasks to queue
[2025-01-08T18:53:08.058+0000] {logging_mixin.py:190} INFO - [2025-01-08T18:53:08.058+0000] {dagbag.py:588} INFO - Filling up the DagBag from /home/airflow/.local/lib/python3.12/site-packages/airflow/example_dags/example_complex.py
[2025-01-08T18:53:08.073+0000] {processor.py:925} INFO - DAG(s) 'example_complex' retrieved from /home/airflow/.local/lib/python3.12/site-packages/airflow/example_dags/example_complex.py
[2025-01-08T18:53:08.109+0000] {logging_mixin.py:190} INFO - [2025-01-08T18:53:08.109+0000] {dag.py:3239} INFO - Sync 1 DAGs
[2025-01-08T18:53:08.122+0000] {logging_mixin.py:190} INFO - [2025-01-08T18:53:08.121+0000] {dag.py:4180} INFO - Setting next_dagrun for example_complex to None, run_after=None
[2025-01-08T18:53:08.134+0000] {processor.py:208} INFO - Processing /home/airflow/.local/lib/python3.12/site-packages/airflow/example_dags/example_complex.py took 0.085 seconds
[2025-01-08T18:53:38.606+0000] {processor.py:186} INFO - Started process (PID=1285) to work on /home/airflow/.local/lib/python3.12/site-packages/airflow/example_dags/example_complex.py
[2025-01-08T18:53:38.607+0000] {processor.py:914} INFO - Processing file /home/airflow/.local/lib/python3.12/site-packages/airflow/example_dags/example_complex.py for tasks to queue
[2025-01-08T18:53:38.609+0000] {logging_mixin.py:190} INFO - [2025-01-08T18:53:38.609+0000] {dagbag.py:588} INFO - Filling up the DagBag from /home/airflow/.local/lib/python3.12/site-packages/airflow/example_dags/example_complex.py
[2025-01-08T18:53:38.623+0000] {processor.py:925} INFO - DAG(s) 'example_complex' retrieved from /home/airflow/.local/lib/python3.12/site-packages/airflow/example_dags/example_complex.py
[2025-01-08T18:53:38.660+0000] {logging_mixin.py:190} INFO - [2025-01-08T18:53:38.660+0000] {dag.py:3239} INFO - Sync 1 DAGs
[2025-01-08T18:53:38.673+0000] {logging_mixin.py:190} INFO - [2025-01-08T18:53:38.673+0000] {dag.py:4180} INFO - Setting next_dagrun for example_complex to None, run_after=None
[2025-01-08T18:53:38.685+0000] {processor.py:208} INFO - Processing /home/airflow/.local/lib/python3.12/site-packages/airflow/example_dags/example_complex.py took 0.085 seconds
[2025-01-08T18:54:09.250+0000] {processor.py:186} INFO - Started process (PID=1351) to work on /home/airflow/.local/lib/python3.12/site-packages/airflow/example_dags/example_complex.py
[2025-01-08T18:54:09.251+0000] {processor.py:914} INFO - Processing file /home/airflow/.local/lib/python3.12/site-packages/airflow/example_dags/example_complex.py for tasks to queue
[2025-01-08T18:54:09.253+0000] {logging_mixin.py:190} INFO - [2025-01-08T18:54:09.253+0000] {dagbag.py:588} INFO - Filling up the DagBag from /home/airflow/.local/lib/python3.12/site-packages/airflow/example_dags/example_complex.py
[2025-01-08T18:54:09.276+0000] {processor.py:925} INFO - DAG(s) 'example_complex' retrieved from /home/airflow/.local/lib/python3.12/site-packages/airflow/example_dags/example_complex.py
[2025-01-08T18:54:09.313+0000] {logging_mixin.py:190} INFO - [2025-01-08T18:54:09.313+0000] {dag.py:3239} INFO - Sync 1 DAGs
[2025-01-08T18:54:09.326+0000] {logging_mixin.py:190} INFO - [2025-01-08T18:54:09.326+0000] {dag.py:4180} INFO - Setting next_dagrun for example_complex to None, run_after=None
[2025-01-08T18:54:09.339+0000] {processor.py:208} INFO - Processing /home/airflow/.local/lib/python3.12/site-packages/airflow/example_dags/example_complex.py took 0.095 seconds
[2025-01-08T18:54:39.582+0000] {processor.py:186} INFO - Started process (PID=1416) to work on /home/airflow/.local/lib/python3.12/site-packages/airflow/example_dags/example_complex.py
[2025-01-08T18:54:39.582+0000] {processor.py:914} INFO - Processing file /home/airflow/.local/lib/python3.12/site-packages/airflow/example_dags/example_complex.py for tasks to queue
[2025-01-08T18:54:39.584+0000] {logging_mixin.py:190} INFO - [2025-01-08T18:54:39.584+0000] {dagbag.py:588} INFO - Filling up the DagBag from /home/airflow/.local/lib/python3.12/site-packages/airflow/example_dags/example_complex.py
[2025-01-08T18:54:39.598+0000] {processor.py:925} INFO - DAG(s) 'example_complex' retrieved from /home/airflow/.local/lib/python3.12/site-packages/airflow/example_dags/example_complex.py
[2025-01-08T18:54:39.669+0000] {logging_mixin.py:190} INFO - [2025-01-08T18:54:39.669+0000] {dag.py:3239} INFO - Sync 1 DAGs
[2025-01-08T18:54:39.680+0000] {logging_mixin.py:190} INFO - [2025-01-08T18:54:39.680+0000] {dag.py:4180} INFO - Setting next_dagrun for example_complex to None, run_after=None
[2025-01-08T18:54:39.693+0000] {processor.py:208} INFO - Processing /home/airflow/.local/lib/python3.12/site-packages/airflow/example_dags/example_complex.py took 0.120 seconds
[2025-01-08T18:55:10.351+0000] {processor.py:186} INFO - Started process (PID=1481) to work on /home/airflow/.local/lib/python3.12/site-packages/airflow/example_dags/example_complex.py
[2025-01-08T18:55:10.351+0000] {processor.py:914} INFO - Processing file /home/airflow/.local/lib/python3.12/site-packages/airflow/example_dags/example_complex.py for tasks to queue
[2025-01-08T18:55:10.354+0000] {logging_mixin.py:190} INFO - [2025-01-08T18:55:10.353+0000] {dagbag.py:588} INFO - Filling up the DagBag from /home/airflow/.local/lib/python3.12/site-packages/airflow/example_dags/example_complex.py
[2025-01-08T18:55:10.368+0000] {processor.py:925} INFO - DAG(s) 'example_complex' retrieved from /home/airflow/.local/lib/python3.12/site-packages/airflow/example_dags/example_complex.py
[2025-01-08T18:55:10.404+0000] {logging_mixin.py:190} INFO - [2025-01-08T18:55:10.404+0000] {dag.py:3239} INFO - Sync 1 DAGs
[2025-01-08T18:55:10.418+0000] {logging_mixin.py:190} INFO - [2025-01-08T18:55:10.418+0000] {dag.py:4180} INFO - Setting next_dagrun for example_complex to None, run_after=None
[2025-01-08T18:55:10.431+0000] {processor.py:208} INFO - Processing /home/airflow/.local/lib/python3.12/site-packages/airflow/example_dags/example_complex.py took 0.086 seconds
[2025-01-08T18:55:40.569+0000] {processor.py:186} INFO - Started process (PID=1546) to work on /home/airflow/.local/lib/python3.12/site-packages/airflow/example_dags/example_complex.py
[2025-01-08T18:55:40.570+0000] {processor.py:914} INFO - Processing file /home/airflow/.local/lib/python3.12/site-packages/airflow/example_dags/example_complex.py for tasks to queue
[2025-01-08T18:55:40.572+0000] {logging_mixin.py:190} INFO - [2025-01-08T18:55:40.572+0000] {dagbag.py:588} INFO - Filling up the DagBag from /home/airflow/.local/lib/python3.12/site-packages/airflow/example_dags/example_complex.py
[2025-01-08T18:55:40.587+0000] {processor.py:925} INFO - DAG(s) 'example_complex' retrieved from /home/airflow/.local/lib/python3.12/site-packages/airflow/example_dags/example_complex.py
[2025-01-08T18:55:40.628+0000] {logging_mixin.py:190} INFO - [2025-01-08T18:55:40.628+0000] {dag.py:3239} INFO - Sync 1 DAGs
[2025-01-08T18:55:40.641+0000] {logging_mixin.py:190} INFO - [2025-01-08T18:55:40.641+0000] {dag.py:4180} INFO - Setting next_dagrun for example_complex to None, run_after=None
[2025-01-08T18:55:40.653+0000] {processor.py:208} INFO - Processing /home/airflow/.local/lib/python3.12/site-packages/airflow/example_dags/example_complex.py took 0.090 seconds
[2025-01-08T18:56:10.787+0000] {processor.py:186} INFO - Started process (PID=1611) to work on /home/airflow/.local/lib/python3.12/site-packages/airflow/example_dags/example_complex.py
[2025-01-08T18:56:10.788+0000] {processor.py:914} INFO - Processing file /home/airflow/.local/lib/python3.12/site-packages/airflow/example_dags/example_complex.py for tasks to queue
[2025-01-08T18:56:10.790+0000] {logging_mixin.py:190} INFO - [2025-01-08T18:56:10.790+0000] {dagbag.py:588} INFO - Filling up the DagBag from /home/airflow/.local/lib/python3.12/site-packages/airflow/example_dags/example_complex.py
[2025-01-08T18:56:10.804+0000] {processor.py:925} INFO - DAG(s) 'example_complex' retrieved from /home/airflow/.local/lib/python3.12/site-packages/airflow/example_dags/example_complex.py
[2025-01-08T18:56:10.850+0000] {logging_mixin.py:190} INFO - [2025-01-08T18:56:10.850+0000] {dag.py:3239} INFO - Sync 1 DAGs
[2025-01-08T18:56:10.867+0000] {logging_mixin.py:190} INFO - [2025-01-08T18:56:10.867+0000] {dag.py:4180} INFO - Setting next_dagrun for example_complex to None, run_after=None
[2025-01-08T18:56:10.884+0000] {processor.py:208} INFO - Processing /home/airflow/.local/lib/python3.12/site-packages/airflow/example_dags/example_complex.py took 0.103 seconds
[2025-01-08T18:56:40.981+0000] {processor.py:186} INFO - Started process (PID=1677) to work on /home/airflow/.local/lib/python3.12/site-packages/airflow/example_dags/example_complex.py
[2025-01-08T18:56:40.982+0000] {processor.py:914} INFO - Processing file /home/airflow/.local/lib/python3.12/site-packages/airflow/example_dags/example_complex.py for tasks to queue
[2025-01-08T18:56:40.984+0000] {logging_mixin.py:190} INFO - [2025-01-08T18:56:40.983+0000] {dagbag.py:588} INFO - Filling up the DagBag from /home/airflow/.local/lib/python3.12/site-packages/airflow/example_dags/example_complex.py
[2025-01-08T18:56:40.998+0000] {processor.py:925} INFO - DAG(s) 'example_complex' retrieved from /home/airflow/.local/lib/python3.12/site-packages/airflow/example_dags/example_complex.py
[2025-01-08T18:56:41.032+0000] {logging_mixin.py:190} INFO - [2025-01-08T18:56:41.031+0000] {dag.py:3239} INFO - Sync 1 DAGs
[2025-01-08T18:56:41.042+0000] {logging_mixin.py:190} INFO - [2025-01-08T18:56:41.042+0000] {dag.py:4180} INFO - Setting next_dagrun for example_complex to None, run_after=None
[2025-01-08T18:56:41.055+0000] {processor.py:208} INFO - Processing /home/airflow/.local/lib/python3.12/site-packages/airflow/example_dags/example_complex.py took 0.080 seconds
[2025-01-08T18:57:11.436+0000] {processor.py:186} INFO - Started process (PID=1743) to work on /home/airflow/.local/lib/python3.12/site-packages/airflow/example_dags/example_complex.py
[2025-01-08T18:57:11.437+0000] {processor.py:914} INFO - Processing file /home/airflow/.local/lib/python3.12/site-packages/airflow/example_dags/example_complex.py for tasks to queue
[2025-01-08T18:57:11.439+0000] {logging_mixin.py:190} INFO - [2025-01-08T18:57:11.439+0000] {dagbag.py:588} INFO - Filling up the DagBag from /home/airflow/.local/lib/python3.12/site-packages/airflow/example_dags/example_complex.py
[2025-01-08T18:57:11.453+0000] {processor.py:925} INFO - DAG(s) 'example_complex' retrieved from /home/airflow/.local/lib/python3.12/site-packages/airflow/example_dags/example_complex.py
[2025-01-08T18:57:11.500+0000] {logging_mixin.py:190} INFO - [2025-01-08T18:57:11.499+0000] {dag.py:3239} INFO - Sync 1 DAGs
[2025-01-08T18:57:11.516+0000] {logging_mixin.py:190} INFO - [2025-01-08T18:57:11.516+0000] {dag.py:4180} INFO - Setting next_dagrun for example_complex to None, run_after=None
[2025-01-08T18:57:11.533+0000] {processor.py:208} INFO - Processing /home/airflow/.local/lib/python3.12/site-packages/airflow/example_dags/example_complex.py took 0.103 seconds
[2025-01-08T18:57:41.810+0000] {processor.py:186} INFO - Started process (PID=1807) to work on /home/airflow/.local/lib/python3.12/site-packages/airflow/example_dags/example_complex.py
[2025-01-08T18:57:41.811+0000] {processor.py:914} INFO - Processing file /home/airflow/.local/lib/python3.12/site-packages/airflow/example_dags/example_complex.py for tasks to queue
[2025-01-08T18:57:41.813+0000] {logging_mixin.py:190} INFO - [2025-01-08T18:57:41.813+0000] {dagbag.py:588} INFO - Filling up the DagBag from /home/airflow/.local/lib/python3.12/site-packages/airflow/example_dags/example_complex.py
[2025-01-08T18:57:41.828+0000] {processor.py:925} INFO - DAG(s) 'example_complex' retrieved from /home/airflow/.local/lib/python3.12/site-packages/airflow/example_dags/example_complex.py
[2025-01-08T18:57:41.862+0000] {logging_mixin.py:190} INFO - [2025-01-08T18:57:41.862+0000] {dag.py:3239} INFO - Sync 1 DAGs
[2025-01-08T18:57:41.878+0000] {logging_mixin.py:190} INFO - [2025-01-08T18:57:41.878+0000] {dag.py:4180} INFO - Setting next_dagrun for example_complex to None, run_after=None
[2025-01-08T18:57:41.894+0000] {processor.py:208} INFO - Processing /home/airflow/.local/lib/python3.12/site-packages/airflow/example_dags/example_complex.py took 0.090 seconds
[2025-01-08T18:58:12.133+0000] {processor.py:186} INFO - Started process (PID=1872) to work on /home/airflow/.local/lib/python3.12/site-packages/airflow/example_dags/example_complex.py
[2025-01-08T18:58:12.134+0000] {processor.py:914} INFO - Processing file /home/airflow/.local/lib/python3.12/site-packages/airflow/example_dags/example_complex.py for tasks to queue
[2025-01-08T18:58:12.136+0000] {logging_mixin.py:190} INFO - [2025-01-08T18:58:12.136+0000] {dagbag.py:588} INFO - Filling up the DagBag from /home/airflow/.local/lib/python3.12/site-packages/airflow/example_dags/example_complex.py
[2025-01-08T18:58:12.148+0000] {processor.py:925} INFO - DAG(s) 'example_complex' retrieved from /home/airflow/.local/lib/python3.12/site-packages/airflow/example_dags/example_complex.py
[2025-01-08T18:58:12.184+0000] {logging_mixin.py:190} INFO - [2025-01-08T18:58:12.183+0000] {dag.py:3239} INFO - Sync 1 DAGs
[2025-01-08T18:58:12.200+0000] {logging_mixin.py:190} INFO - [2025-01-08T18:58:12.199+0000] {dag.py:4180} INFO - Setting next_dagrun for example_complex to None, run_after=None
[2025-01-08T18:58:12.217+0000] {processor.py:208} INFO - Processing /home/airflow/.local/lib/python3.12/site-packages/airflow/example_dags/example_complex.py took 0.089 seconds
[2025-01-08T18:58:43.783+0000] {processor.py:186} INFO - Started process (PID=1936) to work on /home/airflow/.local/lib/python3.12/site-packages/airflow/example_dags/example_complex.py
[2025-01-08T18:58:43.789+0000] {processor.py:914} INFO - Processing file /home/airflow/.local/lib/python3.12/site-packages/airflow/example_dags/example_complex.py for tasks to queue
[2025-01-08T18:58:43.791+0000] {logging_mixin.py:190} INFO - [2025-01-08T18:58:43.791+0000] {dagbag.py:588} INFO - Filling up the DagBag from /home/airflow/.local/lib/python3.12/site-packages/airflow/example_dags/example_complex.py
[2025-01-08T18:58:43.806+0000] {processor.py:925} INFO - DAG(s) 'example_complex' retrieved from /home/airflow/.local/lib/python3.12/site-packages/airflow/example_dags/example_complex.py
[2025-01-08T18:58:43.841+0000] {logging_mixin.py:190} INFO - [2025-01-08T18:58:43.841+0000] {dag.py:3239} INFO - Sync 1 DAGs
[2025-01-08T18:58:43.861+0000] {logging_mixin.py:190} INFO - [2025-01-08T18:58:43.860+0000] {dag.py:4180} INFO - Setting next_dagrun for example_complex to None, run_after=None
[2025-01-08T18:58:43.882+0000] {processor.py:208} INFO - Processing /home/airflow/.local/lib/python3.12/site-packages/airflow/example_dags/example_complex.py took 0.105 seconds
[2025-01-08T18:59:15.053+0000] {processor.py:186} INFO - Started process (PID=2001) to work on /home/airflow/.local/lib/python3.12/site-packages/airflow/example_dags/example_complex.py
[2025-01-08T18:59:15.058+0000] {processor.py:914} INFO - Processing file /home/airflow/.local/lib/python3.12/site-packages/airflow/example_dags/example_complex.py for tasks to queue
[2025-01-08T18:59:15.060+0000] {logging_mixin.py:190} INFO - [2025-01-08T18:59:15.060+0000] {dagbag.py:588} INFO - Filling up the DagBag from /home/airflow/.local/lib/python3.12/site-packages/airflow/example_dags/example_complex.py
[2025-01-08T18:59:15.103+0000] {processor.py:925} INFO - DAG(s) 'example_complex' retrieved from /home/airflow/.local/lib/python3.12/site-packages/airflow/example_dags/example_complex.py
[2025-01-08T18:59:15.143+0000] {logging_mixin.py:190} INFO - [2025-01-08T18:59:15.143+0000] {dag.py:3239} INFO - Sync 1 DAGs
[2025-01-08T18:59:15.172+0000] {logging_mixin.py:190} INFO - [2025-01-08T18:59:15.172+0000] {dag.py:4180} INFO - Setting next_dagrun for example_complex to None, run_after=None
[2025-01-08T18:59:15.210+0000] {processor.py:208} INFO - Processing /home/airflow/.local/lib/python3.12/site-packages/airflow/example_dags/example_complex.py took 0.164 seconds
[2025-01-08T18:59:46.886+0000] {processor.py:186} INFO - Started process (PID=2066) to work on /home/airflow/.local/lib/python3.12/site-packages/airflow/example_dags/example_complex.py
[2025-01-08T18:59:46.896+0000] {processor.py:914} INFO - Processing file /home/airflow/.local/lib/python3.12/site-packages/airflow/example_dags/example_complex.py for tasks to queue
[2025-01-08T18:59:46.898+0000] {logging_mixin.py:190} INFO - [2025-01-08T18:59:46.898+0000] {dagbag.py:588} INFO - Filling up the DagBag from /home/airflow/.local/lib/python3.12/site-packages/airflow/example_dags/example_complex.py
[2025-01-08T18:59:46.912+0000] {processor.py:925} INFO - DAG(s) 'example_complex' retrieved from /home/airflow/.local/lib/python3.12/site-packages/airflow/example_dags/example_complex.py
[2025-01-08T18:59:46.964+0000] {logging_mixin.py:190} INFO - [2025-01-08T18:59:46.964+0000] {dag.py:3239} INFO - Sync 1 DAGs
[2025-01-08T18:59:46.981+0000] {logging_mixin.py:190} INFO - [2025-01-08T18:59:46.981+0000] {dag.py:4180} INFO - Setting next_dagrun for example_complex to None, run_after=None
[2025-01-08T18:59:46.998+0000] {processor.py:208} INFO - Processing /home/airflow/.local/lib/python3.12/site-packages/airflow/example_dags/example_complex.py took 0.132 seconds
