[2025-01-08T18:44:00.887+0000] {processor.py:186} INFO - Started process (PID=77) to work on /home/airflow/.local/lib/python3.12/site-packages/airflow/example_dags/example_dag_decorator.py
[2025-01-08T18:44:00.894+0000] {processor.py:914} INFO - Processing file /home/airflow/.local/lib/python3.12/site-packages/airflow/example_dags/example_dag_decorator.py for tasks to queue
[2025-01-08T18:44:00.897+0000] {logging_mixin.py:190} INFO - [2025-01-08T18:44:00.897+0000] {dagbag.py:588} INFO - Filling up the DagBag from /home/airflow/.local/lib/python3.12/site-packages/airflow/example_dags/example_dag_decorator.py
[2025-01-08T18:44:01.008+0000] {processor.py:925} INFO - DAG(s) 'example_dag_decorator' retrieved from /home/airflow/.local/lib/python3.12/site-packages/airflow/example_dags/example_dag_decorator.py
[2025-01-08T18:44:02.083+0000] {logging_mixin.py:190} INFO - [2025-01-08T18:44:02.083+0000] {dag.py:3239} INFO - Sync 1 DAGs
[2025-01-08T18:44:02.132+0000] {logging_mixin.py:190} INFO - [2025-01-08T18:44:02.132+0000] {dag.py:4180} INFO - Setting next_dagrun for example_dag_decorator to None, run_after=None
[2025-01-08T18:44:02.288+0000] {processor.py:208} INFO - Processing /home/airflow/.local/lib/python3.12/site-packages/airflow/example_dags/example_dag_decorator.py took 1.442 seconds
[2025-01-08T18:44:32.400+0000] {processor.py:186} INFO - Started process (PID=142) to work on /home/airflow/.local/lib/python3.12/site-packages/airflow/example_dags/example_dag_decorator.py
[2025-01-08T18:44:32.407+0000] {processor.py:914} INFO - Processing file /home/airflow/.local/lib/python3.12/site-packages/airflow/example_dags/example_dag_decorator.py for tasks to queue
[2025-01-08T18:44:32.410+0000] {logging_mixin.py:190} INFO - [2025-01-08T18:44:32.410+0000] {dagbag.py:588} INFO - Filling up the DagBag from /home/airflow/.local/lib/python3.12/site-packages/airflow/example_dags/example_dag_decorator.py
[2025-01-08T18:44:32.439+0000] {processor.py:925} INFO - DAG(s) 'example_dag_decorator' retrieved from /home/airflow/.local/lib/python3.12/site-packages/airflow/example_dags/example_dag_decorator.py
[2025-01-08T18:44:32.873+0000] {logging_mixin.py:190} INFO - [2025-01-08T18:44:32.873+0000] {dag.py:3239} INFO - Sync 1 DAGs
[2025-01-08T18:44:32.930+0000] {logging_mixin.py:190} INFO - [2025-01-08T18:44:32.930+0000] {dag.py:4180} INFO - Setting next_dagrun for example_dag_decorator to None, run_after=None
[2025-01-08T18:44:33.060+0000] {processor.py:208} INFO - Processing /home/airflow/.local/lib/python3.12/site-packages/airflow/example_dags/example_dag_decorator.py took 0.684 seconds
[2025-01-08T18:45:04.282+0000] {processor.py:186} INFO - Started process (PID=207) to work on /home/airflow/.local/lib/python3.12/site-packages/airflow/example_dags/example_dag_decorator.py
[2025-01-08T18:45:04.298+0000] {processor.py:914} INFO - Processing file /home/airflow/.local/lib/python3.12/site-packages/airflow/example_dags/example_dag_decorator.py for tasks to queue
[2025-01-08T18:45:04.314+0000] {logging_mixin.py:190} INFO - [2025-01-08T18:45:04.310+0000] {dagbag.py:588} INFO - Filling up the DagBag from /home/airflow/.local/lib/python3.12/site-packages/airflow/example_dags/example_dag_decorator.py
[2025-01-08T18:45:04.402+0000] {processor.py:925} INFO - DAG(s) 'example_dag_decorator' retrieved from /home/airflow/.local/lib/python3.12/site-packages/airflow/example_dags/example_dag_decorator.py
[2025-01-08T18:45:05.239+0000] {logging_mixin.py:190} INFO - [2025-01-08T18:45:05.238+0000] {dag.py:3239} INFO - Sync 1 DAGs
[2025-01-08T18:45:05.273+0000] {logging_mixin.py:190} INFO - [2025-01-08T18:45:05.273+0000] {dag.py:4180} INFO - Setting next_dagrun for example_dag_decorator to None, run_after=None
[2025-01-08T18:45:05.383+0000] {processor.py:208} INFO - Processing /home/airflow/.local/lib/python3.12/site-packages/airflow/example_dags/example_dag_decorator.py took 1.124 seconds
[2025-01-08T18:45:35.822+0000] {processor.py:186} INFO - Started process (PID=270) to work on /home/airflow/.local/lib/python3.12/site-packages/airflow/example_dags/example_dag_decorator.py
[2025-01-08T18:45:35.826+0000] {processor.py:914} INFO - Processing file /home/airflow/.local/lib/python3.12/site-packages/airflow/example_dags/example_dag_decorator.py for tasks to queue
[2025-01-08T18:45:35.829+0000] {logging_mixin.py:190} INFO - [2025-01-08T18:45:35.828+0000] {dagbag.py:588} INFO - Filling up the DagBag from /home/airflow/.local/lib/python3.12/site-packages/airflow/example_dags/example_dag_decorator.py
[2025-01-08T18:45:35.850+0000] {processor.py:925} INFO - DAG(s) 'example_dag_decorator' retrieved from /home/airflow/.local/lib/python3.12/site-packages/airflow/example_dags/example_dag_decorator.py
[2025-01-08T18:45:35.972+0000] {logging_mixin.py:190} INFO - [2025-01-08T18:45:35.971+0000] {dag.py:3239} INFO - Sync 1 DAGs
[2025-01-08T18:45:35.984+0000] {logging_mixin.py:190} INFO - [2025-01-08T18:45:35.984+0000] {dag.py:4180} INFO - Setting next_dagrun for example_dag_decorator to None, run_after=None
[2025-01-08T18:45:35.997+0000] {processor.py:208} INFO - Processing /home/airflow/.local/lib/python3.12/site-packages/airflow/example_dags/example_dag_decorator.py took 0.187 seconds
[2025-01-08T18:46:06.323+0000] {processor.py:186} INFO - Started process (PID=335) to work on /home/airflow/.local/lib/python3.12/site-packages/airflow/example_dags/example_dag_decorator.py
[2025-01-08T18:46:06.326+0000] {processor.py:914} INFO - Processing file /home/airflow/.local/lib/python3.12/site-packages/airflow/example_dags/example_dag_decorator.py for tasks to queue
[2025-01-08T18:46:06.328+0000] {logging_mixin.py:190} INFO - [2025-01-08T18:46:06.328+0000] {dagbag.py:588} INFO - Filling up the DagBag from /home/airflow/.local/lib/python3.12/site-packages/airflow/example_dags/example_dag_decorator.py
[2025-01-08T18:46:06.342+0000] {processor.py:925} INFO - DAG(s) 'example_dag_decorator' retrieved from /home/airflow/.local/lib/python3.12/site-packages/airflow/example_dags/example_dag_decorator.py
[2025-01-08T18:46:06.524+0000] {logging_mixin.py:190} INFO - [2025-01-08T18:46:06.524+0000] {dag.py:3239} INFO - Sync 1 DAGs
[2025-01-08T18:46:06.541+0000] {logging_mixin.py:190} INFO - [2025-01-08T18:46:06.541+0000] {dag.py:4180} INFO - Setting next_dagrun for example_dag_decorator to None, run_after=None
[2025-01-08T18:46:06.561+0000] {processor.py:208} INFO - Processing /home/airflow/.local/lib/python3.12/site-packages/airflow/example_dags/example_dag_decorator.py took 0.248 seconds
[2025-01-08T18:46:36.904+0000] {processor.py:186} INFO - Started process (PID=400) to work on /home/airflow/.local/lib/python3.12/site-packages/airflow/example_dags/example_dag_decorator.py
[2025-01-08T18:46:36.904+0000] {processor.py:914} INFO - Processing file /home/airflow/.local/lib/python3.12/site-packages/airflow/example_dags/example_dag_decorator.py for tasks to queue
[2025-01-08T18:46:36.907+0000] {logging_mixin.py:190} INFO - [2025-01-08T18:46:36.906+0000] {dagbag.py:588} INFO - Filling up the DagBag from /home/airflow/.local/lib/python3.12/site-packages/airflow/example_dags/example_dag_decorator.py
[2025-01-08T18:46:36.917+0000] {processor.py:925} INFO - DAG(s) 'example_dag_decorator' retrieved from /home/airflow/.local/lib/python3.12/site-packages/airflow/example_dags/example_dag_decorator.py
[2025-01-08T18:46:37.050+0000] {logging_mixin.py:190} INFO - [2025-01-08T18:46:37.049+0000] {dag.py:3239} INFO - Sync 1 DAGs
[2025-01-08T18:46:37.059+0000] {logging_mixin.py:190} INFO - [2025-01-08T18:46:37.059+0000] {dag.py:4180} INFO - Setting next_dagrun for example_dag_decorator to None, run_after=None
[2025-01-08T18:46:37.073+0000] {processor.py:208} INFO - Processing /home/airflow/.local/lib/python3.12/site-packages/airflow/example_dags/example_dag_decorator.py took 0.173 seconds
[2025-01-08T18:47:07.516+0000] {processor.py:186} INFO - Started process (PID=465) to work on /home/airflow/.local/lib/python3.12/site-packages/airflow/example_dags/example_dag_decorator.py
[2025-01-08T18:47:07.517+0000] {processor.py:914} INFO - Processing file /home/airflow/.local/lib/python3.12/site-packages/airflow/example_dags/example_dag_decorator.py for tasks to queue
[2025-01-08T18:47:07.518+0000] {logging_mixin.py:190} INFO - [2025-01-08T18:47:07.518+0000] {dagbag.py:588} INFO - Filling up the DagBag from /home/airflow/.local/lib/python3.12/site-packages/airflow/example_dags/example_dag_decorator.py
[2025-01-08T18:47:07.528+0000] {processor.py:925} INFO - DAG(s) 'example_dag_decorator' retrieved from /home/airflow/.local/lib/python3.12/site-packages/airflow/example_dags/example_dag_decorator.py
[2025-01-08T18:47:07.633+0000] {logging_mixin.py:190} INFO - [2025-01-08T18:47:07.633+0000] {dag.py:3239} INFO - Sync 1 DAGs
[2025-01-08T18:47:07.643+0000] {logging_mixin.py:190} INFO - [2025-01-08T18:47:07.643+0000] {dag.py:4180} INFO - Setting next_dagrun for example_dag_decorator to None, run_after=None
[2025-01-08T18:47:07.656+0000] {processor.py:208} INFO - Processing /home/airflow/.local/lib/python3.12/site-packages/airflow/example_dags/example_dag_decorator.py took 0.144 seconds
[2025-01-08T18:47:38.736+0000] {processor.py:186} INFO - Started process (PID=531) to work on /home/airflow/.local/lib/python3.12/site-packages/airflow/example_dags/example_dag_decorator.py
[2025-01-08T18:47:38.736+0000] {processor.py:914} INFO - Processing file /home/airflow/.local/lib/python3.12/site-packages/airflow/example_dags/example_dag_decorator.py for tasks to queue
[2025-01-08T18:47:38.755+0000] {logging_mixin.py:190} INFO - [2025-01-08T18:47:38.755+0000] {dagbag.py:588} INFO - Filling up the DagBag from /home/airflow/.local/lib/python3.12/site-packages/airflow/example_dags/example_dag_decorator.py
[2025-01-08T18:47:38.772+0000] {processor.py:925} INFO - DAG(s) 'example_dag_decorator' retrieved from /home/airflow/.local/lib/python3.12/site-packages/airflow/example_dags/example_dag_decorator.py
[2025-01-08T18:47:39.004+0000] {logging_mixin.py:190} INFO - [2025-01-08T18:47:39.004+0000] {dag.py:3239} INFO - Sync 1 DAGs
[2025-01-08T18:47:39.024+0000] {logging_mixin.py:190} INFO - [2025-01-08T18:47:39.024+0000] {dag.py:4180} INFO - Setting next_dagrun for example_dag_decorator to None, run_after=None
[2025-01-08T18:47:39.042+0000] {processor.py:208} INFO - Processing /home/airflow/.local/lib/python3.12/site-packages/airflow/example_dags/example_dag_decorator.py took 0.344 seconds
[2025-01-08T18:48:09.774+0000] {processor.py:186} INFO - Started process (PID=596) to work on /home/airflow/.local/lib/python3.12/site-packages/airflow/example_dags/example_dag_decorator.py
[2025-01-08T18:48:09.814+0000] {processor.py:914} INFO - Processing file /home/airflow/.local/lib/python3.12/site-packages/airflow/example_dags/example_dag_decorator.py for tasks to queue
[2025-01-08T18:48:09.816+0000] {logging_mixin.py:190} INFO - [2025-01-08T18:48:09.816+0000] {dagbag.py:588} INFO - Filling up the DagBag from /home/airflow/.local/lib/python3.12/site-packages/airflow/example_dags/example_dag_decorator.py
[2025-01-08T18:48:09.830+0000] {processor.py:925} INFO - DAG(s) 'example_dag_decorator' retrieved from /home/airflow/.local/lib/python3.12/site-packages/airflow/example_dags/example_dag_decorator.py
[2025-01-08T18:48:10.287+0000] {logging_mixin.py:190} INFO - [2025-01-08T18:48:10.287+0000] {dag.py:3239} INFO - Sync 1 DAGs
[2025-01-08T18:48:10.418+0000] {logging_mixin.py:190} INFO - [2025-01-08T18:48:10.418+0000] {dag.py:4180} INFO - Setting next_dagrun for example_dag_decorator to None, run_after=None
[2025-01-08T18:48:10.523+0000] {processor.py:208} INFO - Processing /home/airflow/.local/lib/python3.12/site-packages/airflow/example_dags/example_dag_decorator.py took 0.770 seconds
[2025-01-08T18:48:40.758+0000] {processor.py:186} INFO - Started process (PID=661) to work on /home/airflow/.local/lib/python3.12/site-packages/airflow/example_dags/example_dag_decorator.py
[2025-01-08T18:48:40.764+0000] {processor.py:914} INFO - Processing file /home/airflow/.local/lib/python3.12/site-packages/airflow/example_dags/example_dag_decorator.py for tasks to queue
[2025-01-08T18:48:40.766+0000] {logging_mixin.py:190} INFO - [2025-01-08T18:48:40.766+0000] {dagbag.py:588} INFO - Filling up the DagBag from /home/airflow/.local/lib/python3.12/site-packages/airflow/example_dags/example_dag_decorator.py
[2025-01-08T18:48:40.778+0000] {processor.py:925} INFO - DAG(s) 'example_dag_decorator' retrieved from /home/airflow/.local/lib/python3.12/site-packages/airflow/example_dags/example_dag_decorator.py
[2025-01-08T18:48:40.899+0000] {logging_mixin.py:190} INFO - [2025-01-08T18:48:40.898+0000] {dag.py:3239} INFO - Sync 1 DAGs
[2025-01-08T18:48:40.908+0000] {logging_mixin.py:190} INFO - [2025-01-08T18:48:40.908+0000] {dag.py:4180} INFO - Setting next_dagrun for example_dag_decorator to None, run_after=None
[2025-01-08T18:48:40.920+0000] {processor.py:208} INFO - Processing /home/airflow/.local/lib/python3.12/site-packages/airflow/example_dags/example_dag_decorator.py took 0.167 seconds
[2025-01-08T18:49:11.057+0000] {processor.py:186} INFO - Started process (PID=728) to work on /home/airflow/.local/lib/python3.12/site-packages/airflow/example_dags/example_dag_decorator.py
[2025-01-08T18:49:11.058+0000] {processor.py:914} INFO - Processing file /home/airflow/.local/lib/python3.12/site-packages/airflow/example_dags/example_dag_decorator.py for tasks to queue
[2025-01-08T18:49:11.060+0000] {logging_mixin.py:190} INFO - [2025-01-08T18:49:11.060+0000] {dagbag.py:588} INFO - Filling up the DagBag from /home/airflow/.local/lib/python3.12/site-packages/airflow/example_dags/example_dag_decorator.py
[2025-01-08T18:49:11.073+0000] {processor.py:925} INFO - DAG(s) 'example_dag_decorator' retrieved from /home/airflow/.local/lib/python3.12/site-packages/airflow/example_dags/example_dag_decorator.py
[2025-01-08T18:49:11.207+0000] {logging_mixin.py:190} INFO - [2025-01-08T18:49:11.207+0000] {dag.py:3239} INFO - Sync 1 DAGs
[2025-01-08T18:49:11.222+0000] {logging_mixin.py:190} INFO - [2025-01-08T18:49:11.222+0000] {dag.py:4180} INFO - Setting next_dagrun for example_dag_decorator to None, run_after=None
[2025-01-08T18:49:11.239+0000] {processor.py:208} INFO - Processing /home/airflow/.local/lib/python3.12/site-packages/airflow/example_dags/example_dag_decorator.py took 0.189 seconds
[2025-01-08T18:49:43.385+0000] {processor.py:186} INFO - Started process (PID=783) to work on /home/airflow/.local/lib/python3.12/site-packages/airflow/example_dags/example_dag_decorator.py
[2025-01-08T18:49:43.386+0000] {processor.py:914} INFO - Processing file /home/airflow/.local/lib/python3.12/site-packages/airflow/example_dags/example_dag_decorator.py for tasks to queue
[2025-01-08T18:49:43.389+0000] {logging_mixin.py:190} INFO - [2025-01-08T18:49:43.388+0000] {dagbag.py:588} INFO - Filling up the DagBag from /home/airflow/.local/lib/python3.12/site-packages/airflow/example_dags/example_dag_decorator.py
[2025-01-08T18:49:43.405+0000] {processor.py:925} INFO - DAG(s) 'example_dag_decorator' retrieved from /home/airflow/.local/lib/python3.12/site-packages/airflow/example_dags/example_dag_decorator.py
[2025-01-08T18:49:43.551+0000] {logging_mixin.py:190} INFO - [2025-01-08T18:49:43.550+0000] {dag.py:3239} INFO - Sync 1 DAGs
[2025-01-08T18:49:43.567+0000] {logging_mixin.py:190} INFO - [2025-01-08T18:49:43.567+0000] {dag.py:4180} INFO - Setting next_dagrun for example_dag_decorator to None, run_after=None
[2025-01-08T18:49:43.587+0000] {processor.py:208} INFO - Processing /home/airflow/.local/lib/python3.12/site-packages/airflow/example_dags/example_dag_decorator.py took 0.208 seconds
[2025-01-08T18:50:14.135+0000] {processor.py:186} INFO - Started process (PID=846) to work on /home/airflow/.local/lib/python3.12/site-packages/airflow/example_dags/example_dag_decorator.py
[2025-01-08T18:50:14.136+0000] {processor.py:914} INFO - Processing file /home/airflow/.local/lib/python3.12/site-packages/airflow/example_dags/example_dag_decorator.py for tasks to queue
[2025-01-08T18:50:14.138+0000] {logging_mixin.py:190} INFO - [2025-01-08T18:50:14.137+0000] {dagbag.py:588} INFO - Filling up the DagBag from /home/airflow/.local/lib/python3.12/site-packages/airflow/example_dags/example_dag_decorator.py
[2025-01-08T18:50:14.150+0000] {processor.py:925} INFO - DAG(s) 'example_dag_decorator' retrieved from /home/airflow/.local/lib/python3.12/site-packages/airflow/example_dags/example_dag_decorator.py
[2025-01-08T18:50:14.281+0000] {logging_mixin.py:190} INFO - [2025-01-08T18:50:14.281+0000] {dag.py:3239} INFO - Sync 1 DAGs
[2025-01-08T18:50:14.298+0000] {logging_mixin.py:190} INFO - [2025-01-08T18:50:14.297+0000] {dag.py:4180} INFO - Setting next_dagrun for example_dag_decorator to None, run_after=None
[2025-01-08T18:50:14.317+0000] {processor.py:208} INFO - Processing /home/airflow/.local/lib/python3.12/site-packages/airflow/example_dags/example_dag_decorator.py took 0.188 seconds
[2025-01-08T18:50:44.657+0000] {processor.py:186} INFO - Started process (PID=909) to work on /home/airflow/.local/lib/python3.12/site-packages/airflow/example_dags/example_dag_decorator.py
[2025-01-08T18:50:44.658+0000] {processor.py:914} INFO - Processing file /home/airflow/.local/lib/python3.12/site-packages/airflow/example_dags/example_dag_decorator.py for tasks to queue
[2025-01-08T18:50:44.660+0000] {logging_mixin.py:190} INFO - [2025-01-08T18:50:44.659+0000] {dagbag.py:588} INFO - Filling up the DagBag from /home/airflow/.local/lib/python3.12/site-packages/airflow/example_dags/example_dag_decorator.py
[2025-01-08T18:50:44.672+0000] {processor.py:925} INFO - DAG(s) 'example_dag_decorator' retrieved from /home/airflow/.local/lib/python3.12/site-packages/airflow/example_dags/example_dag_decorator.py
[2025-01-08T18:50:44.880+0000] {logging_mixin.py:190} INFO - [2025-01-08T18:50:44.879+0000] {dag.py:3239} INFO - Sync 1 DAGs
[2025-01-08T18:50:44.895+0000] {logging_mixin.py:190} INFO - [2025-01-08T18:50:44.895+0000] {dag.py:4180} INFO - Setting next_dagrun for example_dag_decorator to None, run_after=None
[2025-01-08T18:50:44.916+0000] {processor.py:208} INFO - Processing /home/airflow/.local/lib/python3.12/site-packages/airflow/example_dags/example_dag_decorator.py took 0.265 seconds
[2025-01-08T18:51:15.180+0000] {processor.py:186} INFO - Started process (PID=974) to work on /home/airflow/.local/lib/python3.12/site-packages/airflow/example_dags/example_dag_decorator.py
[2025-01-08T18:51:15.181+0000] {processor.py:914} INFO - Processing file /home/airflow/.local/lib/python3.12/site-packages/airflow/example_dags/example_dag_decorator.py for tasks to queue
[2025-01-08T18:51:15.183+0000] {logging_mixin.py:190} INFO - [2025-01-08T18:51:15.183+0000] {dagbag.py:588} INFO - Filling up the DagBag from /home/airflow/.local/lib/python3.12/site-packages/airflow/example_dags/example_dag_decorator.py
[2025-01-08T18:51:15.196+0000] {processor.py:925} INFO - DAG(s) 'example_dag_decorator' retrieved from /home/airflow/.local/lib/python3.12/site-packages/airflow/example_dags/example_dag_decorator.py
[2025-01-08T18:51:15.351+0000] {logging_mixin.py:190} INFO - [2025-01-08T18:51:15.351+0000] {dag.py:3239} INFO - Sync 1 DAGs
[2025-01-08T18:51:15.379+0000] {logging_mixin.py:190} INFO - [2025-01-08T18:51:15.379+0000] {dag.py:4180} INFO - Setting next_dagrun for example_dag_decorator to None, run_after=None
[2025-01-08T18:51:15.429+0000] {processor.py:208} INFO - Processing /home/airflow/.local/lib/python3.12/site-packages/airflow/example_dags/example_dag_decorator.py took 0.255 seconds
[2025-01-08T18:51:46.157+0000] {processor.py:186} INFO - Started process (PID=1038) to work on /home/airflow/.local/lib/python3.12/site-packages/airflow/example_dags/example_dag_decorator.py
[2025-01-08T18:51:46.158+0000] {processor.py:914} INFO - Processing file /home/airflow/.local/lib/python3.12/site-packages/airflow/example_dags/example_dag_decorator.py for tasks to queue
[2025-01-08T18:51:46.161+0000] {logging_mixin.py:190} INFO - [2025-01-08T18:51:46.160+0000] {dagbag.py:588} INFO - Filling up the DagBag from /home/airflow/.local/lib/python3.12/site-packages/airflow/example_dags/example_dag_decorator.py
[2025-01-08T18:51:46.176+0000] {processor.py:925} INFO - DAG(s) 'example_dag_decorator' retrieved from /home/airflow/.local/lib/python3.12/site-packages/airflow/example_dags/example_dag_decorator.py
[2025-01-08T18:51:46.320+0000] {logging_mixin.py:190} INFO - [2025-01-08T18:51:46.320+0000] {dag.py:3239} INFO - Sync 1 DAGs
[2025-01-08T18:51:46.331+0000] {logging_mixin.py:190} INFO - [2025-01-08T18:51:46.330+0000] {dag.py:4180} INFO - Setting next_dagrun for example_dag_decorator to None, run_after=None
[2025-01-08T18:51:46.350+0000] {processor.py:208} INFO - Processing /home/airflow/.local/lib/python3.12/site-packages/airflow/example_dags/example_dag_decorator.py took 0.198 seconds
[2025-01-08T18:52:17.025+0000] {processor.py:186} INFO - Started process (PID=1103) to work on /home/airflow/.local/lib/python3.12/site-packages/airflow/example_dags/example_dag_decorator.py
[2025-01-08T18:52:17.026+0000] {processor.py:914} INFO - Processing file /home/airflow/.local/lib/python3.12/site-packages/airflow/example_dags/example_dag_decorator.py for tasks to queue
[2025-01-08T18:52:17.028+0000] {logging_mixin.py:190} INFO - [2025-01-08T18:52:17.028+0000] {dagbag.py:588} INFO - Filling up the DagBag from /home/airflow/.local/lib/python3.12/site-packages/airflow/example_dags/example_dag_decorator.py
[2025-01-08T18:52:17.039+0000] {processor.py:925} INFO - DAG(s) 'example_dag_decorator' retrieved from /home/airflow/.local/lib/python3.12/site-packages/airflow/example_dags/example_dag_decorator.py
[2025-01-08T18:52:17.243+0000] {logging_mixin.py:190} INFO - [2025-01-08T18:52:17.243+0000] {dag.py:3239} INFO - Sync 1 DAGs
[2025-01-08T18:52:17.259+0000] {logging_mixin.py:190} INFO - [2025-01-08T18:52:17.258+0000] {dag.py:4180} INFO - Setting next_dagrun for example_dag_decorator to None, run_after=None
[2025-01-08T18:52:17.297+0000] {processor.py:208} INFO - Processing /home/airflow/.local/lib/python3.12/site-packages/airflow/example_dags/example_dag_decorator.py took 0.278 seconds
[2025-01-08T18:52:47.680+0000] {processor.py:186} INFO - Started process (PID=1170) to work on /home/airflow/.local/lib/python3.12/site-packages/airflow/example_dags/example_dag_decorator.py
[2025-01-08T18:52:47.681+0000] {processor.py:914} INFO - Processing file /home/airflow/.local/lib/python3.12/site-packages/airflow/example_dags/example_dag_decorator.py for tasks to queue
[2025-01-08T18:52:47.686+0000] {logging_mixin.py:190} INFO - [2025-01-08T18:52:47.686+0000] {dagbag.py:588} INFO - Filling up the DagBag from /home/airflow/.local/lib/python3.12/site-packages/airflow/example_dags/example_dag_decorator.py
[2025-01-08T18:52:47.715+0000] {processor.py:925} INFO - DAG(s) 'example_dag_decorator' retrieved from /home/airflow/.local/lib/python3.12/site-packages/airflow/example_dags/example_dag_decorator.py
[2025-01-08T18:52:48.037+0000] {logging_mixin.py:190} INFO - [2025-01-08T18:52:48.037+0000] {dag.py:3239} INFO - Sync 1 DAGs
[2025-01-08T18:52:48.078+0000] {logging_mixin.py:190} INFO - [2025-01-08T18:52:48.077+0000] {dag.py:4180} INFO - Setting next_dagrun for example_dag_decorator to None, run_after=None
[2025-01-08T18:52:48.147+0000] {processor.py:208} INFO - Processing /home/airflow/.local/lib/python3.12/site-packages/airflow/example_dags/example_dag_decorator.py took 0.472 seconds
[2025-01-08T18:53:18.655+0000] {processor.py:186} INFO - Started process (PID=1234) to work on /home/airflow/.local/lib/python3.12/site-packages/airflow/example_dags/example_dag_decorator.py
[2025-01-08T18:53:18.655+0000] {processor.py:914} INFO - Processing file /home/airflow/.local/lib/python3.12/site-packages/airflow/example_dags/example_dag_decorator.py for tasks to queue
[2025-01-08T18:53:18.657+0000] {logging_mixin.py:190} INFO - [2025-01-08T18:53:18.657+0000] {dagbag.py:588} INFO - Filling up the DagBag from /home/airflow/.local/lib/python3.12/site-packages/airflow/example_dags/example_dag_decorator.py
[2025-01-08T18:53:18.669+0000] {processor.py:925} INFO - DAG(s) 'example_dag_decorator' retrieved from /home/airflow/.local/lib/python3.12/site-packages/airflow/example_dags/example_dag_decorator.py
[2025-01-08T18:53:18.829+0000] {logging_mixin.py:190} INFO - [2025-01-08T18:53:18.829+0000] {dag.py:3239} INFO - Sync 1 DAGs
[2025-01-08T18:53:18.843+0000] {logging_mixin.py:190} INFO - [2025-01-08T18:53:18.843+0000] {dag.py:4180} INFO - Setting next_dagrun for example_dag_decorator to None, run_after=None
[2025-01-08T18:53:18.862+0000] {processor.py:208} INFO - Processing /home/airflow/.local/lib/python3.12/site-packages/airflow/example_dags/example_dag_decorator.py took 0.213 seconds
[2025-01-08T18:53:49.070+0000] {processor.py:186} INFO - Started process (PID=1300) to work on /home/airflow/.local/lib/python3.12/site-packages/airflow/example_dags/example_dag_decorator.py
[2025-01-08T18:53:49.071+0000] {processor.py:914} INFO - Processing file /home/airflow/.local/lib/python3.12/site-packages/airflow/example_dags/example_dag_decorator.py for tasks to queue
[2025-01-08T18:53:49.073+0000] {logging_mixin.py:190} INFO - [2025-01-08T18:53:49.072+0000] {dagbag.py:588} INFO - Filling up the DagBag from /home/airflow/.local/lib/python3.12/site-packages/airflow/example_dags/example_dag_decorator.py
[2025-01-08T18:53:49.085+0000] {processor.py:925} INFO - DAG(s) 'example_dag_decorator' retrieved from /home/airflow/.local/lib/python3.12/site-packages/airflow/example_dags/example_dag_decorator.py
[2025-01-08T18:53:49.387+0000] {logging_mixin.py:190} INFO - [2025-01-08T18:53:49.387+0000] {dag.py:3239} INFO - Sync 1 DAGs
[2025-01-08T18:53:49.427+0000] {logging_mixin.py:190} INFO - [2025-01-08T18:53:49.427+0000] {dag.py:4180} INFO - Setting next_dagrun for example_dag_decorator to None, run_after=None
[2025-01-08T18:53:49.494+0000] {processor.py:208} INFO - Processing /home/airflow/.local/lib/python3.12/site-packages/airflow/example_dags/example_dag_decorator.py took 0.440 seconds
[2025-01-08T18:54:19.634+0000] {processor.py:186} INFO - Started process (PID=1366) to work on /home/airflow/.local/lib/python3.12/site-packages/airflow/example_dags/example_dag_decorator.py
[2025-01-08T18:54:19.635+0000] {processor.py:914} INFO - Processing file /home/airflow/.local/lib/python3.12/site-packages/airflow/example_dags/example_dag_decorator.py for tasks to queue
[2025-01-08T18:54:19.637+0000] {logging_mixin.py:190} INFO - [2025-01-08T18:54:19.636+0000] {dagbag.py:588} INFO - Filling up the DagBag from /home/airflow/.local/lib/python3.12/site-packages/airflow/example_dags/example_dag_decorator.py
[2025-01-08T18:54:19.649+0000] {processor.py:925} INFO - DAG(s) 'example_dag_decorator' retrieved from /home/airflow/.local/lib/python3.12/site-packages/airflow/example_dags/example_dag_decorator.py
[2025-01-08T18:54:19.785+0000] {logging_mixin.py:190} INFO - [2025-01-08T18:54:19.785+0000] {dag.py:3239} INFO - Sync 1 DAGs
[2025-01-08T18:54:19.800+0000] {logging_mixin.py:190} INFO - [2025-01-08T18:54:19.800+0000] {dag.py:4180} INFO - Setting next_dagrun for example_dag_decorator to None, run_after=None
[2025-01-08T18:54:19.817+0000] {processor.py:208} INFO - Processing /home/airflow/.local/lib/python3.12/site-packages/airflow/example_dags/example_dag_decorator.py took 0.188 seconds
[2025-01-08T18:54:50.202+0000] {processor.py:186} INFO - Started process (PID=1431) to work on /home/airflow/.local/lib/python3.12/site-packages/airflow/example_dags/example_dag_decorator.py
[2025-01-08T18:54:50.203+0000] {processor.py:914} INFO - Processing file /home/airflow/.local/lib/python3.12/site-packages/airflow/example_dags/example_dag_decorator.py for tasks to queue
[2025-01-08T18:54:50.205+0000] {logging_mixin.py:190} INFO - [2025-01-08T18:54:50.204+0000] {dagbag.py:588} INFO - Filling up the DagBag from /home/airflow/.local/lib/python3.12/site-packages/airflow/example_dags/example_dag_decorator.py
[2025-01-08T18:54:50.219+0000] {processor.py:925} INFO - DAG(s) 'example_dag_decorator' retrieved from /home/airflow/.local/lib/python3.12/site-packages/airflow/example_dags/example_dag_decorator.py
[2025-01-08T18:54:50.351+0000] {logging_mixin.py:190} INFO - [2025-01-08T18:54:50.351+0000] {dag.py:3239} INFO - Sync 1 DAGs
[2025-01-08T18:54:50.365+0000] {logging_mixin.py:190} INFO - [2025-01-08T18:54:50.365+0000] {dag.py:4180} INFO - Setting next_dagrun for example_dag_decorator to None, run_after=None
[2025-01-08T18:54:50.383+0000] {processor.py:208} INFO - Processing /home/airflow/.local/lib/python3.12/site-packages/airflow/example_dags/example_dag_decorator.py took 0.186 seconds
[2025-01-08T18:55:20.942+0000] {processor.py:186} INFO - Started process (PID=1496) to work on /home/airflow/.local/lib/python3.12/site-packages/airflow/example_dags/example_dag_decorator.py
[2025-01-08T18:55:20.942+0000] {processor.py:914} INFO - Processing file /home/airflow/.local/lib/python3.12/site-packages/airflow/example_dags/example_dag_decorator.py for tasks to queue
[2025-01-08T18:55:20.944+0000] {logging_mixin.py:190} INFO - [2025-01-08T18:55:20.944+0000] {dagbag.py:588} INFO - Filling up the DagBag from /home/airflow/.local/lib/python3.12/site-packages/airflow/example_dags/example_dag_decorator.py
[2025-01-08T18:55:20.962+0000] {processor.py:925} INFO - DAG(s) 'example_dag_decorator' retrieved from /home/airflow/.local/lib/python3.12/site-packages/airflow/example_dags/example_dag_decorator.py
[2025-01-08T18:55:21.101+0000] {logging_mixin.py:190} INFO - [2025-01-08T18:55:21.101+0000] {dag.py:3239} INFO - Sync 1 DAGs
[2025-01-08T18:55:21.115+0000] {logging_mixin.py:190} INFO - [2025-01-08T18:55:21.115+0000] {dag.py:4180} INFO - Setting next_dagrun for example_dag_decorator to None, run_after=None
[2025-01-08T18:55:21.133+0000] {processor.py:208} INFO - Processing /home/airflow/.local/lib/python3.12/site-packages/airflow/example_dags/example_dag_decorator.py took 0.196 seconds
[2025-01-08T18:55:51.387+0000] {processor.py:186} INFO - Started process (PID=1561) to work on /home/airflow/.local/lib/python3.12/site-packages/airflow/example_dags/example_dag_decorator.py
[2025-01-08T18:55:51.395+0000] {processor.py:914} INFO - Processing file /home/airflow/.local/lib/python3.12/site-packages/airflow/example_dags/example_dag_decorator.py for tasks to queue
[2025-01-08T18:55:51.398+0000] {logging_mixin.py:190} INFO - [2025-01-08T18:55:51.398+0000] {dagbag.py:588} INFO - Filling up the DagBag from /home/airflow/.local/lib/python3.12/site-packages/airflow/example_dags/example_dag_decorator.py
[2025-01-08T18:55:51.409+0000] {processor.py:925} INFO - DAG(s) 'example_dag_decorator' retrieved from /home/airflow/.local/lib/python3.12/site-packages/airflow/example_dags/example_dag_decorator.py
[2025-01-08T18:55:51.543+0000] {logging_mixin.py:190} INFO - [2025-01-08T18:55:51.543+0000] {dag.py:3239} INFO - Sync 1 DAGs
[2025-01-08T18:55:51.559+0000] {logging_mixin.py:190} INFO - [2025-01-08T18:55:51.559+0000] {dag.py:4180} INFO - Setting next_dagrun for example_dag_decorator to None, run_after=None
[2025-01-08T18:55:51.577+0000] {processor.py:208} INFO - Processing /home/airflow/.local/lib/python3.12/site-packages/airflow/example_dags/example_dag_decorator.py took 0.204 seconds
[2025-01-08T18:56:21.999+0000] {processor.py:186} INFO - Started process (PID=1626) to work on /home/airflow/.local/lib/python3.12/site-packages/airflow/example_dags/example_dag_decorator.py
[2025-01-08T18:56:21.999+0000] {processor.py:914} INFO - Processing file /home/airflow/.local/lib/python3.12/site-packages/airflow/example_dags/example_dag_decorator.py for tasks to queue
[2025-01-08T18:56:22.002+0000] {logging_mixin.py:190} INFO - [2025-01-08T18:56:22.002+0000] {dagbag.py:588} INFO - Filling up the DagBag from /home/airflow/.local/lib/python3.12/site-packages/airflow/example_dags/example_dag_decorator.py
[2025-01-08T18:56:22.014+0000] {processor.py:925} INFO - DAG(s) 'example_dag_decorator' retrieved from /home/airflow/.local/lib/python3.12/site-packages/airflow/example_dags/example_dag_decorator.py
[2025-01-08T18:56:22.145+0000] {logging_mixin.py:190} INFO - [2025-01-08T18:56:22.145+0000] {dag.py:3239} INFO - Sync 1 DAGs
[2025-01-08T18:56:22.161+0000] {logging_mixin.py:190} INFO - [2025-01-08T18:56:22.161+0000] {dag.py:4180} INFO - Setting next_dagrun for example_dag_decorator to None, run_after=None
[2025-01-08T18:56:22.178+0000] {processor.py:208} INFO - Processing /home/airflow/.local/lib/python3.12/site-packages/airflow/example_dags/example_dag_decorator.py took 0.185 seconds
[2025-01-08T18:56:52.547+0000] {processor.py:186} INFO - Started process (PID=1692) to work on /home/airflow/.local/lib/python3.12/site-packages/airflow/example_dags/example_dag_decorator.py
[2025-01-08T18:56:52.548+0000] {processor.py:914} INFO - Processing file /home/airflow/.local/lib/python3.12/site-packages/airflow/example_dags/example_dag_decorator.py for tasks to queue
[2025-01-08T18:56:52.550+0000] {logging_mixin.py:190} INFO - [2025-01-08T18:56:52.550+0000] {dagbag.py:588} INFO - Filling up the DagBag from /home/airflow/.local/lib/python3.12/site-packages/airflow/example_dags/example_dag_decorator.py
[2025-01-08T18:56:52.562+0000] {processor.py:925} INFO - DAG(s) 'example_dag_decorator' retrieved from /home/airflow/.local/lib/python3.12/site-packages/airflow/example_dags/example_dag_decorator.py
[2025-01-08T18:56:52.596+0000] {logging_mixin.py:190} INFO - [2025-01-08T18:56:52.595+0000] {dag.py:3239} INFO - Sync 1 DAGs
[2025-01-08T18:56:52.612+0000] {logging_mixin.py:190} INFO - [2025-01-08T18:56:52.612+0000] {dag.py:4180} INFO - Setting next_dagrun for example_dag_decorator to None, run_after=None
[2025-01-08T18:56:52.628+0000] {processor.py:208} INFO - Processing /home/airflow/.local/lib/python3.12/site-packages/airflow/example_dags/example_dag_decorator.py took 0.090 seconds
[2025-01-08T18:57:23.430+0000] {processor.py:186} INFO - Started process (PID=1757) to work on /home/airflow/.local/lib/python3.12/site-packages/airflow/example_dags/example_dag_decorator.py
[2025-01-08T18:57:23.430+0000] {processor.py:914} INFO - Processing file /home/airflow/.local/lib/python3.12/site-packages/airflow/example_dags/example_dag_decorator.py for tasks to queue
[2025-01-08T18:57:23.432+0000] {logging_mixin.py:190} INFO - [2025-01-08T18:57:23.432+0000] {dagbag.py:588} INFO - Filling up the DagBag from /home/airflow/.local/lib/python3.12/site-packages/airflow/example_dags/example_dag_decorator.py
[2025-01-08T18:57:23.444+0000] {processor.py:925} INFO - DAG(s) 'example_dag_decorator' retrieved from /home/airflow/.local/lib/python3.12/site-packages/airflow/example_dags/example_dag_decorator.py
[2025-01-08T18:57:23.469+0000] {logging_mixin.py:190} INFO - [2025-01-08T18:57:23.469+0000] {dag.py:3239} INFO - Sync 1 DAGs
[2025-01-08T18:57:23.486+0000] {logging_mixin.py:190} INFO - [2025-01-08T18:57:23.486+0000] {dag.py:4180} INFO - Setting next_dagrun for example_dag_decorator to None, run_after=None
[2025-01-08T18:57:23.509+0000] {processor.py:208} INFO - Processing /home/airflow/.local/lib/python3.12/site-packages/airflow/example_dags/example_dag_decorator.py took 0.085 seconds
[2025-01-08T18:57:54.028+0000] {processor.py:186} INFO - Started process (PID=1822) to work on /home/airflow/.local/lib/python3.12/site-packages/airflow/example_dags/example_dag_decorator.py
[2025-01-08T18:57:54.034+0000] {processor.py:914} INFO - Processing file /home/airflow/.local/lib/python3.12/site-packages/airflow/example_dags/example_dag_decorator.py for tasks to queue
[2025-01-08T18:57:54.036+0000] {logging_mixin.py:190} INFO - [2025-01-08T18:57:54.036+0000] {dagbag.py:588} INFO - Filling up the DagBag from /home/airflow/.local/lib/python3.12/site-packages/airflow/example_dags/example_dag_decorator.py
[2025-01-08T18:57:54.058+0000] {processor.py:925} INFO - DAG(s) 'example_dag_decorator' retrieved from /home/airflow/.local/lib/python3.12/site-packages/airflow/example_dags/example_dag_decorator.py
[2025-01-08T18:57:54.211+0000] {logging_mixin.py:190} INFO - [2025-01-08T18:57:54.211+0000] {dag.py:3239} INFO - Sync 1 DAGs
[2025-01-08T18:57:54.238+0000] {logging_mixin.py:190} INFO - [2025-01-08T18:57:54.238+0000] {dag.py:4180} INFO - Setting next_dagrun for example_dag_decorator to None, run_after=None
[2025-01-08T18:57:54.275+0000] {processor.py:208} INFO - Processing /home/airflow/.local/lib/python3.12/site-packages/airflow/example_dags/example_dag_decorator.py took 0.265 seconds
[2025-01-08T18:58:24.330+0000] {processor.py:186} INFO - Started process (PID=1888) to work on /home/airflow/.local/lib/python3.12/site-packages/airflow/example_dags/example_dag_decorator.py
[2025-01-08T18:58:24.331+0000] {processor.py:914} INFO - Processing file /home/airflow/.local/lib/python3.12/site-packages/airflow/example_dags/example_dag_decorator.py for tasks to queue
[2025-01-08T18:58:24.333+0000] {logging_mixin.py:190} INFO - [2025-01-08T18:58:24.333+0000] {dagbag.py:588} INFO - Filling up the DagBag from /home/airflow/.local/lib/python3.12/site-packages/airflow/example_dags/example_dag_decorator.py
[2025-01-08T18:58:24.347+0000] {processor.py:925} INFO - DAG(s) 'example_dag_decorator' retrieved from /home/airflow/.local/lib/python3.12/site-packages/airflow/example_dags/example_dag_decorator.py
[2025-01-08T18:58:24.536+0000] {logging_mixin.py:190} INFO - [2025-01-08T18:58:24.536+0000] {dag.py:3239} INFO - Sync 1 DAGs
[2025-01-08T18:58:24.550+0000] {logging_mixin.py:190} INFO - [2025-01-08T18:58:24.550+0000] {dag.py:4180} INFO - Setting next_dagrun for example_dag_decorator to None, run_after=None
[2025-01-08T18:58:24.567+0000] {processor.py:208} INFO - Processing /home/airflow/.local/lib/python3.12/site-packages/airflow/example_dags/example_dag_decorator.py took 0.244 seconds
