[2025-01-08T18:44:08.585+0000] {processor.py:186} INFO - Started process (PID=95) to work on /home/airflow/.local/lib/python3.12/site-packages/airflow/example_dags/example_branch_python_dop_operator_3.py
[2025-01-08T18:44:08.591+0000] {processor.py:914} INFO - Processing file /home/airflow/.local/lib/python3.12/site-packages/airflow/example_dags/example_branch_python_dop_operator_3.py for tasks to queue
[2025-01-08T18:44:08.620+0000] {logging_mixin.py:190} INFO - [2025-01-08T18:44:08.593+0000] {dagbag.py:588} INFO - Filling up the DagBag from /home/airflow/.local/lib/python3.12/site-packages/airflow/example_dags/example_branch_python_dop_operator_3.py
[2025-01-08T18:44:08.699+0000] {processor.py:925} INFO - DAG(s) 'example_branch_dop_operator_v3' retrieved from /home/airflow/.local/lib/python3.12/site-packages/airflow/example_dags/example_branch_python_dop_operator_3.py
[2025-01-08T18:44:08.843+0000] {logging_mixin.py:190} INFO - [2025-01-08T18:44:08.843+0000] {dag.py:3239} INFO - Sync 1 DAGs
[2025-01-08T18:44:09.014+0000] {logging_mixin.py:190} INFO - [2025-01-08T18:44:09.013+0000] {dag.py:4180} INFO - Setting next_dagrun for example_branch_dop_operator_v3 to 2025-01-08 18:43:00+00:00, run_after=2025-01-08 18:44:00+00:00
[2025-01-08T18:44:09.111+0000] {processor.py:208} INFO - Processing /home/airflow/.local/lib/python3.12/site-packages/airflow/example_dags/example_branch_python_dop_operator_3.py took 0.598 seconds
[2025-01-08T18:44:39.411+0000] {processor.py:186} INFO - Started process (PID=160) to work on /home/airflow/.local/lib/python3.12/site-packages/airflow/example_dags/example_branch_python_dop_operator_3.py
[2025-01-08T18:44:39.413+0000] {processor.py:914} INFO - Processing file /home/airflow/.local/lib/python3.12/site-packages/airflow/example_dags/example_branch_python_dop_operator_3.py for tasks to queue
[2025-01-08T18:44:39.422+0000] {logging_mixin.py:190} INFO - [2025-01-08T18:44:39.422+0000] {dagbag.py:588} INFO - Filling up the DagBag from /home/airflow/.local/lib/python3.12/site-packages/airflow/example_dags/example_branch_python_dop_operator_3.py
[2025-01-08T18:44:39.447+0000] {processor.py:925} INFO - DAG(s) 'example_branch_dop_operator_v3' retrieved from /home/airflow/.local/lib/python3.12/site-packages/airflow/example_dags/example_branch_python_dop_operator_3.py
[2025-01-08T18:44:39.520+0000] {logging_mixin.py:190} INFO - [2025-01-08T18:44:39.520+0000] {dag.py:3239} INFO - Sync 1 DAGs
[2025-01-08T18:44:39.605+0000] {logging_mixin.py:190} INFO - [2025-01-08T18:44:39.601+0000] {dag.py:4180} INFO - Setting next_dagrun for example_branch_dop_operator_v3 to 2025-01-08 18:43:00+00:00, run_after=2025-01-08 18:44:00+00:00
[2025-01-08T18:44:39.650+0000] {processor.py:208} INFO - Processing /home/airflow/.local/lib/python3.12/site-packages/airflow/example_dags/example_branch_python_dop_operator_3.py took 0.268 seconds
[2025-01-08T18:45:11.270+0000] {processor.py:186} INFO - Started process (PID=225) to work on /home/airflow/.local/lib/python3.12/site-packages/airflow/example_dags/example_branch_python_dop_operator_3.py
[2025-01-08T18:45:11.307+0000] {processor.py:914} INFO - Processing file /home/airflow/.local/lib/python3.12/site-packages/airflow/example_dags/example_branch_python_dop_operator_3.py for tasks to queue
[2025-01-08T18:45:11.316+0000] {logging_mixin.py:190} INFO - [2025-01-08T18:45:11.316+0000] {dagbag.py:588} INFO - Filling up the DagBag from /home/airflow/.local/lib/python3.12/site-packages/airflow/example_dags/example_branch_python_dop_operator_3.py
[2025-01-08T18:45:11.344+0000] {processor.py:925} INFO - DAG(s) 'example_branch_dop_operator_v3' retrieved from /home/airflow/.local/lib/python3.12/site-packages/airflow/example_dags/example_branch_python_dop_operator_3.py
[2025-01-08T18:45:11.437+0000] {logging_mixin.py:190} INFO - [2025-01-08T18:45:11.435+0000] {dag.py:3239} INFO - Sync 1 DAGs
[2025-01-08T18:45:11.613+0000] {logging_mixin.py:190} INFO - [2025-01-08T18:45:11.613+0000] {dag.py:4180} INFO - Setting next_dagrun for example_branch_dop_operator_v3 to 2025-01-08 18:44:00+00:00, run_after=2025-01-08 18:45:00+00:00
[2025-01-08T18:45:11.717+0000] {processor.py:208} INFO - Processing /home/airflow/.local/lib/python3.12/site-packages/airflow/example_dags/example_branch_python_dop_operator_3.py took 0.477 seconds
[2025-01-08T18:45:42.902+0000] {processor.py:186} INFO - Started process (PID=289) to work on /home/airflow/.local/lib/python3.12/site-packages/airflow/example_dags/example_branch_python_dop_operator_3.py
[2025-01-08T18:45:42.905+0000] {processor.py:914} INFO - Processing file /home/airflow/.local/lib/python3.12/site-packages/airflow/example_dags/example_branch_python_dop_operator_3.py for tasks to queue
[2025-01-08T18:45:42.907+0000] {logging_mixin.py:190} INFO - [2025-01-08T18:45:42.906+0000] {dagbag.py:588} INFO - Filling up the DagBag from /home/airflow/.local/lib/python3.12/site-packages/airflow/example_dags/example_branch_python_dop_operator_3.py
[2025-01-08T18:45:42.945+0000] {processor.py:925} INFO - DAG(s) 'example_branch_dop_operator_v3' retrieved from /home/airflow/.local/lib/python3.12/site-packages/airflow/example_dags/example_branch_python_dop_operator_3.py
[2025-01-08T18:45:42.993+0000] {logging_mixin.py:190} INFO - [2025-01-08T18:45:42.992+0000] {dag.py:3239} INFO - Sync 1 DAGs
[2025-01-08T18:45:43.072+0000] {logging_mixin.py:190} INFO - [2025-01-08T18:45:43.072+0000] {dag.py:4180} INFO - Setting next_dagrun for example_branch_dop_operator_v3 to 2025-01-08 18:44:00+00:00, run_after=2025-01-08 18:45:00+00:00
[2025-01-08T18:45:43.176+0000] {processor.py:208} INFO - Processing /home/airflow/.local/lib/python3.12/site-packages/airflow/example_dags/example_branch_python_dop_operator_3.py took 0.318 seconds
[2025-01-08T18:46:14.041+0000] {processor.py:186} INFO - Started process (PID=354) to work on /home/airflow/.local/lib/python3.12/site-packages/airflow/example_dags/example_branch_python_dop_operator_3.py
[2025-01-08T18:46:14.042+0000] {processor.py:914} INFO - Processing file /home/airflow/.local/lib/python3.12/site-packages/airflow/example_dags/example_branch_python_dop_operator_3.py for tasks to queue
[2025-01-08T18:46:14.044+0000] {logging_mixin.py:190} INFO - [2025-01-08T18:46:14.044+0000] {dagbag.py:588} INFO - Filling up the DagBag from /home/airflow/.local/lib/python3.12/site-packages/airflow/example_dags/example_branch_python_dop_operator_3.py
[2025-01-08T18:46:14.062+0000] {processor.py:925} INFO - DAG(s) 'example_branch_dop_operator_v3' retrieved from /home/airflow/.local/lib/python3.12/site-packages/airflow/example_dags/example_branch_python_dop_operator_3.py
[2025-01-08T18:46:14.178+0000] {logging_mixin.py:190} INFO - [2025-01-08T18:46:14.178+0000] {dag.py:3239} INFO - Sync 1 DAGs
[2025-01-08T18:46:14.256+0000] {logging_mixin.py:190} INFO - [2025-01-08T18:46:14.256+0000] {dag.py:4180} INFO - Setting next_dagrun for example_branch_dop_operator_v3 to 2025-01-08 18:45:00+00:00, run_after=2025-01-08 18:46:00+00:00
[2025-01-08T18:46:14.289+0000] {processor.py:208} INFO - Processing /home/airflow/.local/lib/python3.12/site-packages/airflow/example_dags/example_branch_python_dop_operator_3.py took 0.253 seconds
[2025-01-08T18:46:44.590+0000] {processor.py:186} INFO - Started process (PID=419) to work on /home/airflow/.local/lib/python3.12/site-packages/airflow/example_dags/example_branch_python_dop_operator_3.py
[2025-01-08T18:46:44.591+0000] {processor.py:914} INFO - Processing file /home/airflow/.local/lib/python3.12/site-packages/airflow/example_dags/example_branch_python_dop_operator_3.py for tasks to queue
[2025-01-08T18:46:44.593+0000] {logging_mixin.py:190} INFO - [2025-01-08T18:46:44.592+0000] {dagbag.py:588} INFO - Filling up the DagBag from /home/airflow/.local/lib/python3.12/site-packages/airflow/example_dags/example_branch_python_dop_operator_3.py
[2025-01-08T18:46:44.604+0000] {processor.py:925} INFO - DAG(s) 'example_branch_dop_operator_v3' retrieved from /home/airflow/.local/lib/python3.12/site-packages/airflow/example_dags/example_branch_python_dop_operator_3.py
[2025-01-08T18:46:44.624+0000] {logging_mixin.py:190} INFO - [2025-01-08T18:46:44.623+0000] {dag.py:3239} INFO - Sync 1 DAGs
[2025-01-08T18:46:44.675+0000] {logging_mixin.py:190} INFO - [2025-01-08T18:46:44.675+0000] {dag.py:4180} INFO - Setting next_dagrun for example_branch_dop_operator_v3 to 2025-01-08 18:45:00+00:00, run_after=2025-01-08 18:46:00+00:00
[2025-01-08T18:46:44.697+0000] {processor.py:208} INFO - Processing /home/airflow/.local/lib/python3.12/site-packages/airflow/example_dags/example_branch_python_dop_operator_3.py took 0.113 seconds
[2025-01-08T18:47:15.453+0000] {processor.py:186} INFO - Started process (PID=484) to work on /home/airflow/.local/lib/python3.12/site-packages/airflow/example_dags/example_branch_python_dop_operator_3.py
[2025-01-08T18:47:15.454+0000] {processor.py:914} INFO - Processing file /home/airflow/.local/lib/python3.12/site-packages/airflow/example_dags/example_branch_python_dop_operator_3.py for tasks to queue
[2025-01-08T18:47:15.456+0000] {logging_mixin.py:190} INFO - [2025-01-08T18:47:15.456+0000] {dagbag.py:588} INFO - Filling up the DagBag from /home/airflow/.local/lib/python3.12/site-packages/airflow/example_dags/example_branch_python_dop_operator_3.py
[2025-01-08T18:47:15.489+0000] {processor.py:925} INFO - DAG(s) 'example_branch_dop_operator_v3' retrieved from /home/airflow/.local/lib/python3.12/site-packages/airflow/example_dags/example_branch_python_dop_operator_3.py
[2025-01-08T18:47:15.569+0000] {logging_mixin.py:190} INFO - [2025-01-08T18:47:15.568+0000] {dag.py:3239} INFO - Sync 1 DAGs
[2025-01-08T18:47:15.645+0000] {logging_mixin.py:190} INFO - [2025-01-08T18:47:15.644+0000] {dag.py:4180} INFO - Setting next_dagrun for example_branch_dop_operator_v3 to 2025-01-08 18:46:00+00:00, run_after=2025-01-08 18:47:00+00:00
[2025-01-08T18:47:15.683+0000] {processor.py:208} INFO - Processing /home/airflow/.local/lib/python3.12/site-packages/airflow/example_dags/example_branch_python_dop_operator_3.py took 0.235 seconds
[2025-01-08T18:47:45.940+0000] {processor.py:186} INFO - Started process (PID=550) to work on /home/airflow/.local/lib/python3.12/site-packages/airflow/example_dags/example_branch_python_dop_operator_3.py
[2025-01-08T18:47:45.941+0000] {processor.py:914} INFO - Processing file /home/airflow/.local/lib/python3.12/site-packages/airflow/example_dags/example_branch_python_dop_operator_3.py for tasks to queue
[2025-01-08T18:47:45.943+0000] {logging_mixin.py:190} INFO - [2025-01-08T18:47:45.942+0000] {dagbag.py:588} INFO - Filling up the DagBag from /home/airflow/.local/lib/python3.12/site-packages/airflow/example_dags/example_branch_python_dop_operator_3.py
[2025-01-08T18:47:45.953+0000] {processor.py:925} INFO - DAG(s) 'example_branch_dop_operator_v3' retrieved from /home/airflow/.local/lib/python3.12/site-packages/airflow/example_dags/example_branch_python_dop_operator_3.py
[2025-01-08T18:47:45.973+0000] {logging_mixin.py:190} INFO - [2025-01-08T18:47:45.973+0000] {dag.py:3239} INFO - Sync 1 DAGs
[2025-01-08T18:47:46.003+0000] {logging_mixin.py:190} INFO - [2025-01-08T18:47:46.003+0000] {dag.py:4180} INFO - Setting next_dagrun for example_branch_dop_operator_v3 to 2025-01-08 18:46:00+00:00, run_after=2025-01-08 18:47:00+00:00
[2025-01-08T18:47:46.021+0000] {processor.py:208} INFO - Processing /home/airflow/.local/lib/python3.12/site-packages/airflow/example_dags/example_branch_python_dop_operator_3.py took 0.087 seconds
[2025-01-08T18:48:16.728+0000] {processor.py:186} INFO - Started process (PID=615) to work on /home/airflow/.local/lib/python3.12/site-packages/airflow/example_dags/example_branch_python_dop_operator_3.py
[2025-01-08T18:48:16.729+0000] {processor.py:914} INFO - Processing file /home/airflow/.local/lib/python3.12/site-packages/airflow/example_dags/example_branch_python_dop_operator_3.py for tasks to queue
[2025-01-08T18:48:16.731+0000] {logging_mixin.py:190} INFO - [2025-01-08T18:48:16.730+0000] {dagbag.py:588} INFO - Filling up the DagBag from /home/airflow/.local/lib/python3.12/site-packages/airflow/example_dags/example_branch_python_dop_operator_3.py
[2025-01-08T18:48:16.741+0000] {processor.py:925} INFO - DAG(s) 'example_branch_dop_operator_v3' retrieved from /home/airflow/.local/lib/python3.12/site-packages/airflow/example_dags/example_branch_python_dop_operator_3.py
[2025-01-08T18:48:16.763+0000] {logging_mixin.py:190} INFO - [2025-01-08T18:48:16.762+0000] {dag.py:3239} INFO - Sync 1 DAGs
[2025-01-08T18:48:16.792+0000] {logging_mixin.py:190} INFO - [2025-01-08T18:48:16.792+0000] {dag.py:4180} INFO - Setting next_dagrun for example_branch_dop_operator_v3 to 2025-01-08 18:47:00+00:00, run_after=2025-01-08 18:48:00+00:00
[2025-01-08T18:48:16.812+0000] {processor.py:208} INFO - Processing /home/airflow/.local/lib/python3.12/site-packages/airflow/example_dags/example_branch_python_dop_operator_3.py took 0.089 seconds
[2025-01-08T18:48:47.267+0000] {processor.py:186} INFO - Started process (PID=680) to work on /home/airflow/.local/lib/python3.12/site-packages/airflow/example_dags/example_branch_python_dop_operator_3.py
[2025-01-08T18:48:47.268+0000] {processor.py:914} INFO - Processing file /home/airflow/.local/lib/python3.12/site-packages/airflow/example_dags/example_branch_python_dop_operator_3.py for tasks to queue
[2025-01-08T18:48:47.275+0000] {logging_mixin.py:190} INFO - [2025-01-08T18:48:47.274+0000] {dagbag.py:588} INFO - Filling up the DagBag from /home/airflow/.local/lib/python3.12/site-packages/airflow/example_dags/example_branch_python_dop_operator_3.py
[2025-01-08T18:48:47.320+0000] {processor.py:925} INFO - DAG(s) 'example_branch_dop_operator_v3' retrieved from /home/airflow/.local/lib/python3.12/site-packages/airflow/example_dags/example_branch_python_dop_operator_3.py
[2025-01-08T18:48:47.387+0000] {logging_mixin.py:190} INFO - [2025-01-08T18:48:47.386+0000] {dag.py:3239} INFO - Sync 1 DAGs
[2025-01-08T18:48:47.500+0000] {logging_mixin.py:190} INFO - [2025-01-08T18:48:47.500+0000] {dag.py:4180} INFO - Setting next_dagrun for example_branch_dop_operator_v3 to 2025-01-08 18:47:00+00:00, run_after=2025-01-08 18:48:00+00:00
[2025-01-08T18:48:47.587+0000] {processor.py:208} INFO - Processing /home/airflow/.local/lib/python3.12/site-packages/airflow/example_dags/example_branch_python_dop_operator_3.py took 0.349 seconds
[2025-01-08T18:49:18.351+0000] {processor.py:186} INFO - Started process (PID=745) to work on /home/airflow/.local/lib/python3.12/site-packages/airflow/example_dags/example_branch_python_dop_operator_3.py
[2025-01-08T18:49:18.352+0000] {processor.py:914} INFO - Processing file /home/airflow/.local/lib/python3.12/site-packages/airflow/example_dags/example_branch_python_dop_operator_3.py for tasks to queue
[2025-01-08T18:49:18.354+0000] {logging_mixin.py:190} INFO - [2025-01-08T18:49:18.353+0000] {dagbag.py:588} INFO - Filling up the DagBag from /home/airflow/.local/lib/python3.12/site-packages/airflow/example_dags/example_branch_python_dop_operator_3.py
[2025-01-08T18:49:18.365+0000] {processor.py:925} INFO - DAG(s) 'example_branch_dop_operator_v3' retrieved from /home/airflow/.local/lib/python3.12/site-packages/airflow/example_dags/example_branch_python_dop_operator_3.py
[2025-01-08T18:49:18.387+0000] {logging_mixin.py:190} INFO - [2025-01-08T18:49:18.387+0000] {dag.py:3239} INFO - Sync 1 DAGs
[2025-01-08T18:49:18.423+0000] {logging_mixin.py:190} INFO - [2025-01-08T18:49:18.423+0000] {dag.py:4180} INFO - Setting next_dagrun for example_branch_dop_operator_v3 to 2025-01-08 18:48:00+00:00, run_after=2025-01-08 18:49:00+00:00
[2025-01-08T18:49:18.441+0000] {processor.py:208} INFO - Processing /home/airflow/.local/lib/python3.12/site-packages/airflow/example_dags/example_branch_python_dop_operator_3.py took 0.095 seconds
[2025-01-08T18:49:48.496+0000] {processor.py:186} INFO - Started process (PID=810) to work on /home/airflow/.local/lib/python3.12/site-packages/airflow/example_dags/example_branch_python_dop_operator_3.py
[2025-01-08T18:49:48.497+0000] {processor.py:914} INFO - Processing file /home/airflow/.local/lib/python3.12/site-packages/airflow/example_dags/example_branch_python_dop_operator_3.py for tasks to queue
[2025-01-08T18:49:48.498+0000] {logging_mixin.py:190} INFO - [2025-01-08T18:49:48.498+0000] {dagbag.py:588} INFO - Filling up the DagBag from /home/airflow/.local/lib/python3.12/site-packages/airflow/example_dags/example_branch_python_dop_operator_3.py
[2025-01-08T18:49:48.507+0000] {processor.py:925} INFO - DAG(s) 'example_branch_dop_operator_v3' retrieved from /home/airflow/.local/lib/python3.12/site-packages/airflow/example_dags/example_branch_python_dop_operator_3.py
[2025-01-08T18:49:48.524+0000] {logging_mixin.py:190} INFO - [2025-01-08T18:49:48.524+0000] {dag.py:3239} INFO - Sync 1 DAGs
[2025-01-08T18:49:48.546+0000] {logging_mixin.py:190} INFO - [2025-01-08T18:49:48.546+0000] {dag.py:4180} INFO - Setting next_dagrun for example_branch_dop_operator_v3 to 2025-01-08 18:48:00+00:00, run_after=2025-01-08 18:49:00+00:00
[2025-01-08T18:49:48.561+0000] {processor.py:208} INFO - Processing /home/airflow/.local/lib/python3.12/site-packages/airflow/example_dags/example_branch_python_dop_operator_3.py took 0.070 seconds
[2025-01-08T18:50:19.438+0000] {processor.py:186} INFO - Started process (PID=875) to work on /home/airflow/.local/lib/python3.12/site-packages/airflow/example_dags/example_branch_python_dop_operator_3.py
[2025-01-08T18:50:19.439+0000] {processor.py:914} INFO - Processing file /home/airflow/.local/lib/python3.12/site-packages/airflow/example_dags/example_branch_python_dop_operator_3.py for tasks to queue
[2025-01-08T18:50:19.441+0000] {logging_mixin.py:190} INFO - [2025-01-08T18:50:19.441+0000] {dagbag.py:588} INFO - Filling up the DagBag from /home/airflow/.local/lib/python3.12/site-packages/airflow/example_dags/example_branch_python_dop_operator_3.py
[2025-01-08T18:50:19.468+0000] {processor.py:925} INFO - DAG(s) 'example_branch_dop_operator_v3' retrieved from /home/airflow/.local/lib/python3.12/site-packages/airflow/example_dags/example_branch_python_dop_operator_3.py
[2025-01-08T18:50:19.517+0000] {logging_mixin.py:190} INFO - [2025-01-08T18:50:19.517+0000] {dag.py:3239} INFO - Sync 1 DAGs
[2025-01-08T18:50:19.556+0000] {logging_mixin.py:190} INFO - [2025-01-08T18:50:19.556+0000] {dag.py:4180} INFO - Setting next_dagrun for example_branch_dop_operator_v3 to 2025-01-08 18:49:00+00:00, run_after=2025-01-08 18:50:00+00:00
[2025-01-08T18:50:19.575+0000] {processor.py:208} INFO - Processing /home/airflow/.local/lib/python3.12/site-packages/airflow/example_dags/example_branch_python_dop_operator_3.py took 0.146 seconds
[2025-01-08T18:50:49.689+0000] {processor.py:186} INFO - Started process (PID=941) to work on /home/airflow/.local/lib/python3.12/site-packages/airflow/example_dags/example_branch_python_dop_operator_3.py
[2025-01-08T18:50:49.690+0000] {processor.py:914} INFO - Processing file /home/airflow/.local/lib/python3.12/site-packages/airflow/example_dags/example_branch_python_dop_operator_3.py for tasks to queue
[2025-01-08T18:50:49.692+0000] {logging_mixin.py:190} INFO - [2025-01-08T18:50:49.691+0000] {dagbag.py:588} INFO - Filling up the DagBag from /home/airflow/.local/lib/python3.12/site-packages/airflow/example_dags/example_branch_python_dop_operator_3.py
[2025-01-08T18:50:49.702+0000] {processor.py:925} INFO - DAG(s) 'example_branch_dop_operator_v3' retrieved from /home/airflow/.local/lib/python3.12/site-packages/airflow/example_dags/example_branch_python_dop_operator_3.py
[2025-01-08T18:50:49.723+0000] {logging_mixin.py:190} INFO - [2025-01-08T18:50:49.722+0000] {dag.py:3239} INFO - Sync 1 DAGs
[2025-01-08T18:50:49.763+0000] {logging_mixin.py:190} INFO - [2025-01-08T18:50:49.763+0000] {dag.py:4180} INFO - Setting next_dagrun for example_branch_dop_operator_v3 to 2025-01-08 18:49:00+00:00, run_after=2025-01-08 18:50:00+00:00
[2025-01-08T18:50:49.784+0000] {processor.py:208} INFO - Processing /home/airflow/.local/lib/python3.12/site-packages/airflow/example_dags/example_branch_python_dop_operator_3.py took 0.100 seconds
[2025-01-08T18:51:20.370+0000] {processor.py:186} INFO - Started process (PID=1006) to work on /home/airflow/.local/lib/python3.12/site-packages/airflow/example_dags/example_branch_python_dop_operator_3.py
[2025-01-08T18:51:20.370+0000] {processor.py:914} INFO - Processing file /home/airflow/.local/lib/python3.12/site-packages/airflow/example_dags/example_branch_python_dop_operator_3.py for tasks to queue
[2025-01-08T18:51:20.373+0000] {logging_mixin.py:190} INFO - [2025-01-08T18:51:20.373+0000] {dagbag.py:588} INFO - Filling up the DagBag from /home/airflow/.local/lib/python3.12/site-packages/airflow/example_dags/example_branch_python_dop_operator_3.py
[2025-01-08T18:51:20.384+0000] {processor.py:925} INFO - DAG(s) 'example_branch_dop_operator_v3' retrieved from /home/airflow/.local/lib/python3.12/site-packages/airflow/example_dags/example_branch_python_dop_operator_3.py
[2025-01-08T18:51:20.407+0000] {logging_mixin.py:190} INFO - [2025-01-08T18:51:20.407+0000] {dag.py:3239} INFO - Sync 1 DAGs
[2025-01-08T18:51:20.438+0000] {logging_mixin.py:190} INFO - [2025-01-08T18:51:20.438+0000] {dag.py:4180} INFO - Setting next_dagrun for example_branch_dop_operator_v3 to 2025-01-08 18:50:00+00:00, run_after=2025-01-08 18:51:00+00:00
[2025-01-08T18:51:20.455+0000] {processor.py:208} INFO - Processing /home/airflow/.local/lib/python3.12/site-packages/airflow/example_dags/example_branch_python_dop_operator_3.py took 0.093 seconds
[2025-01-08T18:51:50.806+0000] {processor.py:186} INFO - Started process (PID=1071) to work on /home/airflow/.local/lib/python3.12/site-packages/airflow/example_dags/example_branch_python_dop_operator_3.py
[2025-01-08T18:51:50.818+0000] {processor.py:914} INFO - Processing file /home/airflow/.local/lib/python3.12/site-packages/airflow/example_dags/example_branch_python_dop_operator_3.py for tasks to queue
[2025-01-08T18:51:50.820+0000] {logging_mixin.py:190} INFO - [2025-01-08T18:51:50.820+0000] {dagbag.py:588} INFO - Filling up the DagBag from /home/airflow/.local/lib/python3.12/site-packages/airflow/example_dags/example_branch_python_dop_operator_3.py
[2025-01-08T18:51:50.852+0000] {processor.py:925} INFO - DAG(s) 'example_branch_dop_operator_v3' retrieved from /home/airflow/.local/lib/python3.12/site-packages/airflow/example_dags/example_branch_python_dop_operator_3.py
[2025-01-08T18:51:50.929+0000] {logging_mixin.py:190} INFO - [2025-01-08T18:51:50.928+0000] {dag.py:3239} INFO - Sync 1 DAGs
[2025-01-08T18:51:51.047+0000] {logging_mixin.py:190} INFO - [2025-01-08T18:51:51.046+0000] {dag.py:4180} INFO - Setting next_dagrun for example_branch_dop_operator_v3 to 2025-01-08 18:50:00+00:00, run_after=2025-01-08 18:51:00+00:00
[2025-01-08T18:51:51.122+0000] {processor.py:208} INFO - Processing /home/airflow/.local/lib/python3.12/site-packages/airflow/example_dags/example_branch_python_dop_operator_3.py took 0.352 seconds
[2025-01-08T18:52:21.328+0000] {processor.py:186} INFO - Started process (PID=1135) to work on /home/airflow/.local/lib/python3.12/site-packages/airflow/example_dags/example_branch_python_dop_operator_3.py
[2025-01-08T18:52:21.328+0000] {processor.py:914} INFO - Processing file /home/airflow/.local/lib/python3.12/site-packages/airflow/example_dags/example_branch_python_dop_operator_3.py for tasks to queue
[2025-01-08T18:52:21.331+0000] {logging_mixin.py:190} INFO - [2025-01-08T18:52:21.330+0000] {dagbag.py:588} INFO - Filling up the DagBag from /home/airflow/.local/lib/python3.12/site-packages/airflow/example_dags/example_branch_python_dop_operator_3.py
[2025-01-08T18:52:21.354+0000] {processor.py:925} INFO - DAG(s) 'example_branch_dop_operator_v3' retrieved from /home/airflow/.local/lib/python3.12/site-packages/airflow/example_dags/example_branch_python_dop_operator_3.py
[2025-01-08T18:52:21.415+0000] {logging_mixin.py:190} INFO - [2025-01-08T18:52:21.415+0000] {dag.py:3239} INFO - Sync 1 DAGs
[2025-01-08T18:52:21.453+0000] {logging_mixin.py:190} INFO - [2025-01-08T18:52:21.453+0000] {dag.py:4180} INFO - Setting next_dagrun for example_branch_dop_operator_v3 to 2025-01-08 18:51:00+00:00, run_after=2025-01-08 18:52:00+00:00
[2025-01-08T18:52:21.474+0000] {processor.py:208} INFO - Processing /home/airflow/.local/lib/python3.12/site-packages/airflow/example_dags/example_branch_python_dop_operator_3.py took 0.156 seconds
[2025-01-08T18:52:52.385+0000] {processor.py:186} INFO - Started process (PID=1200) to work on /home/airflow/.local/lib/python3.12/site-packages/airflow/example_dags/example_branch_python_dop_operator_3.py
[2025-01-08T18:52:52.386+0000] {processor.py:914} INFO - Processing file /home/airflow/.local/lib/python3.12/site-packages/airflow/example_dags/example_branch_python_dop_operator_3.py for tasks to queue
[2025-01-08T18:52:52.388+0000] {logging_mixin.py:190} INFO - [2025-01-08T18:52:52.387+0000] {dagbag.py:588} INFO - Filling up the DagBag from /home/airflow/.local/lib/python3.12/site-packages/airflow/example_dags/example_branch_python_dop_operator_3.py
[2025-01-08T18:52:52.401+0000] {processor.py:925} INFO - DAG(s) 'example_branch_dop_operator_v3' retrieved from /home/airflow/.local/lib/python3.12/site-packages/airflow/example_dags/example_branch_python_dop_operator_3.py
[2025-01-08T18:52:52.422+0000] {logging_mixin.py:190} INFO - [2025-01-08T18:52:52.422+0000] {dag.py:3239} INFO - Sync 1 DAGs
[2025-01-08T18:52:52.457+0000] {logging_mixin.py:190} INFO - [2025-01-08T18:52:52.457+0000] {dag.py:4180} INFO - Setting next_dagrun for example_branch_dop_operator_v3 to 2025-01-08 18:51:00+00:00, run_after=2025-01-08 18:52:00+00:00
[2025-01-08T18:52:52.475+0000] {processor.py:208} INFO - Processing /home/airflow/.local/lib/python3.12/site-packages/airflow/example_dags/example_branch_python_dop_operator_3.py took 0.097 seconds
[2025-01-08T18:53:22.642+0000] {processor.py:186} INFO - Started process (PID=1265) to work on /home/airflow/.local/lib/python3.12/site-packages/airflow/example_dags/example_branch_python_dop_operator_3.py
[2025-01-08T18:53:22.643+0000] {processor.py:914} INFO - Processing file /home/airflow/.local/lib/python3.12/site-packages/airflow/example_dags/example_branch_python_dop_operator_3.py for tasks to queue
[2025-01-08T18:53:22.645+0000] {logging_mixin.py:190} INFO - [2025-01-08T18:53:22.645+0000] {dagbag.py:588} INFO - Filling up the DagBag from /home/airflow/.local/lib/python3.12/site-packages/airflow/example_dags/example_branch_python_dop_operator_3.py
[2025-01-08T18:53:22.671+0000] {processor.py:925} INFO - DAG(s) 'example_branch_dop_operator_v3' retrieved from /home/airflow/.local/lib/python3.12/site-packages/airflow/example_dags/example_branch_python_dop_operator_3.py
[2025-01-08T18:53:22.704+0000] {logging_mixin.py:190} INFO - [2025-01-08T18:53:22.704+0000] {dag.py:3239} INFO - Sync 1 DAGs
[2025-01-08T18:53:22.751+0000] {logging_mixin.py:190} INFO - [2025-01-08T18:53:22.751+0000] {dag.py:4180} INFO - Setting next_dagrun for example_branch_dop_operator_v3 to 2025-01-08 18:52:00+00:00, run_after=2025-01-08 18:53:00+00:00
[2025-01-08T18:53:22.866+0000] {processor.py:208} INFO - Processing /home/airflow/.local/lib/python3.12/site-packages/airflow/example_dags/example_branch_python_dop_operator_3.py took 0.242 seconds
[2025-01-08T18:53:53.593+0000] {processor.py:186} INFO - Started process (PID=1329) to work on /home/airflow/.local/lib/python3.12/site-packages/airflow/example_dags/example_branch_python_dop_operator_3.py
[2025-01-08T18:53:53.593+0000] {processor.py:914} INFO - Processing file /home/airflow/.local/lib/python3.12/site-packages/airflow/example_dags/example_branch_python_dop_operator_3.py for tasks to queue
[2025-01-08T18:53:53.595+0000] {logging_mixin.py:190} INFO - [2025-01-08T18:53:53.595+0000] {dagbag.py:588} INFO - Filling up the DagBag from /home/airflow/.local/lib/python3.12/site-packages/airflow/example_dags/example_branch_python_dop_operator_3.py
[2025-01-08T18:53:53.606+0000] {processor.py:925} INFO - DAG(s) 'example_branch_dop_operator_v3' retrieved from /home/airflow/.local/lib/python3.12/site-packages/airflow/example_dags/example_branch_python_dop_operator_3.py
[2025-01-08T18:53:53.630+0000] {logging_mixin.py:190} INFO - [2025-01-08T18:53:53.630+0000] {dag.py:3239} INFO - Sync 1 DAGs
[2025-01-08T18:53:53.660+0000] {logging_mixin.py:190} INFO - [2025-01-08T18:53:53.660+0000] {dag.py:4180} INFO - Setting next_dagrun for example_branch_dop_operator_v3 to 2025-01-08 18:52:00+00:00, run_after=2025-01-08 18:53:00+00:00
[2025-01-08T18:53:53.676+0000] {processor.py:208} INFO - Processing /home/airflow/.local/lib/python3.12/site-packages/airflow/example_dags/example_branch_python_dop_operator_3.py took 0.089 seconds
[2025-01-08T18:54:24.592+0000] {processor.py:186} INFO - Started process (PID=1395) to work on /home/airflow/.local/lib/python3.12/site-packages/airflow/example_dags/example_branch_python_dop_operator_3.py
[2025-01-08T18:54:24.597+0000] {processor.py:914} INFO - Processing file /home/airflow/.local/lib/python3.12/site-packages/airflow/example_dags/example_branch_python_dop_operator_3.py for tasks to queue
[2025-01-08T18:54:24.605+0000] {logging_mixin.py:190} INFO - [2025-01-08T18:54:24.605+0000] {dagbag.py:588} INFO - Filling up the DagBag from /home/airflow/.local/lib/python3.12/site-packages/airflow/example_dags/example_branch_python_dop_operator_3.py
[2025-01-08T18:54:24.644+0000] {processor.py:925} INFO - DAG(s) 'example_branch_dop_operator_v3' retrieved from /home/airflow/.local/lib/python3.12/site-packages/airflow/example_dags/example_branch_python_dop_operator_3.py
[2025-01-08T18:54:24.734+0000] {logging_mixin.py:190} INFO - [2025-01-08T18:54:24.733+0000] {dag.py:3239} INFO - Sync 1 DAGs
[2025-01-08T18:54:24.801+0000] {logging_mixin.py:190} INFO - [2025-01-08T18:54:24.800+0000] {dag.py:4180} INFO - Setting next_dagrun for example_branch_dop_operator_v3 to 2025-01-08 18:53:00+00:00, run_after=2025-01-08 18:54:00+00:00
[2025-01-08T18:54:24.843+0000] {processor.py:208} INFO - Processing /home/airflow/.local/lib/python3.12/site-packages/airflow/example_dags/example_branch_python_dop_operator_3.py took 0.266 seconds
[2025-01-08T18:54:55.727+0000] {processor.py:186} INFO - Started process (PID=1460) to work on /home/airflow/.local/lib/python3.12/site-packages/airflow/example_dags/example_branch_python_dop_operator_3.py
[2025-01-08T18:54:55.728+0000] {processor.py:914} INFO - Processing file /home/airflow/.local/lib/python3.12/site-packages/airflow/example_dags/example_branch_python_dop_operator_3.py for tasks to queue
[2025-01-08T18:54:55.737+0000] {logging_mixin.py:190} INFO - [2025-01-08T18:54:55.737+0000] {dagbag.py:588} INFO - Filling up the DagBag from /home/airflow/.local/lib/python3.12/site-packages/airflow/example_dags/example_branch_python_dop_operator_3.py
[2025-01-08T18:54:55.774+0000] {processor.py:925} INFO - DAG(s) 'example_branch_dop_operator_v3' retrieved from /home/airflow/.local/lib/python3.12/site-packages/airflow/example_dags/example_branch_python_dop_operator_3.py
[2025-01-08T18:54:55.829+0000] {logging_mixin.py:190} INFO - [2025-01-08T18:54:55.829+0000] {dag.py:3239} INFO - Sync 1 DAGs
[2025-01-08T18:54:55.910+0000] {logging_mixin.py:190} INFO - [2025-01-08T18:54:55.910+0000] {dag.py:4180} INFO - Setting next_dagrun for example_branch_dop_operator_v3 to 2025-01-08 18:53:00+00:00, run_after=2025-01-08 18:54:00+00:00
[2025-01-08T18:54:55.960+0000] {processor.py:208} INFO - Processing /home/airflow/.local/lib/python3.12/site-packages/airflow/example_dags/example_branch_python_dop_operator_3.py took 0.252 seconds
[2025-01-08T18:55:26.585+0000] {processor.py:186} INFO - Started process (PID=1525) to work on /home/airflow/.local/lib/python3.12/site-packages/airflow/example_dags/example_branch_python_dop_operator_3.py
[2025-01-08T18:55:26.586+0000] {processor.py:914} INFO - Processing file /home/airflow/.local/lib/python3.12/site-packages/airflow/example_dags/example_branch_python_dop_operator_3.py for tasks to queue
[2025-01-08T18:55:26.588+0000] {logging_mixin.py:190} INFO - [2025-01-08T18:55:26.588+0000] {dagbag.py:588} INFO - Filling up the DagBag from /home/airflow/.local/lib/python3.12/site-packages/airflow/example_dags/example_branch_python_dop_operator_3.py
[2025-01-08T18:55:26.599+0000] {processor.py:925} INFO - DAG(s) 'example_branch_dop_operator_v3' retrieved from /home/airflow/.local/lib/python3.12/site-packages/airflow/example_dags/example_branch_python_dop_operator_3.py
[2025-01-08T18:55:26.620+0000] {logging_mixin.py:190} INFO - [2025-01-08T18:55:26.619+0000] {dag.py:3239} INFO - Sync 1 DAGs
[2025-01-08T18:55:26.654+0000] {logging_mixin.py:190} INFO - [2025-01-08T18:55:26.654+0000] {dag.py:4180} INFO - Setting next_dagrun for example_branch_dop_operator_v3 to 2025-01-08 18:54:00+00:00, run_after=2025-01-08 18:55:00+00:00
[2025-01-08T18:55:26.671+0000] {processor.py:208} INFO - Processing /home/airflow/.local/lib/python3.12/site-packages/airflow/example_dags/example_branch_python_dop_operator_3.py took 0.091 seconds
[2025-01-08T18:55:57.306+0000] {processor.py:186} INFO - Started process (PID=1590) to work on /home/airflow/.local/lib/python3.12/site-packages/airflow/example_dags/example_branch_python_dop_operator_3.py
[2025-01-08T18:55:57.307+0000] {processor.py:914} INFO - Processing file /home/airflow/.local/lib/python3.12/site-packages/airflow/example_dags/example_branch_python_dop_operator_3.py for tasks to queue
[2025-01-08T18:55:57.309+0000] {logging_mixin.py:190} INFO - [2025-01-08T18:55:57.308+0000] {dagbag.py:588} INFO - Filling up the DagBag from /home/airflow/.local/lib/python3.12/site-packages/airflow/example_dags/example_branch_python_dop_operator_3.py
[2025-01-08T18:55:57.320+0000] {processor.py:925} INFO - DAG(s) 'example_branch_dop_operator_v3' retrieved from /home/airflow/.local/lib/python3.12/site-packages/airflow/example_dags/example_branch_python_dop_operator_3.py
[2025-01-08T18:55:57.340+0000] {logging_mixin.py:190} INFO - [2025-01-08T18:55:57.340+0000] {dag.py:3239} INFO - Sync 1 DAGs
[2025-01-08T18:55:57.370+0000] {logging_mixin.py:190} INFO - [2025-01-08T18:55:57.370+0000] {dag.py:4180} INFO - Setting next_dagrun for example_branch_dop_operator_v3 to 2025-01-08 18:54:00+00:00, run_after=2025-01-08 18:55:00+00:00
[2025-01-08T18:55:57.386+0000] {processor.py:208} INFO - Processing /home/airflow/.local/lib/python3.12/site-packages/airflow/example_dags/example_branch_python_dop_operator_3.py took 0.086 seconds
[2025-01-08T18:56:27.666+0000] {processor.py:186} INFO - Started process (PID=1655) to work on /home/airflow/.local/lib/python3.12/site-packages/airflow/example_dags/example_branch_python_dop_operator_3.py
[2025-01-08T18:56:27.666+0000] {processor.py:914} INFO - Processing file /home/airflow/.local/lib/python3.12/site-packages/airflow/example_dags/example_branch_python_dop_operator_3.py for tasks to queue
[2025-01-08T18:56:27.668+0000] {logging_mixin.py:190} INFO - [2025-01-08T18:56:27.668+0000] {dagbag.py:588} INFO - Filling up the DagBag from /home/airflow/.local/lib/python3.12/site-packages/airflow/example_dags/example_branch_python_dop_operator_3.py
[2025-01-08T18:56:27.679+0000] {processor.py:925} INFO - DAG(s) 'example_branch_dop_operator_v3' retrieved from /home/airflow/.local/lib/python3.12/site-packages/airflow/example_dags/example_branch_python_dop_operator_3.py
[2025-01-08T18:56:27.703+0000] {logging_mixin.py:190} INFO - [2025-01-08T18:56:27.703+0000] {dag.py:3239} INFO - Sync 1 DAGs
[2025-01-08T18:56:27.746+0000] {logging_mixin.py:190} INFO - [2025-01-08T18:56:27.746+0000] {dag.py:4180} INFO - Setting next_dagrun for example_branch_dop_operator_v3 to 2025-01-08 18:55:00+00:00, run_after=2025-01-08 18:56:00+00:00
[2025-01-08T18:56:27.763+0000] {processor.py:208} INFO - Processing /home/airflow/.local/lib/python3.12/site-packages/airflow/example_dags/example_branch_python_dop_operator_3.py took 0.103 seconds
[2025-01-08T18:56:58.186+0000] {processor.py:186} INFO - Started process (PID=1721) to work on /home/airflow/.local/lib/python3.12/site-packages/airflow/example_dags/example_branch_python_dop_operator_3.py
[2025-01-08T18:56:58.187+0000] {processor.py:914} INFO - Processing file /home/airflow/.local/lib/python3.12/site-packages/airflow/example_dags/example_branch_python_dop_operator_3.py for tasks to queue
[2025-01-08T18:56:58.189+0000] {logging_mixin.py:190} INFO - [2025-01-08T18:56:58.189+0000] {dagbag.py:588} INFO - Filling up the DagBag from /home/airflow/.local/lib/python3.12/site-packages/airflow/example_dags/example_branch_python_dop_operator_3.py
[2025-01-08T18:56:58.200+0000] {processor.py:925} INFO - DAG(s) 'example_branch_dop_operator_v3' retrieved from /home/airflow/.local/lib/python3.12/site-packages/airflow/example_dags/example_branch_python_dop_operator_3.py
[2025-01-08T18:56:58.247+0000] {logging_mixin.py:190} INFO - [2025-01-08T18:56:58.247+0000] {dag.py:3239} INFO - Sync 1 DAGs
[2025-01-08T18:56:58.285+0000] {logging_mixin.py:190} INFO - [2025-01-08T18:56:58.285+0000] {dag.py:4180} INFO - Setting next_dagrun for example_branch_dop_operator_v3 to 2025-01-08 18:55:00+00:00, run_after=2025-01-08 18:56:00+00:00
[2025-01-08T18:56:58.301+0000] {processor.py:208} INFO - Processing /home/airflow/.local/lib/python3.12/site-packages/airflow/example_dags/example_branch_python_dop_operator_3.py took 0.120 seconds
[2025-01-08T18:57:28.645+0000] {processor.py:186} INFO - Started process (PID=1787) to work on /home/airflow/.local/lib/python3.12/site-packages/airflow/example_dags/example_branch_python_dop_operator_3.py
[2025-01-08T18:57:28.646+0000] {processor.py:914} INFO - Processing file /home/airflow/.local/lib/python3.12/site-packages/airflow/example_dags/example_branch_python_dop_operator_3.py for tasks to queue
[2025-01-08T18:57:28.648+0000] {logging_mixin.py:190} INFO - [2025-01-08T18:57:28.648+0000] {dagbag.py:588} INFO - Filling up the DagBag from /home/airflow/.local/lib/python3.12/site-packages/airflow/example_dags/example_branch_python_dop_operator_3.py
[2025-01-08T18:57:28.659+0000] {processor.py:925} INFO - DAG(s) 'example_branch_dop_operator_v3' retrieved from /home/airflow/.local/lib/python3.12/site-packages/airflow/example_dags/example_branch_python_dop_operator_3.py
[2025-01-08T18:57:28.679+0000] {logging_mixin.py:190} INFO - [2025-01-08T18:57:28.679+0000] {dag.py:3239} INFO - Sync 1 DAGs
[2025-01-08T18:57:28.709+0000] {logging_mixin.py:190} INFO - [2025-01-08T18:57:28.709+0000] {dag.py:4180} INFO - Setting next_dagrun for example_branch_dop_operator_v3 to 2025-01-08 18:56:00+00:00, run_after=2025-01-08 18:57:00+00:00
[2025-01-08T18:57:28.726+0000] {processor.py:208} INFO - Processing /home/airflow/.local/lib/python3.12/site-packages/airflow/example_dags/example_branch_python_dop_operator_3.py took 0.086 seconds
[2025-01-08T18:57:59.249+0000] {processor.py:186} INFO - Started process (PID=1852) to work on /home/airflow/.local/lib/python3.12/site-packages/airflow/example_dags/example_branch_python_dop_operator_3.py
[2025-01-08T18:57:59.258+0000] {processor.py:914} INFO - Processing file /home/airflow/.local/lib/python3.12/site-packages/airflow/example_dags/example_branch_python_dop_operator_3.py for tasks to queue
[2025-01-08T18:57:59.260+0000] {logging_mixin.py:190} INFO - [2025-01-08T18:57:59.260+0000] {dagbag.py:588} INFO - Filling up the DagBag from /home/airflow/.local/lib/python3.12/site-packages/airflow/example_dags/example_branch_python_dop_operator_3.py
[2025-01-08T18:57:59.273+0000] {processor.py:925} INFO - DAG(s) 'example_branch_dop_operator_v3' retrieved from /home/airflow/.local/lib/python3.12/site-packages/airflow/example_dags/example_branch_python_dop_operator_3.py
[2025-01-08T18:57:59.309+0000] {logging_mixin.py:190} INFO - [2025-01-08T18:57:59.309+0000] {dag.py:3239} INFO - Sync 1 DAGs
[2025-01-08T18:57:59.369+0000] {logging_mixin.py:190} INFO - [2025-01-08T18:57:59.369+0000] {dag.py:4180} INFO - Setting next_dagrun for example_branch_dop_operator_v3 to 2025-01-08 18:56:00+00:00, run_after=2025-01-08 18:57:00+00:00
[2025-01-08T18:57:59.388+0000] {processor.py:208} INFO - Processing /home/airflow/.local/lib/python3.12/site-packages/airflow/example_dags/example_branch_python_dop_operator_3.py took 0.151 seconds
[2025-01-08T18:58:29.620+0000] {processor.py:186} INFO - Started process (PID=1917) to work on /home/airflow/.local/lib/python3.12/site-packages/airflow/example_dags/example_branch_python_dop_operator_3.py
[2025-01-08T18:58:29.620+0000] {processor.py:914} INFO - Processing file /home/airflow/.local/lib/python3.12/site-packages/airflow/example_dags/example_branch_python_dop_operator_3.py for tasks to queue
[2025-01-08T18:58:29.622+0000] {logging_mixin.py:190} INFO - [2025-01-08T18:58:29.622+0000] {dagbag.py:588} INFO - Filling up the DagBag from /home/airflow/.local/lib/python3.12/site-packages/airflow/example_dags/example_branch_python_dop_operator_3.py
[2025-01-08T18:58:29.658+0000] {processor.py:925} INFO - DAG(s) 'example_branch_dop_operator_v3' retrieved from /home/airflow/.local/lib/python3.12/site-packages/airflow/example_dags/example_branch_python_dop_operator_3.py
[2025-01-08T18:58:29.680+0000] {logging_mixin.py:190} INFO - [2025-01-08T18:58:29.680+0000] {dag.py:3239} INFO - Sync 1 DAGs
[2025-01-08T18:58:29.716+0000] {logging_mixin.py:190} INFO - [2025-01-08T18:58:29.716+0000] {dag.py:4180} INFO - Setting next_dagrun for example_branch_dop_operator_v3 to 2025-01-08 18:57:00+00:00, run_after=2025-01-08 18:58:00+00:00
[2025-01-08T18:58:29.737+0000] {processor.py:208} INFO - Processing /home/airflow/.local/lib/python3.12/site-packages/airflow/example_dags/example_branch_python_dop_operator_3.py took 0.123 seconds
[2025-01-08T18:59:00.378+0000] {processor.py:186} INFO - Started process (PID=1982) to work on /home/airflow/.local/lib/python3.12/site-packages/airflow/example_dags/example_branch_python_dop_operator_3.py
[2025-01-08T18:59:00.379+0000] {processor.py:914} INFO - Processing file /home/airflow/.local/lib/python3.12/site-packages/airflow/example_dags/example_branch_python_dop_operator_3.py for tasks to queue
[2025-01-08T18:59:00.383+0000] {logging_mixin.py:190} INFO - [2025-01-08T18:59:00.381+0000] {dagbag.py:588} INFO - Filling up the DagBag from /home/airflow/.local/lib/python3.12/site-packages/airflow/example_dags/example_branch_python_dop_operator_3.py
[2025-01-08T18:59:00.394+0000] {processor.py:925} INFO - DAG(s) 'example_branch_dop_operator_v3' retrieved from /home/airflow/.local/lib/python3.12/site-packages/airflow/example_dags/example_branch_python_dop_operator_3.py
[2025-01-08T18:59:00.428+0000] {logging_mixin.py:190} INFO - [2025-01-08T18:59:00.428+0000] {dag.py:3239} INFO - Sync 1 DAGs
[2025-01-08T18:59:00.504+0000] {logging_mixin.py:190} INFO - [2025-01-08T18:59:00.504+0000] {dag.py:4180} INFO - Setting next_dagrun for example_branch_dop_operator_v3 to 2025-01-08 18:58:00+00:00, run_after=2025-01-08 18:59:00+00:00
[2025-01-08T18:59:00.546+0000] {processor.py:208} INFO - Processing /home/airflow/.local/lib/python3.12/site-packages/airflow/example_dags/example_branch_python_dop_operator_3.py took 0.181 seconds
[2025-01-08T18:59:31.070+0000] {processor.py:186} INFO - Started process (PID=2047) to work on /home/airflow/.local/lib/python3.12/site-packages/airflow/example_dags/example_branch_python_dop_operator_3.py
[2025-01-08T18:59:31.078+0000] {processor.py:914} INFO - Processing file /home/airflow/.local/lib/python3.12/site-packages/airflow/example_dags/example_branch_python_dop_operator_3.py for tasks to queue
[2025-01-08T18:59:31.097+0000] {logging_mixin.py:190} INFO - [2025-01-08T18:59:31.097+0000] {dagbag.py:588} INFO - Filling up the DagBag from /home/airflow/.local/lib/python3.12/site-packages/airflow/example_dags/example_branch_python_dop_operator_3.py
[2025-01-08T18:59:31.109+0000] {processor.py:925} INFO - DAG(s) 'example_branch_dop_operator_v3' retrieved from /home/airflow/.local/lib/python3.12/site-packages/airflow/example_dags/example_branch_python_dop_operator_3.py
[2025-01-08T18:59:31.130+0000] {logging_mixin.py:190} INFO - [2025-01-08T18:59:31.130+0000] {dag.py:3239} INFO - Sync 1 DAGs
[2025-01-08T18:59:31.160+0000] {logging_mixin.py:190} INFO - [2025-01-08T18:59:31.160+0000] {dag.py:4180} INFO - Setting next_dagrun for example_branch_dop_operator_v3 to 2025-01-08 18:58:00+00:00, run_after=2025-01-08 18:59:00+00:00
[2025-01-08T18:59:31.184+0000] {processor.py:208} INFO - Processing /home/airflow/.local/lib/python3.12/site-packages/airflow/example_dags/example_branch_python_dop_operator_3.py took 0.123 seconds
[2025-01-08T19:00:01.389+0000] {processor.py:186} INFO - Started process (PID=2112) to work on /home/airflow/.local/lib/python3.12/site-packages/airflow/example_dags/example_branch_python_dop_operator_3.py
[2025-01-08T19:00:01.389+0000] {processor.py:914} INFO - Processing file /home/airflow/.local/lib/python3.12/site-packages/airflow/example_dags/example_branch_python_dop_operator_3.py for tasks to queue
[2025-01-08T19:00:01.391+0000] {logging_mixin.py:190} INFO - [2025-01-08T19:00:01.391+0000] {dagbag.py:588} INFO - Filling up the DagBag from /home/airflow/.local/lib/python3.12/site-packages/airflow/example_dags/example_branch_python_dop_operator_3.py
[2025-01-08T19:00:01.402+0000] {processor.py:925} INFO - DAG(s) 'example_branch_dop_operator_v3' retrieved from /home/airflow/.local/lib/python3.12/site-packages/airflow/example_dags/example_branch_python_dop_operator_3.py
[2025-01-08T19:00:01.421+0000] {logging_mixin.py:190} INFO - [2025-01-08T19:00:01.421+0000] {dag.py:3239} INFO - Sync 1 DAGs
[2025-01-08T19:00:01.452+0000] {logging_mixin.py:190} INFO - [2025-01-08T19:00:01.451+0000] {dag.py:4180} INFO - Setting next_dagrun for example_branch_dop_operator_v3 to 2025-01-08 18:59:00+00:00, run_after=2025-01-08 19:00:00+00:00
[2025-01-08T19:00:01.484+0000] {processor.py:208} INFO - Processing /home/airflow/.local/lib/python3.12/site-packages/airflow/example_dags/example_branch_python_dop_operator_3.py took 0.101 seconds
