[2025-01-08T18:44:00.245+0000] {processor.py:186} INFO - Started process (PID=76) to work on /home/airflow/.local/lib/python3.12/site-packages/airflow/example_dags/example_latest_only.py
[2025-01-08T18:44:00.246+0000] {processor.py:914} INFO - Processing file /home/airflow/.local/lib/python3.12/site-packages/airflow/example_dags/example_latest_only.py for tasks to queue
[2025-01-08T18:44:00.251+0000] {logging_mixin.py:190} INFO - [2025-01-08T18:44:00.250+0000] {dagbag.py:588} INFO - Filling up the DagBag from /home/airflow/.local/lib/python3.12/site-packages/airflow/example_dags/example_latest_only.py
[2025-01-08T18:44:00.285+0000] {processor.py:925} INFO - DAG(s) 'latest_only' retrieved from /home/airflow/.local/lib/python3.12/site-packages/airflow/example_dags/example_latest_only.py
[2025-01-08T18:44:00.404+0000] {logging_mixin.py:190} INFO - [2025-01-08T18:44:00.403+0000] {dag.py:3239} INFO - Sync 1 DAGs
[2025-01-08T18:44:00.473+0000] {logging_mixin.py:190} INFO - [2025-01-08T18:44:00.472+0000] {dag.py:4180} INFO - Setting next_dagrun for latest_only to 2025-01-08 12:00:00+00:00, run_after=2025-01-08 16:00:00+00:00
[2025-01-08T18:44:00.614+0000] {processor.py:208} INFO - Processing /home/airflow/.local/lib/python3.12/site-packages/airflow/example_dags/example_latest_only.py took 0.379 seconds
[2025-01-08T18:44:31.471+0000] {processor.py:186} INFO - Started process (PID=140) to work on /home/airflow/.local/lib/python3.12/site-packages/airflow/example_dags/example_latest_only.py
[2025-01-08T18:44:31.472+0000] {processor.py:914} INFO - Processing file /home/airflow/.local/lib/python3.12/site-packages/airflow/example_dags/example_latest_only.py for tasks to queue
[2025-01-08T18:44:31.482+0000] {logging_mixin.py:190} INFO - [2025-01-08T18:44:31.482+0000] {dagbag.py:588} INFO - Filling up the DagBag from /home/airflow/.local/lib/python3.12/site-packages/airflow/example_dags/example_latest_only.py
[2025-01-08T18:44:31.553+0000] {processor.py:925} INFO - DAG(s) 'latest_only' retrieved from /home/airflow/.local/lib/python3.12/site-packages/airflow/example_dags/example_latest_only.py
[2025-01-08T18:44:31.647+0000] {logging_mixin.py:190} INFO - [2025-01-08T18:44:31.646+0000] {dag.py:3239} INFO - Sync 1 DAGs
[2025-01-08T18:44:31.721+0000] {logging_mixin.py:190} INFO - [2025-01-08T18:44:31.721+0000] {dag.py:4180} INFO - Setting next_dagrun for latest_only to 2025-01-08 12:00:00+00:00, run_after=2025-01-08 16:00:00+00:00
[2025-01-08T18:44:31.796+0000] {processor.py:208} INFO - Processing /home/airflow/.local/lib/python3.12/site-packages/airflow/example_dags/example_latest_only.py took 0.355 seconds
[2025-01-08T18:45:03.874+0000] {processor.py:186} INFO - Started process (PID=206) to work on /home/airflow/.local/lib/python3.12/site-packages/airflow/example_dags/example_latest_only.py
[2025-01-08T18:45:03.882+0000] {processor.py:914} INFO - Processing file /home/airflow/.local/lib/python3.12/site-packages/airflow/example_dags/example_latest_only.py for tasks to queue
[2025-01-08T18:45:03.885+0000] {logging_mixin.py:190} INFO - [2025-01-08T18:45:03.884+0000] {dagbag.py:588} INFO - Filling up the DagBag from /home/airflow/.local/lib/python3.12/site-packages/airflow/example_dags/example_latest_only.py
[2025-01-08T18:45:03.913+0000] {processor.py:925} INFO - DAG(s) 'latest_only' retrieved from /home/airflow/.local/lib/python3.12/site-packages/airflow/example_dags/example_latest_only.py
[2025-01-08T18:45:03.959+0000] {logging_mixin.py:190} INFO - [2025-01-08T18:45:03.958+0000] {dag.py:3239} INFO - Sync 1 DAGs
[2025-01-08T18:45:04.000+0000] {logging_mixin.py:190} INFO - [2025-01-08T18:45:03.999+0000] {dag.py:4180} INFO - Setting next_dagrun for latest_only to 2025-01-08 12:00:00+00:00, run_after=2025-01-08 16:00:00+00:00
[2025-01-08T18:45:04.099+0000] {processor.py:208} INFO - Processing /home/airflow/.local/lib/python3.12/site-packages/airflow/example_dags/example_latest_only.py took 0.243 seconds
[2025-01-08T18:45:34.650+0000] {processor.py:186} INFO - Started process (PID=269) to work on /home/airflow/.local/lib/python3.12/site-packages/airflow/example_dags/example_latest_only.py
[2025-01-08T18:45:34.659+0000] {processor.py:914} INFO - Processing file /home/airflow/.local/lib/python3.12/site-packages/airflow/example_dags/example_latest_only.py for tasks to queue
[2025-01-08T18:45:34.668+0000] {logging_mixin.py:190} INFO - [2025-01-08T18:45:34.661+0000] {dagbag.py:588} INFO - Filling up the DagBag from /home/airflow/.local/lib/python3.12/site-packages/airflow/example_dags/example_latest_only.py
[2025-01-08T18:45:34.730+0000] {processor.py:925} INFO - DAG(s) 'latest_only' retrieved from /home/airflow/.local/lib/python3.12/site-packages/airflow/example_dags/example_latest_only.py
[2025-01-08T18:45:34.786+0000] {logging_mixin.py:190} INFO - [2025-01-08T18:45:34.786+0000] {dag.py:3239} INFO - Sync 1 DAGs
[2025-01-08T18:45:34.863+0000] {logging_mixin.py:190} INFO - [2025-01-08T18:45:34.863+0000] {dag.py:4180} INFO - Setting next_dagrun for latest_only to 2025-01-08 12:00:00+00:00, run_after=2025-01-08 16:00:00+00:00
[2025-01-08T18:45:34.893+0000] {processor.py:208} INFO - Processing /home/airflow/.local/lib/python3.12/site-packages/airflow/example_dags/example_latest_only.py took 0.292 seconds
[2025-01-08T18:46:05.122+0000] {processor.py:186} INFO - Started process (PID=334) to work on /home/airflow/.local/lib/python3.12/site-packages/airflow/example_dags/example_latest_only.py
[2025-01-08T18:46:05.123+0000] {processor.py:914} INFO - Processing file /home/airflow/.local/lib/python3.12/site-packages/airflow/example_dags/example_latest_only.py for tasks to queue
[2025-01-08T18:46:05.125+0000] {logging_mixin.py:190} INFO - [2025-01-08T18:46:05.125+0000] {dagbag.py:588} INFO - Filling up the DagBag from /home/airflow/.local/lib/python3.12/site-packages/airflow/example_dags/example_latest_only.py
[2025-01-08T18:46:05.157+0000] {processor.py:925} INFO - DAG(s) 'latest_only' retrieved from /home/airflow/.local/lib/python3.12/site-packages/airflow/example_dags/example_latest_only.py
[2025-01-08T18:46:05.295+0000] {logging_mixin.py:190} INFO - [2025-01-08T18:46:05.294+0000] {dag.py:3239} INFO - Sync 1 DAGs
[2025-01-08T18:46:05.370+0000] {logging_mixin.py:190} INFO - [2025-01-08T18:46:05.370+0000] {dag.py:4180} INFO - Setting next_dagrun for latest_only to 2025-01-08 12:00:00+00:00, run_after=2025-01-08 16:00:00+00:00
[2025-01-08T18:46:05.404+0000] {processor.py:208} INFO - Processing /home/airflow/.local/lib/python3.12/site-packages/airflow/example_dags/example_latest_only.py took 0.319 seconds
[2025-01-08T18:46:35.803+0000] {processor.py:186} INFO - Started process (PID=399) to work on /home/airflow/.local/lib/python3.12/site-packages/airflow/example_dags/example_latest_only.py
[2025-01-08T18:46:35.808+0000] {processor.py:914} INFO - Processing file /home/airflow/.local/lib/python3.12/site-packages/airflow/example_dags/example_latest_only.py for tasks to queue
[2025-01-08T18:46:35.810+0000] {logging_mixin.py:190} INFO - [2025-01-08T18:46:35.810+0000] {dagbag.py:588} INFO - Filling up the DagBag from /home/airflow/.local/lib/python3.12/site-packages/airflow/example_dags/example_latest_only.py
[2025-01-08T18:46:35.822+0000] {processor.py:925} INFO - DAG(s) 'latest_only' retrieved from /home/airflow/.local/lib/python3.12/site-packages/airflow/example_dags/example_latest_only.py
[2025-01-08T18:46:35.843+0000] {logging_mixin.py:190} INFO - [2025-01-08T18:46:35.842+0000] {dag.py:3239} INFO - Sync 1 DAGs
[2025-01-08T18:46:35.870+0000] {logging_mixin.py:190} INFO - [2025-01-08T18:46:35.870+0000] {dag.py:4180} INFO - Setting next_dagrun for latest_only to 2025-01-08 12:00:00+00:00, run_after=2025-01-08 16:00:00+00:00
[2025-01-08T18:46:35.885+0000] {processor.py:208} INFO - Processing /home/airflow/.local/lib/python3.12/site-packages/airflow/example_dags/example_latest_only.py took 0.110 seconds
[2025-01-08T18:47:06.412+0000] {processor.py:186} INFO - Started process (PID=464) to work on /home/airflow/.local/lib/python3.12/site-packages/airflow/example_dags/example_latest_only.py
[2025-01-08T18:47:06.413+0000] {processor.py:914} INFO - Processing file /home/airflow/.local/lib/python3.12/site-packages/airflow/example_dags/example_latest_only.py for tasks to queue
[2025-01-08T18:47:06.415+0000] {logging_mixin.py:190} INFO - [2025-01-08T18:47:06.415+0000] {dagbag.py:588} INFO - Filling up the DagBag from /home/airflow/.local/lib/python3.12/site-packages/airflow/example_dags/example_latest_only.py
[2025-01-08T18:47:06.426+0000] {processor.py:925} INFO - DAG(s) 'latest_only' retrieved from /home/airflow/.local/lib/python3.12/site-packages/airflow/example_dags/example_latest_only.py
[2025-01-08T18:47:06.488+0000] {logging_mixin.py:190} INFO - [2025-01-08T18:47:06.487+0000] {dag.py:3239} INFO - Sync 1 DAGs
[2025-01-08T18:47:06.515+0000] {logging_mixin.py:190} INFO - [2025-01-08T18:47:06.515+0000] {dag.py:4180} INFO - Setting next_dagrun for latest_only to 2025-01-08 12:00:00+00:00, run_after=2025-01-08 16:00:00+00:00
[2025-01-08T18:47:06.536+0000] {processor.py:208} INFO - Processing /home/airflow/.local/lib/python3.12/site-packages/airflow/example_dags/example_latest_only.py took 0.136 seconds
[2025-01-08T18:47:38.628+0000] {processor.py:186} INFO - Started process (PID=530) to work on /home/airflow/.local/lib/python3.12/site-packages/airflow/example_dags/example_latest_only.py
[2025-01-08T18:47:38.628+0000] {processor.py:914} INFO - Processing file /home/airflow/.local/lib/python3.12/site-packages/airflow/example_dags/example_latest_only.py for tasks to queue
[2025-01-08T18:47:38.638+0000] {logging_mixin.py:190} INFO - [2025-01-08T18:47:38.638+0000] {dagbag.py:588} INFO - Filling up the DagBag from /home/airflow/.local/lib/python3.12/site-packages/airflow/example_dags/example_latest_only.py
[2025-01-08T18:47:38.654+0000] {processor.py:925} INFO - DAG(s) 'latest_only' retrieved from /home/airflow/.local/lib/python3.12/site-packages/airflow/example_dags/example_latest_only.py
[2025-01-08T18:47:38.689+0000] {logging_mixin.py:190} INFO - [2025-01-08T18:47:38.689+0000] {dag.py:3239} INFO - Sync 1 DAGs
[2025-01-08T18:47:38.715+0000] {logging_mixin.py:190} INFO - [2025-01-08T18:47:38.714+0000] {dag.py:4180} INFO - Setting next_dagrun for latest_only to 2025-01-08 12:00:00+00:00, run_after=2025-01-08 16:00:00+00:00
[2025-01-08T18:47:38.759+0000] {processor.py:208} INFO - Processing /home/airflow/.local/lib/python3.12/site-packages/airflow/example_dags/example_latest_only.py took 0.154 seconds
[2025-01-08T18:48:09.785+0000] {processor.py:186} INFO - Started process (PID=595) to work on /home/airflow/.local/lib/python3.12/site-packages/airflow/example_dags/example_latest_only.py
[2025-01-08T18:48:09.794+0000] {processor.py:914} INFO - Processing file /home/airflow/.local/lib/python3.12/site-packages/airflow/example_dags/example_latest_only.py for tasks to queue
[2025-01-08T18:48:09.797+0000] {logging_mixin.py:190} INFO - [2025-01-08T18:48:09.796+0000] {dagbag.py:588} INFO - Filling up the DagBag from /home/airflow/.local/lib/python3.12/site-packages/airflow/example_dags/example_latest_only.py
[2025-01-08T18:48:09.810+0000] {processor.py:925} INFO - DAG(s) 'latest_only' retrieved from /home/airflow/.local/lib/python3.12/site-packages/airflow/example_dags/example_latest_only.py
[2025-01-08T18:48:09.857+0000] {logging_mixin.py:190} INFO - [2025-01-08T18:48:09.857+0000] {dag.py:3239} INFO - Sync 1 DAGs
[2025-01-08T18:48:09.909+0000] {logging_mixin.py:190} INFO - [2025-01-08T18:48:09.909+0000] {dag.py:4180} INFO - Setting next_dagrun for latest_only to 2025-01-08 12:00:00+00:00, run_after=2025-01-08 16:00:00+00:00
[2025-01-08T18:48:09.973+0000] {processor.py:208} INFO - Processing /home/airflow/.local/lib/python3.12/site-packages/airflow/example_dags/example_latest_only.py took 0.213 seconds
[2025-01-08T18:48:40.104+0000] {processor.py:186} INFO - Started process (PID=659) to work on /home/airflow/.local/lib/python3.12/site-packages/airflow/example_dags/example_latest_only.py
[2025-01-08T18:48:40.105+0000] {processor.py:914} INFO - Processing file /home/airflow/.local/lib/python3.12/site-packages/airflow/example_dags/example_latest_only.py for tasks to queue
[2025-01-08T18:48:40.107+0000] {logging_mixin.py:190} INFO - [2025-01-08T18:48:40.107+0000] {dagbag.py:588} INFO - Filling up the DagBag from /home/airflow/.local/lib/python3.12/site-packages/airflow/example_dags/example_latest_only.py
[2025-01-08T18:48:40.114+0000] {processor.py:925} INFO - DAG(s) 'latest_only' retrieved from /home/airflow/.local/lib/python3.12/site-packages/airflow/example_dags/example_latest_only.py
[2025-01-08T18:48:40.134+0000] {logging_mixin.py:190} INFO - [2025-01-08T18:48:40.134+0000] {dag.py:3239} INFO - Sync 1 DAGs
[2025-01-08T18:48:40.165+0000] {logging_mixin.py:190} INFO - [2025-01-08T18:48:40.165+0000] {dag.py:4180} INFO - Setting next_dagrun for latest_only to 2025-01-08 12:00:00+00:00, run_after=2025-01-08 16:00:00+00:00
[2025-01-08T18:48:40.181+0000] {processor.py:208} INFO - Processing /home/airflow/.local/lib/python3.12/site-packages/airflow/example_dags/example_latest_only.py took 0.083 seconds
[2025-01-08T18:49:10.928+0000] {processor.py:186} INFO - Started process (PID=725) to work on /home/airflow/.local/lib/python3.12/site-packages/airflow/example_dags/example_latest_only.py
[2025-01-08T18:49:10.929+0000] {processor.py:914} INFO - Processing file /home/airflow/.local/lib/python3.12/site-packages/airflow/example_dags/example_latest_only.py for tasks to queue
[2025-01-08T18:49:10.931+0000] {logging_mixin.py:190} INFO - [2025-01-08T18:49:10.931+0000] {dagbag.py:588} INFO - Filling up the DagBag from /home/airflow/.local/lib/python3.12/site-packages/airflow/example_dags/example_latest_only.py
[2025-01-08T18:49:10.938+0000] {processor.py:925} INFO - DAG(s) 'latest_only' retrieved from /home/airflow/.local/lib/python3.12/site-packages/airflow/example_dags/example_latest_only.py
[2025-01-08T18:49:10.960+0000] {logging_mixin.py:190} INFO - [2025-01-08T18:49:10.960+0000] {dag.py:3239} INFO - Sync 1 DAGs
[2025-01-08T18:49:10.986+0000] {logging_mixin.py:190} INFO - [2025-01-08T18:49:10.986+0000] {dag.py:4180} INFO - Setting next_dagrun for latest_only to 2025-01-08 12:00:00+00:00, run_after=2025-01-08 16:00:00+00:00
[2025-01-08T18:49:11.003+0000] {processor.py:208} INFO - Processing /home/airflow/.local/lib/python3.12/site-packages/airflow/example_dags/example_latest_only.py took 0.080 seconds
[2025-01-08T18:49:43.213+0000] {processor.py:186} INFO - Started process (PID=782) to work on /home/airflow/.local/lib/python3.12/site-packages/airflow/example_dags/example_latest_only.py
[2025-01-08T18:49:43.215+0000] {processor.py:914} INFO - Processing file /home/airflow/.local/lib/python3.12/site-packages/airflow/example_dags/example_latest_only.py for tasks to queue
[2025-01-08T18:49:43.218+0000] {logging_mixin.py:190} INFO - [2025-01-08T18:49:43.218+0000] {dagbag.py:588} INFO - Filling up the DagBag from /home/airflow/.local/lib/python3.12/site-packages/airflow/example_dags/example_latest_only.py
[2025-01-08T18:49:43.227+0000] {processor.py:925} INFO - DAG(s) 'latest_only' retrieved from /home/airflow/.local/lib/python3.12/site-packages/airflow/example_dags/example_latest_only.py
[2025-01-08T18:49:43.265+0000] {logging_mixin.py:190} INFO - [2025-01-08T18:49:43.265+0000] {dag.py:3239} INFO - Sync 1 DAGs
[2025-01-08T18:49:43.295+0000] {logging_mixin.py:190} INFO - [2025-01-08T18:49:43.294+0000] {dag.py:4180} INFO - Setting next_dagrun for latest_only to 2025-01-08 12:00:00+00:00, run_after=2025-01-08 16:00:00+00:00
[2025-01-08T18:49:43.345+0000] {processor.py:208} INFO - Processing /home/airflow/.local/lib/python3.12/site-packages/airflow/example_dags/example_latest_only.py took 0.140 seconds
[2025-01-08T18:50:14.027+0000] {processor.py:186} INFO - Started process (PID=845) to work on /home/airflow/.local/lib/python3.12/site-packages/airflow/example_dags/example_latest_only.py
[2025-01-08T18:50:14.027+0000] {processor.py:914} INFO - Processing file /home/airflow/.local/lib/python3.12/site-packages/airflow/example_dags/example_latest_only.py for tasks to queue
[2025-01-08T18:50:14.030+0000] {logging_mixin.py:190} INFO - [2025-01-08T18:50:14.029+0000] {dagbag.py:588} INFO - Filling up the DagBag from /home/airflow/.local/lib/python3.12/site-packages/airflow/example_dags/example_latest_only.py
[2025-01-08T18:50:14.036+0000] {processor.py:925} INFO - DAG(s) 'latest_only' retrieved from /home/airflow/.local/lib/python3.12/site-packages/airflow/example_dags/example_latest_only.py
[2025-01-08T18:50:14.053+0000] {logging_mixin.py:190} INFO - [2025-01-08T18:50:14.053+0000] {dag.py:3239} INFO - Sync 1 DAGs
[2025-01-08T18:50:14.079+0000] {logging_mixin.py:190} INFO - [2025-01-08T18:50:14.079+0000] {dag.py:4180} INFO - Setting next_dagrun for latest_only to 2025-01-08 12:00:00+00:00, run_after=2025-01-08 16:00:00+00:00
[2025-01-08T18:50:14.096+0000] {processor.py:208} INFO - Processing /home/airflow/.local/lib/python3.12/site-packages/airflow/example_dags/example_latest_only.py took 0.075 seconds
[2025-01-08T18:50:44.481+0000] {processor.py:186} INFO - Started process (PID=908) to work on /home/airflow/.local/lib/python3.12/site-packages/airflow/example_dags/example_latest_only.py
[2025-01-08T18:50:44.482+0000] {processor.py:914} INFO - Processing file /home/airflow/.local/lib/python3.12/site-packages/airflow/example_dags/example_latest_only.py for tasks to queue
[2025-01-08T18:50:44.484+0000] {logging_mixin.py:190} INFO - [2025-01-08T18:50:44.484+0000] {dagbag.py:588} INFO - Filling up the DagBag from /home/airflow/.local/lib/python3.12/site-packages/airflow/example_dags/example_latest_only.py
[2025-01-08T18:50:44.500+0000] {processor.py:925} INFO - DAG(s) 'latest_only' retrieved from /home/airflow/.local/lib/python3.12/site-packages/airflow/example_dags/example_latest_only.py
[2025-01-08T18:50:44.553+0000] {logging_mixin.py:190} INFO - [2025-01-08T18:50:44.553+0000] {dag.py:3239} INFO - Sync 1 DAGs
[2025-01-08T18:50:44.593+0000] {logging_mixin.py:190} INFO - [2025-01-08T18:50:44.593+0000] {dag.py:4180} INFO - Setting next_dagrun for latest_only to 2025-01-08 12:00:00+00:00, run_after=2025-01-08 16:00:00+00:00
[2025-01-08T18:50:44.618+0000] {processor.py:208} INFO - Processing /home/airflow/.local/lib/python3.12/site-packages/airflow/example_dags/example_latest_only.py took 0.143 seconds
[2025-01-08T18:51:15.078+0000] {processor.py:186} INFO - Started process (PID=973) to work on /home/airflow/.local/lib/python3.12/site-packages/airflow/example_dags/example_latest_only.py
[2025-01-08T18:51:15.079+0000] {processor.py:914} INFO - Processing file /home/airflow/.local/lib/python3.12/site-packages/airflow/example_dags/example_latest_only.py for tasks to queue
[2025-01-08T18:51:15.081+0000] {logging_mixin.py:190} INFO - [2025-01-08T18:51:15.081+0000] {dagbag.py:588} INFO - Filling up the DagBag from /home/airflow/.local/lib/python3.12/site-packages/airflow/example_dags/example_latest_only.py
[2025-01-08T18:51:15.090+0000] {processor.py:925} INFO - DAG(s) 'latest_only' retrieved from /home/airflow/.local/lib/python3.12/site-packages/airflow/example_dags/example_latest_only.py
[2025-01-08T18:51:15.109+0000] {logging_mixin.py:190} INFO - [2025-01-08T18:51:15.108+0000] {dag.py:3239} INFO - Sync 1 DAGs
[2025-01-08T18:51:15.133+0000] {logging_mixin.py:190} INFO - [2025-01-08T18:51:15.133+0000] {dag.py:4180} INFO - Setting next_dagrun for latest_only to 2025-01-08 12:00:00+00:00, run_after=2025-01-08 16:00:00+00:00
[2025-01-08T18:51:15.149+0000] {processor.py:208} INFO - Processing /home/airflow/.local/lib/python3.12/site-packages/airflow/example_dags/example_latest_only.py took 0.077 seconds
[2025-01-08T18:51:46.016+0000] {processor.py:186} INFO - Started process (PID=1037) to work on /home/airflow/.local/lib/python3.12/site-packages/airflow/example_dags/example_latest_only.py
[2025-01-08T18:51:46.016+0000] {processor.py:914} INFO - Processing file /home/airflow/.local/lib/python3.12/site-packages/airflow/example_dags/example_latest_only.py for tasks to queue
[2025-01-08T18:51:46.019+0000] {logging_mixin.py:190} INFO - [2025-01-08T18:51:46.019+0000] {dagbag.py:588} INFO - Filling up the DagBag from /home/airflow/.local/lib/python3.12/site-packages/airflow/example_dags/example_latest_only.py
[2025-01-08T18:51:46.036+0000] {processor.py:925} INFO - DAG(s) 'latest_only' retrieved from /home/airflow/.local/lib/python3.12/site-packages/airflow/example_dags/example_latest_only.py
[2025-01-08T18:51:46.059+0000] {logging_mixin.py:190} INFO - [2025-01-08T18:51:46.059+0000] {dag.py:3239} INFO - Sync 1 DAGs
[2025-01-08T18:51:46.092+0000] {logging_mixin.py:190} INFO - [2025-01-08T18:51:46.092+0000] {dag.py:4180} INFO - Setting next_dagrun for latest_only to 2025-01-08 12:00:00+00:00, run_after=2025-01-08 16:00:00+00:00
[2025-01-08T18:51:46.122+0000] {processor.py:208} INFO - Processing /home/airflow/.local/lib/python3.12/site-packages/airflow/example_dags/example_latest_only.py took 0.113 seconds
[2025-01-08T18:52:16.924+0000] {processor.py:186} INFO - Started process (PID=1102) to work on /home/airflow/.local/lib/python3.12/site-packages/airflow/example_dags/example_latest_only.py
[2025-01-08T18:52:16.924+0000] {processor.py:914} INFO - Processing file /home/airflow/.local/lib/python3.12/site-packages/airflow/example_dags/example_latest_only.py for tasks to queue
[2025-01-08T18:52:16.926+0000] {logging_mixin.py:190} INFO - [2025-01-08T18:52:16.926+0000] {dagbag.py:588} INFO - Filling up the DagBag from /home/airflow/.local/lib/python3.12/site-packages/airflow/example_dags/example_latest_only.py
[2025-01-08T18:52:16.939+0000] {processor.py:925} INFO - DAG(s) 'latest_only' retrieved from /home/airflow/.local/lib/python3.12/site-packages/airflow/example_dags/example_latest_only.py
[2025-01-08T18:52:16.958+0000] {logging_mixin.py:190} INFO - [2025-01-08T18:52:16.958+0000] {dag.py:3239} INFO - Sync 1 DAGs
[2025-01-08T18:52:16.984+0000] {logging_mixin.py:190} INFO - [2025-01-08T18:52:16.983+0000] {dag.py:4180} INFO - Setting next_dagrun for latest_only to 2025-01-08 12:00:00+00:00, run_after=2025-01-08 16:00:00+00:00
[2025-01-08T18:52:17.002+0000] {processor.py:208} INFO - Processing /home/airflow/.local/lib/python3.12/site-packages/airflow/example_dags/example_latest_only.py took 0.084 seconds
[2025-01-08T18:52:47.349+0000] {processor.py:186} INFO - Started process (PID=1168) to work on /home/airflow/.local/lib/python3.12/site-packages/airflow/example_dags/example_latest_only.py
[2025-01-08T18:52:47.350+0000] {processor.py:914} INFO - Processing file /home/airflow/.local/lib/python3.12/site-packages/airflow/example_dags/example_latest_only.py for tasks to queue
[2025-01-08T18:52:47.352+0000] {logging_mixin.py:190} INFO - [2025-01-08T18:52:47.352+0000] {dagbag.py:588} INFO - Filling up the DagBag from /home/airflow/.local/lib/python3.12/site-packages/airflow/example_dags/example_latest_only.py
[2025-01-08T18:52:47.375+0000] {processor.py:925} INFO - DAG(s) 'latest_only' retrieved from /home/airflow/.local/lib/python3.12/site-packages/airflow/example_dags/example_latest_only.py
[2025-01-08T18:52:47.409+0000] {logging_mixin.py:190} INFO - [2025-01-08T18:52:47.408+0000] {dag.py:3239} INFO - Sync 1 DAGs
[2025-01-08T18:52:47.461+0000] {logging_mixin.py:190} INFO - [2025-01-08T18:52:47.460+0000] {dag.py:4180} INFO - Setting next_dagrun for latest_only to 2025-01-08 12:00:00+00:00, run_after=2025-01-08 16:00:00+00:00
[2025-01-08T18:52:47.494+0000] {processor.py:208} INFO - Processing /home/airflow/.local/lib/python3.12/site-packages/airflow/example_dags/example_latest_only.py took 0.159 seconds
[2025-01-08T18:53:17.547+0000] {processor.py:186} INFO - Started process (PID=1232) to work on /home/airflow/.local/lib/python3.12/site-packages/airflow/example_dags/example_latest_only.py
[2025-01-08T18:53:17.547+0000] {processor.py:914} INFO - Processing file /home/airflow/.local/lib/python3.12/site-packages/airflow/example_dags/example_latest_only.py for tasks to queue
[2025-01-08T18:53:17.549+0000] {logging_mixin.py:190} INFO - [2025-01-08T18:53:17.549+0000] {dagbag.py:588} INFO - Filling up the DagBag from /home/airflow/.local/lib/python3.12/site-packages/airflow/example_dags/example_latest_only.py
[2025-01-08T18:53:17.556+0000] {processor.py:925} INFO - DAG(s) 'latest_only' retrieved from /home/airflow/.local/lib/python3.12/site-packages/airflow/example_dags/example_latest_only.py
[2025-01-08T18:53:17.575+0000] {logging_mixin.py:190} INFO - [2025-01-08T18:53:17.575+0000] {dag.py:3239} INFO - Sync 1 DAGs
[2025-01-08T18:53:17.600+0000] {logging_mixin.py:190} INFO - [2025-01-08T18:53:17.600+0000] {dag.py:4180} INFO - Setting next_dagrun for latest_only to 2025-01-08 12:00:00+00:00, run_after=2025-01-08 16:00:00+00:00
[2025-01-08T18:53:17.616+0000] {processor.py:208} INFO - Processing /home/airflow/.local/lib/python3.12/site-packages/airflow/example_dags/example_latest_only.py took 0.075 seconds
[2025-01-08T18:53:47.965+0000] {processor.py:186} INFO - Started process (PID=1299) to work on /home/airflow/.local/lib/python3.12/site-packages/airflow/example_dags/example_latest_only.py
[2025-01-08T18:53:47.969+0000] {processor.py:914} INFO - Processing file /home/airflow/.local/lib/python3.12/site-packages/airflow/example_dags/example_latest_only.py for tasks to queue
[2025-01-08T18:53:47.972+0000] {logging_mixin.py:190} INFO - [2025-01-08T18:53:47.971+0000] {dagbag.py:588} INFO - Filling up the DagBag from /home/airflow/.local/lib/python3.12/site-packages/airflow/example_dags/example_latest_only.py
[2025-01-08T18:53:47.980+0000] {processor.py:925} INFO - DAG(s) 'latest_only' retrieved from /home/airflow/.local/lib/python3.12/site-packages/airflow/example_dags/example_latest_only.py
[2025-01-08T18:53:48.019+0000] {logging_mixin.py:190} INFO - [2025-01-08T18:53:48.019+0000] {dag.py:3239} INFO - Sync 1 DAGs
[2025-01-08T18:53:48.059+0000] {logging_mixin.py:190} INFO - [2025-01-08T18:53:48.059+0000] {dag.py:4180} INFO - Setting next_dagrun for latest_only to 2025-01-08 12:00:00+00:00, run_after=2025-01-08 16:00:00+00:00
[2025-01-08T18:53:48.088+0000] {processor.py:208} INFO - Processing /home/airflow/.local/lib/python3.12/site-packages/airflow/example_dags/example_latest_only.py took 0.141 seconds
[2025-01-08T18:54:18.556+0000] {processor.py:186} INFO - Started process (PID=1365) to work on /home/airflow/.local/lib/python3.12/site-packages/airflow/example_dags/example_latest_only.py
[2025-01-08T18:54:18.556+0000] {processor.py:914} INFO - Processing file /home/airflow/.local/lib/python3.12/site-packages/airflow/example_dags/example_latest_only.py for tasks to queue
[2025-01-08T18:54:18.558+0000] {logging_mixin.py:190} INFO - [2025-01-08T18:54:18.558+0000] {dagbag.py:588} INFO - Filling up the DagBag from /home/airflow/.local/lib/python3.12/site-packages/airflow/example_dags/example_latest_only.py
[2025-01-08T18:54:18.566+0000] {processor.py:925} INFO - DAG(s) 'latest_only' retrieved from /home/airflow/.local/lib/python3.12/site-packages/airflow/example_dags/example_latest_only.py
[2025-01-08T18:54:18.585+0000] {logging_mixin.py:190} INFO - [2025-01-08T18:54:18.585+0000] {dag.py:3239} INFO - Sync 1 DAGs
[2025-01-08T18:54:18.609+0000] {logging_mixin.py:190} INFO - [2025-01-08T18:54:18.609+0000] {dag.py:4180} INFO - Setting next_dagrun for latest_only to 2025-01-08 12:00:00+00:00, run_after=2025-01-08 16:00:00+00:00
[2025-01-08T18:54:18.627+0000] {processor.py:208} INFO - Processing /home/airflow/.local/lib/python3.12/site-packages/airflow/example_dags/example_latest_only.py took 0.077 seconds
[2025-01-08T18:54:49.100+0000] {processor.py:186} INFO - Started process (PID=1430) to work on /home/airflow/.local/lib/python3.12/site-packages/airflow/example_dags/example_latest_only.py
[2025-01-08T18:54:49.101+0000] {processor.py:914} INFO - Processing file /home/airflow/.local/lib/python3.12/site-packages/airflow/example_dags/example_latest_only.py for tasks to queue
[2025-01-08T18:54:49.103+0000] {logging_mixin.py:190} INFO - [2025-01-08T18:54:49.102+0000] {dagbag.py:588} INFO - Filling up the DagBag from /home/airflow/.local/lib/python3.12/site-packages/airflow/example_dags/example_latest_only.py
[2025-01-08T18:54:49.110+0000] {processor.py:925} INFO - DAG(s) 'latest_only' retrieved from /home/airflow/.local/lib/python3.12/site-packages/airflow/example_dags/example_latest_only.py
[2025-01-08T18:54:49.129+0000] {logging_mixin.py:190} INFO - [2025-01-08T18:54:49.128+0000] {dag.py:3239} INFO - Sync 1 DAGs
[2025-01-08T18:54:49.154+0000] {logging_mixin.py:190} INFO - [2025-01-08T18:54:49.154+0000] {dag.py:4180} INFO - Setting next_dagrun for latest_only to 2025-01-08 12:00:00+00:00, run_after=2025-01-08 16:00:00+00:00
[2025-01-08T18:54:49.170+0000] {processor.py:208} INFO - Processing /home/airflow/.local/lib/python3.12/site-packages/airflow/example_dags/example_latest_only.py took 0.076 seconds
[2025-01-08T18:55:19.813+0000] {processor.py:186} INFO - Started process (PID=1495) to work on /home/airflow/.local/lib/python3.12/site-packages/airflow/example_dags/example_latest_only.py
[2025-01-08T18:55:19.814+0000] {processor.py:914} INFO - Processing file /home/airflow/.local/lib/python3.12/site-packages/airflow/example_dags/example_latest_only.py for tasks to queue
[2025-01-08T18:55:19.816+0000] {logging_mixin.py:190} INFO - [2025-01-08T18:55:19.816+0000] {dagbag.py:588} INFO - Filling up the DagBag from /home/airflow/.local/lib/python3.12/site-packages/airflow/example_dags/example_latest_only.py
[2025-01-08T18:55:19.834+0000] {processor.py:925} INFO - DAG(s) 'latest_only' retrieved from /home/airflow/.local/lib/python3.12/site-packages/airflow/example_dags/example_latest_only.py
[2025-01-08T18:55:19.867+0000] {logging_mixin.py:190} INFO - [2025-01-08T18:55:19.867+0000] {dag.py:3239} INFO - Sync 1 DAGs
[2025-01-08T18:55:19.915+0000] {logging_mixin.py:190} INFO - [2025-01-08T18:55:19.915+0000] {dag.py:4180} INFO - Setting next_dagrun for latest_only to 2025-01-08 12:00:00+00:00, run_after=2025-01-08 16:00:00+00:00
[2025-01-08T18:55:19.938+0000] {processor.py:208} INFO - Processing /home/airflow/.local/lib/python3.12/site-packages/airflow/example_dags/example_latest_only.py took 0.133 seconds
[2025-01-08T18:55:50.368+0000] {processor.py:186} INFO - Started process (PID=1560) to work on /home/airflow/.local/lib/python3.12/site-packages/airflow/example_dags/example_latest_only.py
[2025-01-08T18:55:50.369+0000] {processor.py:914} INFO - Processing file /home/airflow/.local/lib/python3.12/site-packages/airflow/example_dags/example_latest_only.py for tasks to queue
[2025-01-08T18:55:50.371+0000] {logging_mixin.py:190} INFO - [2025-01-08T18:55:50.371+0000] {dagbag.py:588} INFO - Filling up the DagBag from /home/airflow/.local/lib/python3.12/site-packages/airflow/example_dags/example_latest_only.py
[2025-01-08T18:55:50.379+0000] {processor.py:925} INFO - DAG(s) 'latest_only' retrieved from /home/airflow/.local/lib/python3.12/site-packages/airflow/example_dags/example_latest_only.py
[2025-01-08T18:55:50.400+0000] {logging_mixin.py:190} INFO - [2025-01-08T18:55:50.400+0000] {dag.py:3239} INFO - Sync 1 DAGs
[2025-01-08T18:55:50.426+0000] {logging_mixin.py:190} INFO - [2025-01-08T18:55:50.426+0000] {dag.py:4180} INFO - Setting next_dagrun for latest_only to 2025-01-08 12:00:00+00:00, run_after=2025-01-08 16:00:00+00:00
[2025-01-08T18:55:50.444+0000] {processor.py:208} INFO - Processing /home/airflow/.local/lib/python3.12/site-packages/airflow/example_dags/example_latest_only.py took 0.082 seconds
[2025-01-08T18:56:20.854+0000] {processor.py:186} INFO - Started process (PID=1625) to work on /home/airflow/.local/lib/python3.12/site-packages/airflow/example_dags/example_latest_only.py
[2025-01-08T18:56:20.858+0000] {processor.py:914} INFO - Processing file /home/airflow/.local/lib/python3.12/site-packages/airflow/example_dags/example_latest_only.py for tasks to queue
[2025-01-08T18:56:20.860+0000] {logging_mixin.py:190} INFO - [2025-01-08T18:56:20.860+0000] {dagbag.py:588} INFO - Filling up the DagBag from /home/airflow/.local/lib/python3.12/site-packages/airflow/example_dags/example_latest_only.py
[2025-01-08T18:56:20.868+0000] {processor.py:925} INFO - DAG(s) 'latest_only' retrieved from /home/airflow/.local/lib/python3.12/site-packages/airflow/example_dags/example_latest_only.py
[2025-01-08T18:56:20.911+0000] {logging_mixin.py:190} INFO - [2025-01-08T18:56:20.911+0000] {dag.py:3239} INFO - Sync 1 DAGs
[2025-01-08T18:56:20.945+0000] {logging_mixin.py:190} INFO - [2025-01-08T18:56:20.945+0000] {dag.py:4180} INFO - Setting next_dagrun for latest_only to 2025-01-08 12:00:00+00:00, run_after=2025-01-08 16:00:00+00:00
[2025-01-08T18:56:20.961+0000] {processor.py:208} INFO - Processing /home/airflow/.local/lib/python3.12/site-packages/airflow/example_dags/example_latest_only.py took 0.136 seconds
[2025-01-08T18:56:51.883+0000] {processor.py:186} INFO - Started process (PID=1690) to work on /home/airflow/.local/lib/python3.12/site-packages/airflow/example_dags/example_latest_only.py
[2025-01-08T18:56:51.884+0000] {processor.py:914} INFO - Processing file /home/airflow/.local/lib/python3.12/site-packages/airflow/example_dags/example_latest_only.py for tasks to queue
[2025-01-08T18:56:51.886+0000] {logging_mixin.py:190} INFO - [2025-01-08T18:56:51.885+0000] {dagbag.py:588} INFO - Filling up the DagBag from /home/airflow/.local/lib/python3.12/site-packages/airflow/example_dags/example_latest_only.py
[2025-01-08T18:56:51.893+0000] {processor.py:925} INFO - DAG(s) 'latest_only' retrieved from /home/airflow/.local/lib/python3.12/site-packages/airflow/example_dags/example_latest_only.py
[2025-01-08T18:56:51.913+0000] {logging_mixin.py:190} INFO - [2025-01-08T18:56:51.912+0000] {dag.py:3239} INFO - Sync 1 DAGs
[2025-01-08T18:56:51.939+0000] {logging_mixin.py:190} INFO - [2025-01-08T18:56:51.938+0000] {dag.py:4180} INFO - Setting next_dagrun for latest_only to 2025-01-08 12:00:00+00:00, run_after=2025-01-08 16:00:00+00:00
[2025-01-08T18:56:51.956+0000] {processor.py:208} INFO - Processing /home/airflow/.local/lib/python3.12/site-packages/airflow/example_dags/example_latest_only.py took 0.079 seconds
[2025-01-08T18:57:22.395+0000] {processor.py:186} INFO - Started process (PID=1756) to work on /home/airflow/.local/lib/python3.12/site-packages/airflow/example_dags/example_latest_only.py
[2025-01-08T18:57:22.396+0000] {processor.py:914} INFO - Processing file /home/airflow/.local/lib/python3.12/site-packages/airflow/example_dags/example_latest_only.py for tasks to queue
[2025-01-08T18:57:22.398+0000] {logging_mixin.py:190} INFO - [2025-01-08T18:57:22.398+0000] {dagbag.py:588} INFO - Filling up the DagBag from /home/airflow/.local/lib/python3.12/site-packages/airflow/example_dags/example_latest_only.py
[2025-01-08T18:57:22.405+0000] {processor.py:925} INFO - DAG(s) 'latest_only' retrieved from /home/airflow/.local/lib/python3.12/site-packages/airflow/example_dags/example_latest_only.py
[2025-01-08T18:57:22.427+0000] {logging_mixin.py:190} INFO - [2025-01-08T18:57:22.427+0000] {dag.py:3239} INFO - Sync 1 DAGs
[2025-01-08T18:57:22.454+0000] {logging_mixin.py:190} INFO - [2025-01-08T18:57:22.454+0000] {dag.py:4180} INFO - Setting next_dagrun for latest_only to 2025-01-08 12:00:00+00:00, run_after=2025-01-08 16:00:00+00:00
[2025-01-08T18:57:22.471+0000] {processor.py:208} INFO - Processing /home/airflow/.local/lib/python3.12/site-packages/airflow/example_dags/example_latest_only.py took 0.080 seconds
[2025-01-08T18:57:52.952+0000] {processor.py:186} INFO - Started process (PID=1821) to work on /home/airflow/.local/lib/python3.12/site-packages/airflow/example_dags/example_latest_only.py
[2025-01-08T18:57:52.952+0000] {processor.py:914} INFO - Processing file /home/airflow/.local/lib/python3.12/site-packages/airflow/example_dags/example_latest_only.py for tasks to queue
[2025-01-08T18:57:52.954+0000] {logging_mixin.py:190} INFO - [2025-01-08T18:57:52.954+0000] {dagbag.py:588} INFO - Filling up the DagBag from /home/airflow/.local/lib/python3.12/site-packages/airflow/example_dags/example_latest_only.py
[2025-01-08T18:57:52.962+0000] {processor.py:925} INFO - DAG(s) 'latest_only' retrieved from /home/airflow/.local/lib/python3.12/site-packages/airflow/example_dags/example_latest_only.py
[2025-01-08T18:57:52.982+0000] {logging_mixin.py:190} INFO - [2025-01-08T18:57:52.982+0000] {dag.py:3239} INFO - Sync 1 DAGs
[2025-01-08T18:57:52.999+0000] {logging_mixin.py:190} INFO - [2025-01-08T18:57:52.999+0000] {dag.py:4180} INFO - Setting next_dagrun for latest_only to 2025-01-08 12:00:00+00:00, run_after=2025-01-08 16:00:00+00:00
[2025-01-08T18:57:53.011+0000] {processor.py:208} INFO - Processing /home/airflow/.local/lib/python3.12/site-packages/airflow/example_dags/example_latest_only.py took 0.063 seconds
[2025-01-08T18:58:23.055+0000] {processor.py:186} INFO - Started process (PID=1886) to work on /home/airflow/.local/lib/python3.12/site-packages/airflow/example_dags/example_latest_only.py
[2025-01-08T18:58:23.055+0000] {processor.py:914} INFO - Processing file /home/airflow/.local/lib/python3.12/site-packages/airflow/example_dags/example_latest_only.py for tasks to queue
[2025-01-08T18:58:23.058+0000] {logging_mixin.py:190} INFO - [2025-01-08T18:58:23.057+0000] {dagbag.py:588} INFO - Filling up the DagBag from /home/airflow/.local/lib/python3.12/site-packages/airflow/example_dags/example_latest_only.py
[2025-01-08T18:58:23.072+0000] {processor.py:925} INFO - DAG(s) 'latest_only' retrieved from /home/airflow/.local/lib/python3.12/site-packages/airflow/example_dags/example_latest_only.py
[2025-01-08T18:58:23.092+0000] {logging_mixin.py:190} INFO - [2025-01-08T18:58:23.092+0000] {dag.py:3239} INFO - Sync 1 DAGs
[2025-01-08T18:58:23.128+0000] {logging_mixin.py:190} INFO - [2025-01-08T18:58:23.128+0000] {dag.py:4180} INFO - Setting next_dagrun for latest_only to 2025-01-08 12:00:00+00:00, run_after=2025-01-08 16:00:00+00:00
[2025-01-08T18:58:23.152+0000] {processor.py:208} INFO - Processing /home/airflow/.local/lib/python3.12/site-packages/airflow/example_dags/example_latest_only.py took 0.104 seconds
[2025-01-08T18:58:53.336+0000] {processor.py:186} INFO - Started process (PID=1951) to work on /home/airflow/.local/lib/python3.12/site-packages/airflow/example_dags/example_latest_only.py
[2025-01-08T18:58:53.337+0000] {processor.py:914} INFO - Processing file /home/airflow/.local/lib/python3.12/site-packages/airflow/example_dags/example_latest_only.py for tasks to queue
[2025-01-08T18:58:53.338+0000] {logging_mixin.py:190} INFO - [2025-01-08T18:58:53.338+0000] {dagbag.py:588} INFO - Filling up the DagBag from /home/airflow/.local/lib/python3.12/site-packages/airflow/example_dags/example_latest_only.py
[2025-01-08T18:58:53.343+0000] {processor.py:925} INFO - DAG(s) 'latest_only' retrieved from /home/airflow/.local/lib/python3.12/site-packages/airflow/example_dags/example_latest_only.py
[2025-01-08T18:58:53.359+0000] {logging_mixin.py:190} INFO - [2025-01-08T18:58:53.359+0000] {dag.py:3239} INFO - Sync 1 DAGs
[2025-01-08T18:58:53.377+0000] {logging_mixin.py:190} INFO - [2025-01-08T18:58:53.377+0000] {dag.py:4180} INFO - Setting next_dagrun for latest_only to 2025-01-08 12:00:00+00:00, run_after=2025-01-08 16:00:00+00:00
[2025-01-08T18:58:53.390+0000] {processor.py:208} INFO - Processing /home/airflow/.local/lib/python3.12/site-packages/airflow/example_dags/example_latest_only.py took 0.058 seconds
[2025-01-08T18:59:23.885+0000] {processor.py:186} INFO - Started process (PID=2016) to work on /home/airflow/.local/lib/python3.12/site-packages/airflow/example_dags/example_latest_only.py
[2025-01-08T18:59:23.886+0000] {processor.py:914} INFO - Processing file /home/airflow/.local/lib/python3.12/site-packages/airflow/example_dags/example_latest_only.py for tasks to queue
[2025-01-08T18:59:23.888+0000] {logging_mixin.py:190} INFO - [2025-01-08T18:59:23.888+0000] {dagbag.py:588} INFO - Filling up the DagBag from /home/airflow/.local/lib/python3.12/site-packages/airflow/example_dags/example_latest_only.py
[2025-01-08T18:59:23.896+0000] {processor.py:925} INFO - DAG(s) 'latest_only' retrieved from /home/airflow/.local/lib/python3.12/site-packages/airflow/example_dags/example_latest_only.py
[2025-01-08T18:59:23.931+0000] {logging_mixin.py:190} INFO - [2025-01-08T18:59:23.930+0000] {dag.py:3239} INFO - Sync 1 DAGs
[2025-01-08T18:59:23.956+0000] {logging_mixin.py:190} INFO - [2025-01-08T18:59:23.956+0000] {dag.py:4180} INFO - Setting next_dagrun for latest_only to 2025-01-08 12:00:00+00:00, run_after=2025-01-08 16:00:00+00:00
[2025-01-08T18:59:23.972+0000] {processor.py:208} INFO - Processing /home/airflow/.local/lib/python3.12/site-packages/airflow/example_dags/example_latest_only.py took 0.093 seconds
[2025-01-08T18:59:54.449+0000] {processor.py:186} INFO - Started process (PID=2081) to work on /home/airflow/.local/lib/python3.12/site-packages/airflow/example_dags/example_latest_only.py
[2025-01-08T18:59:54.450+0000] {processor.py:914} INFO - Processing file /home/airflow/.local/lib/python3.12/site-packages/airflow/example_dags/example_latest_only.py for tasks to queue
[2025-01-08T18:59:54.451+0000] {logging_mixin.py:190} INFO - [2025-01-08T18:59:54.451+0000] {dagbag.py:588} INFO - Filling up the DagBag from /home/airflow/.local/lib/python3.12/site-packages/airflow/example_dags/example_latest_only.py
[2025-01-08T18:59:54.456+0000] {processor.py:925} INFO - DAG(s) 'latest_only' retrieved from /home/airflow/.local/lib/python3.12/site-packages/airflow/example_dags/example_latest_only.py
[2025-01-08T18:59:54.471+0000] {logging_mixin.py:190} INFO - [2025-01-08T18:59:54.470+0000] {dag.py:3239} INFO - Sync 1 DAGs
[2025-01-08T18:59:54.487+0000] {logging_mixin.py:190} INFO - [2025-01-08T18:59:54.487+0000] {dag.py:4180} INFO - Setting next_dagrun for latest_only to 2025-01-08 12:00:00+00:00, run_after=2025-01-08 16:00:00+00:00
[2025-01-08T18:59:54.501+0000] {processor.py:208} INFO - Processing /home/airflow/.local/lib/python3.12/site-packages/airflow/example_dags/example_latest_only.py took 0.056 seconds
