[2025-01-08T18:44:03.075+0000] {processor.py:186} INFO - Started process (PID=80) to work on /home/airflow/.local/lib/python3.12/site-packages/airflow/example_dags/example_branch_labels.py
[2025-01-08T18:44:03.090+0000] {processor.py:914} INFO - Processing file /home/airflow/.local/lib/python3.12/site-packages/airflow/example_dags/example_branch_labels.py for tasks to queue
[2025-01-08T18:44:03.115+0000] {logging_mixin.py:190} INFO - [2025-01-08T18:44:03.114+0000] {dagbag.py:588} INFO - Filling up the DagBag from /home/airflow/.local/lib/python3.12/site-packages/airflow/example_dags/example_branch_labels.py
[2025-01-08T18:44:03.284+0000] {processor.py:925} INFO - DAG(s) 'example_branch_labels' retrieved from /home/airflow/.local/lib/python3.12/site-packages/airflow/example_dags/example_branch_labels.py
[2025-01-08T18:44:03.501+0000] {logging_mixin.py:190} INFO - [2025-01-08T18:44:03.501+0000] {dag.py:3239} INFO - Sync 1 DAGs
[2025-01-08T18:44:03.573+0000] {logging_mixin.py:190} INFO - [2025-01-08T18:44:03.573+0000] {dag.py:4180} INFO - Setting next_dagrun for example_branch_labels to 2025-01-07 00:00:00+00:00, run_after=2025-01-08 00:00:00+00:00
[2025-01-08T18:44:03.662+0000] {processor.py:208} INFO - Processing /home/airflow/.local/lib/python3.12/site-packages/airflow/example_dags/example_branch_labels.py took 0.628 seconds
[2025-01-08T18:44:34.264+0000] {processor.py:186} INFO - Started process (PID=145) to work on /home/airflow/.local/lib/python3.12/site-packages/airflow/example_dags/example_branch_labels.py
[2025-01-08T18:44:34.278+0000] {processor.py:914} INFO - Processing file /home/airflow/.local/lib/python3.12/site-packages/airflow/example_dags/example_branch_labels.py for tasks to queue
[2025-01-08T18:44:34.310+0000] {logging_mixin.py:190} INFO - [2025-01-08T18:44:34.310+0000] {dagbag.py:588} INFO - Filling up the DagBag from /home/airflow/.local/lib/python3.12/site-packages/airflow/example_dags/example_branch_labels.py
[2025-01-08T18:44:34.394+0000] {processor.py:925} INFO - DAG(s) 'example_branch_labels' retrieved from /home/airflow/.local/lib/python3.12/site-packages/airflow/example_dags/example_branch_labels.py
[2025-01-08T18:44:34.502+0000] {logging_mixin.py:190} INFO - [2025-01-08T18:44:34.502+0000] {dag.py:3239} INFO - Sync 1 DAGs
[2025-01-08T18:44:34.643+0000] {logging_mixin.py:190} INFO - [2025-01-08T18:44:34.643+0000] {dag.py:4180} INFO - Setting next_dagrun for example_branch_labels to 2025-01-07 00:00:00+00:00, run_after=2025-01-08 00:00:00+00:00
[2025-01-08T18:44:34.745+0000] {processor.py:208} INFO - Processing /home/airflow/.local/lib/python3.12/site-packages/airflow/example_dags/example_branch_labels.py took 0.495 seconds
[2025-01-08T18:45:07.225+0000] {processor.py:186} INFO - Started process (PID=210) to work on /home/airflow/.local/lib/python3.12/site-packages/airflow/example_dags/example_branch_labels.py
[2025-01-08T18:45:07.239+0000] {processor.py:914} INFO - Processing file /home/airflow/.local/lib/python3.12/site-packages/airflow/example_dags/example_branch_labels.py for tasks to queue
[2025-01-08T18:45:07.251+0000] {logging_mixin.py:190} INFO - [2025-01-08T18:45:07.250+0000] {dagbag.py:588} INFO - Filling up the DagBag from /home/airflow/.local/lib/python3.12/site-packages/airflow/example_dags/example_branch_labels.py
[2025-01-08T18:45:07.305+0000] {processor.py:925} INFO - DAG(s) 'example_branch_labels' retrieved from /home/airflow/.local/lib/python3.12/site-packages/airflow/example_dags/example_branch_labels.py
[2025-01-08T18:45:07.407+0000] {logging_mixin.py:190} INFO - [2025-01-08T18:45:07.406+0000] {dag.py:3239} INFO - Sync 1 DAGs
[2025-01-08T18:45:07.612+0000] {logging_mixin.py:190} INFO - [2025-01-08T18:45:07.612+0000] {dag.py:4180} INFO - Setting next_dagrun for example_branch_labels to 2025-01-07 00:00:00+00:00, run_after=2025-01-08 00:00:00+00:00
[2025-01-08T18:45:07.701+0000] {processor.py:208} INFO - Processing /home/airflow/.local/lib/python3.12/site-packages/airflow/example_dags/example_branch_labels.py took 0.537 seconds
[2025-01-08T18:45:37.898+0000] {processor.py:186} INFO - Started process (PID=274) to work on /home/airflow/.local/lib/python3.12/site-packages/airflow/example_dags/example_branch_labels.py
[2025-01-08T18:45:37.899+0000] {processor.py:914} INFO - Processing file /home/airflow/.local/lib/python3.12/site-packages/airflow/example_dags/example_branch_labels.py for tasks to queue
[2025-01-08T18:45:37.901+0000] {logging_mixin.py:190} INFO - [2025-01-08T18:45:37.901+0000] {dagbag.py:588} INFO - Filling up the DagBag from /home/airflow/.local/lib/python3.12/site-packages/airflow/example_dags/example_branch_labels.py
[2025-01-08T18:45:37.912+0000] {processor.py:925} INFO - DAG(s) 'example_branch_labels' retrieved from /home/airflow/.local/lib/python3.12/site-packages/airflow/example_dags/example_branch_labels.py
[2025-01-08T18:45:37.941+0000] {logging_mixin.py:190} INFO - [2025-01-08T18:45:37.941+0000] {dag.py:3239} INFO - Sync 1 DAGs
[2025-01-08T18:45:37.982+0000] {logging_mixin.py:190} INFO - [2025-01-08T18:45:37.982+0000] {dag.py:4180} INFO - Setting next_dagrun for example_branch_labels to 2025-01-07 00:00:00+00:00, run_after=2025-01-08 00:00:00+00:00
[2025-01-08T18:45:38.005+0000] {processor.py:208} INFO - Processing /home/airflow/.local/lib/python3.12/site-packages/airflow/example_dags/example_branch_labels.py took 0.113 seconds
[2025-01-08T18:46:08.507+0000] {processor.py:186} INFO - Started process (PID=338) to work on /home/airflow/.local/lib/python3.12/site-packages/airflow/example_dags/example_branch_labels.py
[2025-01-08T18:46:08.512+0000] {processor.py:914} INFO - Processing file /home/airflow/.local/lib/python3.12/site-packages/airflow/example_dags/example_branch_labels.py for tasks to queue
[2025-01-08T18:46:08.519+0000] {logging_mixin.py:190} INFO - [2025-01-08T18:46:08.519+0000] {dagbag.py:588} INFO - Filling up the DagBag from /home/airflow/.local/lib/python3.12/site-packages/airflow/example_dags/example_branch_labels.py
[2025-01-08T18:46:08.549+0000] {processor.py:925} INFO - DAG(s) 'example_branch_labels' retrieved from /home/airflow/.local/lib/python3.12/site-packages/airflow/example_dags/example_branch_labels.py
[2025-01-08T18:46:08.595+0000] {logging_mixin.py:190} INFO - [2025-01-08T18:46:08.595+0000] {dag.py:3239} INFO - Sync 1 DAGs
[2025-01-08T18:46:08.666+0000] {logging_mixin.py:190} INFO - [2025-01-08T18:46:08.666+0000] {dag.py:4180} INFO - Setting next_dagrun for example_branch_labels to 2025-01-07 00:00:00+00:00, run_after=2025-01-08 00:00:00+00:00
[2025-01-08T18:46:08.722+0000] {processor.py:208} INFO - Processing /home/airflow/.local/lib/python3.12/site-packages/airflow/example_dags/example_branch_labels.py took 0.227 seconds
[2025-01-08T18:46:38.951+0000] {processor.py:186} INFO - Started process (PID=403) to work on /home/airflow/.local/lib/python3.12/site-packages/airflow/example_dags/example_branch_labels.py
[2025-01-08T18:46:38.952+0000] {processor.py:914} INFO - Processing file /home/airflow/.local/lib/python3.12/site-packages/airflow/example_dags/example_branch_labels.py for tasks to queue
[2025-01-08T18:46:38.954+0000] {logging_mixin.py:190} INFO - [2025-01-08T18:46:38.954+0000] {dagbag.py:588} INFO - Filling up the DagBag from /home/airflow/.local/lib/python3.12/site-packages/airflow/example_dags/example_branch_labels.py
[2025-01-08T18:46:38.965+0000] {processor.py:925} INFO - DAG(s) 'example_branch_labels' retrieved from /home/airflow/.local/lib/python3.12/site-packages/airflow/example_dags/example_branch_labels.py
[2025-01-08T18:46:38.989+0000] {logging_mixin.py:190} INFO - [2025-01-08T18:46:38.989+0000] {dag.py:3239} INFO - Sync 1 DAGs
[2025-01-08T18:46:39.055+0000] {logging_mixin.py:190} INFO - [2025-01-08T18:46:39.055+0000] {dag.py:4180} INFO - Setting next_dagrun for example_branch_labels to 2025-01-07 00:00:00+00:00, run_after=2025-01-08 00:00:00+00:00
[2025-01-08T18:46:39.093+0000] {processor.py:208} INFO - Processing /home/airflow/.local/lib/python3.12/site-packages/airflow/example_dags/example_branch_labels.py took 0.148 seconds
[2025-01-08T18:47:09.613+0000] {processor.py:186} INFO - Started process (PID=468) to work on /home/airflow/.local/lib/python3.12/site-packages/airflow/example_dags/example_branch_labels.py
[2025-01-08T18:47:09.614+0000] {processor.py:914} INFO - Processing file /home/airflow/.local/lib/python3.12/site-packages/airflow/example_dags/example_branch_labels.py for tasks to queue
[2025-01-08T18:47:09.617+0000] {logging_mixin.py:190} INFO - [2025-01-08T18:47:09.616+0000] {dagbag.py:588} INFO - Filling up the DagBag from /home/airflow/.local/lib/python3.12/site-packages/airflow/example_dags/example_branch_labels.py
[2025-01-08T18:47:09.627+0000] {processor.py:925} INFO - DAG(s) 'example_branch_labels' retrieved from /home/airflow/.local/lib/python3.12/site-packages/airflow/example_dags/example_branch_labels.py
[2025-01-08T18:47:09.650+0000] {logging_mixin.py:190} INFO - [2025-01-08T18:47:09.650+0000] {dag.py:3239} INFO - Sync 1 DAGs
[2025-01-08T18:47:09.687+0000] {logging_mixin.py:190} INFO - [2025-01-08T18:47:09.687+0000] {dag.py:4180} INFO - Setting next_dagrun for example_branch_labels to 2025-01-07 00:00:00+00:00, run_after=2025-01-08 00:00:00+00:00
[2025-01-08T18:47:09.703+0000] {processor.py:208} INFO - Processing /home/airflow/.local/lib/python3.12/site-packages/airflow/example_dags/example_branch_labels.py took 0.096 seconds
[2025-01-08T18:47:40.055+0000] {processor.py:186} INFO - Started process (PID=534) to work on /home/airflow/.local/lib/python3.12/site-packages/airflow/example_dags/example_branch_labels.py
[2025-01-08T18:47:40.056+0000] {processor.py:914} INFO - Processing file /home/airflow/.local/lib/python3.12/site-packages/airflow/example_dags/example_branch_labels.py for tasks to queue
[2025-01-08T18:47:40.058+0000] {logging_mixin.py:190} INFO - [2025-01-08T18:47:40.058+0000] {dagbag.py:588} INFO - Filling up the DagBag from /home/airflow/.local/lib/python3.12/site-packages/airflow/example_dags/example_branch_labels.py
[2025-01-08T18:47:40.073+0000] {processor.py:925} INFO - DAG(s) 'example_branch_labels' retrieved from /home/airflow/.local/lib/python3.12/site-packages/airflow/example_dags/example_branch_labels.py
[2025-01-08T18:47:40.094+0000] {logging_mixin.py:190} INFO - [2025-01-08T18:47:40.094+0000] {dag.py:3239} INFO - Sync 1 DAGs
[2025-01-08T18:47:40.120+0000] {logging_mixin.py:190} INFO - [2025-01-08T18:47:40.120+0000] {dag.py:4180} INFO - Setting next_dagrun for example_branch_labels to 2025-01-07 00:00:00+00:00, run_after=2025-01-08 00:00:00+00:00
[2025-01-08T18:47:40.136+0000] {processor.py:208} INFO - Processing /home/airflow/.local/lib/python3.12/site-packages/airflow/example_dags/example_branch_labels.py took 0.086 seconds
[2025-01-08T18:48:10.762+0000] {processor.py:186} INFO - Started process (PID=599) to work on /home/airflow/.local/lib/python3.12/site-packages/airflow/example_dags/example_branch_labels.py
[2025-01-08T18:48:10.770+0000] {processor.py:914} INFO - Processing file /home/airflow/.local/lib/python3.12/site-packages/airflow/example_dags/example_branch_labels.py for tasks to queue
[2025-01-08T18:48:10.787+0000] {logging_mixin.py:190} INFO - [2025-01-08T18:48:10.786+0000] {dagbag.py:588} INFO - Filling up the DagBag from /home/airflow/.local/lib/python3.12/site-packages/airflow/example_dags/example_branch_labels.py
[2025-01-08T18:48:10.815+0000] {processor.py:925} INFO - DAG(s) 'example_branch_labels' retrieved from /home/airflow/.local/lib/python3.12/site-packages/airflow/example_dags/example_branch_labels.py
[2025-01-08T18:48:10.906+0000] {logging_mixin.py:190} INFO - [2025-01-08T18:48:10.906+0000] {dag.py:3239} INFO - Sync 1 DAGs
[2025-01-08T18:48:11.080+0000] {logging_mixin.py:190} INFO - [2025-01-08T18:48:11.080+0000] {dag.py:4180} INFO - Setting next_dagrun for example_branch_labels to 2025-01-07 00:00:00+00:00, run_after=2025-01-08 00:00:00+00:00
[2025-01-08T18:48:11.190+0000] {processor.py:208} INFO - Processing /home/airflow/.local/lib/python3.12/site-packages/airflow/example_dags/example_branch_labels.py took 0.443 seconds
[2025-01-08T18:48:41.897+0000] {processor.py:186} INFO - Started process (PID=664) to work on /home/airflow/.local/lib/python3.12/site-packages/airflow/example_dags/example_branch_labels.py
[2025-01-08T18:48:41.898+0000] {processor.py:914} INFO - Processing file /home/airflow/.local/lib/python3.12/site-packages/airflow/example_dags/example_branch_labels.py for tasks to queue
[2025-01-08T18:48:41.900+0000] {logging_mixin.py:190} INFO - [2025-01-08T18:48:41.899+0000] {dagbag.py:588} INFO - Filling up the DagBag from /home/airflow/.local/lib/python3.12/site-packages/airflow/example_dags/example_branch_labels.py
[2025-01-08T18:48:41.911+0000] {processor.py:925} INFO - DAG(s) 'example_branch_labels' retrieved from /home/airflow/.local/lib/python3.12/site-packages/airflow/example_dags/example_branch_labels.py
[2025-01-08T18:48:41.931+0000] {logging_mixin.py:190} INFO - [2025-01-08T18:48:41.931+0000] {dag.py:3239} INFO - Sync 1 DAGs
[2025-01-08T18:48:41.962+0000] {logging_mixin.py:190} INFO - [2025-01-08T18:48:41.961+0000] {dag.py:4180} INFO - Setting next_dagrun for example_branch_labels to 2025-01-07 00:00:00+00:00, run_after=2025-01-08 00:00:00+00:00
[2025-01-08T18:48:41.979+0000] {processor.py:208} INFO - Processing /home/airflow/.local/lib/python3.12/site-packages/airflow/example_dags/example_branch_labels.py took 0.088 seconds
[2025-01-08T18:49:12.292+0000] {processor.py:186} INFO - Started process (PID=730) to work on /home/airflow/.local/lib/python3.12/site-packages/airflow/example_dags/example_branch_labels.py
[2025-01-08T18:49:12.293+0000] {processor.py:914} INFO - Processing file /home/airflow/.local/lib/python3.12/site-packages/airflow/example_dags/example_branch_labels.py for tasks to queue
[2025-01-08T18:49:12.295+0000] {logging_mixin.py:190} INFO - [2025-01-08T18:49:12.295+0000] {dagbag.py:588} INFO - Filling up the DagBag from /home/airflow/.local/lib/python3.12/site-packages/airflow/example_dags/example_branch_labels.py
[2025-01-08T18:49:12.307+0000] {processor.py:925} INFO - DAG(s) 'example_branch_labels' retrieved from /home/airflow/.local/lib/python3.12/site-packages/airflow/example_dags/example_branch_labels.py
[2025-01-08T18:49:12.330+0000] {logging_mixin.py:190} INFO - [2025-01-08T18:49:12.330+0000] {dag.py:3239} INFO - Sync 1 DAGs
[2025-01-08T18:49:12.358+0000] {logging_mixin.py:190} INFO - [2025-01-08T18:49:12.357+0000] {dag.py:4180} INFO - Setting next_dagrun for example_branch_labels to 2025-01-07 00:00:00+00:00, run_after=2025-01-08 00:00:00+00:00
[2025-01-08T18:49:12.373+0000] {processor.py:208} INFO - Processing /home/airflow/.local/lib/python3.12/site-packages/airflow/example_dags/example_branch_labels.py took 0.087 seconds
[2025-01-08T18:49:43.888+0000] {processor.py:186} INFO - Started process (PID=786) to work on /home/airflow/.local/lib/python3.12/site-packages/airflow/example_dags/example_branch_labels.py
[2025-01-08T18:49:43.889+0000] {processor.py:914} INFO - Processing file /home/airflow/.local/lib/python3.12/site-packages/airflow/example_dags/example_branch_labels.py for tasks to queue
[2025-01-08T18:49:43.891+0000] {logging_mixin.py:190} INFO - [2025-01-08T18:49:43.890+0000] {dagbag.py:588} INFO - Filling up the DagBag from /home/airflow/.local/lib/python3.12/site-packages/airflow/example_dags/example_branch_labels.py
[2025-01-08T18:49:43.912+0000] {processor.py:925} INFO - DAG(s) 'example_branch_labels' retrieved from /home/airflow/.local/lib/python3.12/site-packages/airflow/example_dags/example_branch_labels.py
[2025-01-08T18:49:44.006+0000] {logging_mixin.py:190} INFO - [2025-01-08T18:49:44.006+0000] {dag.py:3239} INFO - Sync 1 DAGs
[2025-01-08T18:49:44.080+0000] {logging_mixin.py:190} INFO - [2025-01-08T18:49:44.079+0000] {dag.py:4180} INFO - Setting next_dagrun for example_branch_labels to 2025-01-07 00:00:00+00:00, run_after=2025-01-08 00:00:00+00:00
[2025-01-08T18:49:44.124+0000] {processor.py:208} INFO - Processing /home/airflow/.local/lib/python3.12/site-packages/airflow/example_dags/example_branch_labels.py took 0.244 seconds
[2025-01-08T18:50:14.642+0000] {processor.py:186} INFO - Started process (PID=851) to work on /home/airflow/.local/lib/python3.12/site-packages/airflow/example_dags/example_branch_labels.py
[2025-01-08T18:50:14.642+0000] {processor.py:914} INFO - Processing file /home/airflow/.local/lib/python3.12/site-packages/airflow/example_dags/example_branch_labels.py for tasks to queue
[2025-01-08T18:50:14.644+0000] {logging_mixin.py:190} INFO - [2025-01-08T18:50:14.644+0000] {dagbag.py:588} INFO - Filling up the DagBag from /home/airflow/.local/lib/python3.12/site-packages/airflow/example_dags/example_branch_labels.py
[2025-01-08T18:50:14.652+0000] {processor.py:925} INFO - DAG(s) 'example_branch_labels' retrieved from /home/airflow/.local/lib/python3.12/site-packages/airflow/example_dags/example_branch_labels.py
[2025-01-08T18:50:14.668+0000] {logging_mixin.py:190} INFO - [2025-01-08T18:50:14.667+0000] {dag.py:3239} INFO - Sync 1 DAGs
[2025-01-08T18:50:14.685+0000] {logging_mixin.py:190} INFO - [2025-01-08T18:50:14.685+0000] {dag.py:4180} INFO - Setting next_dagrun for example_branch_labels to 2025-01-07 00:00:00+00:00, run_after=2025-01-08 00:00:00+00:00
[2025-01-08T18:50:14.697+0000] {processor.py:208} INFO - Processing /home/airflow/.local/lib/python3.12/site-packages/airflow/example_dags/example_branch_labels.py took 0.060 seconds
[2025-01-08T18:50:45.089+0000] {processor.py:186} INFO - Started process (PID=914) to work on /home/airflow/.local/lib/python3.12/site-packages/airflow/example_dags/example_branch_labels.py
[2025-01-08T18:50:45.090+0000] {processor.py:914} INFO - Processing file /home/airflow/.local/lib/python3.12/site-packages/airflow/example_dags/example_branch_labels.py for tasks to queue
[2025-01-08T18:50:45.094+0000] {logging_mixin.py:190} INFO - [2025-01-08T18:50:45.094+0000] {dagbag.py:588} INFO - Filling up the DagBag from /home/airflow/.local/lib/python3.12/site-packages/airflow/example_dags/example_branch_labels.py
[2025-01-08T18:50:45.106+0000] {processor.py:925} INFO - DAG(s) 'example_branch_labels' retrieved from /home/airflow/.local/lib/python3.12/site-packages/airflow/example_dags/example_branch_labels.py
[2025-01-08T18:50:45.129+0000] {logging_mixin.py:190} INFO - [2025-01-08T18:50:45.129+0000] {dag.py:3239} INFO - Sync 1 DAGs
[2025-01-08T18:50:45.157+0000] {logging_mixin.py:190} INFO - [2025-01-08T18:50:45.156+0000] {dag.py:4180} INFO - Setting next_dagrun for example_branch_labels to 2025-01-07 00:00:00+00:00, run_after=2025-01-08 00:00:00+00:00
[2025-01-08T18:50:45.175+0000] {processor.py:208} INFO - Processing /home/airflow/.local/lib/python3.12/site-packages/airflow/example_dags/example_branch_labels.py took 0.092 seconds
[2025-01-08T18:51:15.614+0000] {processor.py:186} INFO - Started process (PID=979) to work on /home/airflow/.local/lib/python3.12/site-packages/airflow/example_dags/example_branch_labels.py
[2025-01-08T18:51:15.615+0000] {processor.py:914} INFO - Processing file /home/airflow/.local/lib/python3.12/site-packages/airflow/example_dags/example_branch_labels.py for tasks to queue
[2025-01-08T18:51:15.617+0000] {logging_mixin.py:190} INFO - [2025-01-08T18:51:15.617+0000] {dagbag.py:588} INFO - Filling up the DagBag from /home/airflow/.local/lib/python3.12/site-packages/airflow/example_dags/example_branch_labels.py
[2025-01-08T18:51:15.627+0000] {processor.py:925} INFO - DAG(s) 'example_branch_labels' retrieved from /home/airflow/.local/lib/python3.12/site-packages/airflow/example_dags/example_branch_labels.py
[2025-01-08T18:51:15.649+0000] {logging_mixin.py:190} INFO - [2025-01-08T18:51:15.649+0000] {dag.py:3239} INFO - Sync 1 DAGs
[2025-01-08T18:51:15.675+0000] {logging_mixin.py:190} INFO - [2025-01-08T18:51:15.675+0000] {dag.py:4180} INFO - Setting next_dagrun for example_branch_labels to 2025-01-07 00:00:00+00:00, run_after=2025-01-08 00:00:00+00:00
[2025-01-08T18:51:15.690+0000] {processor.py:208} INFO - Processing /home/airflow/.local/lib/python3.12/site-packages/airflow/example_dags/example_branch_labels.py took 0.082 seconds
[2025-01-08T18:51:46.531+0000] {processor.py:186} INFO - Started process (PID=1041) to work on /home/airflow/.local/lib/python3.12/site-packages/airflow/example_dags/example_branch_labels.py
[2025-01-08T18:51:46.532+0000] {processor.py:914} INFO - Processing file /home/airflow/.local/lib/python3.12/site-packages/airflow/example_dags/example_branch_labels.py for tasks to queue
[2025-01-08T18:51:46.533+0000] {logging_mixin.py:190} INFO - [2025-01-08T18:51:46.533+0000] {dagbag.py:588} INFO - Filling up the DagBag from /home/airflow/.local/lib/python3.12/site-packages/airflow/example_dags/example_branch_labels.py
[2025-01-08T18:51:46.541+0000] {processor.py:925} INFO - DAG(s) 'example_branch_labels' retrieved from /home/airflow/.local/lib/python3.12/site-packages/airflow/example_dags/example_branch_labels.py
[2025-01-08T18:51:46.561+0000] {logging_mixin.py:190} INFO - [2025-01-08T18:51:46.561+0000] {dag.py:3239} INFO - Sync 1 DAGs
[2025-01-08T18:51:46.582+0000] {logging_mixin.py:190} INFO - [2025-01-08T18:51:46.582+0000] {dag.py:4180} INFO - Setting next_dagrun for example_branch_labels to 2025-01-07 00:00:00+00:00, run_after=2025-01-08 00:00:00+00:00
[2025-01-08T18:51:46.595+0000] {processor.py:208} INFO - Processing /home/airflow/.local/lib/python3.12/site-packages/airflow/example_dags/example_branch_labels.py took 0.068 seconds
[2025-01-08T18:52:17.395+0000] {processor.py:186} INFO - Started process (PID=1106) to work on /home/airflow/.local/lib/python3.12/site-packages/airflow/example_dags/example_branch_labels.py
[2025-01-08T18:52:17.396+0000] {processor.py:914} INFO - Processing file /home/airflow/.local/lib/python3.12/site-packages/airflow/example_dags/example_branch_labels.py for tasks to queue
[2025-01-08T18:52:17.398+0000] {logging_mixin.py:190} INFO - [2025-01-08T18:52:17.398+0000] {dagbag.py:588} INFO - Filling up the DagBag from /home/airflow/.local/lib/python3.12/site-packages/airflow/example_dags/example_branch_labels.py
[2025-01-08T18:52:17.413+0000] {processor.py:925} INFO - DAG(s) 'example_branch_labels' retrieved from /home/airflow/.local/lib/python3.12/site-packages/airflow/example_dags/example_branch_labels.py
[2025-01-08T18:52:17.436+0000] {logging_mixin.py:190} INFO - [2025-01-08T18:52:17.436+0000] {dag.py:3239} INFO - Sync 1 DAGs
[2025-01-08T18:52:17.462+0000] {logging_mixin.py:190} INFO - [2025-01-08T18:52:17.461+0000] {dag.py:4180} INFO - Setting next_dagrun for example_branch_labels to 2025-01-07 00:00:00+00:00, run_after=2025-01-08 00:00:00+00:00
[2025-01-08T18:52:17.478+0000] {processor.py:208} INFO - Processing /home/airflow/.local/lib/python3.12/site-packages/airflow/example_dags/example_branch_labels.py took 0.090 seconds
[2025-01-08T18:52:47.971+0000] {processor.py:186} INFO - Started process (PID=1172) to work on /home/airflow/.local/lib/python3.12/site-packages/airflow/example_dags/example_branch_labels.py
[2025-01-08T18:52:47.972+0000] {processor.py:914} INFO - Processing file /home/airflow/.local/lib/python3.12/site-packages/airflow/example_dags/example_branch_labels.py for tasks to queue
[2025-01-08T18:52:47.979+0000] {logging_mixin.py:190} INFO - [2025-01-08T18:52:47.977+0000] {dagbag.py:588} INFO - Filling up the DagBag from /home/airflow/.local/lib/python3.12/site-packages/airflow/example_dags/example_branch_labels.py
[2025-01-08T18:52:48.005+0000] {processor.py:925} INFO - DAG(s) 'example_branch_labels' retrieved from /home/airflow/.local/lib/python3.12/site-packages/airflow/example_dags/example_branch_labels.py
[2025-01-08T18:52:48.063+0000] {logging_mixin.py:190} INFO - [2025-01-08T18:52:48.063+0000] {dag.py:3239} INFO - Sync 1 DAGs
[2025-01-08T18:52:48.138+0000] {logging_mixin.py:190} INFO - [2025-01-08T18:52:48.138+0000] {dag.py:4180} INFO - Setting next_dagrun for example_branch_labels to 2025-01-07 00:00:00+00:00, run_after=2025-01-08 00:00:00+00:00
[2025-01-08T18:52:48.282+0000] {processor.py:208} INFO - Processing /home/airflow/.local/lib/python3.12/site-packages/airflow/example_dags/example_branch_labels.py took 0.324 seconds
[2025-01-08T18:53:18.960+0000] {processor.py:186} INFO - Started process (PID=1237) to work on /home/airflow/.local/lib/python3.12/site-packages/airflow/example_dags/example_branch_labels.py
[2025-01-08T18:53:18.962+0000] {processor.py:914} INFO - Processing file /home/airflow/.local/lib/python3.12/site-packages/airflow/example_dags/example_branch_labels.py for tasks to queue
[2025-01-08T18:53:18.965+0000] {logging_mixin.py:190} INFO - [2025-01-08T18:53:18.965+0000] {dagbag.py:588} INFO - Filling up the DagBag from /home/airflow/.local/lib/python3.12/site-packages/airflow/example_dags/example_branch_labels.py
[2025-01-08T18:53:18.986+0000] {processor.py:925} INFO - DAG(s) 'example_branch_labels' retrieved from /home/airflow/.local/lib/python3.12/site-packages/airflow/example_dags/example_branch_labels.py
[2025-01-08T18:53:19.027+0000] {logging_mixin.py:190} INFO - [2025-01-08T18:53:19.027+0000] {dag.py:3239} INFO - Sync 1 DAGs
[2025-01-08T18:53:19.111+0000] {logging_mixin.py:190} INFO - [2025-01-08T18:53:19.111+0000] {dag.py:4180} INFO - Setting next_dagrun for example_branch_labels to 2025-01-07 00:00:00+00:00, run_after=2025-01-08 00:00:00+00:00
[2025-01-08T18:53:19.149+0000] {processor.py:208} INFO - Processing /home/airflow/.local/lib/python3.12/site-packages/airflow/example_dags/example_branch_labels.py took 0.213 seconds
[2025-01-08T18:53:49.615+0000] {processor.py:186} INFO - Started process (PID=1303) to work on /home/airflow/.local/lib/python3.12/site-packages/airflow/example_dags/example_branch_labels.py
[2025-01-08T18:53:49.626+0000] {processor.py:914} INFO - Processing file /home/airflow/.local/lib/python3.12/site-packages/airflow/example_dags/example_branch_labels.py for tasks to queue
[2025-01-08T18:53:49.628+0000] {logging_mixin.py:190} INFO - [2025-01-08T18:53:49.628+0000] {dagbag.py:588} INFO - Filling up the DagBag from /home/airflow/.local/lib/python3.12/site-packages/airflow/example_dags/example_branch_labels.py
[2025-01-08T18:53:49.697+0000] {processor.py:925} INFO - DAG(s) 'example_branch_labels' retrieved from /home/airflow/.local/lib/python3.12/site-packages/airflow/example_dags/example_branch_labels.py
[2025-01-08T18:53:49.758+0000] {logging_mixin.py:190} INFO - [2025-01-08T18:53:49.758+0000] {dag.py:3239} INFO - Sync 1 DAGs
[2025-01-08T18:53:49.790+0000] {logging_mixin.py:190} INFO - [2025-01-08T18:53:49.790+0000] {dag.py:4180} INFO - Setting next_dagrun for example_branch_labels to 2025-01-07 00:00:00+00:00, run_after=2025-01-08 00:00:00+00:00
[2025-01-08T18:53:49.830+0000] {processor.py:208} INFO - Processing /home/airflow/.local/lib/python3.12/site-packages/airflow/example_dags/example_branch_labels.py took 0.243 seconds
[2025-01-08T18:54:20.869+0000] {processor.py:186} INFO - Started process (PID=1369) to work on /home/airflow/.local/lib/python3.12/site-packages/airflow/example_dags/example_branch_labels.py
[2025-01-08T18:54:20.883+0000] {processor.py:914} INFO - Processing file /home/airflow/.local/lib/python3.12/site-packages/airflow/example_dags/example_branch_labels.py for tasks to queue
[2025-01-08T18:54:20.885+0000] {logging_mixin.py:190} INFO - [2025-01-08T18:54:20.885+0000] {dagbag.py:588} INFO - Filling up the DagBag from /home/airflow/.local/lib/python3.12/site-packages/airflow/example_dags/example_branch_labels.py
[2025-01-08T18:54:20.918+0000] {processor.py:925} INFO - DAG(s) 'example_branch_labels' retrieved from /home/airflow/.local/lib/python3.12/site-packages/airflow/example_dags/example_branch_labels.py
[2025-01-08T18:54:20.960+0000] {logging_mixin.py:190} INFO - [2025-01-08T18:54:20.960+0000] {dag.py:3239} INFO - Sync 1 DAGs
[2025-01-08T18:54:20.993+0000] {logging_mixin.py:190} INFO - [2025-01-08T18:54:20.993+0000] {dag.py:4180} INFO - Setting next_dagrun for example_branch_labels to 2025-01-07 00:00:00+00:00, run_after=2025-01-08 00:00:00+00:00
[2025-01-08T18:54:21.022+0000] {processor.py:208} INFO - Processing /home/airflow/.local/lib/python3.12/site-packages/airflow/example_dags/example_branch_labels.py took 0.159 seconds
[2025-01-08T18:54:51.422+0000] {processor.py:186} INFO - Started process (PID=1434) to work on /home/airflow/.local/lib/python3.12/site-packages/airflow/example_dags/example_branch_labels.py
[2025-01-08T18:54:51.423+0000] {processor.py:914} INFO - Processing file /home/airflow/.local/lib/python3.12/site-packages/airflow/example_dags/example_branch_labels.py for tasks to queue
[2025-01-08T18:54:51.425+0000] {logging_mixin.py:190} INFO - [2025-01-08T18:54:51.425+0000] {dagbag.py:588} INFO - Filling up the DagBag from /home/airflow/.local/lib/python3.12/site-packages/airflow/example_dags/example_branch_labels.py
[2025-01-08T18:54:51.435+0000] {processor.py:925} INFO - DAG(s) 'example_branch_labels' retrieved from /home/airflow/.local/lib/python3.12/site-packages/airflow/example_dags/example_branch_labels.py
[2025-01-08T18:54:51.471+0000] {logging_mixin.py:190} INFO - [2025-01-08T18:54:51.470+0000] {dag.py:3239} INFO - Sync 1 DAGs
[2025-01-08T18:54:51.511+0000] {logging_mixin.py:190} INFO - [2025-01-08T18:54:51.511+0000] {dag.py:4180} INFO - Setting next_dagrun for example_branch_labels to 2025-01-07 00:00:00+00:00, run_after=2025-01-08 00:00:00+00:00
[2025-01-08T18:54:51.532+0000] {processor.py:208} INFO - Processing /home/airflow/.local/lib/python3.12/site-packages/airflow/example_dags/example_branch_labels.py took 0.115 seconds
[2025-01-08T18:55:22.226+0000] {processor.py:186} INFO - Started process (PID=1499) to work on /home/airflow/.local/lib/python3.12/site-packages/airflow/example_dags/example_branch_labels.py
[2025-01-08T18:55:22.234+0000] {processor.py:914} INFO - Processing file /home/airflow/.local/lib/python3.12/site-packages/airflow/example_dags/example_branch_labels.py for tasks to queue
[2025-01-08T18:55:22.236+0000] {logging_mixin.py:190} INFO - [2025-01-08T18:55:22.236+0000] {dagbag.py:588} INFO - Filling up the DagBag from /home/airflow/.local/lib/python3.12/site-packages/airflow/example_dags/example_branch_labels.py
[2025-01-08T18:55:22.267+0000] {processor.py:925} INFO - DAG(s) 'example_branch_labels' retrieved from /home/airflow/.local/lib/python3.12/site-packages/airflow/example_dags/example_branch_labels.py
[2025-01-08T18:55:22.342+0000] {logging_mixin.py:190} INFO - [2025-01-08T18:55:22.342+0000] {dag.py:3239} INFO - Sync 1 DAGs
[2025-01-08T18:55:22.433+0000] {logging_mixin.py:190} INFO - [2025-01-08T18:55:22.432+0000] {dag.py:4180} INFO - Setting next_dagrun for example_branch_labels to 2025-01-07 00:00:00+00:00, run_after=2025-01-08 00:00:00+00:00
[2025-01-08T18:55:22.471+0000] {processor.py:208} INFO - Processing /home/airflow/.local/lib/python3.12/site-packages/airflow/example_dags/example_branch_labels.py took 0.268 seconds
[2025-01-08T18:55:52.626+0000] {processor.py:186} INFO - Started process (PID=1564) to work on /home/airflow/.local/lib/python3.12/site-packages/airflow/example_dags/example_branch_labels.py
[2025-01-08T18:55:52.627+0000] {processor.py:914} INFO - Processing file /home/airflow/.local/lib/python3.12/site-packages/airflow/example_dags/example_branch_labels.py for tasks to queue
[2025-01-08T18:55:52.629+0000] {logging_mixin.py:190} INFO - [2025-01-08T18:55:52.629+0000] {dagbag.py:588} INFO - Filling up the DagBag from /home/airflow/.local/lib/python3.12/site-packages/airflow/example_dags/example_branch_labels.py
[2025-01-08T18:55:52.646+0000] {processor.py:925} INFO - DAG(s) 'example_branch_labels' retrieved from /home/airflow/.local/lib/python3.12/site-packages/airflow/example_dags/example_branch_labels.py
[2025-01-08T18:55:52.684+0000] {logging_mixin.py:190} INFO - [2025-01-08T18:55:52.684+0000] {dag.py:3239} INFO - Sync 1 DAGs
[2025-01-08T18:55:52.756+0000] {logging_mixin.py:190} INFO - [2025-01-08T18:55:52.756+0000] {dag.py:4180} INFO - Setting next_dagrun for example_branch_labels to 2025-01-07 00:00:00+00:00, run_after=2025-01-08 00:00:00+00:00
[2025-01-08T18:55:52.780+0000] {processor.py:208} INFO - Processing /home/airflow/.local/lib/python3.12/site-packages/airflow/example_dags/example_branch_labels.py took 0.159 seconds
[2025-01-08T18:56:23.216+0000] {processor.py:186} INFO - Started process (PID=1629) to work on /home/airflow/.local/lib/python3.12/site-packages/airflow/example_dags/example_branch_labels.py
[2025-01-08T18:56:23.217+0000] {processor.py:914} INFO - Processing file /home/airflow/.local/lib/python3.12/site-packages/airflow/example_dags/example_branch_labels.py for tasks to queue
[2025-01-08T18:56:23.219+0000] {logging_mixin.py:190} INFO - [2025-01-08T18:56:23.219+0000] {dagbag.py:588} INFO - Filling up the DagBag from /home/airflow/.local/lib/python3.12/site-packages/airflow/example_dags/example_branch_labels.py
[2025-01-08T18:56:23.229+0000] {processor.py:925} INFO - DAG(s) 'example_branch_labels' retrieved from /home/airflow/.local/lib/python3.12/site-packages/airflow/example_dags/example_branch_labels.py
[2025-01-08T18:56:23.252+0000] {logging_mixin.py:190} INFO - [2025-01-08T18:56:23.252+0000] {dag.py:3239} INFO - Sync 1 DAGs
[2025-01-08T18:56:23.279+0000] {logging_mixin.py:190} INFO - [2025-01-08T18:56:23.279+0000] {dag.py:4180} INFO - Setting next_dagrun for example_branch_labels to 2025-01-07 00:00:00+00:00, run_after=2025-01-08 00:00:00+00:00
[2025-01-08T18:56:23.296+0000] {processor.py:208} INFO - Processing /home/airflow/.local/lib/python3.12/site-packages/airflow/example_dags/example_branch_labels.py took 0.085 seconds
[2025-01-08T18:56:53.682+0000] {processor.py:186} INFO - Started process (PID=1695) to work on /home/airflow/.local/lib/python3.12/site-packages/airflow/example_dags/example_branch_labels.py
[2025-01-08T18:56:53.690+0000] {processor.py:914} INFO - Processing file /home/airflow/.local/lib/python3.12/site-packages/airflow/example_dags/example_branch_labels.py for tasks to queue
[2025-01-08T18:56:53.692+0000] {logging_mixin.py:190} INFO - [2025-01-08T18:56:53.692+0000] {dagbag.py:588} INFO - Filling up the DagBag from /home/airflow/.local/lib/python3.12/site-packages/airflow/example_dags/example_branch_labels.py
[2025-01-08T18:56:53.709+0000] {processor.py:925} INFO - DAG(s) 'example_branch_labels' retrieved from /home/airflow/.local/lib/python3.12/site-packages/airflow/example_dags/example_branch_labels.py
[2025-01-08T18:56:53.749+0000] {logging_mixin.py:190} INFO - [2025-01-08T18:56:53.748+0000] {dag.py:3239} INFO - Sync 1 DAGs
[2025-01-08T18:56:53.783+0000] {logging_mixin.py:190} INFO - [2025-01-08T18:56:53.782+0000] {dag.py:4180} INFO - Setting next_dagrun for example_branch_labels to 2025-01-07 00:00:00+00:00, run_after=2025-01-08 00:00:00+00:00
[2025-01-08T18:56:53.799+0000] {processor.py:208} INFO - Processing /home/airflow/.local/lib/python3.12/site-packages/airflow/example_dags/example_branch_labels.py took 0.127 seconds
[2025-01-08T18:57:24.212+0000] {processor.py:186} INFO - Started process (PID=1761) to work on /home/airflow/.local/lib/python3.12/site-packages/airflow/example_dags/example_branch_labels.py
[2025-01-08T18:57:24.212+0000] {processor.py:914} INFO - Processing file /home/airflow/.local/lib/python3.12/site-packages/airflow/example_dags/example_branch_labels.py for tasks to queue
[2025-01-08T18:57:24.214+0000] {logging_mixin.py:190} INFO - [2025-01-08T18:57:24.214+0000] {dagbag.py:588} INFO - Filling up the DagBag from /home/airflow/.local/lib/python3.12/site-packages/airflow/example_dags/example_branch_labels.py
[2025-01-08T18:57:24.225+0000] {processor.py:925} INFO - DAG(s) 'example_branch_labels' retrieved from /home/airflow/.local/lib/python3.12/site-packages/airflow/example_dags/example_branch_labels.py
[2025-01-08T18:57:24.247+0000] {logging_mixin.py:190} INFO - [2025-01-08T18:57:24.247+0000] {dag.py:3239} INFO - Sync 1 DAGs
[2025-01-08T18:57:24.274+0000] {logging_mixin.py:190} INFO - [2025-01-08T18:57:24.274+0000] {dag.py:4180} INFO - Setting next_dagrun for example_branch_labels to 2025-01-07 00:00:00+00:00, run_after=2025-01-08 00:00:00+00:00
[2025-01-08T18:57:24.290+0000] {processor.py:208} INFO - Processing /home/airflow/.local/lib/python3.12/site-packages/airflow/example_dags/example_branch_labels.py took 0.084 seconds
[2025-01-08T18:57:54.348+0000] {processor.py:186} INFO - Started process (PID=1826) to work on /home/airflow/.local/lib/python3.12/site-packages/airflow/example_dags/example_branch_labels.py
[2025-01-08T18:57:54.349+0000] {processor.py:914} INFO - Processing file /home/airflow/.local/lib/python3.12/site-packages/airflow/example_dags/example_branch_labels.py for tasks to queue
[2025-01-08T18:57:54.351+0000] {logging_mixin.py:190} INFO - [2025-01-08T18:57:54.351+0000] {dagbag.py:588} INFO - Filling up the DagBag from /home/airflow/.local/lib/python3.12/site-packages/airflow/example_dags/example_branch_labels.py
[2025-01-08T18:57:54.361+0000] {processor.py:925} INFO - DAG(s) 'example_branch_labels' retrieved from /home/airflow/.local/lib/python3.12/site-packages/airflow/example_dags/example_branch_labels.py
[2025-01-08T18:57:54.385+0000] {logging_mixin.py:190} INFO - [2025-01-08T18:57:54.385+0000] {dag.py:3239} INFO - Sync 1 DAGs
[2025-01-08T18:57:54.418+0000] {logging_mixin.py:190} INFO - [2025-01-08T18:57:54.417+0000] {dag.py:4180} INFO - Setting next_dagrun for example_branch_labels to 2025-01-07 00:00:00+00:00, run_after=2025-01-08 00:00:00+00:00
[2025-01-08T18:57:54.434+0000] {processor.py:208} INFO - Processing /home/airflow/.local/lib/python3.12/site-packages/airflow/example_dags/example_branch_labels.py took 0.092 seconds
[2025-01-08T18:58:24.621+0000] {processor.py:186} INFO - Started process (PID=1890) to work on /home/airflow/.local/lib/python3.12/site-packages/airflow/example_dags/example_branch_labels.py
[2025-01-08T18:58:24.626+0000] {processor.py:914} INFO - Processing file /home/airflow/.local/lib/python3.12/site-packages/airflow/example_dags/example_branch_labels.py for tasks to queue
[2025-01-08T18:58:24.633+0000] {logging_mixin.py:190} INFO - [2025-01-08T18:58:24.633+0000] {dagbag.py:588} INFO - Filling up the DagBag from /home/airflow/.local/lib/python3.12/site-packages/airflow/example_dags/example_branch_labels.py
[2025-01-08T18:58:24.647+0000] {processor.py:925} INFO - DAG(s) 'example_branch_labels' retrieved from /home/airflow/.local/lib/python3.12/site-packages/airflow/example_dags/example_branch_labels.py
[2025-01-08T18:58:24.705+0000] {logging_mixin.py:190} INFO - [2025-01-08T18:58:24.704+0000] {dag.py:3239} INFO - Sync 1 DAGs
[2025-01-08T18:58:24.768+0000] {logging_mixin.py:190} INFO - [2025-01-08T18:58:24.767+0000] {dag.py:4180} INFO - Setting next_dagrun for example_branch_labels to 2025-01-07 00:00:00+00:00, run_after=2025-01-08 00:00:00+00:00
[2025-01-08T18:58:24.807+0000] {processor.py:208} INFO - Processing /home/airflow/.local/lib/python3.12/site-packages/airflow/example_dags/example_branch_labels.py took 0.200 seconds
