[2025-01-08T18:44:24.350+0000] {processor.py:186} INFO - Started process (PID=117) to work on /home/airflow/.local/lib/python3.12/site-packages/airflow/example_dags/example_subdag_operator.py
[2025-01-08T18:44:24.354+0000] {processor.py:914} INFO - Processing file /home/airflow/.local/lib/python3.12/site-packages/airflow/example_dags/example_subdag_operator.py for tasks to queue
[2025-01-08T18:44:24.356+0000] {logging_mixin.py:190} INFO - [2025-01-08T18:44:24.356+0000] {dagbag.py:588} INFO - Filling up the DagBag from /home/airflow/.local/lib/python3.12/site-packages/airflow/example_dags/example_subdag_operator.py
[2025-01-08T18:44:24.469+0000] {processor.py:925} INFO - DAG(s) 'example_subdag_operator.section-1', 'example_subdag_operator.section-2', 'example_subdag_operator' retrieved from /home/airflow/.local/lib/python3.12/site-packages/airflow/example_dags/example_subdag_operator.py
[2025-01-08T18:44:24.650+0000] {logging_mixin.py:190} INFO - [2025-01-08T18:44:24.644+0000] {dag.py:3239} INFO - Sync 3 DAGs
[2025-01-08T18:44:24.895+0000] {logging_mixin.py:190} INFO - [2025-01-08T18:44:24.895+0000] {dag.py:4180} INFO - Setting next_dagrun for example_subdag_operator to 2022-01-01 00:00:00+00:00, run_after=2022-01-01 00:00:00+00:00
[2025-01-08T18:44:24.911+0000] {logging_mixin.py:190} INFO - [2025-01-08T18:44:24.911+0000] {dag.py:4180} INFO - Setting next_dagrun for example_subdag_operator.section-1 to None, run_after=None
[2025-01-08T18:44:24.916+0000] {logging_mixin.py:190} INFO - [2025-01-08T18:44:24.916+0000] {dag.py:4180} INFO - Setting next_dagrun for example_subdag_operator.section-2 to None, run_after=None
[2025-01-08T18:44:24.943+0000] {logging_mixin.py:190} INFO - [2025-01-08T18:44:24.943+0000] {dag.py:3239} INFO - Sync 2 DAGs
[2025-01-08T18:44:24.958+0000] {logging_mixin.py:190} INFO - [2025-01-08T18:44:24.958+0000] {dag.py:4180} INFO - Setting next_dagrun for example_subdag_operator.section-1 to None, run_after=None
[2025-01-08T18:44:24.959+0000] {logging_mixin.py:190} INFO - [2025-01-08T18:44:24.959+0000] {dag.py:4180} INFO - Setting next_dagrun for example_subdag_operator.section-2 to None, run_after=None
[2025-01-08T18:44:25.066+0000] {processor.py:208} INFO - Processing /home/airflow/.local/lib/python3.12/site-packages/airflow/example_dags/example_subdag_operator.py took 0.761 seconds
[2025-01-08T18:44:55.614+0000] {processor.py:186} INFO - Started process (PID=182) to work on /home/airflow/.local/lib/python3.12/site-packages/airflow/example_dags/example_subdag_operator.py
[2025-01-08T18:44:55.614+0000] {processor.py:914} INFO - Processing file /home/airflow/.local/lib/python3.12/site-packages/airflow/example_dags/example_subdag_operator.py for tasks to queue
[2025-01-08T18:44:55.616+0000] {logging_mixin.py:190} INFO - [2025-01-08T18:44:55.616+0000] {dagbag.py:588} INFO - Filling up the DagBag from /home/airflow/.local/lib/python3.12/site-packages/airflow/example_dags/example_subdag_operator.py
[2025-01-08T18:44:55.658+0000] {processor.py:925} INFO - DAG(s) 'example_subdag_operator.section-1', 'example_subdag_operator.section-2', 'example_subdag_operator' retrieved from /home/airflow/.local/lib/python3.12/site-packages/airflow/example_dags/example_subdag_operator.py
[2025-01-08T18:44:55.707+0000] {logging_mixin.py:190} INFO - [2025-01-08T18:44:55.707+0000] {dag.py:3239} INFO - Sync 3 DAGs
[2025-01-08T18:44:55.788+0000] {logging_mixin.py:190} INFO - [2025-01-08T18:44:55.787+0000] {dag.py:4180} INFO - Setting next_dagrun for example_subdag_operator to 2022-01-01 00:00:00+00:00, run_after=2022-01-01 00:00:00+00:00
[2025-01-08T18:44:55.795+0000] {logging_mixin.py:190} INFO - [2025-01-08T18:44:55.794+0000] {dag.py:4180} INFO - Setting next_dagrun for example_subdag_operator.section-1 to None, run_after=None
[2025-01-08T18:44:55.796+0000] {logging_mixin.py:190} INFO - [2025-01-08T18:44:55.796+0000] {dag.py:4180} INFO - Setting next_dagrun for example_subdag_operator.section-2 to None, run_after=None
[2025-01-08T18:44:55.806+0000] {logging_mixin.py:190} INFO - [2025-01-08T18:44:55.806+0000] {dag.py:3239} INFO - Sync 2 DAGs
[2025-01-08T18:44:55.812+0000] {logging_mixin.py:190} INFO - [2025-01-08T18:44:55.812+0000] {dag.py:4180} INFO - Setting next_dagrun for example_subdag_operator.section-1 to None, run_after=None
[2025-01-08T18:44:55.812+0000] {logging_mixin.py:190} INFO - [2025-01-08T18:44:55.812+0000] {dag.py:4180} INFO - Setting next_dagrun for example_subdag_operator.section-2 to None, run_after=None
[2025-01-08T18:44:55.829+0000] {processor.py:208} INFO - Processing /home/airflow/.local/lib/python3.12/site-packages/airflow/example_dags/example_subdag_operator.py took 0.221 seconds
[2025-01-08T18:45:26.081+0000] {processor.py:186} INFO - Started process (PID=247) to work on /home/airflow/.local/lib/python3.12/site-packages/airflow/example_dags/example_subdag_operator.py
[2025-01-08T18:45:26.082+0000] {processor.py:914} INFO - Processing file /home/airflow/.local/lib/python3.12/site-packages/airflow/example_dags/example_subdag_operator.py for tasks to queue
[2025-01-08T18:45:26.084+0000] {logging_mixin.py:190} INFO - [2025-01-08T18:45:26.083+0000] {dagbag.py:588} INFO - Filling up the DagBag from /home/airflow/.local/lib/python3.12/site-packages/airflow/example_dags/example_subdag_operator.py
[2025-01-08T18:45:26.119+0000] {processor.py:925} INFO - DAG(s) 'example_subdag_operator.section-1', 'example_subdag_operator.section-2', 'example_subdag_operator' retrieved from /home/airflow/.local/lib/python3.12/site-packages/airflow/example_dags/example_subdag_operator.py
[2025-01-08T18:45:26.140+0000] {logging_mixin.py:190} INFO - [2025-01-08T18:45:26.140+0000] {dag.py:3239} INFO - Sync 3 DAGs
[2025-01-08T18:45:26.167+0000] {logging_mixin.py:190} INFO - [2025-01-08T18:45:26.166+0000] {dag.py:4180} INFO - Setting next_dagrun for example_subdag_operator to 2022-01-01 00:00:00+00:00, run_after=2022-01-01 00:00:00+00:00
[2025-01-08T18:45:26.170+0000] {logging_mixin.py:190} INFO - [2025-01-08T18:45:26.170+0000] {dag.py:4180} INFO - Setting next_dagrun for example_subdag_operator.section-1 to None, run_after=None
[2025-01-08T18:45:26.172+0000] {logging_mixin.py:190} INFO - [2025-01-08T18:45:26.171+0000] {dag.py:4180} INFO - Setting next_dagrun for example_subdag_operator.section-2 to None, run_after=None
[2025-01-08T18:45:26.179+0000] {logging_mixin.py:190} INFO - [2025-01-08T18:45:26.179+0000] {dag.py:3239} INFO - Sync 2 DAGs
[2025-01-08T18:45:26.186+0000] {logging_mixin.py:190} INFO - [2025-01-08T18:45:26.186+0000] {dag.py:4180} INFO - Setting next_dagrun for example_subdag_operator.section-1 to None, run_after=None
[2025-01-08T18:45:26.187+0000] {logging_mixin.py:190} INFO - [2025-01-08T18:45:26.187+0000] {dag.py:4180} INFO - Setting next_dagrun for example_subdag_operator.section-2 to None, run_after=None
[2025-01-08T18:45:26.196+0000] {processor.py:208} INFO - Processing /home/airflow/.local/lib/python3.12/site-packages/airflow/example_dags/example_subdag_operator.py took 0.121 seconds
[2025-01-08T18:45:56.731+0000] {processor.py:186} INFO - Started process (PID=311) to work on /home/airflow/.local/lib/python3.12/site-packages/airflow/example_dags/example_subdag_operator.py
[2025-01-08T18:45:56.732+0000] {processor.py:914} INFO - Processing file /home/airflow/.local/lib/python3.12/site-packages/airflow/example_dags/example_subdag_operator.py for tasks to queue
[2025-01-08T18:45:56.734+0000] {logging_mixin.py:190} INFO - [2025-01-08T18:45:56.733+0000] {dagbag.py:588} INFO - Filling up the DagBag from /home/airflow/.local/lib/python3.12/site-packages/airflow/example_dags/example_subdag_operator.py
[2025-01-08T18:45:56.760+0000] {processor.py:925} INFO - DAG(s) 'example_subdag_operator.section-1', 'example_subdag_operator.section-2', 'example_subdag_operator' retrieved from /home/airflow/.local/lib/python3.12/site-packages/airflow/example_dags/example_subdag_operator.py
[2025-01-08T18:45:56.777+0000] {logging_mixin.py:190} INFO - [2025-01-08T18:45:56.777+0000] {dag.py:3239} INFO - Sync 3 DAGs
[2025-01-08T18:45:56.804+0000] {logging_mixin.py:190} INFO - [2025-01-08T18:45:56.803+0000] {dag.py:4180} INFO - Setting next_dagrun for example_subdag_operator to 2022-01-01 00:00:00+00:00, run_after=2022-01-01 00:00:00+00:00
[2025-01-08T18:45:56.814+0000] {logging_mixin.py:190} INFO - [2025-01-08T18:45:56.814+0000] {dag.py:4180} INFO - Setting next_dagrun for example_subdag_operator.section-1 to None, run_after=None
[2025-01-08T18:45:56.815+0000] {logging_mixin.py:190} INFO - [2025-01-08T18:45:56.815+0000] {dag.py:4180} INFO - Setting next_dagrun for example_subdag_operator.section-2 to None, run_after=None
[2025-01-08T18:45:56.822+0000] {logging_mixin.py:190} INFO - [2025-01-08T18:45:56.822+0000] {dag.py:3239} INFO - Sync 2 DAGs
[2025-01-08T18:45:56.827+0000] {logging_mixin.py:190} INFO - [2025-01-08T18:45:56.827+0000] {dag.py:4180} INFO - Setting next_dagrun for example_subdag_operator.section-1 to None, run_after=None
[2025-01-08T18:45:56.828+0000] {logging_mixin.py:190} INFO - [2025-01-08T18:45:56.827+0000] {dag.py:4180} INFO - Setting next_dagrun for example_subdag_operator.section-2 to None, run_after=None
[2025-01-08T18:45:56.837+0000] {processor.py:208} INFO - Processing /home/airflow/.local/lib/python3.12/site-packages/airflow/example_dags/example_subdag_operator.py took 0.112 seconds
[2025-01-08T18:46:28.561+0000] {processor.py:186} INFO - Started process (PID=376) to work on /home/airflow/.local/lib/python3.12/site-packages/airflow/example_dags/example_subdag_operator.py
[2025-01-08T18:46:28.562+0000] {processor.py:914} INFO - Processing file /home/airflow/.local/lib/python3.12/site-packages/airflow/example_dags/example_subdag_operator.py for tasks to queue
[2025-01-08T18:46:28.565+0000] {logging_mixin.py:190} INFO - [2025-01-08T18:46:28.565+0000] {dagbag.py:588} INFO - Filling up the DagBag from /home/airflow/.local/lib/python3.12/site-packages/airflow/example_dags/example_subdag_operator.py
[2025-01-08T18:46:28.594+0000] {processor.py:925} INFO - DAG(s) 'example_subdag_operator.section-1', 'example_subdag_operator.section-2', 'example_subdag_operator' retrieved from /home/airflow/.local/lib/python3.12/site-packages/airflow/example_dags/example_subdag_operator.py
[2025-01-08T18:46:28.611+0000] {logging_mixin.py:190} INFO - [2025-01-08T18:46:28.611+0000] {dag.py:3239} INFO - Sync 3 DAGs
[2025-01-08T18:46:28.637+0000] {logging_mixin.py:190} INFO - [2025-01-08T18:46:28.637+0000] {dag.py:4180} INFO - Setting next_dagrun for example_subdag_operator to 2022-01-01 00:00:00+00:00, run_after=2022-01-01 00:00:00+00:00
[2025-01-08T18:46:28.641+0000] {logging_mixin.py:190} INFO - [2025-01-08T18:46:28.641+0000] {dag.py:4180} INFO - Setting next_dagrun for example_subdag_operator.section-1 to None, run_after=None
[2025-01-08T18:46:28.642+0000] {logging_mixin.py:190} INFO - [2025-01-08T18:46:28.642+0000] {dag.py:4180} INFO - Setting next_dagrun for example_subdag_operator.section-2 to None, run_after=None
[2025-01-08T18:46:28.651+0000] {logging_mixin.py:190} INFO - [2025-01-08T18:46:28.650+0000] {dag.py:3239} INFO - Sync 2 DAGs
[2025-01-08T18:46:28.658+0000] {logging_mixin.py:190} INFO - [2025-01-08T18:46:28.658+0000] {dag.py:4180} INFO - Setting next_dagrun for example_subdag_operator.section-1 to None, run_after=None
[2025-01-08T18:46:28.659+0000] {logging_mixin.py:190} INFO - [2025-01-08T18:46:28.659+0000] {dag.py:4180} INFO - Setting next_dagrun for example_subdag_operator.section-2 to None, run_after=None
[2025-01-08T18:46:28.668+0000] {processor.py:208} INFO - Processing /home/airflow/.local/lib/python3.12/site-packages/airflow/example_dags/example_subdag_operator.py took 0.113 seconds
[2025-01-08T18:47:03.404+0000] {processor.py:186} INFO - Started process (PID=446) to work on /home/airflow/.local/lib/python3.12/site-packages/airflow/example_dags/example_subdag_operator.py
[2025-01-08T18:47:03.405+0000] {processor.py:914} INFO - Processing file /home/airflow/.local/lib/python3.12/site-packages/airflow/example_dags/example_subdag_operator.py for tasks to queue
[2025-01-08T18:47:03.407+0000] {logging_mixin.py:190} INFO - [2025-01-08T18:47:03.407+0000] {dagbag.py:588} INFO - Filling up the DagBag from /home/airflow/.local/lib/python3.12/site-packages/airflow/example_dags/example_subdag_operator.py
[2025-01-08T18:47:03.442+0000] {processor.py:925} INFO - DAG(s) 'example_subdag_operator.section-1', 'example_subdag_operator.section-2', 'example_subdag_operator' retrieved from /home/airflow/.local/lib/python3.12/site-packages/airflow/example_dags/example_subdag_operator.py
[2025-01-08T18:47:03.460+0000] {logging_mixin.py:190} INFO - [2025-01-08T18:47:03.460+0000] {dag.py:3239} INFO - Sync 3 DAGs
[2025-01-08T18:47:03.516+0000] {logging_mixin.py:190} INFO - [2025-01-08T18:47:03.515+0000] {dag.py:4180} INFO - Setting next_dagrun for example_subdag_operator to 2022-01-01 00:00:00+00:00, run_after=2022-01-01 00:00:00+00:00
[2025-01-08T18:47:03.521+0000] {logging_mixin.py:190} INFO - [2025-01-08T18:47:03.520+0000] {dag.py:4180} INFO - Setting next_dagrun for example_subdag_operator.section-1 to None, run_after=None
[2025-01-08T18:47:03.523+0000] {logging_mixin.py:190} INFO - [2025-01-08T18:47:03.522+0000] {dag.py:4180} INFO - Setting next_dagrun for example_subdag_operator.section-2 to None, run_after=None
[2025-01-08T18:47:03.531+0000] {logging_mixin.py:190} INFO - [2025-01-08T18:47:03.531+0000] {dag.py:3239} INFO - Sync 2 DAGs
[2025-01-08T18:47:03.537+0000] {logging_mixin.py:190} INFO - [2025-01-08T18:47:03.536+0000] {dag.py:4180} INFO - Setting next_dagrun for example_subdag_operator.section-1 to None, run_after=None
[2025-01-08T18:47:03.537+0000] {logging_mixin.py:190} INFO - [2025-01-08T18:47:03.537+0000] {dag.py:4180} INFO - Setting next_dagrun for example_subdag_operator.section-2 to None, run_after=None
[2025-01-08T18:47:03.558+0000] {processor.py:208} INFO - Processing /home/airflow/.local/lib/python3.12/site-packages/airflow/example_dags/example_subdag_operator.py took 0.161 seconds
[2025-01-08T18:47:33.827+0000] {processor.py:186} INFO - Started process (PID=512) to work on /home/airflow/.local/lib/python3.12/site-packages/airflow/example_dags/example_subdag_operator.py
[2025-01-08T18:47:33.827+0000] {processor.py:914} INFO - Processing file /home/airflow/.local/lib/python3.12/site-packages/airflow/example_dags/example_subdag_operator.py for tasks to queue
[2025-01-08T18:47:33.829+0000] {logging_mixin.py:190} INFO - [2025-01-08T18:47:33.829+0000] {dagbag.py:588} INFO - Filling up the DagBag from /home/airflow/.local/lib/python3.12/site-packages/airflow/example_dags/example_subdag_operator.py
[2025-01-08T18:47:33.872+0000] {processor.py:925} INFO - DAG(s) 'example_subdag_operator.section-1', 'example_subdag_operator.section-2', 'example_subdag_operator' retrieved from /home/airflow/.local/lib/python3.12/site-packages/airflow/example_dags/example_subdag_operator.py
[2025-01-08T18:47:33.889+0000] {logging_mixin.py:190} INFO - [2025-01-08T18:47:33.889+0000] {dag.py:3239} INFO - Sync 3 DAGs
[2025-01-08T18:47:33.914+0000] {logging_mixin.py:190} INFO - [2025-01-08T18:47:33.914+0000] {dag.py:4180} INFO - Setting next_dagrun for example_subdag_operator to 2022-01-01 00:00:00+00:00, run_after=2022-01-01 00:00:00+00:00
[2025-01-08T18:47:33.918+0000] {logging_mixin.py:190} INFO - [2025-01-08T18:47:33.918+0000] {dag.py:4180} INFO - Setting next_dagrun for example_subdag_operator.section-1 to None, run_after=None
[2025-01-08T18:47:33.919+0000] {logging_mixin.py:190} INFO - [2025-01-08T18:47:33.919+0000] {dag.py:4180} INFO - Setting next_dagrun for example_subdag_operator.section-2 to None, run_after=None
[2025-01-08T18:47:33.926+0000] {logging_mixin.py:190} INFO - [2025-01-08T18:47:33.926+0000] {dag.py:3239} INFO - Sync 2 DAGs
[2025-01-08T18:47:33.931+0000] {logging_mixin.py:190} INFO - [2025-01-08T18:47:33.931+0000] {dag.py:4180} INFO - Setting next_dagrun for example_subdag_operator.section-1 to None, run_after=None
[2025-01-08T18:47:33.932+0000] {logging_mixin.py:190} INFO - [2025-01-08T18:47:33.932+0000] {dag.py:4180} INFO - Setting next_dagrun for example_subdag_operator.section-2 to None, run_after=None
[2025-01-08T18:47:33.942+0000] {processor.py:208} INFO - Processing /home/airflow/.local/lib/python3.12/site-packages/airflow/example_dags/example_subdag_operator.py took 0.142 seconds
[2025-01-08T18:48:04.802+0000] {processor.py:186} INFO - Started process (PID=577) to work on /home/airflow/.local/lib/python3.12/site-packages/airflow/example_dags/example_subdag_operator.py
[2025-01-08T18:48:04.803+0000] {processor.py:914} INFO - Processing file /home/airflow/.local/lib/python3.12/site-packages/airflow/example_dags/example_subdag_operator.py for tasks to queue
[2025-01-08T18:48:04.805+0000] {logging_mixin.py:190} INFO - [2025-01-08T18:48:04.804+0000] {dagbag.py:588} INFO - Filling up the DagBag from /home/airflow/.local/lib/python3.12/site-packages/airflow/example_dags/example_subdag_operator.py
[2025-01-08T18:48:04.832+0000] {processor.py:925} INFO - DAG(s) 'example_subdag_operator.section-1', 'example_subdag_operator.section-2', 'example_subdag_operator' retrieved from /home/airflow/.local/lib/python3.12/site-packages/airflow/example_dags/example_subdag_operator.py
[2025-01-08T18:48:04.849+0000] {logging_mixin.py:190} INFO - [2025-01-08T18:48:04.849+0000] {dag.py:3239} INFO - Sync 3 DAGs
[2025-01-08T18:48:04.872+0000] {logging_mixin.py:190} INFO - [2025-01-08T18:48:04.872+0000] {dag.py:4180} INFO - Setting next_dagrun for example_subdag_operator to 2022-01-01 00:00:00+00:00, run_after=2022-01-01 00:00:00+00:00
[2025-01-08T18:48:04.876+0000] {logging_mixin.py:190} INFO - [2025-01-08T18:48:04.876+0000] {dag.py:4180} INFO - Setting next_dagrun for example_subdag_operator.section-1 to None, run_after=None
[2025-01-08T18:48:04.877+0000] {logging_mixin.py:190} INFO - [2025-01-08T18:48:04.877+0000] {dag.py:4180} INFO - Setting next_dagrun for example_subdag_operator.section-2 to None, run_after=None
[2025-01-08T18:48:04.883+0000] {logging_mixin.py:190} INFO - [2025-01-08T18:48:04.883+0000] {dag.py:3239} INFO - Sync 2 DAGs
[2025-01-08T18:48:04.889+0000] {logging_mixin.py:190} INFO - [2025-01-08T18:48:04.889+0000] {dag.py:4180} INFO - Setting next_dagrun for example_subdag_operator.section-1 to None, run_after=None
[2025-01-08T18:48:04.889+0000] {logging_mixin.py:190} INFO - [2025-01-08T18:48:04.889+0000] {dag.py:4180} INFO - Setting next_dagrun for example_subdag_operator.section-2 to None, run_after=None
[2025-01-08T18:48:04.899+0000] {processor.py:208} INFO - Processing /home/airflow/.local/lib/python3.12/site-packages/airflow/example_dags/example_subdag_operator.py took 0.103 seconds
[2025-01-08T18:48:35.852+0000] {processor.py:186} INFO - Started process (PID=642) to work on /home/airflow/.local/lib/python3.12/site-packages/airflow/example_dags/example_subdag_operator.py
[2025-01-08T18:48:35.852+0000] {processor.py:914} INFO - Processing file /home/airflow/.local/lib/python3.12/site-packages/airflow/example_dags/example_subdag_operator.py for tasks to queue
[2025-01-08T18:48:35.854+0000] {logging_mixin.py:190} INFO - [2025-01-08T18:48:35.854+0000] {dagbag.py:588} INFO - Filling up the DagBag from /home/airflow/.local/lib/python3.12/site-packages/airflow/example_dags/example_subdag_operator.py
[2025-01-08T18:48:35.882+0000] {processor.py:925} INFO - DAG(s) 'example_subdag_operator.section-1', 'example_subdag_operator.section-2', 'example_subdag_operator' retrieved from /home/airflow/.local/lib/python3.12/site-packages/airflow/example_dags/example_subdag_operator.py
[2025-01-08T18:48:35.899+0000] {logging_mixin.py:190} INFO - [2025-01-08T18:48:35.899+0000] {dag.py:3239} INFO - Sync 3 DAGs
[2025-01-08T18:48:35.925+0000] {logging_mixin.py:190} INFO - [2025-01-08T18:48:35.924+0000] {dag.py:4180} INFO - Setting next_dagrun for example_subdag_operator to 2022-01-01 00:00:00+00:00, run_after=2022-01-01 00:00:00+00:00
[2025-01-08T18:48:35.929+0000] {logging_mixin.py:190} INFO - [2025-01-08T18:48:35.928+0000] {dag.py:4180} INFO - Setting next_dagrun for example_subdag_operator.section-1 to None, run_after=None
[2025-01-08T18:48:35.930+0000] {logging_mixin.py:190} INFO - [2025-01-08T18:48:35.930+0000] {dag.py:4180} INFO - Setting next_dagrun for example_subdag_operator.section-2 to None, run_after=None
[2025-01-08T18:48:35.936+0000] {logging_mixin.py:190} INFO - [2025-01-08T18:48:35.936+0000] {dag.py:3239} INFO - Sync 2 DAGs
[2025-01-08T18:48:35.942+0000] {logging_mixin.py:190} INFO - [2025-01-08T18:48:35.942+0000] {dag.py:4180} INFO - Setting next_dagrun for example_subdag_operator.section-1 to None, run_after=None
[2025-01-08T18:48:35.943+0000] {logging_mixin.py:190} INFO - [2025-01-08T18:48:35.942+0000] {dag.py:4180} INFO - Setting next_dagrun for example_subdag_operator.section-2 to None, run_after=None
[2025-01-08T18:48:35.952+0000] {processor.py:208} INFO - Processing /home/airflow/.local/lib/python3.12/site-packages/airflow/example_dags/example_subdag_operator.py took 0.107 seconds
[2025-01-08T18:49:06.863+0000] {processor.py:186} INFO - Started process (PID=709) to work on /home/airflow/.local/lib/python3.12/site-packages/airflow/example_dags/example_subdag_operator.py
[2025-01-08T18:49:06.863+0000] {processor.py:914} INFO - Processing file /home/airflow/.local/lib/python3.12/site-packages/airflow/example_dags/example_subdag_operator.py for tasks to queue
[2025-01-08T18:49:06.865+0000] {logging_mixin.py:190} INFO - [2025-01-08T18:49:06.865+0000] {dagbag.py:588} INFO - Filling up the DagBag from /home/airflow/.local/lib/python3.12/site-packages/airflow/example_dags/example_subdag_operator.py
[2025-01-08T18:49:06.895+0000] {processor.py:925} INFO - DAG(s) 'example_subdag_operator.section-1', 'example_subdag_operator.section-2', 'example_subdag_operator' retrieved from /home/airflow/.local/lib/python3.12/site-packages/airflow/example_dags/example_subdag_operator.py
[2025-01-08T18:49:06.912+0000] {logging_mixin.py:190} INFO - [2025-01-08T18:49:06.911+0000] {dag.py:3239} INFO - Sync 3 DAGs
[2025-01-08T18:49:06.938+0000] {logging_mixin.py:190} INFO - [2025-01-08T18:49:06.937+0000] {dag.py:4180} INFO - Setting next_dagrun for example_subdag_operator to 2022-01-01 00:00:00+00:00, run_after=2022-01-01 00:00:00+00:00
[2025-01-08T18:49:06.941+0000] {logging_mixin.py:190} INFO - [2025-01-08T18:49:06.941+0000] {dag.py:4180} INFO - Setting next_dagrun for example_subdag_operator.section-1 to None, run_after=None
[2025-01-08T18:49:06.942+0000] {logging_mixin.py:190} INFO - [2025-01-08T18:49:06.942+0000] {dag.py:4180} INFO - Setting next_dagrun for example_subdag_operator.section-2 to None, run_after=None
[2025-01-08T18:49:06.950+0000] {logging_mixin.py:190} INFO - [2025-01-08T18:49:06.950+0000] {dag.py:3239} INFO - Sync 2 DAGs
[2025-01-08T18:49:06.955+0000] {logging_mixin.py:190} INFO - [2025-01-08T18:49:06.955+0000] {dag.py:4180} INFO - Setting next_dagrun for example_subdag_operator.section-1 to None, run_after=None
[2025-01-08T18:49:06.956+0000] {logging_mixin.py:190} INFO - [2025-01-08T18:49:06.955+0000] {dag.py:4180} INFO - Setting next_dagrun for example_subdag_operator.section-2 to None, run_after=None
[2025-01-08T18:49:06.964+0000] {processor.py:208} INFO - Processing /home/airflow/.local/lib/python3.12/site-packages/airflow/example_dags/example_subdag_operator.py took 0.108 seconds
[2025-01-08T18:49:40.727+0000] {processor.py:186} INFO - Started process (PID=774) to work on /home/airflow/.local/lib/python3.12/site-packages/airflow/example_dags/example_subdag_operator.py
[2025-01-08T18:49:40.728+0000] {processor.py:914} INFO - Processing file /home/airflow/.local/lib/python3.12/site-packages/airflow/example_dags/example_subdag_operator.py for tasks to queue
[2025-01-08T18:49:40.739+0000] {logging_mixin.py:190} INFO - [2025-01-08T18:49:40.739+0000] {dagbag.py:588} INFO - Filling up the DagBag from /home/airflow/.local/lib/python3.12/site-packages/airflow/example_dags/example_subdag_operator.py
[2025-01-08T18:49:40.791+0000] {processor.py:925} INFO - DAG(s) 'example_subdag_operator.section-1', 'example_subdag_operator.section-2', 'example_subdag_operator' retrieved from /home/airflow/.local/lib/python3.12/site-packages/airflow/example_dags/example_subdag_operator.py
[2025-01-08T18:49:40.871+0000] {logging_mixin.py:190} INFO - [2025-01-08T18:49:40.871+0000] {dag.py:3239} INFO - Sync 3 DAGs
[2025-01-08T18:49:41.016+0000] {logging_mixin.py:190} INFO - [2025-01-08T18:49:41.016+0000] {dag.py:4180} INFO - Setting next_dagrun for example_subdag_operator to 2022-01-01 00:00:00+00:00, run_after=2022-01-01 00:00:00+00:00
[2025-01-08T18:49:41.040+0000] {logging_mixin.py:190} INFO - [2025-01-08T18:49:41.040+0000] {dag.py:4180} INFO - Setting next_dagrun for example_subdag_operator.section-1 to None, run_after=None
[2025-01-08T18:49:41.041+0000] {logging_mixin.py:190} INFO - [2025-01-08T18:49:41.041+0000] {dag.py:4180} INFO - Setting next_dagrun for example_subdag_operator.section-2 to None, run_after=None
[2025-01-08T18:49:41.072+0000] {logging_mixin.py:190} INFO - [2025-01-08T18:49:41.071+0000] {dag.py:3239} INFO - Sync 2 DAGs
[2025-01-08T18:49:41.100+0000] {logging_mixin.py:190} INFO - [2025-01-08T18:49:41.099+0000] {dag.py:4180} INFO - Setting next_dagrun for example_subdag_operator.section-1 to None, run_after=None
[2025-01-08T18:49:41.114+0000] {logging_mixin.py:190} INFO - [2025-01-08T18:49:41.114+0000] {dag.py:4180} INFO - Setting next_dagrun for example_subdag_operator.section-2 to None, run_after=None
[2025-01-08T18:49:41.146+0000] {processor.py:208} INFO - Processing /home/airflow/.local/lib/python3.12/site-packages/airflow/example_dags/example_subdag_operator.py took 0.443 seconds
[2025-01-08T18:50:11.833+0000] {processor.py:186} INFO - Started process (PID=838) to work on /home/airflow/.local/lib/python3.12/site-packages/airflow/example_dags/example_subdag_operator.py
[2025-01-08T18:50:11.834+0000] {processor.py:914} INFO - Processing file /home/airflow/.local/lib/python3.12/site-packages/airflow/example_dags/example_subdag_operator.py for tasks to queue
[2025-01-08T18:50:11.836+0000] {logging_mixin.py:190} INFO - [2025-01-08T18:50:11.836+0000] {dagbag.py:588} INFO - Filling up the DagBag from /home/airflow/.local/lib/python3.12/site-packages/airflow/example_dags/example_subdag_operator.py
[2025-01-08T18:50:11.867+0000] {processor.py:925} INFO - DAG(s) 'example_subdag_operator.section-1', 'example_subdag_operator.section-2', 'example_subdag_operator' retrieved from /home/airflow/.local/lib/python3.12/site-packages/airflow/example_dags/example_subdag_operator.py
[2025-01-08T18:50:11.891+0000] {logging_mixin.py:190} INFO - [2025-01-08T18:50:11.890+0000] {dag.py:3239} INFO - Sync 3 DAGs
[2025-01-08T18:50:11.916+0000] {logging_mixin.py:190} INFO - [2025-01-08T18:50:11.915+0000] {dag.py:4180} INFO - Setting next_dagrun for example_subdag_operator to 2022-01-01 00:00:00+00:00, run_after=2022-01-01 00:00:00+00:00
[2025-01-08T18:50:11.920+0000] {logging_mixin.py:190} INFO - [2025-01-08T18:50:11.920+0000] {dag.py:4180} INFO - Setting next_dagrun for example_subdag_operator.section-1 to None, run_after=None
[2025-01-08T18:50:11.921+0000] {logging_mixin.py:190} INFO - [2025-01-08T18:50:11.921+0000] {dag.py:4180} INFO - Setting next_dagrun for example_subdag_operator.section-2 to None, run_after=None
[2025-01-08T18:50:11.927+0000] {logging_mixin.py:190} INFO - [2025-01-08T18:50:11.927+0000] {dag.py:3239} INFO - Sync 2 DAGs
[2025-01-08T18:50:11.932+0000] {logging_mixin.py:190} INFO - [2025-01-08T18:50:11.932+0000] {dag.py:4180} INFO - Setting next_dagrun for example_subdag_operator.section-1 to None, run_after=None
[2025-01-08T18:50:11.933+0000] {logging_mixin.py:190} INFO - [2025-01-08T18:50:11.932+0000] {dag.py:4180} INFO - Setting next_dagrun for example_subdag_operator.section-2 to None, run_after=None
[2025-01-08T18:50:11.941+0000] {processor.py:208} INFO - Processing /home/airflow/.local/lib/python3.12/site-packages/airflow/example_dags/example_subdag_operator.py took 0.113 seconds
[2025-01-08T18:50:42.743+0000] {processor.py:186} INFO - Started process (PID=904) to work on /home/airflow/.local/lib/python3.12/site-packages/airflow/example_dags/example_subdag_operator.py
[2025-01-08T18:50:42.743+0000] {processor.py:914} INFO - Processing file /home/airflow/.local/lib/python3.12/site-packages/airflow/example_dags/example_subdag_operator.py for tasks to queue
[2025-01-08T18:50:42.745+0000] {logging_mixin.py:190} INFO - [2025-01-08T18:50:42.745+0000] {dagbag.py:588} INFO - Filling up the DagBag from /home/airflow/.local/lib/python3.12/site-packages/airflow/example_dags/example_subdag_operator.py
[2025-01-08T18:50:42.772+0000] {processor.py:925} INFO - DAG(s) 'example_subdag_operator.section-1', 'example_subdag_operator.section-2', 'example_subdag_operator' retrieved from /home/airflow/.local/lib/python3.12/site-packages/airflow/example_dags/example_subdag_operator.py
[2025-01-08T18:50:42.788+0000] {logging_mixin.py:190} INFO - [2025-01-08T18:50:42.788+0000] {dag.py:3239} INFO - Sync 3 DAGs
[2025-01-08T18:50:42.814+0000] {logging_mixin.py:190} INFO - [2025-01-08T18:50:42.814+0000] {dag.py:4180} INFO - Setting next_dagrun for example_subdag_operator to 2022-01-01 00:00:00+00:00, run_after=2022-01-01 00:00:00+00:00
[2025-01-08T18:50:42.818+0000] {logging_mixin.py:190} INFO - [2025-01-08T18:50:42.818+0000] {dag.py:4180} INFO - Setting next_dagrun for example_subdag_operator.section-1 to None, run_after=None
[2025-01-08T18:50:42.819+0000] {logging_mixin.py:190} INFO - [2025-01-08T18:50:42.819+0000] {dag.py:4180} INFO - Setting next_dagrun for example_subdag_operator.section-2 to None, run_after=None
[2025-01-08T18:50:42.826+0000] {logging_mixin.py:190} INFO - [2025-01-08T18:50:42.826+0000] {dag.py:3239} INFO - Sync 2 DAGs
[2025-01-08T18:50:42.831+0000] {logging_mixin.py:190} INFO - [2025-01-08T18:50:42.831+0000] {dag.py:4180} INFO - Setting next_dagrun for example_subdag_operator.section-1 to None, run_after=None
[2025-01-08T18:50:42.832+0000] {logging_mixin.py:190} INFO - [2025-01-08T18:50:42.832+0000] {dag.py:4180} INFO - Setting next_dagrun for example_subdag_operator.section-2 to None, run_after=None
[2025-01-08T18:50:42.841+0000] {processor.py:208} INFO - Processing /home/airflow/.local/lib/python3.12/site-packages/airflow/example_dags/example_subdag_operator.py took 0.104 seconds
[2025-01-08T18:51:13.247+0000] {processor.py:186} INFO - Started process (PID=968) to work on /home/airflow/.local/lib/python3.12/site-packages/airflow/example_dags/example_subdag_operator.py
[2025-01-08T18:51:13.248+0000] {processor.py:914} INFO - Processing file /home/airflow/.local/lib/python3.12/site-packages/airflow/example_dags/example_subdag_operator.py for tasks to queue
[2025-01-08T18:51:13.250+0000] {logging_mixin.py:190} INFO - [2025-01-08T18:51:13.250+0000] {dagbag.py:588} INFO - Filling up the DagBag from /home/airflow/.local/lib/python3.12/site-packages/airflow/example_dags/example_subdag_operator.py
[2025-01-08T18:51:13.276+0000] {processor.py:925} INFO - DAG(s) 'example_subdag_operator.section-1', 'example_subdag_operator.section-2', 'example_subdag_operator' retrieved from /home/airflow/.local/lib/python3.12/site-packages/airflow/example_dags/example_subdag_operator.py
[2025-01-08T18:51:13.295+0000] {logging_mixin.py:190} INFO - [2025-01-08T18:51:13.295+0000] {dag.py:3239} INFO - Sync 3 DAGs
[2025-01-08T18:51:13.320+0000] {logging_mixin.py:190} INFO - [2025-01-08T18:51:13.319+0000] {dag.py:4180} INFO - Setting next_dagrun for example_subdag_operator to 2022-01-01 00:00:00+00:00, run_after=2022-01-01 00:00:00+00:00
[2025-01-08T18:51:13.323+0000] {logging_mixin.py:190} INFO - [2025-01-08T18:51:13.323+0000] {dag.py:4180} INFO - Setting next_dagrun for example_subdag_operator.section-1 to None, run_after=None
[2025-01-08T18:51:13.324+0000] {logging_mixin.py:190} INFO - [2025-01-08T18:51:13.324+0000] {dag.py:4180} INFO - Setting next_dagrun for example_subdag_operator.section-2 to None, run_after=None
[2025-01-08T18:51:13.332+0000] {logging_mixin.py:190} INFO - [2025-01-08T18:51:13.332+0000] {dag.py:3239} INFO - Sync 2 DAGs
[2025-01-08T18:51:13.338+0000] {logging_mixin.py:190} INFO - [2025-01-08T18:51:13.337+0000] {dag.py:4180} INFO - Setting next_dagrun for example_subdag_operator.section-1 to None, run_after=None
[2025-01-08T18:51:13.338+0000] {logging_mixin.py:190} INFO - [2025-01-08T18:51:13.338+0000] {dag.py:4180} INFO - Setting next_dagrun for example_subdag_operator.section-2 to None, run_after=None
[2025-01-08T18:51:13.347+0000] {processor.py:208} INFO - Processing /home/airflow/.local/lib/python3.12/site-packages/airflow/example_dags/example_subdag_operator.py took 0.105 seconds
[2025-01-08T18:51:43.816+0000] {processor.py:186} INFO - Started process (PID=1033) to work on /home/airflow/.local/lib/python3.12/site-packages/airflow/example_dags/example_subdag_operator.py
[2025-01-08T18:51:43.816+0000] {processor.py:914} INFO - Processing file /home/airflow/.local/lib/python3.12/site-packages/airflow/example_dags/example_subdag_operator.py for tasks to queue
[2025-01-08T18:51:43.818+0000] {logging_mixin.py:190} INFO - [2025-01-08T18:51:43.818+0000] {dagbag.py:588} INFO - Filling up the DagBag from /home/airflow/.local/lib/python3.12/site-packages/airflow/example_dags/example_subdag_operator.py
[2025-01-08T18:51:43.845+0000] {processor.py:925} INFO - DAG(s) 'example_subdag_operator.section-1', 'example_subdag_operator.section-2', 'example_subdag_operator' retrieved from /home/airflow/.local/lib/python3.12/site-packages/airflow/example_dags/example_subdag_operator.py
[2025-01-08T18:51:43.864+0000] {logging_mixin.py:190} INFO - [2025-01-08T18:51:43.864+0000] {dag.py:3239} INFO - Sync 3 DAGs
[2025-01-08T18:51:43.896+0000] {logging_mixin.py:190} INFO - [2025-01-08T18:51:43.895+0000] {dag.py:4180} INFO - Setting next_dagrun for example_subdag_operator to 2022-01-01 00:00:00+00:00, run_after=2022-01-01 00:00:00+00:00
[2025-01-08T18:51:43.900+0000] {logging_mixin.py:190} INFO - [2025-01-08T18:51:43.900+0000] {dag.py:4180} INFO - Setting next_dagrun for example_subdag_operator.section-1 to None, run_after=None
[2025-01-08T18:51:43.901+0000] {logging_mixin.py:190} INFO - [2025-01-08T18:51:43.901+0000] {dag.py:4180} INFO - Setting next_dagrun for example_subdag_operator.section-2 to None, run_after=None
[2025-01-08T18:51:43.909+0000] {logging_mixin.py:190} INFO - [2025-01-08T18:51:43.908+0000] {dag.py:3239} INFO - Sync 2 DAGs
[2025-01-08T18:51:43.915+0000] {logging_mixin.py:190} INFO - [2025-01-08T18:51:43.915+0000] {dag.py:4180} INFO - Setting next_dagrun for example_subdag_operator.section-1 to None, run_after=None
[2025-01-08T18:51:43.915+0000] {logging_mixin.py:190} INFO - [2025-01-08T18:51:43.915+0000] {dag.py:4180} INFO - Setting next_dagrun for example_subdag_operator.section-2 to None, run_after=None
[2025-01-08T18:51:43.926+0000] {processor.py:208} INFO - Processing /home/airflow/.local/lib/python3.12/site-packages/airflow/example_dags/example_subdag_operator.py took 0.116 seconds
[2025-01-08T18:52:14.654+0000] {processor.py:186} INFO - Started process (PID=1098) to work on /home/airflow/.local/lib/python3.12/site-packages/airflow/example_dags/example_subdag_operator.py
[2025-01-08T18:52:14.655+0000] {processor.py:914} INFO - Processing file /home/airflow/.local/lib/python3.12/site-packages/airflow/example_dags/example_subdag_operator.py for tasks to queue
[2025-01-08T18:52:14.657+0000] {logging_mixin.py:190} INFO - [2025-01-08T18:52:14.656+0000] {dagbag.py:588} INFO - Filling up the DagBag from /home/airflow/.local/lib/python3.12/site-packages/airflow/example_dags/example_subdag_operator.py
[2025-01-08T18:52:14.686+0000] {processor.py:925} INFO - DAG(s) 'example_subdag_operator.section-1', 'example_subdag_operator.section-2', 'example_subdag_operator' retrieved from /home/airflow/.local/lib/python3.12/site-packages/airflow/example_dags/example_subdag_operator.py
[2025-01-08T18:52:14.704+0000] {logging_mixin.py:190} INFO - [2025-01-08T18:52:14.704+0000] {dag.py:3239} INFO - Sync 3 DAGs
[2025-01-08T18:52:14.732+0000] {logging_mixin.py:190} INFO - [2025-01-08T18:52:14.731+0000] {dag.py:4180} INFO - Setting next_dagrun for example_subdag_operator to 2022-01-01 00:00:00+00:00, run_after=2022-01-01 00:00:00+00:00
[2025-01-08T18:52:14.736+0000] {logging_mixin.py:190} INFO - [2025-01-08T18:52:14.735+0000] {dag.py:4180} INFO - Setting next_dagrun for example_subdag_operator.section-1 to None, run_after=None
[2025-01-08T18:52:14.737+0000] {logging_mixin.py:190} INFO - [2025-01-08T18:52:14.737+0000] {dag.py:4180} INFO - Setting next_dagrun for example_subdag_operator.section-2 to None, run_after=None
[2025-01-08T18:52:14.744+0000] {logging_mixin.py:190} INFO - [2025-01-08T18:52:14.744+0000] {dag.py:3239} INFO - Sync 2 DAGs
[2025-01-08T18:52:14.760+0000] {logging_mixin.py:190} INFO - [2025-01-08T18:52:14.759+0000] {dag.py:4180} INFO - Setting next_dagrun for example_subdag_operator.section-1 to None, run_after=None
[2025-01-08T18:52:14.760+0000] {logging_mixin.py:190} INFO - [2025-01-08T18:52:14.760+0000] {dag.py:4180} INFO - Setting next_dagrun for example_subdag_operator.section-2 to None, run_after=None
[2025-01-08T18:52:14.794+0000] {processor.py:208} INFO - Processing /home/airflow/.local/lib/python3.12/site-packages/airflow/example_dags/example_subdag_operator.py took 0.154 seconds
[2025-01-08T18:52:45.093+0000] {processor.py:186} INFO - Started process (PID=1164) to work on /home/airflow/.local/lib/python3.12/site-packages/airflow/example_dags/example_subdag_operator.py
[2025-01-08T18:52:45.094+0000] {processor.py:914} INFO - Processing file /home/airflow/.local/lib/python3.12/site-packages/airflow/example_dags/example_subdag_operator.py for tasks to queue
[2025-01-08T18:52:45.096+0000] {logging_mixin.py:190} INFO - [2025-01-08T18:52:45.096+0000] {dagbag.py:588} INFO - Filling up the DagBag from /home/airflow/.local/lib/python3.12/site-packages/airflow/example_dags/example_subdag_operator.py
[2025-01-08T18:52:45.126+0000] {processor.py:925} INFO - DAG(s) 'example_subdag_operator.section-1', 'example_subdag_operator.section-2', 'example_subdag_operator' retrieved from /home/airflow/.local/lib/python3.12/site-packages/airflow/example_dags/example_subdag_operator.py
[2025-01-08T18:52:45.142+0000] {logging_mixin.py:190} INFO - [2025-01-08T18:52:45.141+0000] {dag.py:3239} INFO - Sync 3 DAGs
[2025-01-08T18:52:45.165+0000] {logging_mixin.py:190} INFO - [2025-01-08T18:52:45.165+0000] {dag.py:4180} INFO - Setting next_dagrun for example_subdag_operator to 2022-01-01 00:00:00+00:00, run_after=2022-01-01 00:00:00+00:00
[2025-01-08T18:52:45.169+0000] {logging_mixin.py:190} INFO - [2025-01-08T18:52:45.169+0000] {dag.py:4180} INFO - Setting next_dagrun for example_subdag_operator.section-1 to None, run_after=None
[2025-01-08T18:52:45.170+0000] {logging_mixin.py:190} INFO - [2025-01-08T18:52:45.170+0000] {dag.py:4180} INFO - Setting next_dagrun for example_subdag_operator.section-2 to None, run_after=None
[2025-01-08T18:52:45.177+0000] {logging_mixin.py:190} INFO - [2025-01-08T18:52:45.177+0000] {dag.py:3239} INFO - Sync 2 DAGs
[2025-01-08T18:52:45.182+0000] {logging_mixin.py:190} INFO - [2025-01-08T18:52:45.182+0000] {dag.py:4180} INFO - Setting next_dagrun for example_subdag_operator.section-1 to None, run_after=None
[2025-01-08T18:52:45.182+0000] {logging_mixin.py:190} INFO - [2025-01-08T18:52:45.182+0000] {dag.py:4180} INFO - Setting next_dagrun for example_subdag_operator.section-2 to None, run_after=None
[2025-01-08T18:52:45.191+0000] {processor.py:208} INFO - Processing /home/airflow/.local/lib/python3.12/site-packages/airflow/example_dags/example_subdag_operator.py took 0.104 seconds
[2025-01-08T18:53:15.273+0000] {processor.py:186} INFO - Started process (PID=1229) to work on /home/airflow/.local/lib/python3.12/site-packages/airflow/example_dags/example_subdag_operator.py
[2025-01-08T18:53:15.274+0000] {processor.py:914} INFO - Processing file /home/airflow/.local/lib/python3.12/site-packages/airflow/example_dags/example_subdag_operator.py for tasks to queue
[2025-01-08T18:53:15.276+0000] {logging_mixin.py:190} INFO - [2025-01-08T18:53:15.276+0000] {dagbag.py:588} INFO - Filling up the DagBag from /home/airflow/.local/lib/python3.12/site-packages/airflow/example_dags/example_subdag_operator.py
[2025-01-08T18:53:15.302+0000] {processor.py:925} INFO - DAG(s) 'example_subdag_operator.section-1', 'example_subdag_operator.section-2', 'example_subdag_operator' retrieved from /home/airflow/.local/lib/python3.12/site-packages/airflow/example_dags/example_subdag_operator.py
[2025-01-08T18:53:15.318+0000] {logging_mixin.py:190} INFO - [2025-01-08T18:53:15.318+0000] {dag.py:3239} INFO - Sync 3 DAGs
[2025-01-08T18:53:15.344+0000] {logging_mixin.py:190} INFO - [2025-01-08T18:53:15.343+0000] {dag.py:4180} INFO - Setting next_dagrun for example_subdag_operator to 2022-01-01 00:00:00+00:00, run_after=2022-01-01 00:00:00+00:00
[2025-01-08T18:53:15.347+0000] {logging_mixin.py:190} INFO - [2025-01-08T18:53:15.347+0000] {dag.py:4180} INFO - Setting next_dagrun for example_subdag_operator.section-1 to None, run_after=None
[2025-01-08T18:53:15.348+0000] {logging_mixin.py:190} INFO - [2025-01-08T18:53:15.348+0000] {dag.py:4180} INFO - Setting next_dagrun for example_subdag_operator.section-2 to None, run_after=None
[2025-01-08T18:53:15.356+0000] {logging_mixin.py:190} INFO - [2025-01-08T18:53:15.355+0000] {dag.py:3239} INFO - Sync 2 DAGs
[2025-01-08T18:53:15.361+0000] {logging_mixin.py:190} INFO - [2025-01-08T18:53:15.361+0000] {dag.py:4180} INFO - Setting next_dagrun for example_subdag_operator.section-1 to None, run_after=None
[2025-01-08T18:53:15.362+0000] {logging_mixin.py:190} INFO - [2025-01-08T18:53:15.361+0000] {dag.py:4180} INFO - Setting next_dagrun for example_subdag_operator.section-2 to None, run_after=None
[2025-01-08T18:53:15.371+0000] {processor.py:208} INFO - Processing /home/airflow/.local/lib/python3.12/site-packages/airflow/example_dags/example_subdag_operator.py took 0.103 seconds
[2025-01-08T18:53:45.788+0000] {processor.py:186} INFO - Started process (PID=1295) to work on /home/airflow/.local/lib/python3.12/site-packages/airflow/example_dags/example_subdag_operator.py
[2025-01-08T18:53:45.789+0000] {processor.py:914} INFO - Processing file /home/airflow/.local/lib/python3.12/site-packages/airflow/example_dags/example_subdag_operator.py for tasks to queue
[2025-01-08T18:53:45.791+0000] {logging_mixin.py:190} INFO - [2025-01-08T18:53:45.791+0000] {dagbag.py:588} INFO - Filling up the DagBag from /home/airflow/.local/lib/python3.12/site-packages/airflow/example_dags/example_subdag_operator.py
[2025-01-08T18:53:45.819+0000] {processor.py:925} INFO - DAG(s) 'example_subdag_operator.section-1', 'example_subdag_operator.section-2', 'example_subdag_operator' retrieved from /home/airflow/.local/lib/python3.12/site-packages/airflow/example_dags/example_subdag_operator.py
[2025-01-08T18:53:45.837+0000] {logging_mixin.py:190} INFO - [2025-01-08T18:53:45.837+0000] {dag.py:3239} INFO - Sync 3 DAGs
[2025-01-08T18:53:45.863+0000] {logging_mixin.py:190} INFO - [2025-01-08T18:53:45.862+0000] {dag.py:4180} INFO - Setting next_dagrun for example_subdag_operator to 2022-01-01 00:00:00+00:00, run_after=2022-01-01 00:00:00+00:00
[2025-01-08T18:53:45.866+0000] {logging_mixin.py:190} INFO - [2025-01-08T18:53:45.866+0000] {dag.py:4180} INFO - Setting next_dagrun for example_subdag_operator.section-1 to None, run_after=None
[2025-01-08T18:53:45.867+0000] {logging_mixin.py:190} INFO - [2025-01-08T18:53:45.867+0000] {dag.py:4180} INFO - Setting next_dagrun for example_subdag_operator.section-2 to None, run_after=None
[2025-01-08T18:53:45.874+0000] {logging_mixin.py:190} INFO - [2025-01-08T18:53:45.874+0000] {dag.py:3239} INFO - Sync 2 DAGs
[2025-01-08T18:53:45.879+0000] {logging_mixin.py:190} INFO - [2025-01-08T18:53:45.879+0000] {dag.py:4180} INFO - Setting next_dagrun for example_subdag_operator.section-1 to None, run_after=None
[2025-01-08T18:53:45.879+0000] {logging_mixin.py:190} INFO - [2025-01-08T18:53:45.879+0000] {dag.py:4180} INFO - Setting next_dagrun for example_subdag_operator.section-2 to None, run_after=None
[2025-01-08T18:53:45.887+0000] {processor.py:208} INFO - Processing /home/airflow/.local/lib/python3.12/site-packages/airflow/example_dags/example_subdag_operator.py took 0.105 seconds
[2025-01-08T18:54:16.513+0000] {processor.py:186} INFO - Started process (PID=1361) to work on /home/airflow/.local/lib/python3.12/site-packages/airflow/example_dags/example_subdag_operator.py
[2025-01-08T18:54:16.514+0000] {processor.py:914} INFO - Processing file /home/airflow/.local/lib/python3.12/site-packages/airflow/example_dags/example_subdag_operator.py for tasks to queue
[2025-01-08T18:54:16.516+0000] {logging_mixin.py:190} INFO - [2025-01-08T18:54:16.516+0000] {dagbag.py:588} INFO - Filling up the DagBag from /home/airflow/.local/lib/python3.12/site-packages/airflow/example_dags/example_subdag_operator.py
[2025-01-08T18:54:16.542+0000] {processor.py:925} INFO - DAG(s) 'example_subdag_operator.section-1', 'example_subdag_operator.section-2', 'example_subdag_operator' retrieved from /home/airflow/.local/lib/python3.12/site-packages/airflow/example_dags/example_subdag_operator.py
[2025-01-08T18:54:16.560+0000] {logging_mixin.py:190} INFO - [2025-01-08T18:54:16.559+0000] {dag.py:3239} INFO - Sync 3 DAGs
[2025-01-08T18:54:16.585+0000] {logging_mixin.py:190} INFO - [2025-01-08T18:54:16.585+0000] {dag.py:4180} INFO - Setting next_dagrun for example_subdag_operator to 2022-01-01 00:00:00+00:00, run_after=2022-01-01 00:00:00+00:00
[2025-01-08T18:54:16.589+0000] {logging_mixin.py:190} INFO - [2025-01-08T18:54:16.589+0000] {dag.py:4180} INFO - Setting next_dagrun for example_subdag_operator.section-1 to None, run_after=None
[2025-01-08T18:54:16.590+0000] {logging_mixin.py:190} INFO - [2025-01-08T18:54:16.590+0000] {dag.py:4180} INFO - Setting next_dagrun for example_subdag_operator.section-2 to None, run_after=None
[2025-01-08T18:54:16.597+0000] {logging_mixin.py:190} INFO - [2025-01-08T18:54:16.597+0000] {dag.py:3239} INFO - Sync 2 DAGs
[2025-01-08T18:54:16.602+0000] {logging_mixin.py:190} INFO - [2025-01-08T18:54:16.602+0000] {dag.py:4180} INFO - Setting next_dagrun for example_subdag_operator.section-1 to None, run_after=None
[2025-01-08T18:54:16.603+0000] {logging_mixin.py:190} INFO - [2025-01-08T18:54:16.602+0000] {dag.py:4180} INFO - Setting next_dagrun for example_subdag_operator.section-2 to None, run_after=None
[2025-01-08T18:54:16.611+0000] {processor.py:208} INFO - Processing /home/airflow/.local/lib/python3.12/site-packages/airflow/example_dags/example_subdag_operator.py took 0.103 seconds
[2025-01-08T18:54:47.275+0000] {processor.py:186} INFO - Started process (PID=1426) to work on /home/airflow/.local/lib/python3.12/site-packages/airflow/example_dags/example_subdag_operator.py
[2025-01-08T18:54:47.276+0000] {processor.py:914} INFO - Processing file /home/airflow/.local/lib/python3.12/site-packages/airflow/example_dags/example_subdag_operator.py for tasks to queue
[2025-01-08T18:54:47.278+0000] {logging_mixin.py:190} INFO - [2025-01-08T18:54:47.278+0000] {dagbag.py:588} INFO - Filling up the DagBag from /home/airflow/.local/lib/python3.12/site-packages/airflow/example_dags/example_subdag_operator.py
[2025-01-08T18:54:47.319+0000] {processor.py:925} INFO - DAG(s) 'example_subdag_operator.section-1', 'example_subdag_operator.section-2', 'example_subdag_operator' retrieved from /home/airflow/.local/lib/python3.12/site-packages/airflow/example_dags/example_subdag_operator.py
[2025-01-08T18:54:47.336+0000] {logging_mixin.py:190} INFO - [2025-01-08T18:54:47.336+0000] {dag.py:3239} INFO - Sync 3 DAGs
[2025-01-08T18:54:47.361+0000] {logging_mixin.py:190} INFO - [2025-01-08T18:54:47.361+0000] {dag.py:4180} INFO - Setting next_dagrun for example_subdag_operator to 2022-01-01 00:00:00+00:00, run_after=2022-01-01 00:00:00+00:00
[2025-01-08T18:54:47.365+0000] {logging_mixin.py:190} INFO - [2025-01-08T18:54:47.365+0000] {dag.py:4180} INFO - Setting next_dagrun for example_subdag_operator.section-1 to None, run_after=None
[2025-01-08T18:54:47.366+0000] {logging_mixin.py:190} INFO - [2025-01-08T18:54:47.366+0000] {dag.py:4180} INFO - Setting next_dagrun for example_subdag_operator.section-2 to None, run_after=None
[2025-01-08T18:54:47.373+0000] {logging_mixin.py:190} INFO - [2025-01-08T18:54:47.373+0000] {dag.py:3239} INFO - Sync 2 DAGs
[2025-01-08T18:54:47.378+0000] {logging_mixin.py:190} INFO - [2025-01-08T18:54:47.378+0000] {dag.py:4180} INFO - Setting next_dagrun for example_subdag_operator.section-1 to None, run_after=None
[2025-01-08T18:54:47.379+0000] {logging_mixin.py:190} INFO - [2025-01-08T18:54:47.378+0000] {dag.py:4180} INFO - Setting next_dagrun for example_subdag_operator.section-2 to None, run_after=None
[2025-01-08T18:54:47.388+0000] {processor.py:208} INFO - Processing /home/airflow/.local/lib/python3.12/site-packages/airflow/example_dags/example_subdag_operator.py took 0.118 seconds
[2025-01-08T18:55:17.942+0000] {processor.py:186} INFO - Started process (PID=1490) to work on /home/airflow/.local/lib/python3.12/site-packages/airflow/example_dags/example_subdag_operator.py
[2025-01-08T18:55:17.943+0000] {processor.py:914} INFO - Processing file /home/airflow/.local/lib/python3.12/site-packages/airflow/example_dags/example_subdag_operator.py for tasks to queue
[2025-01-08T18:55:17.945+0000] {logging_mixin.py:190} INFO - [2025-01-08T18:55:17.945+0000] {dagbag.py:588} INFO - Filling up the DagBag from /home/airflow/.local/lib/python3.12/site-packages/airflow/example_dags/example_subdag_operator.py
[2025-01-08T18:55:17.973+0000] {processor.py:925} INFO - DAG(s) 'example_subdag_operator.section-1', 'example_subdag_operator.section-2', 'example_subdag_operator' retrieved from /home/airflow/.local/lib/python3.12/site-packages/airflow/example_dags/example_subdag_operator.py
[2025-01-08T18:55:18.001+0000] {logging_mixin.py:190} INFO - [2025-01-08T18:55:18.000+0000] {dag.py:3239} INFO - Sync 3 DAGs
[2025-01-08T18:55:18.029+0000] {logging_mixin.py:190} INFO - [2025-01-08T18:55:18.029+0000] {dag.py:4180} INFO - Setting next_dagrun for example_subdag_operator to 2022-01-01 00:00:00+00:00, run_after=2022-01-01 00:00:00+00:00
[2025-01-08T18:55:18.033+0000] {logging_mixin.py:190} INFO - [2025-01-08T18:55:18.033+0000] {dag.py:4180} INFO - Setting next_dagrun for example_subdag_operator.section-1 to None, run_after=None
[2025-01-08T18:55:18.034+0000] {logging_mixin.py:190} INFO - [2025-01-08T18:55:18.034+0000] {dag.py:4180} INFO - Setting next_dagrun for example_subdag_operator.section-2 to None, run_after=None
[2025-01-08T18:55:18.042+0000] {logging_mixin.py:190} INFO - [2025-01-08T18:55:18.041+0000] {dag.py:3239} INFO - Sync 2 DAGs
[2025-01-08T18:55:18.047+0000] {logging_mixin.py:190} INFO - [2025-01-08T18:55:18.047+0000] {dag.py:4180} INFO - Setting next_dagrun for example_subdag_operator.section-1 to None, run_after=None
[2025-01-08T18:55:18.048+0000] {logging_mixin.py:190} INFO - [2025-01-08T18:55:18.048+0000] {dag.py:4180} INFO - Setting next_dagrun for example_subdag_operator.section-2 to None, run_after=None
[2025-01-08T18:55:18.058+0000] {processor.py:208} INFO - Processing /home/airflow/.local/lib/python3.12/site-packages/airflow/example_dags/example_subdag_operator.py took 0.122 seconds
[2025-01-08T18:55:48.175+0000] {processor.py:186} INFO - Started process (PID=1555) to work on /home/airflow/.local/lib/python3.12/site-packages/airflow/example_dags/example_subdag_operator.py
[2025-01-08T18:55:48.176+0000] {processor.py:914} INFO - Processing file /home/airflow/.local/lib/python3.12/site-packages/airflow/example_dags/example_subdag_operator.py for tasks to queue
[2025-01-08T18:55:48.178+0000] {logging_mixin.py:190} INFO - [2025-01-08T18:55:48.178+0000] {dagbag.py:588} INFO - Filling up the DagBag from /home/airflow/.local/lib/python3.12/site-packages/airflow/example_dags/example_subdag_operator.py
[2025-01-08T18:55:48.207+0000] {processor.py:925} INFO - DAG(s) 'example_subdag_operator.section-1', 'example_subdag_operator.section-2', 'example_subdag_operator' retrieved from /home/airflow/.local/lib/python3.12/site-packages/airflow/example_dags/example_subdag_operator.py
[2025-01-08T18:55:48.225+0000] {logging_mixin.py:190} INFO - [2025-01-08T18:55:48.224+0000] {dag.py:3239} INFO - Sync 3 DAGs
[2025-01-08T18:55:48.251+0000] {logging_mixin.py:190} INFO - [2025-01-08T18:55:48.251+0000] {dag.py:4180} INFO - Setting next_dagrun for example_subdag_operator to 2022-01-01 00:00:00+00:00, run_after=2022-01-01 00:00:00+00:00
[2025-01-08T18:55:48.255+0000] {logging_mixin.py:190} INFO - [2025-01-08T18:55:48.255+0000] {dag.py:4180} INFO - Setting next_dagrun for example_subdag_operator.section-1 to None, run_after=None
[2025-01-08T18:55:48.256+0000] {logging_mixin.py:190} INFO - [2025-01-08T18:55:48.256+0000] {dag.py:4180} INFO - Setting next_dagrun for example_subdag_operator.section-2 to None, run_after=None
[2025-01-08T18:55:48.263+0000] {logging_mixin.py:190} INFO - [2025-01-08T18:55:48.263+0000] {dag.py:3239} INFO - Sync 2 DAGs
[2025-01-08T18:55:48.269+0000] {logging_mixin.py:190} INFO - [2025-01-08T18:55:48.269+0000] {dag.py:4180} INFO - Setting next_dagrun for example_subdag_operator.section-1 to None, run_after=None
[2025-01-08T18:55:48.269+0000] {logging_mixin.py:190} INFO - [2025-01-08T18:55:48.269+0000] {dag.py:4180} INFO - Setting next_dagrun for example_subdag_operator.section-2 to None, run_after=None
[2025-01-08T18:55:48.292+0000] {processor.py:208} INFO - Processing /home/airflow/.local/lib/python3.12/site-packages/airflow/example_dags/example_subdag_operator.py took 0.123 seconds
[2025-01-08T18:56:18.415+0000] {processor.py:186} INFO - Started process (PID=1620) to work on /home/airflow/.local/lib/python3.12/site-packages/airflow/example_dags/example_subdag_operator.py
[2025-01-08T18:56:18.422+0000] {processor.py:914} INFO - Processing file /home/airflow/.local/lib/python3.12/site-packages/airflow/example_dags/example_subdag_operator.py for tasks to queue
[2025-01-08T18:56:18.424+0000] {logging_mixin.py:190} INFO - [2025-01-08T18:56:18.424+0000] {dagbag.py:588} INFO - Filling up the DagBag from /home/airflow/.local/lib/python3.12/site-packages/airflow/example_dags/example_subdag_operator.py
[2025-01-08T18:56:18.474+0000] {processor.py:925} INFO - DAG(s) 'example_subdag_operator.section-1', 'example_subdag_operator.section-2', 'example_subdag_operator' retrieved from /home/airflow/.local/lib/python3.12/site-packages/airflow/example_dags/example_subdag_operator.py
[2025-01-08T18:56:18.505+0000] {logging_mixin.py:190} INFO - [2025-01-08T18:56:18.505+0000] {dag.py:3239} INFO - Sync 3 DAGs
[2025-01-08T18:56:18.545+0000] {logging_mixin.py:190} INFO - [2025-01-08T18:56:18.545+0000] {dag.py:4180} INFO - Setting next_dagrun for example_subdag_operator to 2022-01-01 00:00:00+00:00, run_after=2022-01-01 00:00:00+00:00
[2025-01-08T18:56:18.549+0000] {logging_mixin.py:190} INFO - [2025-01-08T18:56:18.548+0000] {dag.py:4180} INFO - Setting next_dagrun for example_subdag_operator.section-1 to None, run_after=None
[2025-01-08T18:56:18.550+0000] {logging_mixin.py:190} INFO - [2025-01-08T18:56:18.550+0000] {dag.py:4180} INFO - Setting next_dagrun for example_subdag_operator.section-2 to None, run_after=None
[2025-01-08T18:56:18.557+0000] {logging_mixin.py:190} INFO - [2025-01-08T18:56:18.557+0000] {dag.py:3239} INFO - Sync 2 DAGs
[2025-01-08T18:56:18.562+0000] {logging_mixin.py:190} INFO - [2025-01-08T18:56:18.562+0000] {dag.py:4180} INFO - Setting next_dagrun for example_subdag_operator.section-1 to None, run_after=None
[2025-01-08T18:56:18.562+0000] {logging_mixin.py:190} INFO - [2025-01-08T18:56:18.562+0000] {dag.py:4180} INFO - Setting next_dagrun for example_subdag_operator.section-2 to None, run_after=None
[2025-01-08T18:56:18.582+0000] {processor.py:208} INFO - Processing /home/airflow/.local/lib/python3.12/site-packages/airflow/example_dags/example_subdag_operator.py took 0.179 seconds
[2025-01-08T18:56:48.745+0000] {processor.py:186} INFO - Started process (PID=1686) to work on /home/airflow/.local/lib/python3.12/site-packages/airflow/example_dags/example_subdag_operator.py
[2025-01-08T18:56:48.746+0000] {processor.py:914} INFO - Processing file /home/airflow/.local/lib/python3.12/site-packages/airflow/example_dags/example_subdag_operator.py for tasks to queue
[2025-01-08T18:56:48.748+0000] {logging_mixin.py:190} INFO - [2025-01-08T18:56:48.748+0000] {dagbag.py:588} INFO - Filling up the DagBag from /home/airflow/.local/lib/python3.12/site-packages/airflow/example_dags/example_subdag_operator.py
[2025-01-08T18:56:48.774+0000] {processor.py:925} INFO - DAG(s) 'example_subdag_operator.section-1', 'example_subdag_operator.section-2', 'example_subdag_operator' retrieved from /home/airflow/.local/lib/python3.12/site-packages/airflow/example_dags/example_subdag_operator.py
[2025-01-08T18:56:48.792+0000] {logging_mixin.py:190} INFO - [2025-01-08T18:56:48.792+0000] {dag.py:3239} INFO - Sync 3 DAGs
[2025-01-08T18:56:48.817+0000] {logging_mixin.py:190} INFO - [2025-01-08T18:56:48.817+0000] {dag.py:4180} INFO - Setting next_dagrun for example_subdag_operator to 2022-01-01 00:00:00+00:00, run_after=2022-01-01 00:00:00+00:00
[2025-01-08T18:56:48.822+0000] {logging_mixin.py:190} INFO - [2025-01-08T18:56:48.822+0000] {dag.py:4180} INFO - Setting next_dagrun for example_subdag_operator.section-1 to None, run_after=None
[2025-01-08T18:56:48.823+0000] {logging_mixin.py:190} INFO - [2025-01-08T18:56:48.823+0000] {dag.py:4180} INFO - Setting next_dagrun for example_subdag_operator.section-2 to None, run_after=None
[2025-01-08T18:56:48.829+0000] {logging_mixin.py:190} INFO - [2025-01-08T18:56:48.829+0000] {dag.py:3239} INFO - Sync 2 DAGs
[2025-01-08T18:56:48.835+0000] {logging_mixin.py:190} INFO - [2025-01-08T18:56:48.834+0000] {dag.py:4180} INFO - Setting next_dagrun for example_subdag_operator.section-1 to None, run_after=None
[2025-01-08T18:56:48.835+0000] {logging_mixin.py:190} INFO - [2025-01-08T18:56:48.835+0000] {dag.py:4180} INFO - Setting next_dagrun for example_subdag_operator.section-2 to None, run_after=None
[2025-01-08T18:56:48.849+0000] {processor.py:208} INFO - Processing /home/airflow/.local/lib/python3.12/site-packages/airflow/example_dags/example_subdag_operator.py took 0.109 seconds
[2025-01-08T18:57:19.142+0000] {processor.py:186} INFO - Started process (PID=1752) to work on /home/airflow/.local/lib/python3.12/site-packages/airflow/example_dags/example_subdag_operator.py
[2025-01-08T18:57:19.144+0000] {processor.py:914} INFO - Processing file /home/airflow/.local/lib/python3.12/site-packages/airflow/example_dags/example_subdag_operator.py for tasks to queue
[2025-01-08T18:57:19.148+0000] {logging_mixin.py:190} INFO - [2025-01-08T18:57:19.148+0000] {dagbag.py:588} INFO - Filling up the DagBag from /home/airflow/.local/lib/python3.12/site-packages/airflow/example_dags/example_subdag_operator.py
[2025-01-08T18:57:19.193+0000] {processor.py:925} INFO - DAG(s) 'example_subdag_operator.section-1', 'example_subdag_operator.section-2', 'example_subdag_operator' retrieved from /home/airflow/.local/lib/python3.12/site-packages/airflow/example_dags/example_subdag_operator.py
[2025-01-08T18:57:19.242+0000] {logging_mixin.py:190} INFO - [2025-01-08T18:57:19.242+0000] {dag.py:3239} INFO - Sync 3 DAGs
[2025-01-08T18:57:19.273+0000] {logging_mixin.py:190} INFO - [2025-01-08T18:57:19.273+0000] {dag.py:4180} INFO - Setting next_dagrun for example_subdag_operator to 2022-01-01 00:00:00+00:00, run_after=2022-01-01 00:00:00+00:00
[2025-01-08T18:57:19.276+0000] {logging_mixin.py:190} INFO - [2025-01-08T18:57:19.276+0000] {dag.py:4180} INFO - Setting next_dagrun for example_subdag_operator.section-1 to None, run_after=None
[2025-01-08T18:57:19.277+0000] {logging_mixin.py:190} INFO - [2025-01-08T18:57:19.277+0000] {dag.py:4180} INFO - Setting next_dagrun for example_subdag_operator.section-2 to None, run_after=None
[2025-01-08T18:57:19.284+0000] {logging_mixin.py:190} INFO - [2025-01-08T18:57:19.283+0000] {dag.py:3239} INFO - Sync 2 DAGs
[2025-01-08T18:57:19.288+0000] {logging_mixin.py:190} INFO - [2025-01-08T18:57:19.288+0000] {dag.py:4180} INFO - Setting next_dagrun for example_subdag_operator.section-1 to None, run_after=None
[2025-01-08T18:57:19.289+0000] {logging_mixin.py:190} INFO - [2025-01-08T18:57:19.288+0000] {dag.py:4180} INFO - Setting next_dagrun for example_subdag_operator.section-2 to None, run_after=None
[2025-01-08T18:57:19.296+0000] {processor.py:208} INFO - Processing /home/airflow/.local/lib/python3.12/site-packages/airflow/example_dags/example_subdag_operator.py took 0.171 seconds
[2025-01-08T18:57:49.594+0000] {processor.py:186} INFO - Started process (PID=1817) to work on /home/airflow/.local/lib/python3.12/site-packages/airflow/example_dags/example_subdag_operator.py
[2025-01-08T18:57:49.595+0000] {processor.py:914} INFO - Processing file /home/airflow/.local/lib/python3.12/site-packages/airflow/example_dags/example_subdag_operator.py for tasks to queue
[2025-01-08T18:57:49.597+0000] {logging_mixin.py:190} INFO - [2025-01-08T18:57:49.597+0000] {dagbag.py:588} INFO - Filling up the DagBag from /home/airflow/.local/lib/python3.12/site-packages/airflow/example_dags/example_subdag_operator.py
[2025-01-08T18:57:49.659+0000] {processor.py:925} INFO - DAG(s) 'example_subdag_operator.section-1', 'example_subdag_operator.section-2', 'example_subdag_operator' retrieved from /home/airflow/.local/lib/python3.12/site-packages/airflow/example_dags/example_subdag_operator.py
[2025-01-08T18:57:49.690+0000] {logging_mixin.py:190} INFO - [2025-01-08T18:57:49.690+0000] {dag.py:3239} INFO - Sync 3 DAGs
[2025-01-08T18:57:49.737+0000] {logging_mixin.py:190} INFO - [2025-01-08T18:57:49.736+0000] {dag.py:4180} INFO - Setting next_dagrun for example_subdag_operator to 2022-01-01 00:00:00+00:00, run_after=2022-01-01 00:00:00+00:00
[2025-01-08T18:57:49.744+0000] {logging_mixin.py:190} INFO - [2025-01-08T18:57:49.744+0000] {dag.py:4180} INFO - Setting next_dagrun for example_subdag_operator.section-1 to None, run_after=None
[2025-01-08T18:57:49.746+0000] {logging_mixin.py:190} INFO - [2025-01-08T18:57:49.746+0000] {dag.py:4180} INFO - Setting next_dagrun for example_subdag_operator.section-2 to None, run_after=None
[2025-01-08T18:57:49.763+0000] {logging_mixin.py:190} INFO - [2025-01-08T18:57:49.763+0000] {dag.py:3239} INFO - Sync 2 DAGs
[2025-01-08T18:57:49.779+0000] {logging_mixin.py:190} INFO - [2025-01-08T18:57:49.779+0000] {dag.py:4180} INFO - Setting next_dagrun for example_subdag_operator.section-1 to None, run_after=None
[2025-01-08T18:57:49.779+0000] {logging_mixin.py:190} INFO - [2025-01-08T18:57:49.779+0000] {dag.py:4180} INFO - Setting next_dagrun for example_subdag_operator.section-2 to None, run_after=None
[2025-01-08T18:57:49.800+0000] {processor.py:208} INFO - Processing /home/airflow/.local/lib/python3.12/site-packages/airflow/example_dags/example_subdag_operator.py took 0.212 seconds
[2025-01-08T18:58:19.858+0000] {processor.py:186} INFO - Started process (PID=1882) to work on /home/airflow/.local/lib/python3.12/site-packages/airflow/example_dags/example_subdag_operator.py
[2025-01-08T18:58:19.858+0000] {processor.py:914} INFO - Processing file /home/airflow/.local/lib/python3.12/site-packages/airflow/example_dags/example_subdag_operator.py for tasks to queue
[2025-01-08T18:58:19.860+0000] {logging_mixin.py:190} INFO - [2025-01-08T18:58:19.860+0000] {dagbag.py:588} INFO - Filling up the DagBag from /home/airflow/.local/lib/python3.12/site-packages/airflow/example_dags/example_subdag_operator.py
[2025-01-08T18:58:19.886+0000] {processor.py:925} INFO - DAG(s) 'example_subdag_operator.section-1', 'example_subdag_operator.section-2', 'example_subdag_operator' retrieved from /home/airflow/.local/lib/python3.12/site-packages/airflow/example_dags/example_subdag_operator.py
[2025-01-08T18:58:19.904+0000] {logging_mixin.py:190} INFO - [2025-01-08T18:58:19.903+0000] {dag.py:3239} INFO - Sync 3 DAGs
[2025-01-08T18:58:19.933+0000] {logging_mixin.py:190} INFO - [2025-01-08T18:58:19.933+0000] {dag.py:4180} INFO - Setting next_dagrun for example_subdag_operator to 2022-01-01 00:00:00+00:00, run_after=2022-01-01 00:00:00+00:00
[2025-01-08T18:58:19.937+0000] {logging_mixin.py:190} INFO - [2025-01-08T18:58:19.937+0000] {dag.py:4180} INFO - Setting next_dagrun for example_subdag_operator.section-1 to None, run_after=None
[2025-01-08T18:58:19.938+0000] {logging_mixin.py:190} INFO - [2025-01-08T18:58:19.938+0000] {dag.py:4180} INFO - Setting next_dagrun for example_subdag_operator.section-2 to None, run_after=None
[2025-01-08T18:58:19.945+0000] {logging_mixin.py:190} INFO - [2025-01-08T18:58:19.944+0000] {dag.py:3239} INFO - Sync 2 DAGs
[2025-01-08T18:58:19.950+0000] {logging_mixin.py:190} INFO - [2025-01-08T18:58:19.950+0000] {dag.py:4180} INFO - Setting next_dagrun for example_subdag_operator.section-1 to None, run_after=None
[2025-01-08T18:58:19.950+0000] {logging_mixin.py:190} INFO - [2025-01-08T18:58:19.950+0000] {dag.py:4180} INFO - Setting next_dagrun for example_subdag_operator.section-2 to None, run_after=None
[2025-01-08T18:58:19.959+0000] {processor.py:208} INFO - Processing /home/airflow/.local/lib/python3.12/site-packages/airflow/example_dags/example_subdag_operator.py took 0.107 seconds
[2025-01-08T18:58:50.021+0000] {processor.py:186} INFO - Started process (PID=1947) to work on /home/airflow/.local/lib/python3.12/site-packages/airflow/example_dags/example_subdag_operator.py
[2025-01-08T18:58:50.022+0000] {processor.py:914} INFO - Processing file /home/airflow/.local/lib/python3.12/site-packages/airflow/example_dags/example_subdag_operator.py for tasks to queue
[2025-01-08T18:58:50.024+0000] {logging_mixin.py:190} INFO - [2025-01-08T18:58:50.024+0000] {dagbag.py:588} INFO - Filling up the DagBag from /home/airflow/.local/lib/python3.12/site-packages/airflow/example_dags/example_subdag_operator.py
[2025-01-08T18:58:50.070+0000] {processor.py:925} INFO - DAG(s) 'example_subdag_operator.section-1', 'example_subdag_operator.section-2', 'example_subdag_operator' retrieved from /home/airflow/.local/lib/python3.12/site-packages/airflow/example_dags/example_subdag_operator.py
[2025-01-08T18:58:50.097+0000] {logging_mixin.py:190} INFO - [2025-01-08T18:58:50.097+0000] {dag.py:3239} INFO - Sync 3 DAGs
[2025-01-08T18:58:50.129+0000] {logging_mixin.py:190} INFO - [2025-01-08T18:58:50.128+0000] {dag.py:4180} INFO - Setting next_dagrun for example_subdag_operator to 2022-01-01 00:00:00+00:00, run_after=2022-01-01 00:00:00+00:00
[2025-01-08T18:58:50.132+0000] {logging_mixin.py:190} INFO - [2025-01-08T18:58:50.132+0000] {dag.py:4180} INFO - Setting next_dagrun for example_subdag_operator.section-1 to None, run_after=None
[2025-01-08T18:58:50.134+0000] {logging_mixin.py:190} INFO - [2025-01-08T18:58:50.133+0000] {dag.py:4180} INFO - Setting next_dagrun for example_subdag_operator.section-2 to None, run_after=None
[2025-01-08T18:58:50.140+0000] {logging_mixin.py:190} INFO - [2025-01-08T18:58:50.140+0000] {dag.py:3239} INFO - Sync 2 DAGs
[2025-01-08T18:58:50.146+0000] {logging_mixin.py:190} INFO - [2025-01-08T18:58:50.145+0000] {dag.py:4180} INFO - Setting next_dagrun for example_subdag_operator.section-1 to None, run_after=None
[2025-01-08T18:58:50.146+0000] {logging_mixin.py:190} INFO - [2025-01-08T18:58:50.146+0000] {dag.py:4180} INFO - Setting next_dagrun for example_subdag_operator.section-2 to None, run_after=None
[2025-01-08T18:58:50.178+0000] {processor.py:208} INFO - Processing /home/airflow/.local/lib/python3.12/site-packages/airflow/example_dags/example_subdag_operator.py took 0.164 seconds
[2025-01-08T18:59:20.633+0000] {processor.py:186} INFO - Started process (PID=2012) to work on /home/airflow/.local/lib/python3.12/site-packages/airflow/example_dags/example_subdag_operator.py
[2025-01-08T18:59:20.634+0000] {processor.py:914} INFO - Processing file /home/airflow/.local/lib/python3.12/site-packages/airflow/example_dags/example_subdag_operator.py for tasks to queue
[2025-01-08T18:59:20.636+0000] {logging_mixin.py:190} INFO - [2025-01-08T18:59:20.635+0000] {dagbag.py:588} INFO - Filling up the DagBag from /home/airflow/.local/lib/python3.12/site-packages/airflow/example_dags/example_subdag_operator.py
[2025-01-08T18:59:20.662+0000] {processor.py:925} INFO - DAG(s) 'example_subdag_operator.section-1', 'example_subdag_operator.section-2', 'example_subdag_operator' retrieved from /home/airflow/.local/lib/python3.12/site-packages/airflow/example_dags/example_subdag_operator.py
[2025-01-08T18:59:20.680+0000] {logging_mixin.py:190} INFO - [2025-01-08T18:59:20.679+0000] {dag.py:3239} INFO - Sync 3 DAGs
[2025-01-08T18:59:20.706+0000] {logging_mixin.py:190} INFO - [2025-01-08T18:59:20.706+0000] {dag.py:4180} INFO - Setting next_dagrun for example_subdag_operator to 2022-01-01 00:00:00+00:00, run_after=2022-01-01 00:00:00+00:00
[2025-01-08T18:59:20.711+0000] {logging_mixin.py:190} INFO - [2025-01-08T18:59:20.710+0000] {dag.py:4180} INFO - Setting next_dagrun for example_subdag_operator.section-1 to None, run_after=None
[2025-01-08T18:59:20.712+0000] {logging_mixin.py:190} INFO - [2025-01-08T18:59:20.712+0000] {dag.py:4180} INFO - Setting next_dagrun for example_subdag_operator.section-2 to None, run_after=None
[2025-01-08T18:59:20.718+0000] {logging_mixin.py:190} INFO - [2025-01-08T18:59:20.718+0000] {dag.py:3239} INFO - Sync 2 DAGs
[2025-01-08T18:59:20.724+0000] {logging_mixin.py:190} INFO - [2025-01-08T18:59:20.724+0000] {dag.py:4180} INFO - Setting next_dagrun for example_subdag_operator.section-1 to None, run_after=None
[2025-01-08T18:59:20.724+0000] {logging_mixin.py:190} INFO - [2025-01-08T18:59:20.724+0000] {dag.py:4180} INFO - Setting next_dagrun for example_subdag_operator.section-2 to None, run_after=None
[2025-01-08T18:59:20.733+0000] {processor.py:208} INFO - Processing /home/airflow/.local/lib/python3.12/site-packages/airflow/example_dags/example_subdag_operator.py took 0.106 seconds
[2025-01-08T18:59:51.279+0000] {processor.py:186} INFO - Started process (PID=2077) to work on /home/airflow/.local/lib/python3.12/site-packages/airflow/example_dags/example_subdag_operator.py
[2025-01-08T18:59:51.280+0000] {processor.py:914} INFO - Processing file /home/airflow/.local/lib/python3.12/site-packages/airflow/example_dags/example_subdag_operator.py for tasks to queue
[2025-01-08T18:59:51.282+0000] {logging_mixin.py:190} INFO - [2025-01-08T18:59:51.282+0000] {dagbag.py:588} INFO - Filling up the DagBag from /home/airflow/.local/lib/python3.12/site-packages/airflow/example_dags/example_subdag_operator.py
[2025-01-08T18:59:51.308+0000] {processor.py:925} INFO - DAG(s) 'example_subdag_operator.section-1', 'example_subdag_operator.section-2', 'example_subdag_operator' retrieved from /home/airflow/.local/lib/python3.12/site-packages/airflow/example_dags/example_subdag_operator.py
[2025-01-08T18:59:51.325+0000] {logging_mixin.py:190} INFO - [2025-01-08T18:59:51.324+0000] {dag.py:3239} INFO - Sync 3 DAGs
[2025-01-08T18:59:51.352+0000] {logging_mixin.py:190} INFO - [2025-01-08T18:59:51.352+0000] {dag.py:4180} INFO - Setting next_dagrun for example_subdag_operator to 2022-01-01 00:00:00+00:00, run_after=2022-01-01 00:00:00+00:00
[2025-01-08T18:59:51.357+0000] {logging_mixin.py:190} INFO - [2025-01-08T18:59:51.356+0000] {dag.py:4180} INFO - Setting next_dagrun for example_subdag_operator.section-1 to None, run_after=None
[2025-01-08T18:59:51.358+0000] {logging_mixin.py:190} INFO - [2025-01-08T18:59:51.358+0000] {dag.py:4180} INFO - Setting next_dagrun for example_subdag_operator.section-2 to None, run_after=None
[2025-01-08T18:59:51.364+0000] {logging_mixin.py:190} INFO - [2025-01-08T18:59:51.364+0000] {dag.py:3239} INFO - Sync 2 DAGs
[2025-01-08T18:59:51.370+0000] {logging_mixin.py:190} INFO - [2025-01-08T18:59:51.369+0000] {dag.py:4180} INFO - Setting next_dagrun for example_subdag_operator.section-1 to None, run_after=None
[2025-01-08T18:59:51.370+0000] {logging_mixin.py:190} INFO - [2025-01-08T18:59:51.370+0000] {dag.py:4180} INFO - Setting next_dagrun for example_subdag_operator.section-2 to None, run_after=None
[2025-01-08T18:59:51.379+0000] {processor.py:208} INFO - Processing /home/airflow/.local/lib/python3.12/site-packages/airflow/example_dags/example_subdag_operator.py took 0.105 seconds
