[2025-01-08T18:44:07.445+0000] {processor.py:186} INFO - Started process (PID=92) to work on /home/airflow/.local/lib/python3.12/site-packages/airflow/example_dags/example_kubernetes_executor.py
[2025-01-08T18:44:07.468+0000] {processor.py:914} INFO - Processing file /home/airflow/.local/lib/python3.12/site-packages/airflow/example_dags/example_kubernetes_executor.py for tasks to queue
[2025-01-08T18:44:07.483+0000] {logging_mixin.py:190} INFO - [2025-01-08T18:44:07.482+0000] {dagbag.py:588} INFO - Filling up the DagBag from /home/airflow/.local/lib/python3.12/site-packages/airflow/example_dags/example_kubernetes_executor.py
[2025-01-08T18:44:07.548+0000] {processor.py:925} INFO - DAG(s) 'example_kubernetes_executor' retrieved from /home/airflow/.local/lib/python3.12/site-packages/airflow/example_dags/example_kubernetes_executor.py
[2025-01-08T18:44:08.082+0000] {logging_mixin.py:190} INFO - [2025-01-08T18:44:08.082+0000] {dag.py:3239} INFO - Sync 1 DAGs
[2025-01-08T18:44:08.154+0000] {logging_mixin.py:190} INFO - [2025-01-08T18:44:08.153+0000] {dag.py:4180} INFO - Setting next_dagrun for example_kubernetes_executor to None, run_after=None
[2025-01-08T18:44:08.312+0000] {processor.py:208} INFO - Processing /home/airflow/.local/lib/python3.12/site-packages/airflow/example_dags/example_kubernetes_executor.py took 0.895 seconds
[2025-01-08T18:44:39.017+0000] {processor.py:186} INFO - Started process (PID=157) to work on /home/airflow/.local/lib/python3.12/site-packages/airflow/example_dags/example_kubernetes_executor.py
[2025-01-08T18:44:39.020+0000] {processor.py:914} INFO - Processing file /home/airflow/.local/lib/python3.12/site-packages/airflow/example_dags/example_kubernetes_executor.py for tasks to queue
[2025-01-08T18:44:39.032+0000] {logging_mixin.py:190} INFO - [2025-01-08T18:44:39.032+0000] {dagbag.py:588} INFO - Filling up the DagBag from /home/airflow/.local/lib/python3.12/site-packages/airflow/example_dags/example_kubernetes_executor.py
[2025-01-08T18:44:39.079+0000] {processor.py:925} INFO - DAG(s) 'example_kubernetes_executor' retrieved from /home/airflow/.local/lib/python3.12/site-packages/airflow/example_dags/example_kubernetes_executor.py
[2025-01-08T18:44:39.174+0000] {logging_mixin.py:190} INFO - [2025-01-08T18:44:39.174+0000] {dag.py:3239} INFO - Sync 1 DAGs
[2025-01-08T18:44:39.231+0000] {logging_mixin.py:190} INFO - [2025-01-08T18:44:39.230+0000] {dag.py:4180} INFO - Setting next_dagrun for example_kubernetes_executor to None, run_after=None
[2025-01-08T18:44:39.284+0000] {processor.py:208} INFO - Processing /home/airflow/.local/lib/python3.12/site-packages/airflow/example_dags/example_kubernetes_executor.py took 0.302 seconds
[2025-01-08T18:45:10.395+0000] {processor.py:186} INFO - Started process (PID=222) to work on /home/airflow/.local/lib/python3.12/site-packages/airflow/example_dags/example_kubernetes_executor.py
[2025-01-08T18:45:10.410+0000] {processor.py:914} INFO - Processing file /home/airflow/.local/lib/python3.12/site-packages/airflow/example_dags/example_kubernetes_executor.py for tasks to queue
[2025-01-08T18:45:10.413+0000] {logging_mixin.py:190} INFO - [2025-01-08T18:45:10.412+0000] {dagbag.py:588} INFO - Filling up the DagBag from /home/airflow/.local/lib/python3.12/site-packages/airflow/example_dags/example_kubernetes_executor.py
[2025-01-08T18:45:10.571+0000] {processor.py:925} INFO - DAG(s) 'example_kubernetes_executor' retrieved from /home/airflow/.local/lib/python3.12/site-packages/airflow/example_dags/example_kubernetes_executor.py
[2025-01-08T18:45:10.711+0000] {logging_mixin.py:190} INFO - [2025-01-08T18:45:10.710+0000] {dag.py:3239} INFO - Sync 1 DAGs
[2025-01-08T18:45:10.745+0000] {logging_mixin.py:190} INFO - [2025-01-08T18:45:10.745+0000] {dag.py:4180} INFO - Setting next_dagrun for example_kubernetes_executor to None, run_after=None
[2025-01-08T18:45:10.898+0000] {processor.py:208} INFO - Processing /home/airflow/.local/lib/python3.12/site-packages/airflow/example_dags/example_kubernetes_executor.py took 0.568 seconds
[2025-01-08T18:45:42.013+0000] {processor.py:186} INFO - Started process (PID=286) to work on /home/airflow/.local/lib/python3.12/site-packages/airflow/example_dags/example_kubernetes_executor.py
[2025-01-08T18:45:42.029+0000] {processor.py:914} INFO - Processing file /home/airflow/.local/lib/python3.12/site-packages/airflow/example_dags/example_kubernetes_executor.py for tasks to queue
[2025-01-08T18:45:42.033+0000] {logging_mixin.py:190} INFO - [2025-01-08T18:45:42.033+0000] {dagbag.py:588} INFO - Filling up the DagBag from /home/airflow/.local/lib/python3.12/site-packages/airflow/example_dags/example_kubernetes_executor.py
[2025-01-08T18:45:42.169+0000] {processor.py:925} INFO - DAG(s) 'example_kubernetes_executor' retrieved from /home/airflow/.local/lib/python3.12/site-packages/airflow/example_dags/example_kubernetes_executor.py
[2025-01-08T18:45:42.253+0000] {logging_mixin.py:190} INFO - [2025-01-08T18:45:42.253+0000] {dag.py:3239} INFO - Sync 1 DAGs
[2025-01-08T18:45:42.292+0000] {logging_mixin.py:190} INFO - [2025-01-08T18:45:42.291+0000] {dag.py:4180} INFO - Setting next_dagrun for example_kubernetes_executor to None, run_after=None
[2025-01-08T18:45:42.399+0000] {processor.py:208} INFO - Processing /home/airflow/.local/lib/python3.12/site-packages/airflow/example_dags/example_kubernetes_executor.py took 0.432 seconds
[2025-01-08T18:46:12.898+0000] {processor.py:186} INFO - Started process (PID=351) to work on /home/airflow/.local/lib/python3.12/site-packages/airflow/example_dags/example_kubernetes_executor.py
[2025-01-08T18:46:12.898+0000] {processor.py:914} INFO - Processing file /home/airflow/.local/lib/python3.12/site-packages/airflow/example_dags/example_kubernetes_executor.py for tasks to queue
[2025-01-08T18:46:12.900+0000] {logging_mixin.py:190} INFO - [2025-01-08T18:46:12.900+0000] {dagbag.py:588} INFO - Filling up the DagBag from /home/airflow/.local/lib/python3.12/site-packages/airflow/example_dags/example_kubernetes_executor.py
[2025-01-08T18:46:12.915+0000] {processor.py:925} INFO - DAG(s) 'example_kubernetes_executor' retrieved from /home/airflow/.local/lib/python3.12/site-packages/airflow/example_dags/example_kubernetes_executor.py
[2025-01-08T18:46:12.965+0000] {logging_mixin.py:190} INFO - [2025-01-08T18:46:12.965+0000] {dag.py:3239} INFO - Sync 1 DAGs
[2025-01-08T18:46:12.981+0000] {logging_mixin.py:190} INFO - [2025-01-08T18:46:12.981+0000] {dag.py:4180} INFO - Setting next_dagrun for example_kubernetes_executor to None, run_after=None
[2025-01-08T18:46:13.000+0000] {processor.py:208} INFO - Processing /home/airflow/.local/lib/python3.12/site-packages/airflow/example_dags/example_kubernetes_executor.py took 0.108 seconds
[2025-01-08T18:46:43.442+0000] {processor.py:186} INFO - Started process (PID=416) to work on /home/airflow/.local/lib/python3.12/site-packages/airflow/example_dags/example_kubernetes_executor.py
[2025-01-08T18:46:43.453+0000] {processor.py:914} INFO - Processing file /home/airflow/.local/lib/python3.12/site-packages/airflow/example_dags/example_kubernetes_executor.py for tasks to queue
[2025-01-08T18:46:43.457+0000] {logging_mixin.py:190} INFO - [2025-01-08T18:46:43.456+0000] {dagbag.py:588} INFO - Filling up the DagBag from /home/airflow/.local/lib/python3.12/site-packages/airflow/example_dags/example_kubernetes_executor.py
[2025-01-08T18:46:43.471+0000] {processor.py:925} INFO - DAG(s) 'example_kubernetes_executor' retrieved from /home/airflow/.local/lib/python3.12/site-packages/airflow/example_dags/example_kubernetes_executor.py
[2025-01-08T18:46:43.512+0000] {logging_mixin.py:190} INFO - [2025-01-08T18:46:43.512+0000] {dag.py:3239} INFO - Sync 1 DAGs
[2025-01-08T18:46:43.528+0000] {logging_mixin.py:190} INFO - [2025-01-08T18:46:43.528+0000] {dag.py:4180} INFO - Setting next_dagrun for example_kubernetes_executor to None, run_after=None
[2025-01-08T18:46:43.551+0000] {processor.py:208} INFO - Processing /home/airflow/.local/lib/python3.12/site-packages/airflow/example_dags/example_kubernetes_executor.py took 0.124 seconds
[2025-01-08T18:47:14.239+0000] {processor.py:186} INFO - Started process (PID=481) to work on /home/airflow/.local/lib/python3.12/site-packages/airflow/example_dags/example_kubernetes_executor.py
[2025-01-08T18:47:14.239+0000] {processor.py:914} INFO - Processing file /home/airflow/.local/lib/python3.12/site-packages/airflow/example_dags/example_kubernetes_executor.py for tasks to queue
[2025-01-08T18:47:14.242+0000] {logging_mixin.py:190} INFO - [2025-01-08T18:47:14.241+0000] {dagbag.py:588} INFO - Filling up the DagBag from /home/airflow/.local/lib/python3.12/site-packages/airflow/example_dags/example_kubernetes_executor.py
[2025-01-08T18:47:14.259+0000] {processor.py:925} INFO - DAG(s) 'example_kubernetes_executor' retrieved from /home/airflow/.local/lib/python3.12/site-packages/airflow/example_dags/example_kubernetes_executor.py
[2025-01-08T18:47:14.344+0000] {logging_mixin.py:190} INFO - [2025-01-08T18:47:14.344+0000] {dag.py:3239} INFO - Sync 1 DAGs
[2025-01-08T18:47:14.367+0000] {logging_mixin.py:190} INFO - [2025-01-08T18:47:14.367+0000] {dag.py:4180} INFO - Setting next_dagrun for example_kubernetes_executor to None, run_after=None
[2025-01-08T18:47:14.391+0000] {processor.py:208} INFO - Processing /home/airflow/.local/lib/python3.12/site-packages/airflow/example_dags/example_kubernetes_executor.py took 0.166 seconds
[2025-01-08T18:47:44.803+0000] {processor.py:186} INFO - Started process (PID=547) to work on /home/airflow/.local/lib/python3.12/site-packages/airflow/example_dags/example_kubernetes_executor.py
[2025-01-08T18:47:44.804+0000] {processor.py:914} INFO - Processing file /home/airflow/.local/lib/python3.12/site-packages/airflow/example_dags/example_kubernetes_executor.py for tasks to queue
[2025-01-08T18:47:44.806+0000] {logging_mixin.py:190} INFO - [2025-01-08T18:47:44.806+0000] {dagbag.py:588} INFO - Filling up the DagBag from /home/airflow/.local/lib/python3.12/site-packages/airflow/example_dags/example_kubernetes_executor.py
[2025-01-08T18:47:44.821+0000] {processor.py:925} INFO - DAG(s) 'example_kubernetes_executor' retrieved from /home/airflow/.local/lib/python3.12/site-packages/airflow/example_dags/example_kubernetes_executor.py
[2025-01-08T18:47:44.862+0000] {logging_mixin.py:190} INFO - [2025-01-08T18:47:44.862+0000] {dag.py:3239} INFO - Sync 1 DAGs
[2025-01-08T18:47:44.878+0000] {logging_mixin.py:190} INFO - [2025-01-08T18:47:44.878+0000] {dag.py:4180} INFO - Setting next_dagrun for example_kubernetes_executor to None, run_after=None
[2025-01-08T18:47:44.895+0000] {processor.py:208} INFO - Processing /home/airflow/.local/lib/python3.12/site-packages/airflow/example_dags/example_kubernetes_executor.py took 0.098 seconds
[2025-01-08T18:48:15.424+0000] {processor.py:186} INFO - Started process (PID=612) to work on /home/airflow/.local/lib/python3.12/site-packages/airflow/example_dags/example_kubernetes_executor.py
[2025-01-08T18:48:15.428+0000] {processor.py:914} INFO - Processing file /home/airflow/.local/lib/python3.12/site-packages/airflow/example_dags/example_kubernetes_executor.py for tasks to queue
[2025-01-08T18:48:15.442+0000] {logging_mixin.py:190} INFO - [2025-01-08T18:48:15.441+0000] {dagbag.py:588} INFO - Filling up the DagBag from /home/airflow/.local/lib/python3.12/site-packages/airflow/example_dags/example_kubernetes_executor.py
[2025-01-08T18:48:15.460+0000] {processor.py:925} INFO - DAG(s) 'example_kubernetes_executor' retrieved from /home/airflow/.local/lib/python3.12/site-packages/airflow/example_dags/example_kubernetes_executor.py
[2025-01-08T18:48:15.540+0000] {logging_mixin.py:190} INFO - [2025-01-08T18:48:15.540+0000] {dag.py:3239} INFO - Sync 1 DAGs
[2025-01-08T18:48:15.566+0000] {logging_mixin.py:190} INFO - [2025-01-08T18:48:15.566+0000] {dag.py:4180} INFO - Setting next_dagrun for example_kubernetes_executor to None, run_after=None
[2025-01-08T18:48:15.590+0000] {processor.py:208} INFO - Processing /home/airflow/.local/lib/python3.12/site-packages/airflow/example_dags/example_kubernetes_executor.py took 0.181 seconds
[2025-01-08T18:48:45.902+0000] {processor.py:186} INFO - Started process (PID=676) to work on /home/airflow/.local/lib/python3.12/site-packages/airflow/example_dags/example_kubernetes_executor.py
[2025-01-08T18:48:45.903+0000] {processor.py:914} INFO - Processing file /home/airflow/.local/lib/python3.12/site-packages/airflow/example_dags/example_kubernetes_executor.py for tasks to queue
[2025-01-08T18:48:45.906+0000] {logging_mixin.py:190} INFO - [2025-01-08T18:48:45.906+0000] {dagbag.py:588} INFO - Filling up the DagBag from /home/airflow/.local/lib/python3.12/site-packages/airflow/example_dags/example_kubernetes_executor.py
[2025-01-08T18:48:45.930+0000] {processor.py:925} INFO - DAG(s) 'example_kubernetes_executor' retrieved from /home/airflow/.local/lib/python3.12/site-packages/airflow/example_dags/example_kubernetes_executor.py
[2025-01-08T18:48:46.019+0000] {logging_mixin.py:190} INFO - [2025-01-08T18:48:46.018+0000] {dag.py:3239} INFO - Sync 1 DAGs
[2025-01-08T18:48:46.050+0000] {logging_mixin.py:190} INFO - [2025-01-08T18:48:46.050+0000] {dag.py:4180} INFO - Setting next_dagrun for example_kubernetes_executor to None, run_after=None
[2025-01-08T18:48:46.091+0000] {processor.py:208} INFO - Processing /home/airflow/.local/lib/python3.12/site-packages/airflow/example_dags/example_kubernetes_executor.py took 0.202 seconds
[2025-01-08T18:49:16.211+0000] {processor.py:186} INFO - Started process (PID=742) to work on /home/airflow/.local/lib/python3.12/site-packages/airflow/example_dags/example_kubernetes_executor.py
[2025-01-08T18:49:16.212+0000] {processor.py:914} INFO - Processing file /home/airflow/.local/lib/python3.12/site-packages/airflow/example_dags/example_kubernetes_executor.py for tasks to queue
[2025-01-08T18:49:16.215+0000] {logging_mixin.py:190} INFO - [2025-01-08T18:49:16.214+0000] {dagbag.py:588} INFO - Filling up the DagBag from /home/airflow/.local/lib/python3.12/site-packages/airflow/example_dags/example_kubernetes_executor.py
[2025-01-08T18:49:16.230+0000] {processor.py:925} INFO - DAG(s) 'example_kubernetes_executor' retrieved from /home/airflow/.local/lib/python3.12/site-packages/airflow/example_dags/example_kubernetes_executor.py
[2025-01-08T18:49:16.271+0000] {logging_mixin.py:190} INFO - [2025-01-08T18:49:16.271+0000] {dag.py:3239} INFO - Sync 1 DAGs
[2025-01-08T18:49:16.287+0000] {logging_mixin.py:190} INFO - [2025-01-08T18:49:16.287+0000] {dag.py:4180} INFO - Setting next_dagrun for example_kubernetes_executor to None, run_after=None
[2025-01-08T18:49:16.306+0000] {processor.py:208} INFO - Processing /home/airflow/.local/lib/python3.12/site-packages/airflow/example_dags/example_kubernetes_executor.py took 0.102 seconds
[2025-01-08T18:49:47.279+0000] {processor.py:186} INFO - Started process (PID=807) to work on /home/airflow/.local/lib/python3.12/site-packages/airflow/example_dags/example_kubernetes_executor.py
[2025-01-08T18:49:47.280+0000] {processor.py:914} INFO - Processing file /home/airflow/.local/lib/python3.12/site-packages/airflow/example_dags/example_kubernetes_executor.py for tasks to queue
[2025-01-08T18:49:47.282+0000] {logging_mixin.py:190} INFO - [2025-01-08T18:49:47.282+0000] {dagbag.py:588} INFO - Filling up the DagBag from /home/airflow/.local/lib/python3.12/site-packages/airflow/example_dags/example_kubernetes_executor.py
[2025-01-08T18:49:47.311+0000] {processor.py:925} INFO - DAG(s) 'example_kubernetes_executor' retrieved from /home/airflow/.local/lib/python3.12/site-packages/airflow/example_dags/example_kubernetes_executor.py
[2025-01-08T18:49:47.352+0000] {logging_mixin.py:190} INFO - [2025-01-08T18:49:47.351+0000] {dag.py:3239} INFO - Sync 1 DAGs
[2025-01-08T18:49:47.368+0000] {logging_mixin.py:190} INFO - [2025-01-08T18:49:47.367+0000] {dag.py:4180} INFO - Setting next_dagrun for example_kubernetes_executor to None, run_after=None
[2025-01-08T18:49:47.383+0000] {processor.py:208} INFO - Processing /home/airflow/.local/lib/python3.12/site-packages/airflow/example_dags/example_kubernetes_executor.py took 0.109 seconds
[2025-01-08T18:50:18.259+0000] {processor.py:186} INFO - Started process (PID=872) to work on /home/airflow/.local/lib/python3.12/site-packages/airflow/example_dags/example_kubernetes_executor.py
[2025-01-08T18:50:18.270+0000] {processor.py:914} INFO - Processing file /home/airflow/.local/lib/python3.12/site-packages/airflow/example_dags/example_kubernetes_executor.py for tasks to queue
[2025-01-08T18:50:18.272+0000] {logging_mixin.py:190} INFO - [2025-01-08T18:50:18.271+0000] {dagbag.py:588} INFO - Filling up the DagBag from /home/airflow/.local/lib/python3.12/site-packages/airflow/example_dags/example_kubernetes_executor.py
[2025-01-08T18:50:18.288+0000] {processor.py:925} INFO - DAG(s) 'example_kubernetes_executor' retrieved from /home/airflow/.local/lib/python3.12/site-packages/airflow/example_dags/example_kubernetes_executor.py
[2025-01-08T18:50:18.340+0000] {logging_mixin.py:190} INFO - [2025-01-08T18:50:18.340+0000] {dag.py:3239} INFO - Sync 1 DAGs
[2025-01-08T18:50:18.374+0000] {logging_mixin.py:190} INFO - [2025-01-08T18:50:18.373+0000] {dag.py:4180} INFO - Setting next_dagrun for example_kubernetes_executor to None, run_after=None
[2025-01-08T18:50:18.390+0000] {processor.py:208} INFO - Processing /home/airflow/.local/lib/python3.12/site-packages/airflow/example_dags/example_kubernetes_executor.py took 0.139 seconds
[2025-01-08T18:50:48.559+0000] {processor.py:186} INFO - Started process (PID=938) to work on /home/airflow/.local/lib/python3.12/site-packages/airflow/example_dags/example_kubernetes_executor.py
[2025-01-08T18:50:48.560+0000] {processor.py:914} INFO - Processing file /home/airflow/.local/lib/python3.12/site-packages/airflow/example_dags/example_kubernetes_executor.py for tasks to queue
[2025-01-08T18:50:48.563+0000] {logging_mixin.py:190} INFO - [2025-01-08T18:50:48.563+0000] {dagbag.py:588} INFO - Filling up the DagBag from /home/airflow/.local/lib/python3.12/site-packages/airflow/example_dags/example_kubernetes_executor.py
[2025-01-08T18:50:48.578+0000] {processor.py:925} INFO - DAG(s) 'example_kubernetes_executor' retrieved from /home/airflow/.local/lib/python3.12/site-packages/airflow/example_dags/example_kubernetes_executor.py
[2025-01-08T18:50:48.619+0000] {logging_mixin.py:190} INFO - [2025-01-08T18:50:48.619+0000] {dag.py:3239} INFO - Sync 1 DAGs
[2025-01-08T18:50:48.635+0000] {logging_mixin.py:190} INFO - [2025-01-08T18:50:48.635+0000] {dag.py:4180} INFO - Setting next_dagrun for example_kubernetes_executor to None, run_after=None
[2025-01-08T18:50:48.651+0000] {processor.py:208} INFO - Processing /home/airflow/.local/lib/python3.12/site-packages/airflow/example_dags/example_kubernetes_executor.py took 0.103 seconds
[2025-01-08T18:51:19.176+0000] {processor.py:186} INFO - Started process (PID=1003) to work on /home/airflow/.local/lib/python3.12/site-packages/airflow/example_dags/example_kubernetes_executor.py
[2025-01-08T18:51:19.177+0000] {processor.py:914} INFO - Processing file /home/airflow/.local/lib/python3.12/site-packages/airflow/example_dags/example_kubernetes_executor.py for tasks to queue
[2025-01-08T18:51:19.179+0000] {logging_mixin.py:190} INFO - [2025-01-08T18:51:19.179+0000] {dagbag.py:588} INFO - Filling up the DagBag from /home/airflow/.local/lib/python3.12/site-packages/airflow/example_dags/example_kubernetes_executor.py
[2025-01-08T18:51:19.195+0000] {processor.py:925} INFO - DAG(s) 'example_kubernetes_executor' retrieved from /home/airflow/.local/lib/python3.12/site-packages/airflow/example_dags/example_kubernetes_executor.py
[2025-01-08T18:51:19.237+0000] {logging_mixin.py:190} INFO - [2025-01-08T18:51:19.237+0000] {dag.py:3239} INFO - Sync 1 DAGs
[2025-01-08T18:51:19.253+0000] {logging_mixin.py:190} INFO - [2025-01-08T18:51:19.253+0000] {dag.py:4180} INFO - Setting next_dagrun for example_kubernetes_executor to None, run_after=None
[2025-01-08T18:51:19.301+0000] {processor.py:208} INFO - Processing /home/airflow/.local/lib/python3.12/site-packages/airflow/example_dags/example_kubernetes_executor.py took 0.130 seconds
[2025-01-08T18:51:49.858+0000] {processor.py:186} INFO - Started process (PID=1067) to work on /home/airflow/.local/lib/python3.12/site-packages/airflow/example_dags/example_kubernetes_executor.py
[2025-01-08T18:51:49.859+0000] {processor.py:914} INFO - Processing file /home/airflow/.local/lib/python3.12/site-packages/airflow/example_dags/example_kubernetes_executor.py for tasks to queue
[2025-01-08T18:51:49.861+0000] {logging_mixin.py:190} INFO - [2025-01-08T18:51:49.861+0000] {dagbag.py:588} INFO - Filling up the DagBag from /home/airflow/.local/lib/python3.12/site-packages/airflow/example_dags/example_kubernetes_executor.py
[2025-01-08T18:51:49.880+0000] {processor.py:925} INFO - DAG(s) 'example_kubernetes_executor' retrieved from /home/airflow/.local/lib/python3.12/site-packages/airflow/example_dags/example_kubernetes_executor.py
[2025-01-08T18:51:49.923+0000] {logging_mixin.py:190} INFO - [2025-01-08T18:51:49.922+0000] {dag.py:3239} INFO - Sync 1 DAGs
[2025-01-08T18:51:49.938+0000] {logging_mixin.py:190} INFO - [2025-01-08T18:51:49.938+0000] {dag.py:4180} INFO - Setting next_dagrun for example_kubernetes_executor to None, run_after=None
[2025-01-08T18:51:49.968+0000] {processor.py:208} INFO - Processing /home/airflow/.local/lib/python3.12/site-packages/airflow/example_dags/example_kubernetes_executor.py took 0.116 seconds
[2025-01-08T18:52:20.016+0000] {processor.py:186} INFO - Started process (PID=1130) to work on /home/airflow/.local/lib/python3.12/site-packages/airflow/example_dags/example_kubernetes_executor.py
[2025-01-08T18:52:20.017+0000] {processor.py:914} INFO - Processing file /home/airflow/.local/lib/python3.12/site-packages/airflow/example_dags/example_kubernetes_executor.py for tasks to queue
[2025-01-08T18:52:20.019+0000] {logging_mixin.py:190} INFO - [2025-01-08T18:52:20.019+0000] {dagbag.py:588} INFO - Filling up the DagBag from /home/airflow/.local/lib/python3.12/site-packages/airflow/example_dags/example_kubernetes_executor.py
[2025-01-08T18:52:20.034+0000] {processor.py:925} INFO - DAG(s) 'example_kubernetes_executor' retrieved from /home/airflow/.local/lib/python3.12/site-packages/airflow/example_dags/example_kubernetes_executor.py
[2025-01-08T18:52:20.072+0000] {logging_mixin.py:190} INFO - [2025-01-08T18:52:20.072+0000] {dag.py:3239} INFO - Sync 1 DAGs
[2025-01-08T18:52:20.086+0000] {logging_mixin.py:190} INFO - [2025-01-08T18:52:20.086+0000] {dag.py:4180} INFO - Setting next_dagrun for example_kubernetes_executor to None, run_after=None
[2025-01-08T18:52:20.099+0000] {processor.py:208} INFO - Processing /home/airflow/.local/lib/python3.12/site-packages/airflow/example_dags/example_kubernetes_executor.py took 0.089 seconds
[2025-01-08T18:52:50.652+0000] {processor.py:186} INFO - Started process (PID=1196) to work on /home/airflow/.local/lib/python3.12/site-packages/airflow/example_dags/example_kubernetes_executor.py
[2025-01-08T18:52:50.653+0000] {processor.py:914} INFO - Processing file /home/airflow/.local/lib/python3.12/site-packages/airflow/example_dags/example_kubernetes_executor.py for tasks to queue
[2025-01-08T18:52:50.655+0000] {logging_mixin.py:190} INFO - [2025-01-08T18:52:50.655+0000] {dagbag.py:588} INFO - Filling up the DagBag from /home/airflow/.local/lib/python3.12/site-packages/airflow/example_dags/example_kubernetes_executor.py
[2025-01-08T18:52:50.671+0000] {processor.py:925} INFO - DAG(s) 'example_kubernetes_executor' retrieved from /home/airflow/.local/lib/python3.12/site-packages/airflow/example_dags/example_kubernetes_executor.py
[2025-01-08T18:52:50.718+0000] {logging_mixin.py:190} INFO - [2025-01-08T18:52:50.718+0000] {dag.py:3239} INFO - Sync 1 DAGs
[2025-01-08T18:52:50.736+0000] {logging_mixin.py:190} INFO - [2025-01-08T18:52:50.735+0000] {dag.py:4180} INFO - Setting next_dagrun for example_kubernetes_executor to None, run_after=None
[2025-01-08T18:52:50.753+0000] {processor.py:208} INFO - Processing /home/airflow/.local/lib/python3.12/site-packages/airflow/example_dags/example_kubernetes_executor.py took 0.106 seconds
[2025-01-08T18:53:21.791+0000] {processor.py:186} INFO - Started process (PID=1258) to work on /home/airflow/.local/lib/python3.12/site-packages/airflow/example_dags/example_kubernetes_executor.py
[2025-01-08T18:53:21.799+0000] {processor.py:914} INFO - Processing file /home/airflow/.local/lib/python3.12/site-packages/airflow/example_dags/example_kubernetes_executor.py for tasks to queue
[2025-01-08T18:53:21.801+0000] {logging_mixin.py:190} INFO - [2025-01-08T18:53:21.800+0000] {dagbag.py:588} INFO - Filling up the DagBag from /home/airflow/.local/lib/python3.12/site-packages/airflow/example_dags/example_kubernetes_executor.py
[2025-01-08T18:53:21.835+0000] {processor.py:925} INFO - DAG(s) 'example_kubernetes_executor' retrieved from /home/airflow/.local/lib/python3.12/site-packages/airflow/example_dags/example_kubernetes_executor.py
[2025-01-08T18:53:21.928+0000] {logging_mixin.py:190} INFO - [2025-01-08T18:53:21.928+0000] {dag.py:3239} INFO - Sync 1 DAGs
[2025-01-08T18:53:21.956+0000] {logging_mixin.py:190} INFO - [2025-01-08T18:53:21.956+0000] {dag.py:4180} INFO - Setting next_dagrun for example_kubernetes_executor to None, run_after=None
[2025-01-08T18:53:21.986+0000] {processor.py:208} INFO - Processing /home/airflow/.local/lib/python3.12/site-packages/airflow/example_dags/example_kubernetes_executor.py took 0.205 seconds
[2025-01-08T18:53:52.275+0000] {processor.py:186} INFO - Started process (PID=1324) to work on /home/airflow/.local/lib/python3.12/site-packages/airflow/example_dags/example_kubernetes_executor.py
[2025-01-08T18:53:52.276+0000] {processor.py:914} INFO - Processing file /home/airflow/.local/lib/python3.12/site-packages/airflow/example_dags/example_kubernetes_executor.py for tasks to queue
[2025-01-08T18:53:52.278+0000] {logging_mixin.py:190} INFO - [2025-01-08T18:53:52.278+0000] {dagbag.py:588} INFO - Filling up the DagBag from /home/airflow/.local/lib/python3.12/site-packages/airflow/example_dags/example_kubernetes_executor.py
[2025-01-08T18:53:52.293+0000] {processor.py:925} INFO - DAG(s) 'example_kubernetes_executor' retrieved from /home/airflow/.local/lib/python3.12/site-packages/airflow/example_dags/example_kubernetes_executor.py
[2025-01-08T18:53:52.340+0000] {logging_mixin.py:190} INFO - [2025-01-08T18:53:52.340+0000] {dag.py:3239} INFO - Sync 1 DAGs
[2025-01-08T18:53:52.357+0000] {logging_mixin.py:190} INFO - [2025-01-08T18:53:52.357+0000] {dag.py:4180} INFO - Setting next_dagrun for example_kubernetes_executor to None, run_after=None
[2025-01-08T18:53:52.373+0000] {processor.py:208} INFO - Processing /home/airflow/.local/lib/python3.12/site-packages/airflow/example_dags/example_kubernetes_executor.py took 0.103 seconds
[2025-01-08T18:54:22.816+0000] {processor.py:186} INFO - Started process (PID=1386) to work on /home/airflow/.local/lib/python3.12/site-packages/airflow/example_dags/example_kubernetes_executor.py
[2025-01-08T18:54:22.819+0000] {processor.py:914} INFO - Processing file /home/airflow/.local/lib/python3.12/site-packages/airflow/example_dags/example_kubernetes_executor.py for tasks to queue
[2025-01-08T18:54:22.822+0000] {logging_mixin.py:190} INFO - [2025-01-08T18:54:22.822+0000] {dagbag.py:588} INFO - Filling up the DagBag from /home/airflow/.local/lib/python3.12/site-packages/airflow/example_dags/example_kubernetes_executor.py
[2025-01-08T18:54:22.855+0000] {processor.py:925} INFO - DAG(s) 'example_kubernetes_executor' retrieved from /home/airflow/.local/lib/python3.12/site-packages/airflow/example_dags/example_kubernetes_executor.py
[2025-01-08T18:54:22.933+0000] {logging_mixin.py:190} INFO - [2025-01-08T18:54:22.932+0000] {dag.py:3239} INFO - Sync 1 DAGs
[2025-01-08T18:54:22.968+0000] {logging_mixin.py:190} INFO - [2025-01-08T18:54:22.968+0000] {dag.py:4180} INFO - Setting next_dagrun for example_kubernetes_executor to None, run_after=None
[2025-01-08T18:54:23.022+0000] {processor.py:208} INFO - Processing /home/airflow/.local/lib/python3.12/site-packages/airflow/example_dags/example_kubernetes_executor.py took 0.221 seconds
[2025-01-08T18:54:53.952+0000] {processor.py:186} INFO - Started process (PID=1450) to work on /home/airflow/.local/lib/python3.12/site-packages/airflow/example_dags/example_kubernetes_executor.py
[2025-01-08T18:54:53.953+0000] {processor.py:914} INFO - Processing file /home/airflow/.local/lib/python3.12/site-packages/airflow/example_dags/example_kubernetes_executor.py for tasks to queue
[2025-01-08T18:54:53.959+0000] {logging_mixin.py:190} INFO - [2025-01-08T18:54:53.958+0000] {dagbag.py:588} INFO - Filling up the DagBag from /home/airflow/.local/lib/python3.12/site-packages/airflow/example_dags/example_kubernetes_executor.py
[2025-01-08T18:54:54.036+0000] {processor.py:925} INFO - DAG(s) 'example_kubernetes_executor' retrieved from /home/airflow/.local/lib/python3.12/site-packages/airflow/example_dags/example_kubernetes_executor.py
[2025-01-08T18:54:54.160+0000] {logging_mixin.py:190} INFO - [2025-01-08T18:54:54.160+0000] {dag.py:3239} INFO - Sync 1 DAGs
[2025-01-08T18:54:54.179+0000] {logging_mixin.py:190} INFO - [2025-01-08T18:54:54.179+0000] {dag.py:4180} INFO - Setting next_dagrun for example_kubernetes_executor to None, run_after=None
[2025-01-08T18:54:54.196+0000] {processor.py:208} INFO - Processing /home/airflow/.local/lib/python3.12/site-packages/airflow/example_dags/example_kubernetes_executor.py took 0.259 seconds
[2025-01-08T18:55:24.949+0000] {processor.py:186} INFO - Started process (PID=1515) to work on /home/airflow/.local/lib/python3.12/site-packages/airflow/example_dags/example_kubernetes_executor.py
[2025-01-08T18:55:24.949+0000] {processor.py:914} INFO - Processing file /home/airflow/.local/lib/python3.12/site-packages/airflow/example_dags/example_kubernetes_executor.py for tasks to queue
[2025-01-08T18:55:24.952+0000] {logging_mixin.py:190} INFO - [2025-01-08T18:55:24.951+0000] {dagbag.py:588} INFO - Filling up the DagBag from /home/airflow/.local/lib/python3.12/site-packages/airflow/example_dags/example_kubernetes_executor.py
[2025-01-08T18:55:24.967+0000] {processor.py:925} INFO - DAG(s) 'example_kubernetes_executor' retrieved from /home/airflow/.local/lib/python3.12/site-packages/airflow/example_dags/example_kubernetes_executor.py
[2025-01-08T18:55:25.012+0000] {logging_mixin.py:190} INFO - [2025-01-08T18:55:25.011+0000] {dag.py:3239} INFO - Sync 1 DAGs
[2025-01-08T18:55:25.034+0000] {logging_mixin.py:190} INFO - [2025-01-08T18:55:25.033+0000] {dag.py:4180} INFO - Setting next_dagrun for example_kubernetes_executor to None, run_after=None
[2025-01-08T18:55:25.052+0000] {processor.py:208} INFO - Processing /home/airflow/.local/lib/python3.12/site-packages/airflow/example_dags/example_kubernetes_executor.py took 0.109 seconds
[2025-01-08T18:55:55.836+0000] {processor.py:186} INFO - Started process (PID=1580) to work on /home/airflow/.local/lib/python3.12/site-packages/airflow/example_dags/example_kubernetes_executor.py
[2025-01-08T18:55:55.838+0000] {processor.py:914} INFO - Processing file /home/airflow/.local/lib/python3.12/site-packages/airflow/example_dags/example_kubernetes_executor.py for tasks to queue
[2025-01-08T18:55:55.840+0000] {logging_mixin.py:190} INFO - [2025-01-08T18:55:55.840+0000] {dagbag.py:588} INFO - Filling up the DagBag from /home/airflow/.local/lib/python3.12/site-packages/airflow/example_dags/example_kubernetes_executor.py
[2025-01-08T18:55:55.856+0000] {processor.py:925} INFO - DAG(s) 'example_kubernetes_executor' retrieved from /home/airflow/.local/lib/python3.12/site-packages/airflow/example_dags/example_kubernetes_executor.py
[2025-01-08T18:55:55.897+0000] {logging_mixin.py:190} INFO - [2025-01-08T18:55:55.897+0000] {dag.py:3239} INFO - Sync 1 DAGs
[2025-01-08T18:55:55.913+0000] {logging_mixin.py:190} INFO - [2025-01-08T18:55:55.913+0000] {dag.py:4180} INFO - Setting next_dagrun for example_kubernetes_executor to None, run_after=None
[2025-01-08T18:55:55.929+0000] {processor.py:208} INFO - Processing /home/airflow/.local/lib/python3.12/site-packages/airflow/example_dags/example_kubernetes_executor.py took 0.097 seconds
[2025-01-08T18:56:26.112+0000] {processor.py:186} INFO - Started process (PID=1645) to work on /home/airflow/.local/lib/python3.12/site-packages/airflow/example_dags/example_kubernetes_executor.py
[2025-01-08T18:56:26.112+0000] {processor.py:914} INFO - Processing file /home/airflow/.local/lib/python3.12/site-packages/airflow/example_dags/example_kubernetes_executor.py for tasks to queue
[2025-01-08T18:56:26.114+0000] {logging_mixin.py:190} INFO - [2025-01-08T18:56:26.114+0000] {dagbag.py:588} INFO - Filling up the DagBag from /home/airflow/.local/lib/python3.12/site-packages/airflow/example_dags/example_kubernetes_executor.py
[2025-01-08T18:56:26.129+0000] {processor.py:925} INFO - DAG(s) 'example_kubernetes_executor' retrieved from /home/airflow/.local/lib/python3.12/site-packages/airflow/example_dags/example_kubernetes_executor.py
[2025-01-08T18:56:26.198+0000] {logging_mixin.py:190} INFO - [2025-01-08T18:56:26.198+0000] {dag.py:3239} INFO - Sync 1 DAGs
[2025-01-08T18:56:26.221+0000] {logging_mixin.py:190} INFO - [2025-01-08T18:56:26.220+0000] {dag.py:4180} INFO - Setting next_dagrun for example_kubernetes_executor to None, run_after=None
[2025-01-08T18:56:26.249+0000] {processor.py:208} INFO - Processing /home/airflow/.local/lib/python3.12/site-packages/airflow/example_dags/example_kubernetes_executor.py took 0.143 seconds
[2025-01-08T18:56:56.681+0000] {processor.py:186} INFO - Started process (PID=1711) to work on /home/airflow/.local/lib/python3.12/site-packages/airflow/example_dags/example_kubernetes_executor.py
[2025-01-08T18:56:56.682+0000] {processor.py:914} INFO - Processing file /home/airflow/.local/lib/python3.12/site-packages/airflow/example_dags/example_kubernetes_executor.py for tasks to queue
[2025-01-08T18:56:56.684+0000] {logging_mixin.py:190} INFO - [2025-01-08T18:56:56.684+0000] {dagbag.py:588} INFO - Filling up the DagBag from /home/airflow/.local/lib/python3.12/site-packages/airflow/example_dags/example_kubernetes_executor.py
[2025-01-08T18:56:56.699+0000] {processor.py:925} INFO - DAG(s) 'example_kubernetes_executor' retrieved from /home/airflow/.local/lib/python3.12/site-packages/airflow/example_dags/example_kubernetes_executor.py
[2025-01-08T18:56:56.741+0000] {logging_mixin.py:190} INFO - [2025-01-08T18:56:56.740+0000] {dag.py:3239} INFO - Sync 1 DAGs
[2025-01-08T18:56:56.756+0000] {logging_mixin.py:190} INFO - [2025-01-08T18:56:56.756+0000] {dag.py:4180} INFO - Setting next_dagrun for example_kubernetes_executor to None, run_after=None
[2025-01-08T18:56:56.772+0000] {processor.py:208} INFO - Processing /home/airflow/.local/lib/python3.12/site-packages/airflow/example_dags/example_kubernetes_executor.py took 0.096 seconds
[2025-01-08T18:57:27.169+0000] {processor.py:186} INFO - Started process (PID=1777) to work on /home/airflow/.local/lib/python3.12/site-packages/airflow/example_dags/example_kubernetes_executor.py
[2025-01-08T18:57:27.170+0000] {processor.py:914} INFO - Processing file /home/airflow/.local/lib/python3.12/site-packages/airflow/example_dags/example_kubernetes_executor.py for tasks to queue
[2025-01-08T18:57:27.172+0000] {logging_mixin.py:190} INFO - [2025-01-08T18:57:27.171+0000] {dagbag.py:588} INFO - Filling up the DagBag from /home/airflow/.local/lib/python3.12/site-packages/airflow/example_dags/example_kubernetes_executor.py
[2025-01-08T18:57:27.206+0000] {processor.py:925} INFO - DAG(s) 'example_kubernetes_executor' retrieved from /home/airflow/.local/lib/python3.12/site-packages/airflow/example_dags/example_kubernetes_executor.py
[2025-01-08T18:57:27.279+0000] {logging_mixin.py:190} INFO - [2025-01-08T18:57:27.279+0000] {dag.py:3239} INFO - Sync 1 DAGs
[2025-01-08T18:57:27.293+0000] {logging_mixin.py:190} INFO - [2025-01-08T18:57:27.293+0000] {dag.py:4180} INFO - Setting next_dagrun for example_kubernetes_executor to None, run_after=None
[2025-01-08T18:57:27.309+0000] {processor.py:208} INFO - Processing /home/airflow/.local/lib/python3.12/site-packages/airflow/example_dags/example_kubernetes_executor.py took 0.145 seconds
[2025-01-08T18:57:57.656+0000] {processor.py:186} INFO - Started process (PID=1842) to work on /home/airflow/.local/lib/python3.12/site-packages/airflow/example_dags/example_kubernetes_executor.py
[2025-01-08T18:57:57.656+0000] {processor.py:914} INFO - Processing file /home/airflow/.local/lib/python3.12/site-packages/airflow/example_dags/example_kubernetes_executor.py for tasks to queue
[2025-01-08T18:57:57.662+0000] {logging_mixin.py:190} INFO - [2025-01-08T18:57:57.661+0000] {dagbag.py:588} INFO - Filling up the DagBag from /home/airflow/.local/lib/python3.12/site-packages/airflow/example_dags/example_kubernetes_executor.py
[2025-01-08T18:57:57.678+0000] {processor.py:925} INFO - DAG(s) 'example_kubernetes_executor' retrieved from /home/airflow/.local/lib/python3.12/site-packages/airflow/example_dags/example_kubernetes_executor.py
[2025-01-08T18:57:57.753+0000] {logging_mixin.py:190} INFO - [2025-01-08T18:57:57.753+0000] {dag.py:3239} INFO - Sync 1 DAGs
[2025-01-08T18:57:57.769+0000] {logging_mixin.py:190} INFO - [2025-01-08T18:57:57.769+0000] {dag.py:4180} INFO - Setting next_dagrun for example_kubernetes_executor to None, run_after=None
[2025-01-08T18:57:57.784+0000] {processor.py:208} INFO - Processing /home/airflow/.local/lib/python3.12/site-packages/airflow/example_dags/example_kubernetes_executor.py took 0.134 seconds
[2025-01-08T18:58:28.036+0000] {processor.py:186} INFO - Started process (PID=1907) to work on /home/airflow/.local/lib/python3.12/site-packages/airflow/example_dags/example_kubernetes_executor.py
[2025-01-08T18:58:28.037+0000] {processor.py:914} INFO - Processing file /home/airflow/.local/lib/python3.12/site-packages/airflow/example_dags/example_kubernetes_executor.py for tasks to queue
[2025-01-08T18:58:28.039+0000] {logging_mixin.py:190} INFO - [2025-01-08T18:58:28.039+0000] {dagbag.py:588} INFO - Filling up the DagBag from /home/airflow/.local/lib/python3.12/site-packages/airflow/example_dags/example_kubernetes_executor.py
[2025-01-08T18:58:28.056+0000] {processor.py:925} INFO - DAG(s) 'example_kubernetes_executor' retrieved from /home/airflow/.local/lib/python3.12/site-packages/airflow/example_dags/example_kubernetes_executor.py
[2025-01-08T18:58:28.097+0000] {logging_mixin.py:190} INFO - [2025-01-08T18:58:28.096+0000] {dag.py:3239} INFO - Sync 1 DAGs
[2025-01-08T18:58:28.113+0000] {logging_mixin.py:190} INFO - [2025-01-08T18:58:28.113+0000] {dag.py:4180} INFO - Setting next_dagrun for example_kubernetes_executor to None, run_after=None
[2025-01-08T18:58:28.130+0000] {processor.py:208} INFO - Processing /home/airflow/.local/lib/python3.12/site-packages/airflow/example_dags/example_kubernetes_executor.py took 0.100 seconds
