[2025-01-08T18:44:05.041+0000] {processor.py:186} INFO - Started process (PID=86) to work on /home/airflow/.local/lib/python3.12/site-packages/airflow/example_dags/example_display_name.py
[2025-01-08T18:44:05.051+0000] {processor.py:914} INFO - Processing file /home/airflow/.local/lib/python3.12/site-packages/airflow/example_dags/example_display_name.py for tasks to queue
[2025-01-08T18:44:05.058+0000] {logging_mixin.py:190} INFO - [2025-01-08T18:44:05.058+0000] {dagbag.py:588} INFO - Filling up the DagBag from /home/airflow/.local/lib/python3.12/site-packages/airflow/example_dags/example_display_name.py
[2025-01-08T18:44:05.120+0000] {processor.py:925} INFO - DAG(s) 'example_display_name' retrieved from /home/airflow/.local/lib/python3.12/site-packages/airflow/example_dags/example_display_name.py
[2025-01-08T18:44:05.297+0000] {logging_mixin.py:190} INFO - [2025-01-08T18:44:05.297+0000] {dag.py:3239} INFO - Sync 1 DAGs
[2025-01-08T18:44:05.388+0000] {logging_mixin.py:190} INFO - [2025-01-08T18:44:05.387+0000] {dag.py:4180} INFO - Setting next_dagrun for example_display_name to None, run_after=None
[2025-01-08T18:44:05.464+0000] {processor.py:208} INFO - Processing /home/airflow/.local/lib/python3.12/site-packages/airflow/example_dags/example_display_name.py took 0.459 seconds
[2025-01-08T18:44:35.669+0000] {processor.py:186} INFO - Started process (PID=151) to work on /home/airflow/.local/lib/python3.12/site-packages/airflow/example_dags/example_display_name.py
[2025-01-08T18:44:35.688+0000] {processor.py:914} INFO - Processing file /home/airflow/.local/lib/python3.12/site-packages/airflow/example_dags/example_display_name.py for tasks to queue
[2025-01-08T18:44:35.696+0000] {logging_mixin.py:190} INFO - [2025-01-08T18:44:35.695+0000] {dagbag.py:588} INFO - Filling up the DagBag from /home/airflow/.local/lib/python3.12/site-packages/airflow/example_dags/example_display_name.py
[2025-01-08T18:44:35.725+0000] {processor.py:925} INFO - DAG(s) 'example_display_name' retrieved from /home/airflow/.local/lib/python3.12/site-packages/airflow/example_dags/example_display_name.py
[2025-01-08T18:44:35.816+0000] {logging_mixin.py:190} INFO - [2025-01-08T18:44:35.816+0000] {dag.py:3239} INFO - Sync 1 DAGs
[2025-01-08T18:44:35.859+0000] {logging_mixin.py:190} INFO - [2025-01-08T18:44:35.858+0000] {dag.py:4180} INFO - Setting next_dagrun for example_display_name to None, run_after=None
[2025-01-08T18:44:35.930+0000] {processor.py:208} INFO - Processing /home/airflow/.local/lib/python3.12/site-packages/airflow/example_dags/example_display_name.py took 0.297 seconds
[2025-01-08T18:45:08.683+0000] {processor.py:186} INFO - Started process (PID=216) to work on /home/airflow/.local/lib/python3.12/site-packages/airflow/example_dags/example_display_name.py
[2025-01-08T18:45:08.683+0000] {processor.py:914} INFO - Processing file /home/airflow/.local/lib/python3.12/site-packages/airflow/example_dags/example_display_name.py for tasks to queue
[2025-01-08T18:45:08.686+0000] {logging_mixin.py:190} INFO - [2025-01-08T18:45:08.685+0000] {dagbag.py:588} INFO - Filling up the DagBag from /home/airflow/.local/lib/python3.12/site-packages/airflow/example_dags/example_display_name.py
[2025-01-08T18:45:08.701+0000] {processor.py:925} INFO - DAG(s) 'example_display_name' retrieved from /home/airflow/.local/lib/python3.12/site-packages/airflow/example_dags/example_display_name.py
[2025-01-08T18:45:08.727+0000] {logging_mixin.py:190} INFO - [2025-01-08T18:45:08.727+0000] {dag.py:3239} INFO - Sync 1 DAGs
[2025-01-08T18:45:08.743+0000] {logging_mixin.py:190} INFO - [2025-01-08T18:45:08.743+0000] {dag.py:4180} INFO - Setting next_dagrun for example_display_name to None, run_after=None
[2025-01-08T18:45:08.768+0000] {processor.py:208} INFO - Processing /home/airflow/.local/lib/python3.12/site-packages/airflow/example_dags/example_display_name.py took 0.092 seconds
[2025-01-08T18:45:39.314+0000] {processor.py:186} INFO - Started process (PID=280) to work on /home/airflow/.local/lib/python3.12/site-packages/airflow/example_dags/example_display_name.py
[2025-01-08T18:45:39.315+0000] {processor.py:914} INFO - Processing file /home/airflow/.local/lib/python3.12/site-packages/airflow/example_dags/example_display_name.py for tasks to queue
[2025-01-08T18:45:39.317+0000] {logging_mixin.py:190} INFO - [2025-01-08T18:45:39.317+0000] {dagbag.py:588} INFO - Filling up the DagBag from /home/airflow/.local/lib/python3.12/site-packages/airflow/example_dags/example_display_name.py
[2025-01-08T18:45:39.326+0000] {processor.py:925} INFO - DAG(s) 'example_display_name' retrieved from /home/airflow/.local/lib/python3.12/site-packages/airflow/example_dags/example_display_name.py
[2025-01-08T18:45:39.359+0000] {logging_mixin.py:190} INFO - [2025-01-08T18:45:39.359+0000] {dag.py:3239} INFO - Sync 1 DAGs
[2025-01-08T18:45:39.375+0000] {logging_mixin.py:190} INFO - [2025-01-08T18:45:39.375+0000] {dag.py:4180} INFO - Setting next_dagrun for example_display_name to None, run_after=None
[2025-01-08T18:45:39.391+0000] {processor.py:208} INFO - Processing /home/airflow/.local/lib/python3.12/site-packages/airflow/example_dags/example_display_name.py took 0.083 seconds
[2025-01-08T18:46:10.231+0000] {processor.py:186} INFO - Started process (PID=345) to work on /home/airflow/.local/lib/python3.12/site-packages/airflow/example_dags/example_display_name.py
[2025-01-08T18:46:10.233+0000] {processor.py:914} INFO - Processing file /home/airflow/.local/lib/python3.12/site-packages/airflow/example_dags/example_display_name.py for tasks to queue
[2025-01-08T18:46:10.240+0000] {logging_mixin.py:190} INFO - [2025-01-08T18:46:10.239+0000] {dagbag.py:588} INFO - Filling up the DagBag from /home/airflow/.local/lib/python3.12/site-packages/airflow/example_dags/example_display_name.py
[2025-01-08T18:46:10.267+0000] {processor.py:925} INFO - DAG(s) 'example_display_name' retrieved from /home/airflow/.local/lib/python3.12/site-packages/airflow/example_dags/example_display_name.py
[2025-01-08T18:46:10.305+0000] {logging_mixin.py:190} INFO - [2025-01-08T18:46:10.305+0000] {dag.py:3239} INFO - Sync 1 DAGs
[2025-01-08T18:46:10.324+0000] {logging_mixin.py:190} INFO - [2025-01-08T18:46:10.324+0000] {dag.py:4180} INFO - Setting next_dagrun for example_display_name to None, run_after=None
[2025-01-08T18:46:10.353+0000] {processor.py:208} INFO - Processing /home/airflow/.local/lib/python3.12/site-packages/airflow/example_dags/example_display_name.py took 0.133 seconds
[2025-01-08T18:46:41.064+0000] {processor.py:186} INFO - Started process (PID=410) to work on /home/airflow/.local/lib/python3.12/site-packages/airflow/example_dags/example_display_name.py
[2025-01-08T18:46:41.065+0000] {processor.py:914} INFO - Processing file /home/airflow/.local/lib/python3.12/site-packages/airflow/example_dags/example_display_name.py for tasks to queue
[2025-01-08T18:46:41.067+0000] {logging_mixin.py:190} INFO - [2025-01-08T18:46:41.067+0000] {dagbag.py:588} INFO - Filling up the DagBag from /home/airflow/.local/lib/python3.12/site-packages/airflow/example_dags/example_display_name.py
[2025-01-08T18:46:41.076+0000] {processor.py:925} INFO - DAG(s) 'example_display_name' retrieved from /home/airflow/.local/lib/python3.12/site-packages/airflow/example_dags/example_display_name.py
[2025-01-08T18:46:41.096+0000] {logging_mixin.py:190} INFO - [2025-01-08T18:46:41.095+0000] {dag.py:3239} INFO - Sync 1 DAGs
[2025-01-08T18:46:41.113+0000] {logging_mixin.py:190} INFO - [2025-01-08T18:46:41.113+0000] {dag.py:4180} INFO - Setting next_dagrun for example_display_name to None, run_after=None
[2025-01-08T18:46:41.130+0000] {processor.py:208} INFO - Processing /home/airflow/.local/lib/python3.12/site-packages/airflow/example_dags/example_display_name.py took 0.072 seconds
[2025-01-08T18:47:11.938+0000] {processor.py:186} INFO - Started process (PID=474) to work on /home/airflow/.local/lib/python3.12/site-packages/airflow/example_dags/example_display_name.py
[2025-01-08T18:47:11.939+0000] {processor.py:914} INFO - Processing file /home/airflow/.local/lib/python3.12/site-packages/airflow/example_dags/example_display_name.py for tasks to queue
[2025-01-08T18:47:11.941+0000] {logging_mixin.py:190} INFO - [2025-01-08T18:47:11.940+0000] {dagbag.py:588} INFO - Filling up the DagBag from /home/airflow/.local/lib/python3.12/site-packages/airflow/example_dags/example_display_name.py
[2025-01-08T18:47:11.950+0000] {processor.py:925} INFO - DAG(s) 'example_display_name' retrieved from /home/airflow/.local/lib/python3.12/site-packages/airflow/example_dags/example_display_name.py
[2025-01-08T18:47:11.968+0000] {logging_mixin.py:190} INFO - [2025-01-08T18:47:11.968+0000] {dag.py:3239} INFO - Sync 1 DAGs
[2025-01-08T18:47:11.984+0000] {logging_mixin.py:190} INFO - [2025-01-08T18:47:11.984+0000] {dag.py:4180} INFO - Setting next_dagrun for example_display_name to None, run_after=None
[2025-01-08T18:47:12.003+0000] {processor.py:208} INFO - Processing /home/airflow/.local/lib/python3.12/site-packages/airflow/example_dags/example_display_name.py took 0.071 seconds
[2025-01-08T18:47:42.367+0000] {processor.py:186} INFO - Started process (PID=540) to work on /home/airflow/.local/lib/python3.12/site-packages/airflow/example_dags/example_display_name.py
[2025-01-08T18:47:42.368+0000] {processor.py:914} INFO - Processing file /home/airflow/.local/lib/python3.12/site-packages/airflow/example_dags/example_display_name.py for tasks to queue
[2025-01-08T18:47:42.370+0000] {logging_mixin.py:190} INFO - [2025-01-08T18:47:42.369+0000] {dagbag.py:588} INFO - Filling up the DagBag from /home/airflow/.local/lib/python3.12/site-packages/airflow/example_dags/example_display_name.py
[2025-01-08T18:47:42.377+0000] {processor.py:925} INFO - DAG(s) 'example_display_name' retrieved from /home/airflow/.local/lib/python3.12/site-packages/airflow/example_dags/example_display_name.py
[2025-01-08T18:47:42.396+0000] {logging_mixin.py:190} INFO - [2025-01-08T18:47:42.396+0000] {dag.py:3239} INFO - Sync 1 DAGs
[2025-01-08T18:47:42.413+0000] {logging_mixin.py:190} INFO - [2025-01-08T18:47:42.413+0000] {dag.py:4180} INFO - Setting next_dagrun for example_display_name to None, run_after=None
[2025-01-08T18:47:42.459+0000] {processor.py:208} INFO - Processing /home/airflow/.local/lib/python3.12/site-packages/airflow/example_dags/example_display_name.py took 0.097 seconds
[2025-01-08T18:48:12.928+0000] {processor.py:186} INFO - Started process (PID=605) to work on /home/airflow/.local/lib/python3.12/site-packages/airflow/example_dags/example_display_name.py
[2025-01-08T18:48:12.928+0000] {processor.py:914} INFO - Processing file /home/airflow/.local/lib/python3.12/site-packages/airflow/example_dags/example_display_name.py for tasks to queue
[2025-01-08T18:48:12.951+0000] {logging_mixin.py:190} INFO - [2025-01-08T18:48:12.951+0000] {dagbag.py:588} INFO - Filling up the DagBag from /home/airflow/.local/lib/python3.12/site-packages/airflow/example_dags/example_display_name.py
[2025-01-08T18:48:12.982+0000] {processor.py:925} INFO - DAG(s) 'example_display_name' retrieved from /home/airflow/.local/lib/python3.12/site-packages/airflow/example_dags/example_display_name.py
[2025-01-08T18:48:13.032+0000] {logging_mixin.py:190} INFO - [2025-01-08T18:48:13.031+0000] {dag.py:3239} INFO - Sync 1 DAGs
[2025-01-08T18:48:13.061+0000] {logging_mixin.py:190} INFO - [2025-01-08T18:48:13.061+0000] {dag.py:4180} INFO - Setting next_dagrun for example_display_name to None, run_after=None
[2025-01-08T18:48:13.104+0000] {processor.py:208} INFO - Processing /home/airflow/.local/lib/python3.12/site-packages/airflow/example_dags/example_display_name.py took 0.199 seconds
[2025-01-08T18:48:43.342+0000] {processor.py:186} INFO - Started process (PID=670) to work on /home/airflow/.local/lib/python3.12/site-packages/airflow/example_dags/example_display_name.py
[2025-01-08T18:48:43.343+0000] {processor.py:914} INFO - Processing file /home/airflow/.local/lib/python3.12/site-packages/airflow/example_dags/example_display_name.py for tasks to queue
[2025-01-08T18:48:43.345+0000] {logging_mixin.py:190} INFO - [2025-01-08T18:48:43.344+0000] {dagbag.py:588} INFO - Filling up the DagBag from /home/airflow/.local/lib/python3.12/site-packages/airflow/example_dags/example_display_name.py
[2025-01-08T18:48:43.351+0000] {processor.py:925} INFO - DAG(s) 'example_display_name' retrieved from /home/airflow/.local/lib/python3.12/site-packages/airflow/example_dags/example_display_name.py
[2025-01-08T18:48:43.365+0000] {logging_mixin.py:190} INFO - [2025-01-08T18:48:43.365+0000] {dag.py:3239} INFO - Sync 1 DAGs
[2025-01-08T18:48:43.375+0000] {logging_mixin.py:190} INFO - [2025-01-08T18:48:43.375+0000] {dag.py:4180} INFO - Setting next_dagrun for example_display_name to None, run_after=None
[2025-01-08T18:48:43.388+0000] {processor.py:208} INFO - Processing /home/airflow/.local/lib/python3.12/site-packages/airflow/example_dags/example_display_name.py took 0.050 seconds
[2025-01-08T18:49:13.770+0000] {processor.py:186} INFO - Started process (PID=736) to work on /home/airflow/.local/lib/python3.12/site-packages/airflow/example_dags/example_display_name.py
[2025-01-08T18:49:13.771+0000] {processor.py:914} INFO - Processing file /home/airflow/.local/lib/python3.12/site-packages/airflow/example_dags/example_display_name.py for tasks to queue
[2025-01-08T18:49:13.773+0000] {logging_mixin.py:190} INFO - [2025-01-08T18:49:13.773+0000] {dagbag.py:588} INFO - Filling up the DagBag from /home/airflow/.local/lib/python3.12/site-packages/airflow/example_dags/example_display_name.py
[2025-01-08T18:49:13.782+0000] {processor.py:925} INFO - DAG(s) 'example_display_name' retrieved from /home/airflow/.local/lib/python3.12/site-packages/airflow/example_dags/example_display_name.py
[2025-01-08T18:49:13.797+0000] {logging_mixin.py:190} INFO - [2025-01-08T18:49:13.796+0000] {dag.py:3239} INFO - Sync 1 DAGs
[2025-01-08T18:49:13.808+0000] {logging_mixin.py:190} INFO - [2025-01-08T18:49:13.808+0000] {dag.py:4180} INFO - Setting next_dagrun for example_display_name to None, run_after=None
[2025-01-08T18:49:13.821+0000] {processor.py:208} INFO - Processing /home/airflow/.local/lib/python3.12/site-packages/airflow/example_dags/example_display_name.py took 0.057 seconds
[2025-01-08T18:49:45.877+0000] {processor.py:186} INFO - Started process (PID=801) to work on /home/airflow/.local/lib/python3.12/site-packages/airflow/example_dags/example_display_name.py
[2025-01-08T18:49:45.878+0000] {processor.py:914} INFO - Processing file /home/airflow/.local/lib/python3.12/site-packages/airflow/example_dags/example_display_name.py for tasks to queue
[2025-01-08T18:49:45.880+0000] {logging_mixin.py:190} INFO - [2025-01-08T18:49:45.879+0000] {dagbag.py:588} INFO - Filling up the DagBag from /home/airflow/.local/lib/python3.12/site-packages/airflow/example_dags/example_display_name.py
[2025-01-08T18:49:45.885+0000] {processor.py:925} INFO - DAG(s) 'example_display_name' retrieved from /home/airflow/.local/lib/python3.12/site-packages/airflow/example_dags/example_display_name.py
[2025-01-08T18:49:45.900+0000] {logging_mixin.py:190} INFO - [2025-01-08T18:49:45.899+0000] {dag.py:3239} INFO - Sync 1 DAGs
[2025-01-08T18:49:45.910+0000] {logging_mixin.py:190} INFO - [2025-01-08T18:49:45.910+0000] {dag.py:4180} INFO - Setting next_dagrun for example_display_name to None, run_after=None
[2025-01-08T18:49:45.923+0000] {processor.py:208} INFO - Processing /home/airflow/.local/lib/python3.12/site-packages/airflow/example_dags/example_display_name.py took 0.050 seconds
[2025-01-08T18:50:16.769+0000] {processor.py:186} INFO - Started process (PID=866) to work on /home/airflow/.local/lib/python3.12/site-packages/airflow/example_dags/example_display_name.py
[2025-01-08T18:50:16.769+0000] {processor.py:914} INFO - Processing file /home/airflow/.local/lib/python3.12/site-packages/airflow/example_dags/example_display_name.py for tasks to queue
[2025-01-08T18:50:16.772+0000] {logging_mixin.py:190} INFO - [2025-01-08T18:50:16.771+0000] {dagbag.py:588} INFO - Filling up the DagBag from /home/airflow/.local/lib/python3.12/site-packages/airflow/example_dags/example_display_name.py
[2025-01-08T18:50:16.779+0000] {processor.py:925} INFO - DAG(s) 'example_display_name' retrieved from /home/airflow/.local/lib/python3.12/site-packages/airflow/example_dags/example_display_name.py
[2025-01-08T18:50:16.798+0000] {logging_mixin.py:190} INFO - [2025-01-08T18:50:16.798+0000] {dag.py:3239} INFO - Sync 1 DAGs
[2025-01-08T18:50:16.813+0000] {logging_mixin.py:190} INFO - [2025-01-08T18:50:16.812+0000] {dag.py:4180} INFO - Setting next_dagrun for example_display_name to None, run_after=None
[2025-01-08T18:50:16.829+0000] {processor.py:208} INFO - Processing /home/airflow/.local/lib/python3.12/site-packages/airflow/example_dags/example_display_name.py took 0.067 seconds
[2025-01-08T18:50:47.468+0000] {processor.py:186} INFO - Started process (PID=928) to work on /home/airflow/.local/lib/python3.12/site-packages/airflow/example_dags/example_display_name.py
[2025-01-08T18:50:47.469+0000] {processor.py:914} INFO - Processing file /home/airflow/.local/lib/python3.12/site-packages/airflow/example_dags/example_display_name.py for tasks to queue
[2025-01-08T18:50:47.471+0000] {logging_mixin.py:190} INFO - [2025-01-08T18:50:47.471+0000] {dagbag.py:588} INFO - Filling up the DagBag from /home/airflow/.local/lib/python3.12/site-packages/airflow/example_dags/example_display_name.py
[2025-01-08T18:50:47.478+0000] {processor.py:925} INFO - DAG(s) 'example_display_name' retrieved from /home/airflow/.local/lib/python3.12/site-packages/airflow/example_dags/example_display_name.py
[2025-01-08T18:50:47.521+0000] {logging_mixin.py:190} INFO - [2025-01-08T18:50:47.521+0000] {dag.py:3239} INFO - Sync 1 DAGs
[2025-01-08T18:50:47.544+0000] {logging_mixin.py:190} INFO - [2025-01-08T18:50:47.543+0000] {dag.py:4180} INFO - Setting next_dagrun for example_display_name to None, run_after=None
[2025-01-08T18:50:47.561+0000] {processor.py:208} INFO - Processing /home/airflow/.local/lib/python3.12/site-packages/airflow/example_dags/example_display_name.py took 0.099 seconds
[2025-01-08T18:51:18.089+0000] {processor.py:186} INFO - Started process (PID=993) to work on /home/airflow/.local/lib/python3.12/site-packages/airflow/example_dags/example_display_name.py
[2025-01-08T18:51:18.090+0000] {processor.py:914} INFO - Processing file /home/airflow/.local/lib/python3.12/site-packages/airflow/example_dags/example_display_name.py for tasks to queue
[2025-01-08T18:51:18.094+0000] {logging_mixin.py:190} INFO - [2025-01-08T18:51:18.094+0000] {dagbag.py:588} INFO - Filling up the DagBag from /home/airflow/.local/lib/python3.12/site-packages/airflow/example_dags/example_display_name.py
[2025-01-08T18:51:18.107+0000] {processor.py:925} INFO - DAG(s) 'example_display_name' retrieved from /home/airflow/.local/lib/python3.12/site-packages/airflow/example_dags/example_display_name.py
[2025-01-08T18:51:18.125+0000] {logging_mixin.py:190} INFO - [2025-01-08T18:51:18.124+0000] {dag.py:3239} INFO - Sync 1 DAGs
[2025-01-08T18:51:18.140+0000] {logging_mixin.py:190} INFO - [2025-01-08T18:51:18.140+0000] {dag.py:4180} INFO - Setting next_dagrun for example_display_name to None, run_after=None
[2025-01-08T18:51:18.156+0000] {processor.py:208} INFO - Processing /home/airflow/.local/lib/python3.12/site-packages/airflow/example_dags/example_display_name.py took 0.073 seconds
[2025-01-08T18:51:48.998+0000] {processor.py:186} INFO - Started process (PID=1057) to work on /home/airflow/.local/lib/python3.12/site-packages/airflow/example_dags/example_display_name.py
[2025-01-08T18:51:48.999+0000] {processor.py:914} INFO - Processing file /home/airflow/.local/lib/python3.12/site-packages/airflow/example_dags/example_display_name.py for tasks to queue
[2025-01-08T18:51:49.001+0000] {logging_mixin.py:190} INFO - [2025-01-08T18:51:49.001+0000] {dagbag.py:588} INFO - Filling up the DagBag from /home/airflow/.local/lib/python3.12/site-packages/airflow/example_dags/example_display_name.py
[2025-01-08T18:51:49.010+0000] {processor.py:925} INFO - DAG(s) 'example_display_name' retrieved from /home/airflow/.local/lib/python3.12/site-packages/airflow/example_dags/example_display_name.py
[2025-01-08T18:51:49.037+0000] {logging_mixin.py:190} INFO - [2025-01-08T18:51:49.036+0000] {dag.py:3239} INFO - Sync 1 DAGs
[2025-01-08T18:51:49.054+0000] {logging_mixin.py:190} INFO - [2025-01-08T18:51:49.054+0000] {dag.py:4180} INFO - Setting next_dagrun for example_display_name to None, run_after=None
[2025-01-08T18:51:49.074+0000] {processor.py:208} INFO - Processing /home/airflow/.local/lib/python3.12/site-packages/airflow/example_dags/example_display_name.py took 0.082 seconds
[2025-01-08T18:52:19.496+0000] {processor.py:186} INFO - Started process (PID=1122) to work on /home/airflow/.local/lib/python3.12/site-packages/airflow/example_dags/example_display_name.py
[2025-01-08T18:52:19.497+0000] {processor.py:914} INFO - Processing file /home/airflow/.local/lib/python3.12/site-packages/airflow/example_dags/example_display_name.py for tasks to queue
[2025-01-08T18:52:19.499+0000] {logging_mixin.py:190} INFO - [2025-01-08T18:52:19.499+0000] {dagbag.py:588} INFO - Filling up the DagBag from /home/airflow/.local/lib/python3.12/site-packages/airflow/example_dags/example_display_name.py
[2025-01-08T18:52:19.509+0000] {processor.py:925} INFO - DAG(s) 'example_display_name' retrieved from /home/airflow/.local/lib/python3.12/site-packages/airflow/example_dags/example_display_name.py
[2025-01-08T18:52:19.529+0000] {logging_mixin.py:190} INFO - [2025-01-08T18:52:19.529+0000] {dag.py:3239} INFO - Sync 1 DAGs
[2025-01-08T18:52:19.545+0000] {logging_mixin.py:190} INFO - [2025-01-08T18:52:19.545+0000] {dag.py:4180} INFO - Setting next_dagrun for example_display_name to None, run_after=None
[2025-01-08T18:52:19.562+0000] {processor.py:208} INFO - Processing /home/airflow/.local/lib/python3.12/site-packages/airflow/example_dags/example_display_name.py took 0.071 seconds
[2025-01-08T18:52:50.079+0000] {processor.py:186} INFO - Started process (PID=1187) to work on /home/airflow/.local/lib/python3.12/site-packages/airflow/example_dags/example_display_name.py
[2025-01-08T18:52:50.079+0000] {processor.py:914} INFO - Processing file /home/airflow/.local/lib/python3.12/site-packages/airflow/example_dags/example_display_name.py for tasks to queue
[2025-01-08T18:52:50.082+0000] {logging_mixin.py:190} INFO - [2025-01-08T18:52:50.082+0000] {dagbag.py:588} INFO - Filling up the DagBag from /home/airflow/.local/lib/python3.12/site-packages/airflow/example_dags/example_display_name.py
[2025-01-08T18:52:50.090+0000] {processor.py:925} INFO - DAG(s) 'example_display_name' retrieved from /home/airflow/.local/lib/python3.12/site-packages/airflow/example_dags/example_display_name.py
[2025-01-08T18:52:50.110+0000] {logging_mixin.py:190} INFO - [2025-01-08T18:52:50.110+0000] {dag.py:3239} INFO - Sync 1 DAGs
[2025-01-08T18:52:50.124+0000] {logging_mixin.py:190} INFO - [2025-01-08T18:52:50.124+0000] {dag.py:4180} INFO - Setting next_dagrun for example_display_name to None, run_after=None
[2025-01-08T18:52:50.140+0000] {processor.py:208} INFO - Processing /home/airflow/.local/lib/python3.12/site-packages/airflow/example_dags/example_display_name.py took 0.067 seconds
[2025-01-08T18:53:20.410+0000] {processor.py:186} INFO - Started process (PID=1244) to work on /home/airflow/.local/lib/python3.12/site-packages/airflow/example_dags/example_display_name.py
[2025-01-08T18:53:20.413+0000] {processor.py:914} INFO - Processing file /home/airflow/.local/lib/python3.12/site-packages/airflow/example_dags/example_display_name.py for tasks to queue
[2025-01-08T18:53:20.415+0000] {logging_mixin.py:190} INFO - [2025-01-08T18:53:20.415+0000] {dagbag.py:588} INFO - Filling up the DagBag from /home/airflow/.local/lib/python3.12/site-packages/airflow/example_dags/example_display_name.py
[2025-01-08T18:53:20.434+0000] {processor.py:925} INFO - DAG(s) 'example_display_name' retrieved from /home/airflow/.local/lib/python3.12/site-packages/airflow/example_dags/example_display_name.py
[2025-01-08T18:53:20.490+0000] {logging_mixin.py:190} INFO - [2025-01-08T18:53:20.489+0000] {dag.py:3239} INFO - Sync 1 DAGs
[2025-01-08T18:53:20.540+0000] {logging_mixin.py:190} INFO - [2025-01-08T18:53:20.539+0000] {dag.py:4180} INFO - Setting next_dagrun for example_display_name to None, run_after=None
[2025-01-08T18:53:20.594+0000] {processor.py:208} INFO - Processing /home/airflow/.local/lib/python3.12/site-packages/airflow/example_dags/example_display_name.py took 0.205 seconds
[2025-01-08T18:53:51.336+0000] {processor.py:186} INFO - Started process (PID=1310) to work on /home/airflow/.local/lib/python3.12/site-packages/airflow/example_dags/example_display_name.py
[2025-01-08T18:53:51.337+0000] {processor.py:914} INFO - Processing file /home/airflow/.local/lib/python3.12/site-packages/airflow/example_dags/example_display_name.py for tasks to queue
[2025-01-08T18:53:51.339+0000] {logging_mixin.py:190} INFO - [2025-01-08T18:53:51.338+0000] {dagbag.py:588} INFO - Filling up the DagBag from /home/airflow/.local/lib/python3.12/site-packages/airflow/example_dags/example_display_name.py
[2025-01-08T18:53:51.354+0000] {processor.py:925} INFO - DAG(s) 'example_display_name' retrieved from /home/airflow/.local/lib/python3.12/site-packages/airflow/example_dags/example_display_name.py
[2025-01-08T18:53:51.403+0000] {logging_mixin.py:190} INFO - [2025-01-08T18:53:51.403+0000] {dag.py:3239} INFO - Sync 1 DAGs
[2025-01-08T18:53:51.418+0000] {logging_mixin.py:190} INFO - [2025-01-08T18:53:51.418+0000] {dag.py:4180} INFO - Setting next_dagrun for example_display_name to None, run_after=None
[2025-01-08T18:53:51.438+0000] {processor.py:208} INFO - Processing /home/airflow/.local/lib/python3.12/site-packages/airflow/example_dags/example_display_name.py took 0.108 seconds
[2025-01-08T18:54:21.763+0000] {processor.py:186} INFO - Started process (PID=1376) to work on /home/airflow/.local/lib/python3.12/site-packages/airflow/example_dags/example_display_name.py
[2025-01-08T18:54:21.764+0000] {processor.py:914} INFO - Processing file /home/airflow/.local/lib/python3.12/site-packages/airflow/example_dags/example_display_name.py for tasks to queue
[2025-01-08T18:54:21.768+0000] {logging_mixin.py:190} INFO - [2025-01-08T18:54:21.768+0000] {dagbag.py:588} INFO - Filling up the DagBag from /home/airflow/.local/lib/python3.12/site-packages/airflow/example_dags/example_display_name.py
[2025-01-08T18:54:21.780+0000] {processor.py:925} INFO - DAG(s) 'example_display_name' retrieved from /home/airflow/.local/lib/python3.12/site-packages/airflow/example_dags/example_display_name.py
[2025-01-08T18:54:21.839+0000] {logging_mixin.py:190} INFO - [2025-01-08T18:54:21.838+0000] {dag.py:3239} INFO - Sync 1 DAGs
[2025-01-08T18:54:21.869+0000] {logging_mixin.py:190} INFO - [2025-01-08T18:54:21.869+0000] {dag.py:4180} INFO - Setting next_dagrun for example_display_name to None, run_after=None
[2025-01-08T18:54:21.904+0000] {processor.py:208} INFO - Processing /home/airflow/.local/lib/python3.12/site-packages/airflow/example_dags/example_display_name.py took 0.159 seconds
[2025-01-08T18:54:52.023+0000] {processor.py:186} INFO - Started process (PID=1441) to work on /home/airflow/.local/lib/python3.12/site-packages/airflow/example_dags/example_display_name.py
[2025-01-08T18:54:52.023+0000] {processor.py:914} INFO - Processing file /home/airflow/.local/lib/python3.12/site-packages/airflow/example_dags/example_display_name.py for tasks to queue
[2025-01-08T18:54:52.025+0000] {logging_mixin.py:190} INFO - [2025-01-08T18:54:52.025+0000] {dagbag.py:588} INFO - Filling up the DagBag from /home/airflow/.local/lib/python3.12/site-packages/airflow/example_dags/example_display_name.py
[2025-01-08T18:54:52.031+0000] {processor.py:925} INFO - DAG(s) 'example_display_name' retrieved from /home/airflow/.local/lib/python3.12/site-packages/airflow/example_dags/example_display_name.py
[2025-01-08T18:54:52.046+0000] {logging_mixin.py:190} INFO - [2025-01-08T18:54:52.045+0000] {dag.py:3239} INFO - Sync 1 DAGs
[2025-01-08T18:54:52.056+0000] {logging_mixin.py:190} INFO - [2025-01-08T18:54:52.056+0000] {dag.py:4180} INFO - Setting next_dagrun for example_display_name to None, run_after=None
[2025-01-08T18:54:52.068+0000] {processor.py:208} INFO - Processing /home/airflow/.local/lib/python3.12/site-packages/airflow/example_dags/example_display_name.py took 0.050 seconds
[2025-01-08T18:55:22.977+0000] {processor.py:186} INFO - Started process (PID=1505) to work on /home/airflow/.local/lib/python3.12/site-packages/airflow/example_dags/example_display_name.py
[2025-01-08T18:55:22.991+0000] {processor.py:914} INFO - Processing file /home/airflow/.local/lib/python3.12/site-packages/airflow/example_dags/example_display_name.py for tasks to queue
[2025-01-08T18:55:22.993+0000] {logging_mixin.py:190} INFO - [2025-01-08T18:55:22.993+0000] {dagbag.py:588} INFO - Filling up the DagBag from /home/airflow/.local/lib/python3.12/site-packages/airflow/example_dags/example_display_name.py
[2025-01-08T18:55:23.006+0000] {processor.py:925} INFO - DAG(s) 'example_display_name' retrieved from /home/airflow/.local/lib/python3.12/site-packages/airflow/example_dags/example_display_name.py
[2025-01-08T18:55:23.062+0000] {logging_mixin.py:190} INFO - [2025-01-08T18:55:23.062+0000] {dag.py:3239} INFO - Sync 1 DAGs
[2025-01-08T18:55:23.101+0000] {logging_mixin.py:190} INFO - [2025-01-08T18:55:23.101+0000] {dag.py:4180} INFO - Setting next_dagrun for example_display_name to None, run_after=None
[2025-01-08T18:55:23.177+0000] {processor.py:208} INFO - Processing /home/airflow/.local/lib/python3.12/site-packages/airflow/example_dags/example_display_name.py took 0.212 seconds
[2025-01-08T18:55:53.256+0000] {processor.py:186} INFO - Started process (PID=1570) to work on /home/airflow/.local/lib/python3.12/site-packages/airflow/example_dags/example_display_name.py
[2025-01-08T18:55:53.257+0000] {processor.py:914} INFO - Processing file /home/airflow/.local/lib/python3.12/site-packages/airflow/example_dags/example_display_name.py for tasks to queue
[2025-01-08T18:55:53.259+0000] {logging_mixin.py:190} INFO - [2025-01-08T18:55:53.259+0000] {dagbag.py:588} INFO - Filling up the DagBag from /home/airflow/.local/lib/python3.12/site-packages/airflow/example_dags/example_display_name.py
[2025-01-08T18:55:53.278+0000] {processor.py:925} INFO - DAG(s) 'example_display_name' retrieved from /home/airflow/.local/lib/python3.12/site-packages/airflow/example_dags/example_display_name.py
[2025-01-08T18:55:53.297+0000] {logging_mixin.py:190} INFO - [2025-01-08T18:55:53.297+0000] {dag.py:3239} INFO - Sync 1 DAGs
[2025-01-08T18:55:53.313+0000] {logging_mixin.py:190} INFO - [2025-01-08T18:55:53.313+0000] {dag.py:4180} INFO - Setting next_dagrun for example_display_name to None, run_after=None
[2025-01-08T18:55:53.328+0000] {processor.py:208} INFO - Processing /home/airflow/.local/lib/python3.12/site-packages/airflow/example_dags/example_display_name.py took 0.077 seconds
[2025-01-08T18:56:23.576+0000] {processor.py:186} INFO - Started process (PID=1635) to work on /home/airflow/.local/lib/python3.12/site-packages/airflow/example_dags/example_display_name.py
[2025-01-08T18:56:23.587+0000] {processor.py:914} INFO - Processing file /home/airflow/.local/lib/python3.12/site-packages/airflow/example_dags/example_display_name.py for tasks to queue
[2025-01-08T18:56:23.594+0000] {logging_mixin.py:190} INFO - [2025-01-08T18:56:23.593+0000] {dagbag.py:588} INFO - Filling up the DagBag from /home/airflow/.local/lib/python3.12/site-packages/airflow/example_dags/example_display_name.py
[2025-01-08T18:56:23.607+0000] {processor.py:925} INFO - DAG(s) 'example_display_name' retrieved from /home/airflow/.local/lib/python3.12/site-packages/airflow/example_dags/example_display_name.py
[2025-01-08T18:56:23.650+0000] {logging_mixin.py:190} INFO - [2025-01-08T18:56:23.649+0000] {dag.py:3239} INFO - Sync 1 DAGs
[2025-01-08T18:56:23.679+0000] {logging_mixin.py:190} INFO - [2025-01-08T18:56:23.679+0000] {dag.py:4180} INFO - Setting next_dagrun for example_display_name to None, run_after=None
[2025-01-08T18:56:23.704+0000] {processor.py:208} INFO - Processing /home/airflow/.local/lib/python3.12/site-packages/airflow/example_dags/example_display_name.py took 0.133 seconds
[2025-01-08T18:56:54.053+0000] {processor.py:186} INFO - Started process (PID=1701) to work on /home/airflow/.local/lib/python3.12/site-packages/airflow/example_dags/example_display_name.py
[2025-01-08T18:56:54.053+0000] {processor.py:914} INFO - Processing file /home/airflow/.local/lib/python3.12/site-packages/airflow/example_dags/example_display_name.py for tasks to queue
[2025-01-08T18:56:54.055+0000] {logging_mixin.py:190} INFO - [2025-01-08T18:56:54.055+0000] {dagbag.py:588} INFO - Filling up the DagBag from /home/airflow/.local/lib/python3.12/site-packages/airflow/example_dags/example_display_name.py
[2025-01-08T18:56:54.063+0000] {processor.py:925} INFO - DAG(s) 'example_display_name' retrieved from /home/airflow/.local/lib/python3.12/site-packages/airflow/example_dags/example_display_name.py
[2025-01-08T18:56:54.081+0000] {logging_mixin.py:190} INFO - [2025-01-08T18:56:54.081+0000] {dag.py:3239} INFO - Sync 1 DAGs
[2025-01-08T18:56:54.097+0000] {logging_mixin.py:190} INFO - [2025-01-08T18:56:54.097+0000] {dag.py:4180} INFO - Setting next_dagrun for example_display_name to None, run_after=None
[2025-01-08T18:56:54.116+0000] {processor.py:208} INFO - Processing /home/airflow/.local/lib/python3.12/site-packages/airflow/example_dags/example_display_name.py took 0.069 seconds
[2025-01-08T18:57:24.580+0000] {processor.py:186} INFO - Started process (PID=1767) to work on /home/airflow/.local/lib/python3.12/site-packages/airflow/example_dags/example_display_name.py
[2025-01-08T18:57:24.581+0000] {processor.py:914} INFO - Processing file /home/airflow/.local/lib/python3.12/site-packages/airflow/example_dags/example_display_name.py for tasks to queue
[2025-01-08T18:57:24.582+0000] {logging_mixin.py:190} INFO - [2025-01-08T18:57:24.582+0000] {dagbag.py:588} INFO - Filling up the DagBag from /home/airflow/.local/lib/python3.12/site-packages/airflow/example_dags/example_display_name.py
[2025-01-08T18:57:24.590+0000] {processor.py:925} INFO - DAG(s) 'example_display_name' retrieved from /home/airflow/.local/lib/python3.12/site-packages/airflow/example_dags/example_display_name.py
[2025-01-08T18:57:24.613+0000] {logging_mixin.py:190} INFO - [2025-01-08T18:57:24.613+0000] {dag.py:3239} INFO - Sync 1 DAGs
[2025-01-08T18:57:24.628+0000] {logging_mixin.py:190} INFO - [2025-01-08T18:57:24.628+0000] {dag.py:4180} INFO - Setting next_dagrun for example_display_name to None, run_after=None
[2025-01-08T18:57:24.647+0000] {processor.py:208} INFO - Processing /home/airflow/.local/lib/python3.12/site-packages/airflow/example_dags/example_display_name.py took 0.073 seconds
[2025-01-08T18:57:55.087+0000] {processor.py:186} INFO - Started process (PID=1832) to work on /home/airflow/.local/lib/python3.12/site-packages/airflow/example_dags/example_display_name.py
[2025-01-08T18:57:55.088+0000] {processor.py:914} INFO - Processing file /home/airflow/.local/lib/python3.12/site-packages/airflow/example_dags/example_display_name.py for tasks to queue
[2025-01-08T18:57:55.090+0000] {logging_mixin.py:190} INFO - [2025-01-08T18:57:55.090+0000] {dagbag.py:588} INFO - Filling up the DagBag from /home/airflow/.local/lib/python3.12/site-packages/airflow/example_dags/example_display_name.py
[2025-01-08T18:57:55.098+0000] {processor.py:925} INFO - DAG(s) 'example_display_name' retrieved from /home/airflow/.local/lib/python3.12/site-packages/airflow/example_dags/example_display_name.py
[2025-01-08T18:57:55.117+0000] {logging_mixin.py:190} INFO - [2025-01-08T18:57:55.117+0000] {dag.py:3239} INFO - Sync 1 DAGs
[2025-01-08T18:57:55.133+0000] {logging_mixin.py:190} INFO - [2025-01-08T18:57:55.133+0000] {dag.py:4180} INFO - Setting next_dagrun for example_display_name to None, run_after=None
[2025-01-08T18:57:55.150+0000] {processor.py:208} INFO - Processing /home/airflow/.local/lib/python3.12/site-packages/airflow/example_dags/example_display_name.py took 0.069 seconds
[2025-01-08T18:58:25.296+0000] {processor.py:186} INFO - Started process (PID=1896) to work on /home/airflow/.local/lib/python3.12/site-packages/airflow/example_dags/example_display_name.py
[2025-01-08T18:58:25.296+0000] {processor.py:914} INFO - Processing file /home/airflow/.local/lib/python3.12/site-packages/airflow/example_dags/example_display_name.py for tasks to queue
[2025-01-08T18:58:25.306+0000] {logging_mixin.py:190} INFO - [2025-01-08T18:58:25.306+0000] {dagbag.py:588} INFO - Filling up the DagBag from /home/airflow/.local/lib/python3.12/site-packages/airflow/example_dags/example_display_name.py
[2025-01-08T18:58:25.314+0000] {processor.py:925} INFO - DAG(s) 'example_display_name' retrieved from /home/airflow/.local/lib/python3.12/site-packages/airflow/example_dags/example_display_name.py
[2025-01-08T18:58:25.351+0000] {logging_mixin.py:190} INFO - [2025-01-08T18:58:25.351+0000] {dag.py:3239} INFO - Sync 1 DAGs
[2025-01-08T18:58:25.376+0000] {logging_mixin.py:190} INFO - [2025-01-08T18:58:25.376+0000] {dag.py:4180} INFO - Setting next_dagrun for example_display_name to None, run_after=None
[2025-01-08T18:58:25.411+0000] {processor.py:208} INFO - Processing /home/airflow/.local/lib/python3.12/site-packages/airflow/example_dags/example_display_name.py took 0.129 seconds
[2025-01-08T18:58:55.984+0000] {processor.py:186} INFO - Started process (PID=1961) to work on /home/airflow/.local/lib/python3.12/site-packages/airflow/example_dags/example_display_name.py
[2025-01-08T18:58:55.985+0000] {processor.py:914} INFO - Processing file /home/airflow/.local/lib/python3.12/site-packages/airflow/example_dags/example_display_name.py for tasks to queue
[2025-01-08T18:58:55.987+0000] {logging_mixin.py:190} INFO - [2025-01-08T18:58:55.987+0000] {dagbag.py:588} INFO - Filling up the DagBag from /home/airflow/.local/lib/python3.12/site-packages/airflow/example_dags/example_display_name.py
[2025-01-08T18:58:56.035+0000] {processor.py:925} INFO - DAG(s) 'example_display_name' retrieved from /home/airflow/.local/lib/python3.12/site-packages/airflow/example_dags/example_display_name.py
[2025-01-08T18:58:56.153+0000] {logging_mixin.py:190} INFO - [2025-01-08T18:58:56.152+0000] {dag.py:3239} INFO - Sync 1 DAGs
[2025-01-08T18:58:56.186+0000] {logging_mixin.py:190} INFO - [2025-01-08T18:58:56.186+0000] {dag.py:4180} INFO - Setting next_dagrun for example_display_name to None, run_after=None
[2025-01-08T18:58:56.227+0000] {processor.py:208} INFO - Processing /home/airflow/.local/lib/python3.12/site-packages/airflow/example_dags/example_display_name.py took 0.273 seconds
[2025-01-08T18:59:26.503+0000] {processor.py:186} INFO - Started process (PID=2026) to work on /home/airflow/.local/lib/python3.12/site-packages/airflow/example_dags/example_display_name.py
[2025-01-08T18:59:26.504+0000] {processor.py:914} INFO - Processing file /home/airflow/.local/lib/python3.12/site-packages/airflow/example_dags/example_display_name.py for tasks to queue
[2025-01-08T18:59:26.506+0000] {logging_mixin.py:190} INFO - [2025-01-08T18:59:26.506+0000] {dagbag.py:588} INFO - Filling up the DagBag from /home/airflow/.local/lib/python3.12/site-packages/airflow/example_dags/example_display_name.py
[2025-01-08T18:59:26.513+0000] {processor.py:925} INFO - DAG(s) 'example_display_name' retrieved from /home/airflow/.local/lib/python3.12/site-packages/airflow/example_dags/example_display_name.py
[2025-01-08T18:59:26.532+0000] {logging_mixin.py:190} INFO - [2025-01-08T18:59:26.532+0000] {dag.py:3239} INFO - Sync 1 DAGs
[2025-01-08T18:59:26.577+0000] {logging_mixin.py:190} INFO - [2025-01-08T18:59:26.576+0000] {dag.py:4180} INFO - Setting next_dagrun for example_display_name to None, run_after=None
[2025-01-08T18:59:26.603+0000] {processor.py:208} INFO - Processing /home/airflow/.local/lib/python3.12/site-packages/airflow/example_dags/example_display_name.py took 0.106 seconds
[2025-01-08T18:59:57.714+0000] {processor.py:186} INFO - Started process (PID=2091) to work on /home/airflow/.local/lib/python3.12/site-packages/airflow/example_dags/example_display_name.py
[2025-01-08T18:59:57.714+0000] {processor.py:914} INFO - Processing file /home/airflow/.local/lib/python3.12/site-packages/airflow/example_dags/example_display_name.py for tasks to queue
[2025-01-08T18:59:57.717+0000] {logging_mixin.py:190} INFO - [2025-01-08T18:59:57.716+0000] {dagbag.py:588} INFO - Filling up the DagBag from /home/airflow/.local/lib/python3.12/site-packages/airflow/example_dags/example_display_name.py
[2025-01-08T18:59:57.726+0000] {processor.py:925} INFO - DAG(s) 'example_display_name' retrieved from /home/airflow/.local/lib/python3.12/site-packages/airflow/example_dags/example_display_name.py
[2025-01-08T18:59:57.749+0000] {logging_mixin.py:190} INFO - [2025-01-08T18:59:57.749+0000] {dag.py:3239} INFO - Sync 1 DAGs
[2025-01-08T18:59:57.766+0000] {logging_mixin.py:190} INFO - [2025-01-08T18:59:57.766+0000] {dag.py:4180} INFO - Setting next_dagrun for example_display_name to None, run_after=None
[2025-01-08T18:59:57.783+0000] {processor.py:208} INFO - Processing /home/airflow/.local/lib/python3.12/site-packages/airflow/example_dags/example_display_name.py took 0.075 seconds
