[2025-01-08T18:44:04.068+0000] {processor.py:186} INFO - Started process (PID=83) to work on /home/airflow/.local/lib/python3.12/site-packages/airflow/example_dags/example_latest_only_with_trigger.py
[2025-01-08T18:44:04.069+0000] {processor.py:914} INFO - Processing file /home/airflow/.local/lib/python3.12/site-packages/airflow/example_dags/example_latest_only_with_trigger.py for tasks to queue
[2025-01-08T18:44:04.097+0000] {logging_mixin.py:190} INFO - [2025-01-08T18:44:04.096+0000] {dagbag.py:588} INFO - Filling up the DagBag from /home/airflow/.local/lib/python3.12/site-packages/airflow/example_dags/example_latest_only_with_trigger.py
[2025-01-08T18:44:04.131+0000] {processor.py:925} INFO - DAG(s) 'latest_only_with_trigger' retrieved from /home/airflow/.local/lib/python3.12/site-packages/airflow/example_dags/example_latest_only_with_trigger.py
[2025-01-08T18:44:04.262+0000] {logging_mixin.py:190} INFO - [2025-01-08T18:44:04.258+0000] {dag.py:3239} INFO - Sync 1 DAGs
[2025-01-08T18:44:04.355+0000] {logging_mixin.py:190} INFO - [2025-01-08T18:44:04.354+0000] {dag.py:4180} INFO - Setting next_dagrun for latest_only_with_trigger to 2025-01-08 12:00:00+00:00, run_after=2025-01-08 16:00:00+00:00
[2025-01-08T18:44:04.468+0000] {processor.py:208} INFO - Processing /home/airflow/.local/lib/python3.12/site-packages/airflow/example_dags/example_latest_only_with_trigger.py took 0.453 seconds
[2025-01-08T18:44:35.000+0000] {processor.py:186} INFO - Started process (PID=148) to work on /home/airflow/.local/lib/python3.12/site-packages/airflow/example_dags/example_latest_only_with_trigger.py
[2025-01-08T18:44:35.002+0000] {processor.py:914} INFO - Processing file /home/airflow/.local/lib/python3.12/site-packages/airflow/example_dags/example_latest_only_with_trigger.py for tasks to queue
[2025-01-08T18:44:35.005+0000] {logging_mixin.py:190} INFO - [2025-01-08T18:44:35.004+0000] {dagbag.py:588} INFO - Filling up the DagBag from /home/airflow/.local/lib/python3.12/site-packages/airflow/example_dags/example_latest_only_with_trigger.py
[2025-01-08T18:44:35.042+0000] {processor.py:925} INFO - DAG(s) 'latest_only_with_trigger' retrieved from /home/airflow/.local/lib/python3.12/site-packages/airflow/example_dags/example_latest_only_with_trigger.py
[2025-01-08T18:44:35.130+0000] {logging_mixin.py:190} INFO - [2025-01-08T18:44:35.129+0000] {dag.py:3239} INFO - Sync 1 DAGs
[2025-01-08T18:44:35.221+0000] {logging_mixin.py:190} INFO - [2025-01-08T18:44:35.221+0000] {dag.py:4180} INFO - Setting next_dagrun for latest_only_with_trigger to 2025-01-08 12:00:00+00:00, run_after=2025-01-08 16:00:00+00:00
[2025-01-08T18:44:35.290+0000] {processor.py:208} INFO - Processing /home/airflow/.local/lib/python3.12/site-packages/airflow/example_dags/example_latest_only_with_trigger.py took 0.301 seconds
[2025-01-08T18:45:08.073+0000] {processor.py:186} INFO - Started process (PID=213) to work on /home/airflow/.local/lib/python3.12/site-packages/airflow/example_dags/example_latest_only_with_trigger.py
[2025-01-08T18:45:08.087+0000] {processor.py:914} INFO - Processing file /home/airflow/.local/lib/python3.12/site-packages/airflow/example_dags/example_latest_only_with_trigger.py for tasks to queue
[2025-01-08T18:45:08.094+0000] {logging_mixin.py:190} INFO - [2025-01-08T18:45:08.089+0000] {dagbag.py:588} INFO - Filling up the DagBag from /home/airflow/.local/lib/python3.12/site-packages/airflow/example_dags/example_latest_only_with_trigger.py
[2025-01-08T18:45:08.124+0000] {processor.py:925} INFO - DAG(s) 'latest_only_with_trigger' retrieved from /home/airflow/.local/lib/python3.12/site-packages/airflow/example_dags/example_latest_only_with_trigger.py
[2025-01-08T18:45:08.184+0000] {logging_mixin.py:190} INFO - [2025-01-08T18:45:08.183+0000] {dag.py:3239} INFO - Sync 1 DAGs
[2025-01-08T18:45:08.292+0000] {logging_mixin.py:190} INFO - [2025-01-08T18:45:08.292+0000] {dag.py:4180} INFO - Setting next_dagrun for latest_only_with_trigger to 2025-01-08 12:00:00+00:00, run_after=2025-01-08 16:00:00+00:00
[2025-01-08T18:45:08.366+0000] {processor.py:208} INFO - Processing /home/airflow/.local/lib/python3.12/site-packages/airflow/example_dags/example_latest_only_with_trigger.py took 0.325 seconds
[2025-01-08T18:45:39.059+0000] {processor.py:186} INFO - Started process (PID=277) to work on /home/airflow/.local/lib/python3.12/site-packages/airflow/example_dags/example_latest_only_with_trigger.py
[2025-01-08T18:45:39.060+0000] {processor.py:914} INFO - Processing file /home/airflow/.local/lib/python3.12/site-packages/airflow/example_dags/example_latest_only_with_trigger.py for tasks to queue
[2025-01-08T18:45:39.062+0000] {logging_mixin.py:190} INFO - [2025-01-08T18:45:39.062+0000] {dagbag.py:588} INFO - Filling up the DagBag from /home/airflow/.local/lib/python3.12/site-packages/airflow/example_dags/example_latest_only_with_trigger.py
[2025-01-08T18:45:39.069+0000] {processor.py:925} INFO - DAG(s) 'latest_only_with_trigger' retrieved from /home/airflow/.local/lib/python3.12/site-packages/airflow/example_dags/example_latest_only_with_trigger.py
[2025-01-08T18:45:39.116+0000] {logging_mixin.py:190} INFO - [2025-01-08T18:45:39.116+0000] {dag.py:3239} INFO - Sync 1 DAGs
[2025-01-08T18:45:39.155+0000] {logging_mixin.py:190} INFO - [2025-01-08T18:45:39.155+0000] {dag.py:4180} INFO - Setting next_dagrun for latest_only_with_trigger to 2025-01-08 12:00:00+00:00, run_after=2025-01-08 16:00:00+00:00
[2025-01-08T18:45:39.170+0000] {processor.py:208} INFO - Processing /home/airflow/.local/lib/python3.12/site-packages/airflow/example_dags/example_latest_only_with_trigger.py took 0.120 seconds
[2025-01-08T18:46:09.801+0000] {processor.py:186} INFO - Started process (PID=342) to work on /home/airflow/.local/lib/python3.12/site-packages/airflow/example_dags/example_latest_only_with_trigger.py
[2025-01-08T18:46:09.810+0000] {processor.py:914} INFO - Processing file /home/airflow/.local/lib/python3.12/site-packages/airflow/example_dags/example_latest_only_with_trigger.py for tasks to queue
[2025-01-08T18:46:09.812+0000] {logging_mixin.py:190} INFO - [2025-01-08T18:46:09.812+0000] {dagbag.py:588} INFO - Filling up the DagBag from /home/airflow/.local/lib/python3.12/site-packages/airflow/example_dags/example_latest_only_with_trigger.py
[2025-01-08T18:46:09.828+0000] {processor.py:925} INFO - DAG(s) 'latest_only_with_trigger' retrieved from /home/airflow/.local/lib/python3.12/site-packages/airflow/example_dags/example_latest_only_with_trigger.py
[2025-01-08T18:46:09.867+0000] {logging_mixin.py:190} INFO - [2025-01-08T18:46:09.867+0000] {dag.py:3239} INFO - Sync 1 DAGs
[2025-01-08T18:46:09.982+0000] {logging_mixin.py:190} INFO - [2025-01-08T18:46:09.982+0000] {dag.py:4180} INFO - Setting next_dagrun for latest_only_with_trigger to 2025-01-08 12:00:00+00:00, run_after=2025-01-08 16:00:00+00:00
[2025-01-08T18:46:10.029+0000] {processor.py:208} INFO - Processing /home/airflow/.local/lib/python3.12/site-packages/airflow/example_dags/example_latest_only_with_trigger.py took 0.234 seconds
[2025-01-08T18:46:40.174+0000] {processor.py:186} INFO - Started process (PID=406) to work on /home/airflow/.local/lib/python3.12/site-packages/airflow/example_dags/example_latest_only_with_trigger.py
[2025-01-08T18:46:40.175+0000] {processor.py:914} INFO - Processing file /home/airflow/.local/lib/python3.12/site-packages/airflow/example_dags/example_latest_only_with_trigger.py for tasks to queue
[2025-01-08T18:46:40.178+0000] {logging_mixin.py:190} INFO - [2025-01-08T18:46:40.177+0000] {dagbag.py:588} INFO - Filling up the DagBag from /home/airflow/.local/lib/python3.12/site-packages/airflow/example_dags/example_latest_only_with_trigger.py
[2025-01-08T18:46:40.186+0000] {processor.py:925} INFO - DAG(s) 'latest_only_with_trigger' retrieved from /home/airflow/.local/lib/python3.12/site-packages/airflow/example_dags/example_latest_only_with_trigger.py
[2025-01-08T18:46:40.208+0000] {logging_mixin.py:190} INFO - [2025-01-08T18:46:40.208+0000] {dag.py:3239} INFO - Sync 1 DAGs
[2025-01-08T18:46:40.234+0000] {logging_mixin.py:190} INFO - [2025-01-08T18:46:40.234+0000] {dag.py:4180} INFO - Setting next_dagrun for latest_only_with_trigger to 2025-01-08 12:00:00+00:00, run_after=2025-01-08 16:00:00+00:00
[2025-01-08T18:46:40.252+0000] {processor.py:208} INFO - Processing /home/airflow/.local/lib/python3.12/site-packages/airflow/example_dags/example_latest_only_with_trigger.py took 0.086 seconds
[2025-01-08T18:47:10.755+0000] {processor.py:186} INFO - Started process (PID=471) to work on /home/airflow/.local/lib/python3.12/site-packages/airflow/example_dags/example_latest_only_with_trigger.py
[2025-01-08T18:47:10.756+0000] {processor.py:914} INFO - Processing file /home/airflow/.local/lib/python3.12/site-packages/airflow/example_dags/example_latest_only_with_trigger.py for tasks to queue
[2025-01-08T18:47:10.758+0000] {logging_mixin.py:190} INFO - [2025-01-08T18:47:10.758+0000] {dagbag.py:588} INFO - Filling up the DagBag from /home/airflow/.local/lib/python3.12/site-packages/airflow/example_dags/example_latest_only_with_trigger.py
[2025-01-08T18:47:10.767+0000] {processor.py:925} INFO - DAG(s) 'latest_only_with_trigger' retrieved from /home/airflow/.local/lib/python3.12/site-packages/airflow/example_dags/example_latest_only_with_trigger.py
[2025-01-08T18:47:10.789+0000] {logging_mixin.py:190} INFO - [2025-01-08T18:47:10.789+0000] {dag.py:3239} INFO - Sync 1 DAGs
[2025-01-08T18:47:10.821+0000] {logging_mixin.py:190} INFO - [2025-01-08T18:47:10.820+0000] {dag.py:4180} INFO - Setting next_dagrun for latest_only_with_trigger to 2025-01-08 12:00:00+00:00, run_after=2025-01-08 16:00:00+00:00
[2025-01-08T18:47:10.837+0000] {processor.py:208} INFO - Processing /home/airflow/.local/lib/python3.12/site-packages/airflow/example_dags/example_latest_only_with_trigger.py took 0.088 seconds
[2025-01-08T18:47:41.185+0000] {processor.py:186} INFO - Started process (PID=537) to work on /home/airflow/.local/lib/python3.12/site-packages/airflow/example_dags/example_latest_only_with_trigger.py
[2025-01-08T18:47:41.185+0000] {processor.py:914} INFO - Processing file /home/airflow/.local/lib/python3.12/site-packages/airflow/example_dags/example_latest_only_with_trigger.py for tasks to queue
[2025-01-08T18:47:41.188+0000] {logging_mixin.py:190} INFO - [2025-01-08T18:47:41.187+0000] {dagbag.py:588} INFO - Filling up the DagBag from /home/airflow/.local/lib/python3.12/site-packages/airflow/example_dags/example_latest_only_with_trigger.py
[2025-01-08T18:47:41.195+0000] {processor.py:925} INFO - DAG(s) 'latest_only_with_trigger' retrieved from /home/airflow/.local/lib/python3.12/site-packages/airflow/example_dags/example_latest_only_with_trigger.py
[2025-01-08T18:47:41.217+0000] {logging_mixin.py:190} INFO - [2025-01-08T18:47:41.217+0000] {dag.py:3239} INFO - Sync 1 DAGs
[2025-01-08T18:47:41.243+0000] {logging_mixin.py:190} INFO - [2025-01-08T18:47:41.243+0000] {dag.py:4180} INFO - Setting next_dagrun for latest_only_with_trigger to 2025-01-08 12:00:00+00:00, run_after=2025-01-08 16:00:00+00:00
[2025-01-08T18:47:41.265+0000] {processor.py:208} INFO - Processing /home/airflow/.local/lib/python3.12/site-packages/airflow/example_dags/example_latest_only_with_trigger.py took 0.086 seconds
[2025-01-08T18:48:11.592+0000] {processor.py:186} INFO - Started process (PID=602) to work on /home/airflow/.local/lib/python3.12/site-packages/airflow/example_dags/example_latest_only_with_trigger.py
[2025-01-08T18:48:11.602+0000] {processor.py:914} INFO - Processing file /home/airflow/.local/lib/python3.12/site-packages/airflow/example_dags/example_latest_only_with_trigger.py for tasks to queue
[2025-01-08T18:48:11.607+0000] {logging_mixin.py:190} INFO - [2025-01-08T18:48:11.607+0000] {dagbag.py:588} INFO - Filling up the DagBag from /home/airflow/.local/lib/python3.12/site-packages/airflow/example_dags/example_latest_only_with_trigger.py
[2025-01-08T18:48:11.641+0000] {processor.py:925} INFO - DAG(s) 'latest_only_with_trigger' retrieved from /home/airflow/.local/lib/python3.12/site-packages/airflow/example_dags/example_latest_only_with_trigger.py
[2025-01-08T18:48:11.783+0000] {logging_mixin.py:190} INFO - [2025-01-08T18:48:11.783+0000] {dag.py:3239} INFO - Sync 1 DAGs
[2025-01-08T18:48:11.868+0000] {logging_mixin.py:190} INFO - [2025-01-08T18:48:11.868+0000] {dag.py:4180} INFO - Setting next_dagrun for latest_only_with_trigger to 2025-01-08 12:00:00+00:00, run_after=2025-01-08 16:00:00+00:00
[2025-01-08T18:48:11.950+0000] {processor.py:208} INFO - Processing /home/airflow/.local/lib/python3.12/site-packages/airflow/example_dags/example_latest_only_with_trigger.py took 0.374 seconds
[2025-01-08T18:48:42.123+0000] {processor.py:186} INFO - Started process (PID=667) to work on /home/airflow/.local/lib/python3.12/site-packages/airflow/example_dags/example_latest_only_with_trigger.py
[2025-01-08T18:48:42.123+0000] {processor.py:914} INFO - Processing file /home/airflow/.local/lib/python3.12/site-packages/airflow/example_dags/example_latest_only_with_trigger.py for tasks to queue
[2025-01-08T18:48:42.125+0000] {logging_mixin.py:190} INFO - [2025-01-08T18:48:42.125+0000] {dagbag.py:588} INFO - Filling up the DagBag from /home/airflow/.local/lib/python3.12/site-packages/airflow/example_dags/example_latest_only_with_trigger.py
[2025-01-08T18:48:42.134+0000] {processor.py:925} INFO - DAG(s) 'latest_only_with_trigger' retrieved from /home/airflow/.local/lib/python3.12/site-packages/airflow/example_dags/example_latest_only_with_trigger.py
[2025-01-08T18:48:42.156+0000] {logging_mixin.py:190} INFO - [2025-01-08T18:48:42.155+0000] {dag.py:3239} INFO - Sync 1 DAGs
[2025-01-08T18:48:42.181+0000] {logging_mixin.py:190} INFO - [2025-01-08T18:48:42.181+0000] {dag.py:4180} INFO - Setting next_dagrun for latest_only_with_trigger to 2025-01-08 12:00:00+00:00, run_after=2025-01-08 16:00:00+00:00
[2025-01-08T18:48:42.198+0000] {processor.py:208} INFO - Processing /home/airflow/.local/lib/python3.12/site-packages/airflow/example_dags/example_latest_only_with_trigger.py took 0.089 seconds
[2025-01-08T18:49:12.532+0000] {processor.py:186} INFO - Started process (PID=733) to work on /home/airflow/.local/lib/python3.12/site-packages/airflow/example_dags/example_latest_only_with_trigger.py
[2025-01-08T18:49:12.536+0000] {processor.py:914} INFO - Processing file /home/airflow/.local/lib/python3.12/site-packages/airflow/example_dags/example_latest_only_with_trigger.py for tasks to queue
[2025-01-08T18:49:12.538+0000] {logging_mixin.py:190} INFO - [2025-01-08T18:49:12.538+0000] {dagbag.py:588} INFO - Filling up the DagBag from /home/airflow/.local/lib/python3.12/site-packages/airflow/example_dags/example_latest_only_with_trigger.py
[2025-01-08T18:49:12.551+0000] {processor.py:925} INFO - DAG(s) 'latest_only_with_trigger' retrieved from /home/airflow/.local/lib/python3.12/site-packages/airflow/example_dags/example_latest_only_with_trigger.py
[2025-01-08T18:49:12.573+0000] {logging_mixin.py:190} INFO - [2025-01-08T18:49:12.573+0000] {dag.py:3239} INFO - Sync 1 DAGs
[2025-01-08T18:49:12.604+0000] {logging_mixin.py:190} INFO - [2025-01-08T18:49:12.603+0000] {dag.py:4180} INFO - Setting next_dagrun for latest_only_with_trigger to 2025-01-08 12:00:00+00:00, run_after=2025-01-08 16:00:00+00:00
[2025-01-08T18:49:12.627+0000] {processor.py:208} INFO - Processing /home/airflow/.local/lib/python3.12/site-packages/airflow/example_dags/example_latest_only_with_trigger.py took 0.107 seconds
[2025-01-08T18:49:44.302+0000] {processor.py:186} INFO - Started process (PID=789) to work on /home/airflow/.local/lib/python3.12/site-packages/airflow/example_dags/example_latest_only_with_trigger.py
[2025-01-08T18:49:44.303+0000] {processor.py:914} INFO - Processing file /home/airflow/.local/lib/python3.12/site-packages/airflow/example_dags/example_latest_only_with_trigger.py for tasks to queue
[2025-01-08T18:49:44.310+0000] {logging_mixin.py:190} INFO - [2025-01-08T18:49:44.310+0000] {dagbag.py:588} INFO - Filling up the DagBag from /home/airflow/.local/lib/python3.12/site-packages/airflow/example_dags/example_latest_only_with_trigger.py
[2025-01-08T18:49:44.327+0000] {processor.py:925} INFO - DAG(s) 'latest_only_with_trigger' retrieved from /home/airflow/.local/lib/python3.12/site-packages/airflow/example_dags/example_latest_only_with_trigger.py
[2025-01-08T18:49:44.373+0000] {logging_mixin.py:190} INFO - [2025-01-08T18:49:44.373+0000] {dag.py:3239} INFO - Sync 1 DAGs
[2025-01-08T18:49:44.405+0000] {logging_mixin.py:190} INFO - [2025-01-08T18:49:44.404+0000] {dag.py:4180} INFO - Setting next_dagrun for latest_only_with_trigger to 2025-01-08 12:00:00+00:00, run_after=2025-01-08 16:00:00+00:00
[2025-01-08T18:49:44.456+0000] {processor.py:208} INFO - Processing /home/airflow/.local/lib/python3.12/site-packages/airflow/example_dags/example_latest_only_with_trigger.py took 0.185 seconds
[2025-01-08T18:50:14.852+0000] {processor.py:186} INFO - Started process (PID=854) to work on /home/airflow/.local/lib/python3.12/site-packages/airflow/example_dags/example_latest_only_with_trigger.py
[2025-01-08T18:50:14.852+0000] {processor.py:914} INFO - Processing file /home/airflow/.local/lib/python3.12/site-packages/airflow/example_dags/example_latest_only_with_trigger.py for tasks to queue
[2025-01-08T18:50:14.854+0000] {logging_mixin.py:190} INFO - [2025-01-08T18:50:14.854+0000] {dagbag.py:588} INFO - Filling up the DagBag from /home/airflow/.local/lib/python3.12/site-packages/airflow/example_dags/example_latest_only_with_trigger.py
[2025-01-08T18:50:14.860+0000] {processor.py:925} INFO - DAG(s) 'latest_only_with_trigger' retrieved from /home/airflow/.local/lib/python3.12/site-packages/airflow/example_dags/example_latest_only_with_trigger.py
[2025-01-08T18:50:14.875+0000] {logging_mixin.py:190} INFO - [2025-01-08T18:50:14.875+0000] {dag.py:3239} INFO - Sync 1 DAGs
[2025-01-08T18:50:14.892+0000] {logging_mixin.py:190} INFO - [2025-01-08T18:50:14.891+0000] {dag.py:4180} INFO - Setting next_dagrun for latest_only_with_trigger to 2025-01-08 12:00:00+00:00, run_after=2025-01-08 16:00:00+00:00
[2025-01-08T18:50:14.910+0000] {processor.py:208} INFO - Processing /home/airflow/.local/lib/python3.12/site-packages/airflow/example_dags/example_latest_only_with_trigger.py took 0.063 seconds
[2025-01-08T18:50:45.310+0000] {processor.py:186} INFO - Started process (PID=917) to work on /home/airflow/.local/lib/python3.12/site-packages/airflow/example_dags/example_latest_only_with_trigger.py
[2025-01-08T18:50:45.310+0000] {processor.py:914} INFO - Processing file /home/airflow/.local/lib/python3.12/site-packages/airflow/example_dags/example_latest_only_with_trigger.py for tasks to queue
[2025-01-08T18:50:45.313+0000] {logging_mixin.py:190} INFO - [2025-01-08T18:50:45.312+0000] {dagbag.py:588} INFO - Filling up the DagBag from /home/airflow/.local/lib/python3.12/site-packages/airflow/example_dags/example_latest_only_with_trigger.py
[2025-01-08T18:50:45.321+0000] {processor.py:925} INFO - DAG(s) 'latest_only_with_trigger' retrieved from /home/airflow/.local/lib/python3.12/site-packages/airflow/example_dags/example_latest_only_with_trigger.py
[2025-01-08T18:50:45.343+0000] {logging_mixin.py:190} INFO - [2025-01-08T18:50:45.342+0000] {dag.py:3239} INFO - Sync 1 DAGs
[2025-01-08T18:50:45.370+0000] {logging_mixin.py:190} INFO - [2025-01-08T18:50:45.370+0000] {dag.py:4180} INFO - Setting next_dagrun for latest_only_with_trigger to 2025-01-08 12:00:00+00:00, run_after=2025-01-08 16:00:00+00:00
[2025-01-08T18:50:45.388+0000] {processor.py:208} INFO - Processing /home/airflow/.local/lib/python3.12/site-packages/airflow/example_dags/example_latest_only_with_trigger.py took 0.084 seconds
[2025-01-08T18:51:15.840+0000] {processor.py:186} INFO - Started process (PID=982) to work on /home/airflow/.local/lib/python3.12/site-packages/airflow/example_dags/example_latest_only_with_trigger.py
[2025-01-08T18:51:15.841+0000] {processor.py:914} INFO - Processing file /home/airflow/.local/lib/python3.12/site-packages/airflow/example_dags/example_latest_only_with_trigger.py for tasks to queue
[2025-01-08T18:51:15.842+0000] {logging_mixin.py:190} INFO - [2025-01-08T18:51:15.842+0000] {dagbag.py:588} INFO - Filling up the DagBag from /home/airflow/.local/lib/python3.12/site-packages/airflow/example_dags/example_latest_only_with_trigger.py
[2025-01-08T18:51:15.849+0000] {processor.py:925} INFO - DAG(s) 'latest_only_with_trigger' retrieved from /home/airflow/.local/lib/python3.12/site-packages/airflow/example_dags/example_latest_only_with_trigger.py
[2025-01-08T18:51:15.864+0000] {logging_mixin.py:190} INFO - [2025-01-08T18:51:15.864+0000] {dag.py:3239} INFO - Sync 1 DAGs
[2025-01-08T18:51:15.881+0000] {logging_mixin.py:190} INFO - [2025-01-08T18:51:15.881+0000] {dag.py:4180} INFO - Setting next_dagrun for latest_only_with_trigger to 2025-01-08 12:00:00+00:00, run_after=2025-01-08 16:00:00+00:00
[2025-01-08T18:51:15.894+0000] {processor.py:208} INFO - Processing /home/airflow/.local/lib/python3.12/site-packages/airflow/example_dags/example_latest_only_with_trigger.py took 0.059 seconds
[2025-01-08T18:51:46.758+0000] {processor.py:186} INFO - Started process (PID=1044) to work on /home/airflow/.local/lib/python3.12/site-packages/airflow/example_dags/example_latest_only_with_trigger.py
[2025-01-08T18:51:46.759+0000] {processor.py:914} INFO - Processing file /home/airflow/.local/lib/python3.12/site-packages/airflow/example_dags/example_latest_only_with_trigger.py for tasks to queue
[2025-01-08T18:51:46.761+0000] {logging_mixin.py:190} INFO - [2025-01-08T18:51:46.760+0000] {dagbag.py:588} INFO - Filling up the DagBag from /home/airflow/.local/lib/python3.12/site-packages/airflow/example_dags/example_latest_only_with_trigger.py
[2025-01-08T18:51:46.766+0000] {processor.py:925} INFO - DAG(s) 'latest_only_with_trigger' retrieved from /home/airflow/.local/lib/python3.12/site-packages/airflow/example_dags/example_latest_only_with_trigger.py
[2025-01-08T18:51:46.783+0000] {logging_mixin.py:190} INFO - [2025-01-08T18:51:46.783+0000] {dag.py:3239} INFO - Sync 1 DAGs
[2025-01-08T18:51:46.801+0000] {logging_mixin.py:190} INFO - [2025-01-08T18:51:46.801+0000] {dag.py:4180} INFO - Setting next_dagrun for latest_only_with_trigger to 2025-01-08 12:00:00+00:00, run_after=2025-01-08 16:00:00+00:00
[2025-01-08T18:51:46.815+0000] {processor.py:208} INFO - Processing /home/airflow/.local/lib/python3.12/site-packages/airflow/example_dags/example_latest_only_with_trigger.py took 0.061 seconds
[2025-01-08T18:52:17.591+0000] {processor.py:186} INFO - Started process (PID=1109) to work on /home/airflow/.local/lib/python3.12/site-packages/airflow/example_dags/example_latest_only_with_trigger.py
[2025-01-08T18:52:17.592+0000] {processor.py:914} INFO - Processing file /home/airflow/.local/lib/python3.12/site-packages/airflow/example_dags/example_latest_only_with_trigger.py for tasks to queue
[2025-01-08T18:52:17.594+0000] {logging_mixin.py:190} INFO - [2025-01-08T18:52:17.593+0000] {dagbag.py:588} INFO - Filling up the DagBag from /home/airflow/.local/lib/python3.12/site-packages/airflow/example_dags/example_latest_only_with_trigger.py
[2025-01-08T18:52:17.601+0000] {processor.py:925} INFO - DAG(s) 'latest_only_with_trigger' retrieved from /home/airflow/.local/lib/python3.12/site-packages/airflow/example_dags/example_latest_only_with_trigger.py
[2025-01-08T18:52:17.621+0000] {logging_mixin.py:190} INFO - [2025-01-08T18:52:17.621+0000] {dag.py:3239} INFO - Sync 1 DAGs
[2025-01-08T18:52:17.648+0000] {logging_mixin.py:190} INFO - [2025-01-08T18:52:17.648+0000] {dag.py:4180} INFO - Setting next_dagrun for latest_only_with_trigger to 2025-01-08 12:00:00+00:00, run_after=2025-01-08 16:00:00+00:00
[2025-01-08T18:52:17.666+0000] {processor.py:208} INFO - Processing /home/airflow/.local/lib/python3.12/site-packages/airflow/example_dags/example_latest_only_with_trigger.py took 0.082 seconds
[2025-01-08T18:52:48.627+0000] {processor.py:186} INFO - Started process (PID=1175) to work on /home/airflow/.local/lib/python3.12/site-packages/airflow/example_dags/example_latest_only_with_trigger.py
[2025-01-08T18:52:48.631+0000] {processor.py:914} INFO - Processing file /home/airflow/.local/lib/python3.12/site-packages/airflow/example_dags/example_latest_only_with_trigger.py for tasks to queue
[2025-01-08T18:52:48.633+0000] {logging_mixin.py:190} INFO - [2025-01-08T18:52:48.633+0000] {dagbag.py:588} INFO - Filling up the DagBag from /home/airflow/.local/lib/python3.12/site-packages/airflow/example_dags/example_latest_only_with_trigger.py
[2025-01-08T18:52:48.661+0000] {processor.py:925} INFO - DAG(s) 'latest_only_with_trigger' retrieved from /home/airflow/.local/lib/python3.12/site-packages/airflow/example_dags/example_latest_only_with_trigger.py
[2025-01-08T18:52:48.722+0000] {logging_mixin.py:190} INFO - [2025-01-08T18:52:48.722+0000] {dag.py:3239} INFO - Sync 1 DAGs
[2025-01-08T18:52:48.824+0000] {logging_mixin.py:190} INFO - [2025-01-08T18:52:48.824+0000] {dag.py:4180} INFO - Setting next_dagrun for latest_only_with_trigger to 2025-01-08 12:00:00+00:00, run_after=2025-01-08 16:00:00+00:00
[2025-01-08T18:52:48.914+0000] {processor.py:208} INFO - Processing /home/airflow/.local/lib/python3.12/site-packages/airflow/example_dags/example_latest_only_with_trigger.py took 0.305 seconds
[2025-01-08T18:53:19.212+0000] {processor.py:186} INFO - Started process (PID=1240) to work on /home/airflow/.local/lib/python3.12/site-packages/airflow/example_dags/example_latest_only_with_trigger.py
[2025-01-08T18:53:19.212+0000] {processor.py:914} INFO - Processing file /home/airflow/.local/lib/python3.12/site-packages/airflow/example_dags/example_latest_only_with_trigger.py for tasks to queue
[2025-01-08T18:53:19.215+0000] {logging_mixin.py:190} INFO - [2025-01-08T18:53:19.214+0000] {dagbag.py:588} INFO - Filling up the DagBag from /home/airflow/.local/lib/python3.12/site-packages/airflow/example_dags/example_latest_only_with_trigger.py
[2025-01-08T18:53:19.223+0000] {processor.py:925} INFO - DAG(s) 'latest_only_with_trigger' retrieved from /home/airflow/.local/lib/python3.12/site-packages/airflow/example_dags/example_latest_only_with_trigger.py
[2025-01-08T18:53:19.245+0000] {logging_mixin.py:190} INFO - [2025-01-08T18:53:19.245+0000] {dag.py:3239} INFO - Sync 1 DAGs
[2025-01-08T18:53:19.269+0000] {logging_mixin.py:190} INFO - [2025-01-08T18:53:19.268+0000] {dag.py:4180} INFO - Setting next_dagrun for latest_only_with_trigger to 2025-01-08 12:00:00+00:00, run_after=2025-01-08 16:00:00+00:00
[2025-01-08T18:53:19.284+0000] {processor.py:208} INFO - Processing /home/airflow/.local/lib/python3.12/site-packages/airflow/example_dags/example_latest_only_with_trigger.py took 0.079 seconds
[2025-01-08T18:53:50.053+0000] {processor.py:186} INFO - Started process (PID=1306) to work on /home/airflow/.local/lib/python3.12/site-packages/airflow/example_dags/example_latest_only_with_trigger.py
[2025-01-08T18:53:50.054+0000] {processor.py:914} INFO - Processing file /home/airflow/.local/lib/python3.12/site-packages/airflow/example_dags/example_latest_only_with_trigger.py for tasks to queue
[2025-01-08T18:53:50.056+0000] {logging_mixin.py:190} INFO - [2025-01-08T18:53:50.056+0000] {dagbag.py:588} INFO - Filling up the DagBag from /home/airflow/.local/lib/python3.12/site-packages/airflow/example_dags/example_latest_only_with_trigger.py
[2025-01-08T18:53:50.064+0000] {processor.py:925} INFO - DAG(s) 'latest_only_with_trigger' retrieved from /home/airflow/.local/lib/python3.12/site-packages/airflow/example_dags/example_latest_only_with_trigger.py
[2025-01-08T18:53:50.089+0000] {logging_mixin.py:190} INFO - [2025-01-08T18:53:50.086+0000] {dag.py:3239} INFO - Sync 1 DAGs
[2025-01-08T18:53:50.116+0000] {logging_mixin.py:190} INFO - [2025-01-08T18:53:50.116+0000] {dag.py:4180} INFO - Setting next_dagrun for latest_only_with_trigger to 2025-01-08 12:00:00+00:00, run_after=2025-01-08 16:00:00+00:00
[2025-01-08T18:53:50.135+0000] {processor.py:208} INFO - Processing /home/airflow/.local/lib/python3.12/site-packages/airflow/example_dags/example_latest_only_with_trigger.py took 0.088 seconds
[2025-01-08T18:54:21.272+0000] {processor.py:186} INFO - Started process (PID=1372) to work on /home/airflow/.local/lib/python3.12/site-packages/airflow/example_dags/example_latest_only_with_trigger.py
[2025-01-08T18:54:21.278+0000] {processor.py:914} INFO - Processing file /home/airflow/.local/lib/python3.12/site-packages/airflow/example_dags/example_latest_only_with_trigger.py for tasks to queue
[2025-01-08T18:54:21.280+0000] {logging_mixin.py:190} INFO - [2025-01-08T18:54:21.279+0000] {dagbag.py:588} INFO - Filling up the DagBag from /home/airflow/.local/lib/python3.12/site-packages/airflow/example_dags/example_latest_only_with_trigger.py
[2025-01-08T18:54:21.295+0000] {processor.py:925} INFO - DAG(s) 'latest_only_with_trigger' retrieved from /home/airflow/.local/lib/python3.12/site-packages/airflow/example_dags/example_latest_only_with_trigger.py
[2025-01-08T18:54:21.343+0000] {logging_mixin.py:190} INFO - [2025-01-08T18:54:21.343+0000] {dag.py:3239} INFO - Sync 1 DAGs
[2025-01-08T18:54:21.397+0000] {logging_mixin.py:190} INFO - [2025-01-08T18:54:21.396+0000] {dag.py:4180} INFO - Setting next_dagrun for latest_only_with_trigger to 2025-01-08 12:00:00+00:00, run_after=2025-01-08 16:00:00+00:00
[2025-01-08T18:54:21.430+0000] {processor.py:208} INFO - Processing /home/airflow/.local/lib/python3.12/site-packages/airflow/example_dags/example_latest_only_with_trigger.py took 0.164 seconds
[2025-01-08T18:54:51.625+0000] {processor.py:186} INFO - Started process (PID=1437) to work on /home/airflow/.local/lib/python3.12/site-packages/airflow/example_dags/example_latest_only_with_trigger.py
[2025-01-08T18:54:51.626+0000] {processor.py:914} INFO - Processing file /home/airflow/.local/lib/python3.12/site-packages/airflow/example_dags/example_latest_only_with_trigger.py for tasks to queue
[2025-01-08T18:54:51.628+0000] {logging_mixin.py:190} INFO - [2025-01-08T18:54:51.627+0000] {dagbag.py:588} INFO - Filling up the DagBag from /home/airflow/.local/lib/python3.12/site-packages/airflow/example_dags/example_latest_only_with_trigger.py
[2025-01-08T18:54:51.642+0000] {processor.py:925} INFO - DAG(s) 'latest_only_with_trigger' retrieved from /home/airflow/.local/lib/python3.12/site-packages/airflow/example_dags/example_latest_only_with_trigger.py
[2025-01-08T18:54:51.669+0000] {logging_mixin.py:190} INFO - [2025-01-08T18:54:51.669+0000] {dag.py:3239} INFO - Sync 1 DAGs
[2025-01-08T18:54:51.694+0000] {logging_mixin.py:190} INFO - [2025-01-08T18:54:51.694+0000] {dag.py:4180} INFO - Setting next_dagrun for latest_only_with_trigger to 2025-01-08 12:00:00+00:00, run_after=2025-01-08 16:00:00+00:00
[2025-01-08T18:54:51.762+0000] {processor.py:208} INFO - Processing /home/airflow/.local/lib/python3.12/site-packages/airflow/example_dags/example_latest_only_with_trigger.py took 0.143 seconds
[2025-01-08T18:55:22.623+0000] {processor.py:186} INFO - Started process (PID=1502) to work on /home/airflow/.local/lib/python3.12/site-packages/airflow/example_dags/example_latest_only_with_trigger.py
[2025-01-08T18:55:22.624+0000] {processor.py:914} INFO - Processing file /home/airflow/.local/lib/python3.12/site-packages/airflow/example_dags/example_latest_only_with_trigger.py for tasks to queue
[2025-01-08T18:55:22.626+0000] {logging_mixin.py:190} INFO - [2025-01-08T18:55:22.626+0000] {dagbag.py:588} INFO - Filling up the DagBag from /home/airflow/.local/lib/python3.12/site-packages/airflow/example_dags/example_latest_only_with_trigger.py
[2025-01-08T18:55:22.637+0000] {processor.py:925} INFO - DAG(s) 'latest_only_with_trigger' retrieved from /home/airflow/.local/lib/python3.12/site-packages/airflow/example_dags/example_latest_only_with_trigger.py
[2025-01-08T18:55:22.718+0000] {logging_mixin.py:190} INFO - [2025-01-08T18:55:22.718+0000] {dag.py:3239} INFO - Sync 1 DAGs
[2025-01-08T18:55:22.779+0000] {logging_mixin.py:190} INFO - [2025-01-08T18:55:22.779+0000] {dag.py:4180} INFO - Setting next_dagrun for latest_only_with_trigger to 2025-01-08 12:00:00+00:00, run_after=2025-01-08 16:00:00+00:00
[2025-01-08T18:55:22.845+0000] {processor.py:208} INFO - Processing /home/airflow/.local/lib/python3.12/site-packages/airflow/example_dags/example_latest_only_with_trigger.py took 0.239 seconds
[2025-01-08T18:55:52.937+0000] {processor.py:186} INFO - Started process (PID=1567) to work on /home/airflow/.local/lib/python3.12/site-packages/airflow/example_dags/example_latest_only_with_trigger.py
[2025-01-08T18:55:52.941+0000] {processor.py:914} INFO - Processing file /home/airflow/.local/lib/python3.12/site-packages/airflow/example_dags/example_latest_only_with_trigger.py for tasks to queue
[2025-01-08T18:55:52.944+0000] {logging_mixin.py:190} INFO - [2025-01-08T18:55:52.943+0000] {dagbag.py:588} INFO - Filling up the DagBag from /home/airflow/.local/lib/python3.12/site-packages/airflow/example_dags/example_latest_only_with_trigger.py
[2025-01-08T18:55:52.987+0000] {processor.py:925} INFO - DAG(s) 'latest_only_with_trigger' retrieved from /home/airflow/.local/lib/python3.12/site-packages/airflow/example_dags/example_latest_only_with_trigger.py
[2025-01-08T18:55:53.043+0000] {logging_mixin.py:190} INFO - [2025-01-08T18:55:53.043+0000] {dag.py:3239} INFO - Sync 1 DAGs
[2025-01-08T18:55:53.084+0000] {logging_mixin.py:190} INFO - [2025-01-08T18:55:53.084+0000] {dag.py:4180} INFO - Setting next_dagrun for latest_only_with_trigger to 2025-01-08 12:00:00+00:00, run_after=2025-01-08 16:00:00+00:00
[2025-01-08T18:55:53.122+0000] {processor.py:208} INFO - Processing /home/airflow/.local/lib/python3.12/site-packages/airflow/example_dags/example_latest_only_with_trigger.py took 0.211 seconds
[2025-01-08T18:56:23.383+0000] {processor.py:186} INFO - Started process (PID=1632) to work on /home/airflow/.local/lib/python3.12/site-packages/airflow/example_dags/example_latest_only_with_trigger.py
[2025-01-08T18:56:23.384+0000] {processor.py:914} INFO - Processing file /home/airflow/.local/lib/python3.12/site-packages/airflow/example_dags/example_latest_only_with_trigger.py for tasks to queue
[2025-01-08T18:56:23.386+0000] {logging_mixin.py:190} INFO - [2025-01-08T18:56:23.386+0000] {dagbag.py:588} INFO - Filling up the DagBag from /home/airflow/.local/lib/python3.12/site-packages/airflow/example_dags/example_latest_only_with_trigger.py
[2025-01-08T18:56:23.394+0000] {processor.py:925} INFO - DAG(s) 'latest_only_with_trigger' retrieved from /home/airflow/.local/lib/python3.12/site-packages/airflow/example_dags/example_latest_only_with_trigger.py
[2025-01-08T18:56:23.414+0000] {logging_mixin.py:190} INFO - [2025-01-08T18:56:23.414+0000] {dag.py:3239} INFO - Sync 1 DAGs
[2025-01-08T18:56:23.438+0000] {logging_mixin.py:190} INFO - [2025-01-08T18:56:23.438+0000] {dag.py:4180} INFO - Setting next_dagrun for latest_only_with_trigger to 2025-01-08 12:00:00+00:00, run_after=2025-01-08 16:00:00+00:00
[2025-01-08T18:56:23.456+0000] {processor.py:208} INFO - Processing /home/airflow/.local/lib/python3.12/site-packages/airflow/example_dags/example_latest_only_with_trigger.py took 0.080 seconds
[2025-01-08T18:56:53.849+0000] {processor.py:186} INFO - Started process (PID=1698) to work on /home/airflow/.local/lib/python3.12/site-packages/airflow/example_dags/example_latest_only_with_trigger.py
[2025-01-08T18:56:53.850+0000] {processor.py:914} INFO - Processing file /home/airflow/.local/lib/python3.12/site-packages/airflow/example_dags/example_latest_only_with_trigger.py for tasks to queue
[2025-01-08T18:56:53.852+0000] {logging_mixin.py:190} INFO - [2025-01-08T18:56:53.852+0000] {dagbag.py:588} INFO - Filling up the DagBag from /home/airflow/.local/lib/python3.12/site-packages/airflow/example_dags/example_latest_only_with_trigger.py
[2025-01-08T18:56:53.860+0000] {processor.py:925} INFO - DAG(s) 'latest_only_with_trigger' retrieved from /home/airflow/.local/lib/python3.12/site-packages/airflow/example_dags/example_latest_only_with_trigger.py
[2025-01-08T18:56:53.880+0000] {logging_mixin.py:190} INFO - [2025-01-08T18:56:53.880+0000] {dag.py:3239} INFO - Sync 1 DAGs
[2025-01-08T18:56:53.906+0000] {logging_mixin.py:190} INFO - [2025-01-08T18:56:53.906+0000] {dag.py:4180} INFO - Setting next_dagrun for latest_only_with_trigger to 2025-01-08 12:00:00+00:00, run_after=2025-01-08 16:00:00+00:00
[2025-01-08T18:56:53.925+0000] {processor.py:208} INFO - Processing /home/airflow/.local/lib/python3.12/site-packages/airflow/example_dags/example_latest_only_with_trigger.py took 0.082 seconds
[2025-01-08T18:57:24.357+0000] {processor.py:186} INFO - Started process (PID=1764) to work on /home/airflow/.local/lib/python3.12/site-packages/airflow/example_dags/example_latest_only_with_trigger.py
[2025-01-08T18:57:24.357+0000] {processor.py:914} INFO - Processing file /home/airflow/.local/lib/python3.12/site-packages/airflow/example_dags/example_latest_only_with_trigger.py for tasks to queue
[2025-01-08T18:57:24.360+0000] {logging_mixin.py:190} INFO - [2025-01-08T18:57:24.359+0000] {dagbag.py:588} INFO - Filling up the DagBag from /home/airflow/.local/lib/python3.12/site-packages/airflow/example_dags/example_latest_only_with_trigger.py
[2025-01-08T18:57:24.367+0000] {processor.py:925} INFO - DAG(s) 'latest_only_with_trigger' retrieved from /home/airflow/.local/lib/python3.12/site-packages/airflow/example_dags/example_latest_only_with_trigger.py
[2025-01-08T18:57:24.389+0000] {logging_mixin.py:190} INFO - [2025-01-08T18:57:24.389+0000] {dag.py:3239} INFO - Sync 1 DAGs
[2025-01-08T18:57:24.415+0000] {logging_mixin.py:190} INFO - [2025-01-08T18:57:24.415+0000] {dag.py:4180} INFO - Setting next_dagrun for latest_only_with_trigger to 2025-01-08 12:00:00+00:00, run_after=2025-01-08 16:00:00+00:00
[2025-01-08T18:57:24.430+0000] {processor.py:208} INFO - Processing /home/airflow/.local/lib/python3.12/site-packages/airflow/example_dags/example_latest_only_with_trigger.py took 0.079 seconds
[2025-01-08T18:57:54.760+0000] {processor.py:186} INFO - Started process (PID=1829) to work on /home/airflow/.local/lib/python3.12/site-packages/airflow/example_dags/example_latest_only_with_trigger.py
[2025-01-08T18:57:54.761+0000] {processor.py:914} INFO - Processing file /home/airflow/.local/lib/python3.12/site-packages/airflow/example_dags/example_latest_only_with_trigger.py for tasks to queue
[2025-01-08T18:57:54.763+0000] {logging_mixin.py:190} INFO - [2025-01-08T18:57:54.763+0000] {dagbag.py:588} INFO - Filling up the DagBag from /home/airflow/.local/lib/python3.12/site-packages/airflow/example_dags/example_latest_only_with_trigger.py
[2025-01-08T18:57:54.771+0000] {processor.py:925} INFO - DAG(s) 'latest_only_with_trigger' retrieved from /home/airflow/.local/lib/python3.12/site-packages/airflow/example_dags/example_latest_only_with_trigger.py
[2025-01-08T18:57:54.793+0000] {logging_mixin.py:190} INFO - [2025-01-08T18:57:54.793+0000] {dag.py:3239} INFO - Sync 1 DAGs
[2025-01-08T18:57:54.818+0000] {logging_mixin.py:190} INFO - [2025-01-08T18:57:54.818+0000] {dag.py:4180} INFO - Setting next_dagrun for latest_only_with_trigger to 2025-01-08 12:00:00+00:00, run_after=2025-01-08 16:00:00+00:00
[2025-01-08T18:57:54.836+0000] {processor.py:208} INFO - Processing /home/airflow/.local/lib/python3.12/site-packages/airflow/example_dags/example_latest_only_with_trigger.py took 0.081 seconds
[2025-01-08T18:58:24.941+0000] {processor.py:186} INFO - Started process (PID=1893) to work on /home/airflow/.local/lib/python3.12/site-packages/airflow/example_dags/example_latest_only_with_trigger.py
[2025-01-08T18:58:24.941+0000] {processor.py:914} INFO - Processing file /home/airflow/.local/lib/python3.12/site-packages/airflow/example_dags/example_latest_only_with_trigger.py for tasks to queue
[2025-01-08T18:58:24.944+0000] {logging_mixin.py:190} INFO - [2025-01-08T18:58:24.943+0000] {dagbag.py:588} INFO - Filling up the DagBag from /home/airflow/.local/lib/python3.12/site-packages/airflow/example_dags/example_latest_only_with_trigger.py
[2025-01-08T18:58:24.961+0000] {processor.py:925} INFO - DAG(s) 'latest_only_with_trigger' retrieved from /home/airflow/.local/lib/python3.12/site-packages/airflow/example_dags/example_latest_only_with_trigger.py
[2025-01-08T18:58:24.983+0000] {logging_mixin.py:190} INFO - [2025-01-08T18:58:24.983+0000] {dag.py:3239} INFO - Sync 1 DAGs
[2025-01-08T18:58:25.009+0000] {logging_mixin.py:190} INFO - [2025-01-08T18:58:25.009+0000] {dag.py:4180} INFO - Setting next_dagrun for latest_only_with_trigger to 2025-01-08 12:00:00+00:00, run_after=2025-01-08 16:00:00+00:00
[2025-01-08T18:58:25.046+0000] {processor.py:208} INFO - Processing /home/airflow/.local/lib/python3.12/site-packages/airflow/example_dags/example_latest_only_with_trigger.py took 0.111 seconds
