[2025-01-08T18:44:14.884+0000] {processor.py:186} INFO - Started process (PID=100) to work on /home/airflow/.local/lib/python3.12/site-packages/airflow/example_dags/example_short_circuit_operator.py
[2025-01-08T18:44:14.885+0000] {processor.py:914} INFO - Processing file /home/airflow/.local/lib/python3.12/site-packages/airflow/example_dags/example_short_circuit_operator.py for tasks to queue
[2025-01-08T18:44:14.887+0000] {logging_mixin.py:190} INFO - [2025-01-08T18:44:14.887+0000] {dagbag.py:588} INFO - Filling up the DagBag from /home/airflow/.local/lib/python3.12/site-packages/airflow/example_dags/example_short_circuit_operator.py
[2025-01-08T18:44:14.935+0000] {processor.py:925} INFO - DAG(s) 'example_short_circuit_operator' retrieved from /home/airflow/.local/lib/python3.12/site-packages/airflow/example_dags/example_short_circuit_operator.py
[2025-01-08T18:44:15.014+0000] {logging_mixin.py:190} INFO - [2025-01-08T18:44:15.014+0000] {dag.py:3239} INFO - Sync 1 DAGs
[2025-01-08T18:44:15.054+0000] {logging_mixin.py:190} INFO - [2025-01-08T18:44:15.054+0000] {dag.py:4180} INFO - Setting next_dagrun for example_short_circuit_operator to None, run_after=None
[2025-01-08T18:44:15.148+0000] {processor.py:208} INFO - Processing /home/airflow/.local/lib/python3.12/site-packages/airflow/example_dags/example_short_circuit_operator.py took 0.275 seconds
[2025-01-08T18:44:47.189+0000] {processor.py:186} INFO - Started process (PID=165) to work on /home/airflow/.local/lib/python3.12/site-packages/airflow/example_dags/example_short_circuit_operator.py
[2025-01-08T18:44:47.190+0000] {processor.py:914} INFO - Processing file /home/airflow/.local/lib/python3.12/site-packages/airflow/example_dags/example_short_circuit_operator.py for tasks to queue
[2025-01-08T18:44:47.191+0000] {logging_mixin.py:190} INFO - [2025-01-08T18:44:47.191+0000] {dagbag.py:588} INFO - Filling up the DagBag from /home/airflow/.local/lib/python3.12/site-packages/airflow/example_dags/example_short_circuit_operator.py
[2025-01-08T18:44:47.198+0000] {processor.py:925} INFO - DAG(s) 'example_short_circuit_operator' retrieved from /home/airflow/.local/lib/python3.12/site-packages/airflow/example_dags/example_short_circuit_operator.py
[2025-01-08T18:44:47.222+0000] {logging_mixin.py:190} INFO - [2025-01-08T18:44:47.221+0000] {dag.py:3239} INFO - Sync 1 DAGs
[2025-01-08T18:44:47.233+0000] {logging_mixin.py:190} INFO - [2025-01-08T18:44:47.233+0000] {dag.py:4180} INFO - Setting next_dagrun for example_short_circuit_operator to None, run_after=None
[2025-01-08T18:44:47.352+0000] {processor.py:208} INFO - Processing /home/airflow/.local/lib/python3.12/site-packages/airflow/example_dags/example_short_circuit_operator.py took 0.167 seconds
[2025-01-08T18:45:19.521+0000] {processor.py:186} INFO - Started process (PID=230) to work on /home/airflow/.local/lib/python3.12/site-packages/airflow/example_dags/example_short_circuit_operator.py
[2025-01-08T18:45:19.523+0000] {processor.py:914} INFO - Processing file /home/airflow/.local/lib/python3.12/site-packages/airflow/example_dags/example_short_circuit_operator.py for tasks to queue
[2025-01-08T18:45:19.525+0000] {logging_mixin.py:190} INFO - [2025-01-08T18:45:19.525+0000] {dagbag.py:588} INFO - Filling up the DagBag from /home/airflow/.local/lib/python3.12/site-packages/airflow/example_dags/example_short_circuit_operator.py
[2025-01-08T18:45:19.544+0000] {processor.py:925} INFO - DAG(s) 'example_short_circuit_operator' retrieved from /home/airflow/.local/lib/python3.12/site-packages/airflow/example_dags/example_short_circuit_operator.py
[2025-01-08T18:45:19.637+0000] {logging_mixin.py:190} INFO - [2025-01-08T18:45:19.636+0000] {dag.py:3239} INFO - Sync 1 DAGs
[2025-01-08T18:45:19.677+0000] {logging_mixin.py:190} INFO - [2025-01-08T18:45:19.677+0000] {dag.py:4180} INFO - Setting next_dagrun for example_short_circuit_operator to None, run_after=None
[2025-01-08T18:45:19.705+0000] {processor.py:208} INFO - Processing /home/airflow/.local/lib/python3.12/site-packages/airflow/example_dags/example_short_circuit_operator.py took 0.190 seconds
[2025-01-08T18:45:50.861+0000] {processor.py:186} INFO - Started process (PID=294) to work on /home/airflow/.local/lib/python3.12/site-packages/airflow/example_dags/example_short_circuit_operator.py
[2025-01-08T18:45:50.862+0000] {processor.py:914} INFO - Processing file /home/airflow/.local/lib/python3.12/site-packages/airflow/example_dags/example_short_circuit_operator.py for tasks to queue
[2025-01-08T18:45:50.867+0000] {logging_mixin.py:190} INFO - [2025-01-08T18:45:50.864+0000] {dagbag.py:588} INFO - Filling up the DagBag from /home/airflow/.local/lib/python3.12/site-packages/airflow/example_dags/example_short_circuit_operator.py
[2025-01-08T18:45:50.878+0000] {processor.py:925} INFO - DAG(s) 'example_short_circuit_operator' retrieved from /home/airflow/.local/lib/python3.12/site-packages/airflow/example_dags/example_short_circuit_operator.py
[2025-01-08T18:45:50.908+0000] {logging_mixin.py:190} INFO - [2025-01-08T18:45:50.908+0000] {dag.py:3239} INFO - Sync 1 DAGs
[2025-01-08T18:45:50.933+0000] {logging_mixin.py:190} INFO - [2025-01-08T18:45:50.933+0000] {dag.py:4180} INFO - Setting next_dagrun for example_short_circuit_operator to None, run_after=None
[2025-01-08T18:45:50.960+0000] {processor.py:208} INFO - Processing /home/airflow/.local/lib/python3.12/site-packages/airflow/example_dags/example_short_circuit_operator.py took 0.105 seconds
[2025-01-08T18:46:25.707+0000] {processor.py:186} INFO - Started process (PID=359) to work on /home/airflow/.local/lib/python3.12/site-packages/airflow/example_dags/example_short_circuit_operator.py
[2025-01-08T18:46:25.711+0000] {processor.py:914} INFO - Processing file /home/airflow/.local/lib/python3.12/site-packages/airflow/example_dags/example_short_circuit_operator.py for tasks to queue
[2025-01-08T18:46:25.723+0000] {logging_mixin.py:190} INFO - [2025-01-08T18:46:25.717+0000] {dagbag.py:588} INFO - Filling up the DagBag from /home/airflow/.local/lib/python3.12/site-packages/airflow/example_dags/example_short_circuit_operator.py
[2025-01-08T18:46:25.742+0000] {processor.py:925} INFO - DAG(s) 'example_short_circuit_operator' retrieved from /home/airflow/.local/lib/python3.12/site-packages/airflow/example_dags/example_short_circuit_operator.py
[2025-01-08T18:46:25.791+0000] {logging_mixin.py:190} INFO - [2025-01-08T18:46:25.790+0000] {dag.py:3239} INFO - Sync 1 DAGs
[2025-01-08T18:46:25.838+0000] {logging_mixin.py:190} INFO - [2025-01-08T18:46:25.838+0000] {dag.py:4180} INFO - Setting next_dagrun for example_short_circuit_operator to None, run_after=None
[2025-01-08T18:46:25.925+0000] {processor.py:208} INFO - Processing /home/airflow/.local/lib/python3.12/site-packages/airflow/example_dags/example_short_circuit_operator.py took 0.235 seconds
[2025-01-08T18:46:57.040+0000] {processor.py:186} INFO - Started process (PID=424) to work on /home/airflow/.local/lib/python3.12/site-packages/airflow/example_dags/example_short_circuit_operator.py
[2025-01-08T18:46:57.063+0000] {processor.py:914} INFO - Processing file /home/airflow/.local/lib/python3.12/site-packages/airflow/example_dags/example_short_circuit_operator.py for tasks to queue
[2025-01-08T18:46:57.072+0000] {logging_mixin.py:190} INFO - [2025-01-08T18:46:57.071+0000] {dagbag.py:588} INFO - Filling up the DagBag from /home/airflow/.local/lib/python3.12/site-packages/airflow/example_dags/example_short_circuit_operator.py
[2025-01-08T18:46:57.125+0000] {processor.py:925} INFO - DAG(s) 'example_short_circuit_operator' retrieved from /home/airflow/.local/lib/python3.12/site-packages/airflow/example_dags/example_short_circuit_operator.py
[2025-01-08T18:46:57.210+0000] {logging_mixin.py:190} INFO - [2025-01-08T18:46:57.210+0000] {dag.py:3239} INFO - Sync 1 DAGs
[2025-01-08T18:46:57.245+0000] {logging_mixin.py:190} INFO - [2025-01-08T18:46:57.245+0000] {dag.py:4180} INFO - Setting next_dagrun for example_short_circuit_operator to None, run_after=None
[2025-01-08T18:46:57.314+0000] {processor.py:208} INFO - Processing /home/airflow/.local/lib/python3.12/site-packages/airflow/example_dags/example_short_circuit_operator.py took 0.315 seconds
[2025-01-08T18:47:27.811+0000] {processor.py:186} INFO - Started process (PID=488) to work on /home/airflow/.local/lib/python3.12/site-packages/airflow/example_dags/example_short_circuit_operator.py
[2025-01-08T18:47:27.812+0000] {processor.py:914} INFO - Processing file /home/airflow/.local/lib/python3.12/site-packages/airflow/example_dags/example_short_circuit_operator.py for tasks to queue
[2025-01-08T18:47:27.814+0000] {logging_mixin.py:190} INFO - [2025-01-08T18:47:27.814+0000] {dagbag.py:588} INFO - Filling up the DagBag from /home/airflow/.local/lib/python3.12/site-packages/airflow/example_dags/example_short_circuit_operator.py
[2025-01-08T18:47:27.823+0000] {processor.py:925} INFO - DAG(s) 'example_short_circuit_operator' retrieved from /home/airflow/.local/lib/python3.12/site-packages/airflow/example_dags/example_short_circuit_operator.py
[2025-01-08T18:47:27.854+0000] {logging_mixin.py:190} INFO - [2025-01-08T18:47:27.854+0000] {dag.py:3239} INFO - Sync 1 DAGs
[2025-01-08T18:47:27.875+0000] {logging_mixin.py:190} INFO - [2025-01-08T18:47:27.875+0000] {dag.py:4180} INFO - Setting next_dagrun for example_short_circuit_operator to None, run_after=None
[2025-01-08T18:47:27.891+0000] {processor.py:208} INFO - Processing /home/airflow/.local/lib/python3.12/site-packages/airflow/example_dags/example_short_circuit_operator.py took 0.086 seconds
[2025-01-08T18:47:58.149+0000] {processor.py:186} INFO - Started process (PID=553) to work on /home/airflow/.local/lib/python3.12/site-packages/airflow/example_dags/example_short_circuit_operator.py
[2025-01-08T18:47:58.154+0000] {processor.py:914} INFO - Processing file /home/airflow/.local/lib/python3.12/site-packages/airflow/example_dags/example_short_circuit_operator.py for tasks to queue
[2025-01-08T18:47:58.156+0000] {logging_mixin.py:190} INFO - [2025-01-08T18:47:58.156+0000] {dagbag.py:588} INFO - Filling up the DagBag from /home/airflow/.local/lib/python3.12/site-packages/airflow/example_dags/example_short_circuit_operator.py
[2025-01-08T18:47:58.166+0000] {processor.py:925} INFO - DAG(s) 'example_short_circuit_operator' retrieved from /home/airflow/.local/lib/python3.12/site-packages/airflow/example_dags/example_short_circuit_operator.py
[2025-01-08T18:47:58.192+0000] {logging_mixin.py:190} INFO - [2025-01-08T18:47:58.192+0000] {dag.py:3239} INFO - Sync 1 DAGs
[2025-01-08T18:47:58.208+0000] {logging_mixin.py:190} INFO - [2025-01-08T18:47:58.208+0000] {dag.py:4180} INFO - Setting next_dagrun for example_short_circuit_operator to None, run_after=None
[2025-01-08T18:47:58.226+0000] {processor.py:208} INFO - Processing /home/airflow/.local/lib/python3.12/site-packages/airflow/example_dags/example_short_circuit_operator.py took 0.082 seconds
[2025-01-08T18:48:28.911+0000] {processor.py:186} INFO - Started process (PID=618) to work on /home/airflow/.local/lib/python3.12/site-packages/airflow/example_dags/example_short_circuit_operator.py
[2025-01-08T18:48:28.912+0000] {processor.py:914} INFO - Processing file /home/airflow/.local/lib/python3.12/site-packages/airflow/example_dags/example_short_circuit_operator.py for tasks to queue
[2025-01-08T18:48:28.914+0000] {logging_mixin.py:190} INFO - [2025-01-08T18:48:28.913+0000] {dagbag.py:588} INFO - Filling up the DagBag from /home/airflow/.local/lib/python3.12/site-packages/airflow/example_dags/example_short_circuit_operator.py
[2025-01-08T18:48:28.923+0000] {processor.py:925} INFO - DAG(s) 'example_short_circuit_operator' retrieved from /home/airflow/.local/lib/python3.12/site-packages/airflow/example_dags/example_short_circuit_operator.py
[2025-01-08T18:48:28.949+0000] {logging_mixin.py:190} INFO - [2025-01-08T18:48:28.948+0000] {dag.py:3239} INFO - Sync 1 DAGs
[2025-01-08T18:48:28.965+0000] {logging_mixin.py:190} INFO - [2025-01-08T18:48:28.965+0000] {dag.py:4180} INFO - Setting next_dagrun for example_short_circuit_operator to None, run_after=None
[2025-01-08T18:48:28.989+0000] {processor.py:208} INFO - Processing /home/airflow/.local/lib/python3.12/site-packages/airflow/example_dags/example_short_circuit_operator.py took 0.083 seconds
[2025-01-08T18:48:59.252+0000] {processor.py:186} INFO - Started process (PID=683) to work on /home/airflow/.local/lib/python3.12/site-packages/airflow/example_dags/example_short_circuit_operator.py
[2025-01-08T18:48:59.254+0000] {processor.py:914} INFO - Processing file /home/airflow/.local/lib/python3.12/site-packages/airflow/example_dags/example_short_circuit_operator.py for tasks to queue
[2025-01-08T18:48:59.258+0000] {logging_mixin.py:190} INFO - [2025-01-08T18:48:59.257+0000] {dagbag.py:588} INFO - Filling up the DagBag from /home/airflow/.local/lib/python3.12/site-packages/airflow/example_dags/example_short_circuit_operator.py
[2025-01-08T18:48:59.268+0000] {processor.py:925} INFO - DAG(s) 'example_short_circuit_operator' retrieved from /home/airflow/.local/lib/python3.12/site-packages/airflow/example_dags/example_short_circuit_operator.py
[2025-01-08T18:48:59.295+0000] {logging_mixin.py:190} INFO - [2025-01-08T18:48:59.295+0000] {dag.py:3239} INFO - Sync 1 DAGs
[2025-01-08T18:48:59.327+0000] {logging_mixin.py:190} INFO - [2025-01-08T18:48:59.326+0000] {dag.py:4180} INFO - Setting next_dagrun for example_short_circuit_operator to None, run_after=None
[2025-01-08T18:48:59.395+0000] {processor.py:208} INFO - Processing /home/airflow/.local/lib/python3.12/site-packages/airflow/example_dags/example_short_circuit_operator.py took 0.150 seconds
[2025-01-08T18:49:29.616+0000] {processor.py:186} INFO - Started process (PID=749) to work on /home/airflow/.local/lib/python3.12/site-packages/airflow/example_dags/example_short_circuit_operator.py
[2025-01-08T18:49:29.617+0000] {processor.py:914} INFO - Processing file /home/airflow/.local/lib/python3.12/site-packages/airflow/example_dags/example_short_circuit_operator.py for tasks to queue
[2025-01-08T18:49:29.619+0000] {logging_mixin.py:190} INFO - [2025-01-08T18:49:29.619+0000] {dagbag.py:588} INFO - Filling up the DagBag from /home/airflow/.local/lib/python3.12/site-packages/airflow/example_dags/example_short_circuit_operator.py
[2025-01-08T18:49:29.630+0000] {processor.py:925} INFO - DAG(s) 'example_short_circuit_operator' retrieved from /home/airflow/.local/lib/python3.12/site-packages/airflow/example_dags/example_short_circuit_operator.py
[2025-01-08T18:49:29.660+0000] {logging_mixin.py:190} INFO - [2025-01-08T18:49:29.660+0000] {dag.py:3239} INFO - Sync 1 DAGs
[2025-01-08T18:49:29.692+0000] {logging_mixin.py:190} INFO - [2025-01-08T18:49:29.690+0000] {dag.py:4180} INFO - Setting next_dagrun for example_short_circuit_operator to None, run_after=None
[2025-01-08T18:49:29.730+0000] {processor.py:208} INFO - Processing /home/airflow/.local/lib/python3.12/site-packages/airflow/example_dags/example_short_circuit_operator.py took 0.122 seconds
[2025-01-08T18:49:59.900+0000] {processor.py:186} INFO - Started process (PID=814) to work on /home/airflow/.local/lib/python3.12/site-packages/airflow/example_dags/example_short_circuit_operator.py
[2025-01-08T18:49:59.900+0000] {processor.py:914} INFO - Processing file /home/airflow/.local/lib/python3.12/site-packages/airflow/example_dags/example_short_circuit_operator.py for tasks to queue
[2025-01-08T18:49:59.903+0000] {logging_mixin.py:190} INFO - [2025-01-08T18:49:59.903+0000] {dagbag.py:588} INFO - Filling up the DagBag from /home/airflow/.local/lib/python3.12/site-packages/airflow/example_dags/example_short_circuit_operator.py
[2025-01-08T18:49:59.920+0000] {processor.py:925} INFO - DAG(s) 'example_short_circuit_operator' retrieved from /home/airflow/.local/lib/python3.12/site-packages/airflow/example_dags/example_short_circuit_operator.py
[2025-01-08T18:49:59.953+0000] {logging_mixin.py:190} INFO - [2025-01-08T18:49:59.953+0000] {dag.py:3239} INFO - Sync 1 DAGs
[2025-01-08T18:49:59.971+0000] {logging_mixin.py:190} INFO - [2025-01-08T18:49:59.971+0000] {dag.py:4180} INFO - Setting next_dagrun for example_short_circuit_operator to None, run_after=None
[2025-01-08T18:49:59.988+0000] {processor.py:208} INFO - Processing /home/airflow/.local/lib/python3.12/site-packages/airflow/example_dags/example_short_circuit_operator.py took 0.107 seconds
[2025-01-08T18:50:30.220+0000] {processor.py:186} INFO - Started process (PID=879) to work on /home/airflow/.local/lib/python3.12/site-packages/airflow/example_dags/example_short_circuit_operator.py
[2025-01-08T18:50:30.220+0000] {processor.py:914} INFO - Processing file /home/airflow/.local/lib/python3.12/site-packages/airflow/example_dags/example_short_circuit_operator.py for tasks to queue
[2025-01-08T18:50:30.223+0000] {logging_mixin.py:190} INFO - [2025-01-08T18:50:30.222+0000] {dagbag.py:588} INFO - Filling up the DagBag from /home/airflow/.local/lib/python3.12/site-packages/airflow/example_dags/example_short_circuit_operator.py
[2025-01-08T18:50:30.246+0000] {processor.py:925} INFO - DAG(s) 'example_short_circuit_operator' retrieved from /home/airflow/.local/lib/python3.12/site-packages/airflow/example_dags/example_short_circuit_operator.py
[2025-01-08T18:50:30.316+0000] {logging_mixin.py:190} INFO - [2025-01-08T18:50:30.316+0000] {dag.py:3239} INFO - Sync 1 DAGs
[2025-01-08T18:50:30.354+0000] {logging_mixin.py:190} INFO - [2025-01-08T18:50:30.353+0000] {dag.py:4180} INFO - Setting next_dagrun for example_short_circuit_operator to None, run_after=None
[2025-01-08T18:50:30.385+0000] {processor.py:208} INFO - Processing /home/airflow/.local/lib/python3.12/site-packages/airflow/example_dags/example_short_circuit_operator.py took 0.179 seconds
[2025-01-08T18:51:00.567+0000] {processor.py:186} INFO - Started process (PID=945) to work on /home/airflow/.local/lib/python3.12/site-packages/airflow/example_dags/example_short_circuit_operator.py
[2025-01-08T18:51:00.568+0000] {processor.py:914} INFO - Processing file /home/airflow/.local/lib/python3.12/site-packages/airflow/example_dags/example_short_circuit_operator.py for tasks to queue
[2025-01-08T18:51:00.570+0000] {logging_mixin.py:190} INFO - [2025-01-08T18:51:00.570+0000] {dagbag.py:588} INFO - Filling up the DagBag from /home/airflow/.local/lib/python3.12/site-packages/airflow/example_dags/example_short_circuit_operator.py
[2025-01-08T18:51:00.579+0000] {processor.py:925} INFO - DAG(s) 'example_short_circuit_operator' retrieved from /home/airflow/.local/lib/python3.12/site-packages/airflow/example_dags/example_short_circuit_operator.py
[2025-01-08T18:51:00.605+0000] {logging_mixin.py:190} INFO - [2025-01-08T18:51:00.605+0000] {dag.py:3239} INFO - Sync 1 DAGs
[2025-01-08T18:51:00.621+0000] {logging_mixin.py:190} INFO - [2025-01-08T18:51:00.621+0000] {dag.py:4180} INFO - Setting next_dagrun for example_short_circuit_operator to None, run_after=None
[2025-01-08T18:51:00.642+0000] {processor.py:208} INFO - Processing /home/airflow/.local/lib/python3.12/site-packages/airflow/example_dags/example_short_circuit_operator.py took 0.080 seconds
[2025-01-08T18:51:31.223+0000] {processor.py:186} INFO - Started process (PID=1016) to work on /home/airflow/.local/lib/python3.12/site-packages/airflow/example_dags/example_short_circuit_operator.py
[2025-01-08T18:51:31.223+0000] {processor.py:914} INFO - Processing file /home/airflow/.local/lib/python3.12/site-packages/airflow/example_dags/example_short_circuit_operator.py for tasks to queue
[2025-01-08T18:51:31.225+0000] {logging_mixin.py:190} INFO - [2025-01-08T18:51:31.225+0000] {dagbag.py:588} INFO - Filling up the DagBag from /home/airflow/.local/lib/python3.12/site-packages/airflow/example_dags/example_short_circuit_operator.py
[2025-01-08T18:51:31.234+0000] {processor.py:925} INFO - DAG(s) 'example_short_circuit_operator' retrieved from /home/airflow/.local/lib/python3.12/site-packages/airflow/example_dags/example_short_circuit_operator.py
[2025-01-08T18:51:31.261+0000] {logging_mixin.py:190} INFO - [2025-01-08T18:51:31.261+0000] {dag.py:3239} INFO - Sync 1 DAGs
[2025-01-08T18:51:31.277+0000] {logging_mixin.py:190} INFO - [2025-01-08T18:51:31.277+0000] {dag.py:4180} INFO - Setting next_dagrun for example_short_circuit_operator to None, run_after=None
[2025-01-08T18:51:31.296+0000] {processor.py:208} INFO - Processing /home/airflow/.local/lib/python3.12/site-packages/airflow/example_dags/example_short_circuit_operator.py took 0.079 seconds
[2025-01-08T18:52:01.380+0000] {processor.py:186} INFO - Started process (PID=1081) to work on /home/airflow/.local/lib/python3.12/site-packages/airflow/example_dags/example_short_circuit_operator.py
[2025-01-08T18:52:01.381+0000] {processor.py:914} INFO - Processing file /home/airflow/.local/lib/python3.12/site-packages/airflow/example_dags/example_short_circuit_operator.py for tasks to queue
[2025-01-08T18:52:01.383+0000] {logging_mixin.py:190} INFO - [2025-01-08T18:52:01.383+0000] {dagbag.py:588} INFO - Filling up the DagBag from /home/airflow/.local/lib/python3.12/site-packages/airflow/example_dags/example_short_circuit_operator.py
[2025-01-08T18:52:01.393+0000] {processor.py:925} INFO - DAG(s) 'example_short_circuit_operator' retrieved from /home/airflow/.local/lib/python3.12/site-packages/airflow/example_dags/example_short_circuit_operator.py
[2025-01-08T18:52:01.421+0000] {logging_mixin.py:190} INFO - [2025-01-08T18:52:01.421+0000] {dag.py:3239} INFO - Sync 1 DAGs
[2025-01-08T18:52:01.438+0000] {logging_mixin.py:190} INFO - [2025-01-08T18:52:01.438+0000] {dag.py:4180} INFO - Setting next_dagrun for example_short_circuit_operator to None, run_after=None
[2025-01-08T18:52:01.455+0000] {processor.py:208} INFO - Processing /home/airflow/.local/lib/python3.12/site-packages/airflow/example_dags/example_short_circuit_operator.py took 0.081 seconds
[2025-01-08T18:52:32.224+0000] {processor.py:186} INFO - Started process (PID=1147) to work on /home/airflow/.local/lib/python3.12/site-packages/airflow/example_dags/example_short_circuit_operator.py
[2025-01-08T18:52:32.224+0000] {processor.py:914} INFO - Processing file /home/airflow/.local/lib/python3.12/site-packages/airflow/example_dags/example_short_circuit_operator.py for tasks to queue
[2025-01-08T18:52:32.226+0000] {logging_mixin.py:190} INFO - [2025-01-08T18:52:32.226+0000] {dagbag.py:588} INFO - Filling up the DagBag from /home/airflow/.local/lib/python3.12/site-packages/airflow/example_dags/example_short_circuit_operator.py
[2025-01-08T18:52:32.235+0000] {processor.py:925} INFO - DAG(s) 'example_short_circuit_operator' retrieved from /home/airflow/.local/lib/python3.12/site-packages/airflow/example_dags/example_short_circuit_operator.py
[2025-01-08T18:52:32.262+0000] {logging_mixin.py:190} INFO - [2025-01-08T18:52:32.261+0000] {dag.py:3239} INFO - Sync 1 DAGs
[2025-01-08T18:52:32.283+0000] {logging_mixin.py:190} INFO - [2025-01-08T18:52:32.283+0000] {dag.py:4180} INFO - Setting next_dagrun for example_short_circuit_operator to None, run_after=None
[2025-01-08T18:52:32.300+0000] {processor.py:208} INFO - Processing /home/airflow/.local/lib/python3.12/site-packages/airflow/example_dags/example_short_circuit_operator.py took 0.082 seconds
[2025-01-08T18:53:02.754+0000] {processor.py:186} INFO - Started process (PID=1212) to work on /home/airflow/.local/lib/python3.12/site-packages/airflow/example_dags/example_short_circuit_operator.py
[2025-01-08T18:53:02.755+0000] {processor.py:914} INFO - Processing file /home/airflow/.local/lib/python3.12/site-packages/airflow/example_dags/example_short_circuit_operator.py for tasks to queue
[2025-01-08T18:53:02.757+0000] {logging_mixin.py:190} INFO - [2025-01-08T18:53:02.756+0000] {dagbag.py:588} INFO - Filling up the DagBag from /home/airflow/.local/lib/python3.12/site-packages/airflow/example_dags/example_short_circuit_operator.py
[2025-01-08T18:53:02.766+0000] {processor.py:925} INFO - DAG(s) 'example_short_circuit_operator' retrieved from /home/airflow/.local/lib/python3.12/site-packages/airflow/example_dags/example_short_circuit_operator.py
[2025-01-08T18:53:02.793+0000] {logging_mixin.py:190} INFO - [2025-01-08T18:53:02.792+0000] {dag.py:3239} INFO - Sync 1 DAGs
[2025-01-08T18:53:02.817+0000] {logging_mixin.py:190} INFO - [2025-01-08T18:53:02.817+0000] {dag.py:4180} INFO - Setting next_dagrun for example_short_circuit_operator to None, run_after=None
[2025-01-08T18:53:02.833+0000] {processor.py:208} INFO - Processing /home/airflow/.local/lib/python3.12/site-packages/airflow/example_dags/example_short_circuit_operator.py took 0.085 seconds
[2025-01-08T18:53:33.204+0000] {processor.py:186} INFO - Started process (PID=1278) to work on /home/airflow/.local/lib/python3.12/site-packages/airflow/example_dags/example_short_circuit_operator.py
[2025-01-08T18:53:33.205+0000] {processor.py:914} INFO - Processing file /home/airflow/.local/lib/python3.12/site-packages/airflow/example_dags/example_short_circuit_operator.py for tasks to queue
[2025-01-08T18:53:33.207+0000] {logging_mixin.py:190} INFO - [2025-01-08T18:53:33.206+0000] {dagbag.py:588} INFO - Filling up the DagBag from /home/airflow/.local/lib/python3.12/site-packages/airflow/example_dags/example_short_circuit_operator.py
[2025-01-08T18:53:33.215+0000] {processor.py:925} INFO - DAG(s) 'example_short_circuit_operator' retrieved from /home/airflow/.local/lib/python3.12/site-packages/airflow/example_dags/example_short_circuit_operator.py
[2025-01-08T18:53:33.242+0000] {logging_mixin.py:190} INFO - [2025-01-08T18:53:33.241+0000] {dag.py:3239} INFO - Sync 1 DAGs
[2025-01-08T18:53:33.258+0000] {logging_mixin.py:190} INFO - [2025-01-08T18:53:33.258+0000] {dag.py:4180} INFO - Setting next_dagrun for example_short_circuit_operator to None, run_after=None
[2025-01-08T18:53:33.282+0000] {processor.py:208} INFO - Processing /home/airflow/.local/lib/python3.12/site-packages/airflow/example_dags/example_short_circuit_operator.py took 0.084 seconds
[2025-01-08T18:54:03.721+0000] {processor.py:186} INFO - Started process (PID=1344) to work on /home/airflow/.local/lib/python3.12/site-packages/airflow/example_dags/example_short_circuit_operator.py
[2025-01-08T18:54:03.721+0000] {processor.py:914} INFO - Processing file /home/airflow/.local/lib/python3.12/site-packages/airflow/example_dags/example_short_circuit_operator.py for tasks to queue
[2025-01-08T18:54:03.724+0000] {logging_mixin.py:190} INFO - [2025-01-08T18:54:03.723+0000] {dagbag.py:588} INFO - Filling up the DagBag from /home/airflow/.local/lib/python3.12/site-packages/airflow/example_dags/example_short_circuit_operator.py
[2025-01-08T18:54:03.733+0000] {processor.py:925} INFO - DAG(s) 'example_short_circuit_operator' retrieved from /home/airflow/.local/lib/python3.12/site-packages/airflow/example_dags/example_short_circuit_operator.py
[2025-01-08T18:54:03.771+0000] {logging_mixin.py:190} INFO - [2025-01-08T18:54:03.771+0000] {dag.py:3239} INFO - Sync 1 DAGs
[2025-01-08T18:54:03.788+0000] {logging_mixin.py:190} INFO - [2025-01-08T18:54:03.788+0000] {dag.py:4180} INFO - Setting next_dagrun for example_short_circuit_operator to None, run_after=None
[2025-01-08T18:54:03.821+0000] {processor.py:208} INFO - Processing /home/airflow/.local/lib/python3.12/site-packages/airflow/example_dags/example_short_circuit_operator.py took 0.105 seconds
[2025-01-08T18:54:34.088+0000] {processor.py:186} INFO - Started process (PID=1409) to work on /home/airflow/.local/lib/python3.12/site-packages/airflow/example_dags/example_short_circuit_operator.py
[2025-01-08T18:54:34.088+0000] {processor.py:914} INFO - Processing file /home/airflow/.local/lib/python3.12/site-packages/airflow/example_dags/example_short_circuit_operator.py for tasks to queue
[2025-01-08T18:54:34.091+0000] {logging_mixin.py:190} INFO - [2025-01-08T18:54:34.091+0000] {dagbag.py:588} INFO - Filling up the DagBag from /home/airflow/.local/lib/python3.12/site-packages/airflow/example_dags/example_short_circuit_operator.py
[2025-01-08T18:54:34.100+0000] {processor.py:925} INFO - DAG(s) 'example_short_circuit_operator' retrieved from /home/airflow/.local/lib/python3.12/site-packages/airflow/example_dags/example_short_circuit_operator.py
[2025-01-08T18:54:34.126+0000] {logging_mixin.py:190} INFO - [2025-01-08T18:54:34.126+0000] {dag.py:3239} INFO - Sync 1 DAGs
[2025-01-08T18:54:34.145+0000] {logging_mixin.py:190} INFO - [2025-01-08T18:54:34.144+0000] {dag.py:4180} INFO - Setting next_dagrun for example_short_circuit_operator to None, run_after=None
[2025-01-08T18:54:34.164+0000] {processor.py:208} INFO - Processing /home/airflow/.local/lib/python3.12/site-packages/airflow/example_dags/example_short_circuit_operator.py took 0.083 seconds
[2025-01-08T18:55:05.088+0000] {processor.py:186} INFO - Started process (PID=1474) to work on /home/airflow/.local/lib/python3.12/site-packages/airflow/example_dags/example_short_circuit_operator.py
[2025-01-08T18:55:05.091+0000] {processor.py:914} INFO - Processing file /home/airflow/.local/lib/python3.12/site-packages/airflow/example_dags/example_short_circuit_operator.py for tasks to queue
[2025-01-08T18:55:05.103+0000] {logging_mixin.py:190} INFO - [2025-01-08T18:55:05.103+0000] {dagbag.py:588} INFO - Filling up the DagBag from /home/airflow/.local/lib/python3.12/site-packages/airflow/example_dags/example_short_circuit_operator.py
[2025-01-08T18:55:05.139+0000] {processor.py:925} INFO - DAG(s) 'example_short_circuit_operator' retrieved from /home/airflow/.local/lib/python3.12/site-packages/airflow/example_dags/example_short_circuit_operator.py
[2025-01-08T18:55:05.188+0000] {logging_mixin.py:190} INFO - [2025-01-08T18:55:05.188+0000] {dag.py:3239} INFO - Sync 1 DAGs
[2025-01-08T18:55:05.214+0000] {logging_mixin.py:190} INFO - [2025-01-08T18:55:05.214+0000] {dag.py:4180} INFO - Setting next_dagrun for example_short_circuit_operator to None, run_after=None
[2025-01-08T18:55:05.263+0000] {processor.py:208} INFO - Processing /home/airflow/.local/lib/python3.12/site-packages/airflow/example_dags/example_short_circuit_operator.py took 0.186 seconds
[2025-01-08T18:55:35.987+0000] {processor.py:186} INFO - Started process (PID=1539) to work on /home/airflow/.local/lib/python3.12/site-packages/airflow/example_dags/example_short_circuit_operator.py
[2025-01-08T18:55:35.987+0000] {processor.py:914} INFO - Processing file /home/airflow/.local/lib/python3.12/site-packages/airflow/example_dags/example_short_circuit_operator.py for tasks to queue
[2025-01-08T18:55:35.990+0000] {logging_mixin.py:190} INFO - [2025-01-08T18:55:35.990+0000] {dagbag.py:588} INFO - Filling up the DagBag from /home/airflow/.local/lib/python3.12/site-packages/airflow/example_dags/example_short_circuit_operator.py
[2025-01-08T18:55:36.003+0000] {processor.py:925} INFO - DAG(s) 'example_short_circuit_operator' retrieved from /home/airflow/.local/lib/python3.12/site-packages/airflow/example_dags/example_short_circuit_operator.py
[2025-01-08T18:55:36.042+0000] {logging_mixin.py:190} INFO - [2025-01-08T18:55:36.041+0000] {dag.py:3239} INFO - Sync 1 DAGs
[2025-01-08T18:55:36.058+0000] {logging_mixin.py:190} INFO - [2025-01-08T18:55:36.058+0000] {dag.py:4180} INFO - Setting next_dagrun for example_short_circuit_operator to None, run_after=None
[2025-01-08T18:55:36.076+0000] {processor.py:208} INFO - Processing /home/airflow/.local/lib/python3.12/site-packages/airflow/example_dags/example_short_circuit_operator.py took 0.095 seconds
[2025-01-08T18:56:07.187+0000] {processor.py:186} INFO - Started process (PID=1604) to work on /home/airflow/.local/lib/python3.12/site-packages/airflow/example_dags/example_short_circuit_operator.py
[2025-01-08T18:56:07.187+0000] {processor.py:914} INFO - Processing file /home/airflow/.local/lib/python3.12/site-packages/airflow/example_dags/example_short_circuit_operator.py for tasks to queue
[2025-01-08T18:56:07.190+0000] {logging_mixin.py:190} INFO - [2025-01-08T18:56:07.189+0000] {dagbag.py:588} INFO - Filling up the DagBag from /home/airflow/.local/lib/python3.12/site-packages/airflow/example_dags/example_short_circuit_operator.py
[2025-01-08T18:56:07.198+0000] {processor.py:925} INFO - DAG(s) 'example_short_circuit_operator' retrieved from /home/airflow/.local/lib/python3.12/site-packages/airflow/example_dags/example_short_circuit_operator.py
[2025-01-08T18:56:07.239+0000] {logging_mixin.py:190} INFO - [2025-01-08T18:56:07.239+0000] {dag.py:3239} INFO - Sync 1 DAGs
[2025-01-08T18:56:07.257+0000] {logging_mixin.py:190} INFO - [2025-01-08T18:56:07.257+0000] {dag.py:4180} INFO - Setting next_dagrun for example_short_circuit_operator to None, run_after=None
[2025-01-08T18:56:07.277+0000] {processor.py:208} INFO - Processing /home/airflow/.local/lib/python3.12/site-packages/airflow/example_dags/example_short_circuit_operator.py took 0.097 seconds
[2025-01-08T18:56:37.747+0000] {processor.py:186} INFO - Started process (PID=1668) to work on /home/airflow/.local/lib/python3.12/site-packages/airflow/example_dags/example_short_circuit_operator.py
[2025-01-08T18:56:37.748+0000] {processor.py:914} INFO - Processing file /home/airflow/.local/lib/python3.12/site-packages/airflow/example_dags/example_short_circuit_operator.py for tasks to queue
[2025-01-08T18:56:37.756+0000] {logging_mixin.py:190} INFO - [2025-01-08T18:56:37.755+0000] {dagbag.py:588} INFO - Filling up the DagBag from /home/airflow/.local/lib/python3.12/site-packages/airflow/example_dags/example_short_circuit_operator.py
[2025-01-08T18:56:37.777+0000] {processor.py:925} INFO - DAG(s) 'example_short_circuit_operator' retrieved from /home/airflow/.local/lib/python3.12/site-packages/airflow/example_dags/example_short_circuit_operator.py
[2025-01-08T18:56:37.834+0000] {logging_mixin.py:190} INFO - [2025-01-08T18:56:37.834+0000] {dag.py:3239} INFO - Sync 1 DAGs
[2025-01-08T18:56:37.862+0000] {logging_mixin.py:190} INFO - [2025-01-08T18:56:37.861+0000] {dag.py:4180} INFO - Setting next_dagrun for example_short_circuit_operator to None, run_after=None
[2025-01-08T18:56:37.918+0000] {processor.py:208} INFO - Processing /home/airflow/.local/lib/python3.12/site-packages/airflow/example_dags/example_short_circuit_operator.py took 0.197 seconds
[2025-01-08T18:57:08.474+0000] {processor.py:186} INFO - Started process (PID=1734) to work on /home/airflow/.local/lib/python3.12/site-packages/airflow/example_dags/example_short_circuit_operator.py
[2025-01-08T18:57:08.475+0000] {processor.py:914} INFO - Processing file /home/airflow/.local/lib/python3.12/site-packages/airflow/example_dags/example_short_circuit_operator.py for tasks to queue
[2025-01-08T18:57:08.477+0000] {logging_mixin.py:190} INFO - [2025-01-08T18:57:08.477+0000] {dagbag.py:588} INFO - Filling up the DagBag from /home/airflow/.local/lib/python3.12/site-packages/airflow/example_dags/example_short_circuit_operator.py
[2025-01-08T18:57:08.494+0000] {processor.py:925} INFO - DAG(s) 'example_short_circuit_operator' retrieved from /home/airflow/.local/lib/python3.12/site-packages/airflow/example_dags/example_short_circuit_operator.py
[2025-01-08T18:57:08.543+0000] {logging_mixin.py:190} INFO - [2025-01-08T18:57:08.543+0000] {dag.py:3239} INFO - Sync 1 DAGs
[2025-01-08T18:57:08.568+0000] {logging_mixin.py:190} INFO - [2025-01-08T18:57:08.568+0000] {dag.py:4180} INFO - Setting next_dagrun for example_short_circuit_operator to None, run_after=None
[2025-01-08T18:57:08.606+0000] {processor.py:208} INFO - Processing /home/airflow/.local/lib/python3.12/site-packages/airflow/example_dags/example_short_circuit_operator.py took 0.146 seconds
[2025-01-08T18:57:38.983+0000] {processor.py:186} INFO - Started process (PID=1798) to work on /home/airflow/.local/lib/python3.12/site-packages/airflow/example_dags/example_short_circuit_operator.py
[2025-01-08T18:57:38.984+0000] {processor.py:914} INFO - Processing file /home/airflow/.local/lib/python3.12/site-packages/airflow/example_dags/example_short_circuit_operator.py for tasks to queue
[2025-01-08T18:57:38.986+0000] {logging_mixin.py:190} INFO - [2025-01-08T18:57:38.986+0000] {dagbag.py:588} INFO - Filling up the DagBag from /home/airflow/.local/lib/python3.12/site-packages/airflow/example_dags/example_short_circuit_operator.py
[2025-01-08T18:57:38.997+0000] {processor.py:925} INFO - DAG(s) 'example_short_circuit_operator' retrieved from /home/airflow/.local/lib/python3.12/site-packages/airflow/example_dags/example_short_circuit_operator.py
[2025-01-08T18:57:39.050+0000] {logging_mixin.py:190} INFO - [2025-01-08T18:57:39.050+0000] {dag.py:3239} INFO - Sync 1 DAGs
[2025-01-08T18:57:39.084+0000] {logging_mixin.py:190} INFO - [2025-01-08T18:57:39.083+0000] {dag.py:4180} INFO - Setting next_dagrun for example_short_circuit_operator to None, run_after=None
[2025-01-08T18:57:39.120+0000] {processor.py:208} INFO - Processing /home/airflow/.local/lib/python3.12/site-packages/airflow/example_dags/example_short_circuit_operator.py took 0.147 seconds
[2025-01-08T18:58:09.568+0000] {processor.py:186} INFO - Started process (PID=1862) to work on /home/airflow/.local/lib/python3.12/site-packages/airflow/example_dags/example_short_circuit_operator.py
[2025-01-08T18:58:09.568+0000] {processor.py:914} INFO - Processing file /home/airflow/.local/lib/python3.12/site-packages/airflow/example_dags/example_short_circuit_operator.py for tasks to queue
[2025-01-08T18:58:09.570+0000] {logging_mixin.py:190} INFO - [2025-01-08T18:58:09.570+0000] {dagbag.py:588} INFO - Filling up the DagBag from /home/airflow/.local/lib/python3.12/site-packages/airflow/example_dags/example_short_circuit_operator.py
[2025-01-08T18:58:09.580+0000] {processor.py:925} INFO - DAG(s) 'example_short_circuit_operator' retrieved from /home/airflow/.local/lib/python3.12/site-packages/airflow/example_dags/example_short_circuit_operator.py
[2025-01-08T18:58:09.604+0000] {logging_mixin.py:190} INFO - [2025-01-08T18:58:09.603+0000] {dag.py:3239} INFO - Sync 1 DAGs
[2025-01-08T18:58:09.619+0000] {logging_mixin.py:190} INFO - [2025-01-08T18:58:09.619+0000] {dag.py:4180} INFO - Setting next_dagrun for example_short_circuit_operator to None, run_after=None
[2025-01-08T18:58:09.635+0000] {processor.py:208} INFO - Processing /home/airflow/.local/lib/python3.12/site-packages/airflow/example_dags/example_short_circuit_operator.py took 0.073 seconds
[2025-01-08T18:58:39.838+0000] {processor.py:186} INFO - Started process (PID=1927) to work on /home/airflow/.local/lib/python3.12/site-packages/airflow/example_dags/example_short_circuit_operator.py
[2025-01-08T18:58:39.839+0000] {processor.py:914} INFO - Processing file /home/airflow/.local/lib/python3.12/site-packages/airflow/example_dags/example_short_circuit_operator.py for tasks to queue
[2025-01-08T18:58:39.841+0000] {logging_mixin.py:190} INFO - [2025-01-08T18:58:39.841+0000] {dagbag.py:588} INFO - Filling up the DagBag from /home/airflow/.local/lib/python3.12/site-packages/airflow/example_dags/example_short_circuit_operator.py
[2025-01-08T18:58:39.851+0000] {processor.py:925} INFO - DAG(s) 'example_short_circuit_operator' retrieved from /home/airflow/.local/lib/python3.12/site-packages/airflow/example_dags/example_short_circuit_operator.py
[2025-01-08T18:58:39.877+0000] {logging_mixin.py:190} INFO - [2025-01-08T18:58:39.877+0000] {dag.py:3239} INFO - Sync 1 DAGs
[2025-01-08T18:58:39.900+0000] {logging_mixin.py:190} INFO - [2025-01-08T18:58:39.900+0000] {dag.py:4180} INFO - Setting next_dagrun for example_short_circuit_operator to None, run_after=None
[2025-01-08T18:58:39.920+0000] {processor.py:208} INFO - Processing /home/airflow/.local/lib/python3.12/site-packages/airflow/example_dags/example_short_circuit_operator.py took 0.089 seconds
[2025-01-08T18:59:10.669+0000] {processor.py:186} INFO - Started process (PID=1992) to work on /home/airflow/.local/lib/python3.12/site-packages/airflow/example_dags/example_short_circuit_operator.py
[2025-01-08T18:59:10.670+0000] {processor.py:914} INFO - Processing file /home/airflow/.local/lib/python3.12/site-packages/airflow/example_dags/example_short_circuit_operator.py for tasks to queue
[2025-01-08T18:59:10.672+0000] {logging_mixin.py:190} INFO - [2025-01-08T18:59:10.672+0000] {dagbag.py:588} INFO - Filling up the DagBag from /home/airflow/.local/lib/python3.12/site-packages/airflow/example_dags/example_short_circuit_operator.py
[2025-01-08T18:59:10.685+0000] {processor.py:925} INFO - DAG(s) 'example_short_circuit_operator' retrieved from /home/airflow/.local/lib/python3.12/site-packages/airflow/example_dags/example_short_circuit_operator.py
[2025-01-08T18:59:10.735+0000] {logging_mixin.py:190} INFO - [2025-01-08T18:59:10.735+0000] {dag.py:3239} INFO - Sync 1 DAGs
[2025-01-08T18:59:10.752+0000] {logging_mixin.py:190} INFO - [2025-01-08T18:59:10.752+0000] {dag.py:4180} INFO - Setting next_dagrun for example_short_circuit_operator to None, run_after=None
[2025-01-08T18:59:10.769+0000] {processor.py:208} INFO - Processing /home/airflow/.local/lib/python3.12/site-packages/airflow/example_dags/example_short_circuit_operator.py took 0.107 seconds
[2025-01-08T18:59:41.394+0000] {processor.py:186} INFO - Started process (PID=2057) to work on /home/airflow/.local/lib/python3.12/site-packages/airflow/example_dags/example_short_circuit_operator.py
[2025-01-08T18:59:41.395+0000] {processor.py:914} INFO - Processing file /home/airflow/.local/lib/python3.12/site-packages/airflow/example_dags/example_short_circuit_operator.py for tasks to queue
[2025-01-08T18:59:41.397+0000] {logging_mixin.py:190} INFO - [2025-01-08T18:59:41.397+0000] {dagbag.py:588} INFO - Filling up the DagBag from /home/airflow/.local/lib/python3.12/site-packages/airflow/example_dags/example_short_circuit_operator.py
[2025-01-08T18:59:41.406+0000] {processor.py:925} INFO - DAG(s) 'example_short_circuit_operator' retrieved from /home/airflow/.local/lib/python3.12/site-packages/airflow/example_dags/example_short_circuit_operator.py
[2025-01-08T18:59:41.435+0000] {logging_mixin.py:190} INFO - [2025-01-08T18:59:41.435+0000] {dag.py:3239} INFO - Sync 1 DAGs
[2025-01-08T18:59:41.458+0000] {logging_mixin.py:190} INFO - [2025-01-08T18:59:41.458+0000] {dag.py:4180} INFO - Setting next_dagrun for example_short_circuit_operator to None, run_after=None
[2025-01-08T18:59:41.483+0000] {processor.py:208} INFO - Processing /home/airflow/.local/lib/python3.12/site-packages/airflow/example_dags/example_short_circuit_operator.py took 0.095 seconds
[2025-01-08T19:00:11.627+0000] {processor.py:186} INFO - Started process (PID=2123) to work on /home/airflow/.local/lib/python3.12/site-packages/airflow/example_dags/example_short_circuit_operator.py
[2025-01-08T19:00:11.627+0000] {processor.py:914} INFO - Processing file /home/airflow/.local/lib/python3.12/site-packages/airflow/example_dags/example_short_circuit_operator.py for tasks to queue
[2025-01-08T19:00:11.629+0000] {logging_mixin.py:190} INFO - [2025-01-08T19:00:11.629+0000] {dagbag.py:588} INFO - Filling up the DagBag from /home/airflow/.local/lib/python3.12/site-packages/airflow/example_dags/example_short_circuit_operator.py
[2025-01-08T19:00:11.638+0000] {processor.py:925} INFO - DAG(s) 'example_short_circuit_operator' retrieved from /home/airflow/.local/lib/python3.12/site-packages/airflow/example_dags/example_short_circuit_operator.py
[2025-01-08T19:00:11.662+0000] {logging_mixin.py:190} INFO - [2025-01-08T19:00:11.662+0000] {dag.py:3239} INFO - Sync 1 DAGs
[2025-01-08T19:00:11.678+0000] {logging_mixin.py:190} INFO - [2025-01-08T19:00:11.678+0000] {dag.py:4180} INFO - Setting next_dagrun for example_short_circuit_operator to None, run_after=None
[2025-01-08T19:00:11.694+0000] {processor.py:208} INFO - Processing /home/airflow/.local/lib/python3.12/site-packages/airflow/example_dags/example_short_circuit_operator.py took 0.074 seconds
