[2025-01-08T18:44:25.673+0000] {processor.py:186} INFO - Started process (PID=120) to work on /home/airflow/.local/lib/python3.12/site-packages/airflow/example_dags/example_sensor_decorator.py
[2025-01-08T18:44:25.674+0000] {processor.py:914} INFO - Processing file /home/airflow/.local/lib/python3.12/site-packages/airflow/example_dags/example_sensor_decorator.py for tasks to queue
[2025-01-08T18:44:25.685+0000] {logging_mixin.py:190} INFO - [2025-01-08T18:44:25.685+0000] {dagbag.py:588} INFO - Filling up the DagBag from /home/airflow/.local/lib/python3.12/site-packages/airflow/example_dags/example_sensor_decorator.py
[2025-01-08T18:44:25.731+0000] {processor.py:925} INFO - DAG(s) 'example_sensor_decorator' retrieved from /home/airflow/.local/lib/python3.12/site-packages/airflow/example_dags/example_sensor_decorator.py
[2025-01-08T18:44:25.789+0000] {logging_mixin.py:190} INFO - [2025-01-08T18:44:25.786+0000] {dag.py:3239} INFO - Sync 1 DAGs
[2025-01-08T18:44:25.841+0000] {logging_mixin.py:190} INFO - [2025-01-08T18:44:25.837+0000] {dag.py:4180} INFO - Setting next_dagrun for example_sensor_decorator to None, run_after=None
[2025-01-08T18:44:25.895+0000] {processor.py:208} INFO - Processing /home/airflow/.local/lib/python3.12/site-packages/airflow/example_dags/example_sensor_decorator.py took 0.252 seconds
[2025-01-08T18:44:56.011+0000] {processor.py:186} INFO - Started process (PID=185) to work on /home/airflow/.local/lib/python3.12/site-packages/airflow/example_dags/example_sensor_decorator.py
[2025-01-08T18:44:56.012+0000] {processor.py:914} INFO - Processing file /home/airflow/.local/lib/python3.12/site-packages/airflow/example_dags/example_sensor_decorator.py for tasks to queue
[2025-01-08T18:44:56.014+0000] {logging_mixin.py:190} INFO - [2025-01-08T18:44:56.014+0000] {dagbag.py:588} INFO - Filling up the DagBag from /home/airflow/.local/lib/python3.12/site-packages/airflow/example_dags/example_sensor_decorator.py
[2025-01-08T18:44:56.021+0000] {processor.py:925} INFO - DAG(s) 'example_sensor_decorator' retrieved from /home/airflow/.local/lib/python3.12/site-packages/airflow/example_dags/example_sensor_decorator.py
[2025-01-08T18:44:56.041+0000] {logging_mixin.py:190} INFO - [2025-01-08T18:44:56.040+0000] {dag.py:3239} INFO - Sync 1 DAGs
[2025-01-08T18:44:56.055+0000] {logging_mixin.py:190} INFO - [2025-01-08T18:44:56.055+0000] {dag.py:4180} INFO - Setting next_dagrun for example_sensor_decorator to None, run_after=None
[2025-01-08T18:44:56.072+0000] {processor.py:208} INFO - Processing /home/airflow/.local/lib/python3.12/site-packages/airflow/example_dags/example_sensor_decorator.py took 0.067 seconds
[2025-01-08T18:45:26.265+0000] {processor.py:186} INFO - Started process (PID=250) to work on /home/airflow/.local/lib/python3.12/site-packages/airflow/example_dags/example_sensor_decorator.py
[2025-01-08T18:45:26.267+0000] {processor.py:914} INFO - Processing file /home/airflow/.local/lib/python3.12/site-packages/airflow/example_dags/example_sensor_decorator.py for tasks to queue
[2025-01-08T18:45:26.284+0000] {logging_mixin.py:190} INFO - [2025-01-08T18:45:26.269+0000] {dagbag.py:588} INFO - Filling up the DagBag from /home/airflow/.local/lib/python3.12/site-packages/airflow/example_dags/example_sensor_decorator.py
[2025-01-08T18:45:26.295+0000] {processor.py:925} INFO - DAG(s) 'example_sensor_decorator' retrieved from /home/airflow/.local/lib/python3.12/site-packages/airflow/example_dags/example_sensor_decorator.py
[2025-01-08T18:45:26.316+0000] {logging_mixin.py:190} INFO - [2025-01-08T18:45:26.316+0000] {dag.py:3239} INFO - Sync 1 DAGs
[2025-01-08T18:45:26.332+0000] {logging_mixin.py:190} INFO - [2025-01-08T18:45:26.332+0000] {dag.py:4180} INFO - Setting next_dagrun for example_sensor_decorator to None, run_after=None
[2025-01-08T18:45:26.358+0000] {processor.py:208} INFO - Processing /home/airflow/.local/lib/python3.12/site-packages/airflow/example_dags/example_sensor_decorator.py took 0.113 seconds
[2025-01-08T18:45:57.134+0000] {processor.py:186} INFO - Started process (PID=314) to work on /home/airflow/.local/lib/python3.12/site-packages/airflow/example_dags/example_sensor_decorator.py
[2025-01-08T18:45:57.134+0000] {processor.py:914} INFO - Processing file /home/airflow/.local/lib/python3.12/site-packages/airflow/example_dags/example_sensor_decorator.py for tasks to queue
[2025-01-08T18:45:57.137+0000] {logging_mixin.py:190} INFO - [2025-01-08T18:45:57.136+0000] {dagbag.py:588} INFO - Filling up the DagBag from /home/airflow/.local/lib/python3.12/site-packages/airflow/example_dags/example_sensor_decorator.py
[2025-01-08T18:45:57.149+0000] {processor.py:925} INFO - DAG(s) 'example_sensor_decorator' retrieved from /home/airflow/.local/lib/python3.12/site-packages/airflow/example_dags/example_sensor_decorator.py
[2025-01-08T18:45:57.169+0000] {logging_mixin.py:190} INFO - [2025-01-08T18:45:57.169+0000] {dag.py:3239} INFO - Sync 1 DAGs
[2025-01-08T18:45:57.184+0000] {logging_mixin.py:190} INFO - [2025-01-08T18:45:57.184+0000] {dag.py:4180} INFO - Setting next_dagrun for example_sensor_decorator to None, run_after=None
[2025-01-08T18:45:57.205+0000] {processor.py:208} INFO - Processing /home/airflow/.local/lib/python3.12/site-packages/airflow/example_dags/example_sensor_decorator.py took 0.080 seconds
[2025-01-08T18:46:28.954+0000] {processor.py:186} INFO - Started process (PID=379) to work on /home/airflow/.local/lib/python3.12/site-packages/airflow/example_dags/example_sensor_decorator.py
[2025-01-08T18:46:28.955+0000] {processor.py:914} INFO - Processing file /home/airflow/.local/lib/python3.12/site-packages/airflow/example_dags/example_sensor_decorator.py for tasks to queue
[2025-01-08T18:46:28.957+0000] {logging_mixin.py:190} INFO - [2025-01-08T18:46:28.957+0000] {dagbag.py:588} INFO - Filling up the DagBag from /home/airflow/.local/lib/python3.12/site-packages/airflow/example_dags/example_sensor_decorator.py
[2025-01-08T18:46:28.965+0000] {processor.py:925} INFO - DAG(s) 'example_sensor_decorator' retrieved from /home/airflow/.local/lib/python3.12/site-packages/airflow/example_dags/example_sensor_decorator.py
[2025-01-08T18:46:28.984+0000] {logging_mixin.py:190} INFO - [2025-01-08T18:46:28.984+0000] {dag.py:3239} INFO - Sync 1 DAGs
[2025-01-08T18:46:29.011+0000] {logging_mixin.py:190} INFO - [2025-01-08T18:46:29.011+0000] {dag.py:4180} INFO - Setting next_dagrun for example_sensor_decorator to None, run_after=None
[2025-01-08T18:46:29.032+0000] {processor.py:208} INFO - Processing /home/airflow/.local/lib/python3.12/site-packages/airflow/example_dags/example_sensor_decorator.py took 0.084 seconds
[2025-01-08T18:47:04.346+0000] {processor.py:186} INFO - Started process (PID=450) to work on /home/airflow/.local/lib/python3.12/site-packages/airflow/example_dags/example_sensor_decorator.py
[2025-01-08T18:47:04.347+0000] {processor.py:914} INFO - Processing file /home/airflow/.local/lib/python3.12/site-packages/airflow/example_dags/example_sensor_decorator.py for tasks to queue
[2025-01-08T18:47:04.349+0000] {logging_mixin.py:190} INFO - [2025-01-08T18:47:04.348+0000] {dagbag.py:588} INFO - Filling up the DagBag from /home/airflow/.local/lib/python3.12/site-packages/airflow/example_dags/example_sensor_decorator.py
[2025-01-08T18:47:04.372+0000] {processor.py:925} INFO - DAG(s) 'example_sensor_decorator' retrieved from /home/airflow/.local/lib/python3.12/site-packages/airflow/example_dags/example_sensor_decorator.py
[2025-01-08T18:47:04.400+0000] {logging_mixin.py:190} INFO - [2025-01-08T18:47:04.400+0000] {dag.py:3239} INFO - Sync 1 DAGs
[2025-01-08T18:47:04.416+0000] {logging_mixin.py:190} INFO - [2025-01-08T18:47:04.416+0000] {dag.py:4180} INFO - Setting next_dagrun for example_sensor_decorator to None, run_after=None
[2025-01-08T18:47:04.440+0000] {processor.py:208} INFO - Processing /home/airflow/.local/lib/python3.12/site-packages/airflow/example_dags/example_sensor_decorator.py took 0.127 seconds
[2025-01-08T18:47:35.052+0000] {processor.py:186} INFO - Started process (PID=515) to work on /home/airflow/.local/lib/python3.12/site-packages/airflow/example_dags/example_sensor_decorator.py
[2025-01-08T18:47:35.053+0000] {processor.py:914} INFO - Processing file /home/airflow/.local/lib/python3.12/site-packages/airflow/example_dags/example_sensor_decorator.py for tasks to queue
[2025-01-08T18:47:35.055+0000] {logging_mixin.py:190} INFO - [2025-01-08T18:47:35.055+0000] {dagbag.py:588} INFO - Filling up the DagBag from /home/airflow/.local/lib/python3.12/site-packages/airflow/example_dags/example_sensor_decorator.py
[2025-01-08T18:47:35.096+0000] {processor.py:925} INFO - DAG(s) 'example_sensor_decorator' retrieved from /home/airflow/.local/lib/python3.12/site-packages/airflow/example_dags/example_sensor_decorator.py
[2025-01-08T18:47:35.163+0000] {logging_mixin.py:190} INFO - [2025-01-08T18:47:35.163+0000] {dag.py:3239} INFO - Sync 1 DAGs
[2025-01-08T18:47:35.188+0000] {logging_mixin.py:190} INFO - [2025-01-08T18:47:35.188+0000] {dag.py:4180} INFO - Setting next_dagrun for example_sensor_decorator to None, run_after=None
[2025-01-08T18:47:35.255+0000] {processor.py:208} INFO - Processing /home/airflow/.local/lib/python3.12/site-packages/airflow/example_dags/example_sensor_decorator.py took 0.220 seconds
[2025-01-08T18:48:05.958+0000] {processor.py:186} INFO - Started process (PID=580) to work on /home/airflow/.local/lib/python3.12/site-packages/airflow/example_dags/example_sensor_decorator.py
[2025-01-08T18:48:05.959+0000] {processor.py:914} INFO - Processing file /home/airflow/.local/lib/python3.12/site-packages/airflow/example_dags/example_sensor_decorator.py for tasks to queue
[2025-01-08T18:48:05.966+0000] {logging_mixin.py:190} INFO - [2025-01-08T18:48:05.966+0000] {dagbag.py:588} INFO - Filling up the DagBag from /home/airflow/.local/lib/python3.12/site-packages/airflow/example_dags/example_sensor_decorator.py
[2025-01-08T18:48:05.975+0000] {processor.py:925} INFO - DAG(s) 'example_sensor_decorator' retrieved from /home/airflow/.local/lib/python3.12/site-packages/airflow/example_dags/example_sensor_decorator.py
[2025-01-08T18:48:05.993+0000] {logging_mixin.py:190} INFO - [2025-01-08T18:48:05.993+0000] {dag.py:3239} INFO - Sync 1 DAGs
[2025-01-08T18:48:06.008+0000] {logging_mixin.py:190} INFO - [2025-01-08T18:48:06.008+0000] {dag.py:4180} INFO - Setting next_dagrun for example_sensor_decorator to None, run_after=None
[2025-01-08T18:48:06.025+0000] {processor.py:208} INFO - Processing /home/airflow/.local/lib/python3.12/site-packages/airflow/example_dags/example_sensor_decorator.py took 0.073 seconds
[2025-01-08T18:48:36.237+0000] {processor.py:186} INFO - Started process (PID=645) to work on /home/airflow/.local/lib/python3.12/site-packages/airflow/example_dags/example_sensor_decorator.py
[2025-01-08T18:48:36.238+0000] {processor.py:914} INFO - Processing file /home/airflow/.local/lib/python3.12/site-packages/airflow/example_dags/example_sensor_decorator.py for tasks to queue
[2025-01-08T18:48:36.240+0000] {logging_mixin.py:190} INFO - [2025-01-08T18:48:36.240+0000] {dagbag.py:588} INFO - Filling up the DagBag from /home/airflow/.local/lib/python3.12/site-packages/airflow/example_dags/example_sensor_decorator.py
[2025-01-08T18:48:36.248+0000] {processor.py:925} INFO - DAG(s) 'example_sensor_decorator' retrieved from /home/airflow/.local/lib/python3.12/site-packages/airflow/example_dags/example_sensor_decorator.py
[2025-01-08T18:48:36.266+0000] {logging_mixin.py:190} INFO - [2025-01-08T18:48:36.266+0000] {dag.py:3239} INFO - Sync 1 DAGs
[2025-01-08T18:48:36.281+0000] {logging_mixin.py:190} INFO - [2025-01-08T18:48:36.281+0000] {dag.py:4180} INFO - Setting next_dagrun for example_sensor_decorator to None, run_after=None
[2025-01-08T18:48:36.310+0000] {processor.py:208} INFO - Processing /home/airflow/.local/lib/python3.12/site-packages/airflow/example_dags/example_sensor_decorator.py took 0.078 seconds
[2025-01-08T18:49:07.226+0000] {processor.py:186} INFO - Started process (PID=712) to work on /home/airflow/.local/lib/python3.12/site-packages/airflow/example_dags/example_sensor_decorator.py
[2025-01-08T18:49:07.227+0000] {processor.py:914} INFO - Processing file /home/airflow/.local/lib/python3.12/site-packages/airflow/example_dags/example_sensor_decorator.py for tasks to queue
[2025-01-08T18:49:07.229+0000] {logging_mixin.py:190} INFO - [2025-01-08T18:49:07.229+0000] {dagbag.py:588} INFO - Filling up the DagBag from /home/airflow/.local/lib/python3.12/site-packages/airflow/example_dags/example_sensor_decorator.py
[2025-01-08T18:49:07.238+0000] {processor.py:925} INFO - DAG(s) 'example_sensor_decorator' retrieved from /home/airflow/.local/lib/python3.12/site-packages/airflow/example_dags/example_sensor_decorator.py
[2025-01-08T18:49:07.258+0000] {logging_mixin.py:190} INFO - [2025-01-08T18:49:07.258+0000] {dag.py:3239} INFO - Sync 1 DAGs
[2025-01-08T18:49:07.274+0000] {logging_mixin.py:190} INFO - [2025-01-08T18:49:07.274+0000] {dag.py:4180} INFO - Setting next_dagrun for example_sensor_decorator to None, run_after=None
[2025-01-08T18:49:07.291+0000] {processor.py:208} INFO - Processing /home/airflow/.local/lib/python3.12/site-packages/airflow/example_dags/example_sensor_decorator.py took 0.070 seconds
[2025-01-08T18:49:42.355+0000] {processor.py:186} INFO - Started process (PID=777) to work on /home/airflow/.local/lib/python3.12/site-packages/airflow/example_dags/example_sensor_decorator.py
[2025-01-08T18:49:42.379+0000] {processor.py:914} INFO - Processing file /home/airflow/.local/lib/python3.12/site-packages/airflow/example_dags/example_sensor_decorator.py for tasks to queue
[2025-01-08T18:49:42.381+0000] {logging_mixin.py:190} INFO - [2025-01-08T18:49:42.381+0000] {dagbag.py:588} INFO - Filling up the DagBag from /home/airflow/.local/lib/python3.12/site-packages/airflow/example_dags/example_sensor_decorator.py
[2025-01-08T18:49:42.409+0000] {processor.py:925} INFO - DAG(s) 'example_sensor_decorator' retrieved from /home/airflow/.local/lib/python3.12/site-packages/airflow/example_dags/example_sensor_decorator.py
[2025-01-08T18:49:42.444+0000] {logging_mixin.py:190} INFO - [2025-01-08T18:49:42.443+0000] {dag.py:3239} INFO - Sync 1 DAGs
[2025-01-08T18:49:42.472+0000] {logging_mixin.py:190} INFO - [2025-01-08T18:49:42.472+0000] {dag.py:4180} INFO - Setting next_dagrun for example_sensor_decorator to None, run_after=None
[2025-01-08T18:49:42.578+0000] {processor.py:208} INFO - Processing /home/airflow/.local/lib/python3.12/site-packages/airflow/example_dags/example_sensor_decorator.py took 0.270 seconds
[2025-01-08T18:50:13.375+0000] {processor.py:186} INFO - Started process (PID=842) to work on /home/airflow/.local/lib/python3.12/site-packages/airflow/example_dags/example_sensor_decorator.py
[2025-01-08T18:50:13.390+0000] {processor.py:914} INFO - Processing file /home/airflow/.local/lib/python3.12/site-packages/airflow/example_dags/example_sensor_decorator.py for tasks to queue
[2025-01-08T18:50:13.392+0000] {logging_mixin.py:190} INFO - [2025-01-08T18:50:13.392+0000] {dagbag.py:588} INFO - Filling up the DagBag from /home/airflow/.local/lib/python3.12/site-packages/airflow/example_dags/example_sensor_decorator.py
[2025-01-08T18:50:13.432+0000] {processor.py:925} INFO - DAG(s) 'example_sensor_decorator' retrieved from /home/airflow/.local/lib/python3.12/site-packages/airflow/example_dags/example_sensor_decorator.py
[2025-01-08T18:50:13.458+0000] {logging_mixin.py:190} INFO - [2025-01-08T18:50:13.458+0000] {dag.py:3239} INFO - Sync 1 DAGs
[2025-01-08T18:50:13.474+0000] {logging_mixin.py:190} INFO - [2025-01-08T18:50:13.474+0000] {dag.py:4180} INFO - Setting next_dagrun for example_sensor_decorator to None, run_after=None
[2025-01-08T18:50:13.501+0000] {processor.py:208} INFO - Processing /home/airflow/.local/lib/python3.12/site-packages/airflow/example_dags/example_sensor_decorator.py took 0.173 seconds
[2025-01-08T18:50:44.677+0000] {processor.py:186} INFO - Started process (PID=910) to work on /home/airflow/.local/lib/python3.12/site-packages/airflow/example_dags/example_sensor_decorator.py
[2025-01-08T18:50:44.678+0000] {processor.py:914} INFO - Processing file /home/airflow/.local/lib/python3.12/site-packages/airflow/example_dags/example_sensor_decorator.py for tasks to queue
[2025-01-08T18:50:44.680+0000] {logging_mixin.py:190} INFO - [2025-01-08T18:50:44.680+0000] {dagbag.py:588} INFO - Filling up the DagBag from /home/airflow/.local/lib/python3.12/site-packages/airflow/example_dags/example_sensor_decorator.py
[2025-01-08T18:50:44.722+0000] {processor.py:925} INFO - DAG(s) 'example_sensor_decorator' retrieved from /home/airflow/.local/lib/python3.12/site-packages/airflow/example_dags/example_sensor_decorator.py
[2025-01-08T18:50:44.763+0000] {logging_mixin.py:190} INFO - [2025-01-08T18:50:44.762+0000] {dag.py:3239} INFO - Sync 1 DAGs
[2025-01-08T18:50:44.796+0000] {logging_mixin.py:190} INFO - [2025-01-08T18:50:44.796+0000] {dag.py:4180} INFO - Setting next_dagrun for example_sensor_decorator to None, run_after=None
[2025-01-08T18:50:44.816+0000] {processor.py:208} INFO - Processing /home/airflow/.local/lib/python3.12/site-packages/airflow/example_dags/example_sensor_decorator.py took 0.151 seconds
[2025-01-08T18:51:15.189+0000] {processor.py:186} INFO - Started process (PID=975) to work on /home/airflow/.local/lib/python3.12/site-packages/airflow/example_dags/example_sensor_decorator.py
[2025-01-08T18:51:15.190+0000] {processor.py:914} INFO - Processing file /home/airflow/.local/lib/python3.12/site-packages/airflow/example_dags/example_sensor_decorator.py for tasks to queue
[2025-01-08T18:51:15.192+0000] {logging_mixin.py:190} INFO - [2025-01-08T18:51:15.192+0000] {dagbag.py:588} INFO - Filling up the DagBag from /home/airflow/.local/lib/python3.12/site-packages/airflow/example_dags/example_sensor_decorator.py
[2025-01-08T18:51:15.201+0000] {processor.py:925} INFO - DAG(s) 'example_sensor_decorator' retrieved from /home/airflow/.local/lib/python3.12/site-packages/airflow/example_dags/example_sensor_decorator.py
[2025-01-08T18:51:15.220+0000] {logging_mixin.py:190} INFO - [2025-01-08T18:51:15.219+0000] {dag.py:3239} INFO - Sync 1 DAGs
[2025-01-08T18:51:15.235+0000] {logging_mixin.py:190} INFO - [2025-01-08T18:51:15.235+0000] {dag.py:4180} INFO - Setting next_dagrun for example_sensor_decorator to None, run_after=None
[2025-01-08T18:51:15.252+0000] {processor.py:208} INFO - Processing /home/airflow/.local/lib/python3.12/site-packages/airflow/example_dags/example_sensor_decorator.py took 0.068 seconds
[2025-01-08T18:51:46.857+0000] {processor.py:186} INFO - Started process (PID=1046) to work on /home/airflow/.local/lib/python3.12/site-packages/airflow/example_dags/example_sensor_decorator.py
[2025-01-08T18:51:46.858+0000] {processor.py:914} INFO - Processing file /home/airflow/.local/lib/python3.12/site-packages/airflow/example_dags/example_sensor_decorator.py for tasks to queue
[2025-01-08T18:51:46.860+0000] {logging_mixin.py:190} INFO - [2025-01-08T18:51:46.860+0000] {dagbag.py:588} INFO - Filling up the DagBag from /home/airflow/.local/lib/python3.12/site-packages/airflow/example_dags/example_sensor_decorator.py
[2025-01-08T18:51:46.868+0000] {processor.py:925} INFO - DAG(s) 'example_sensor_decorator' retrieved from /home/airflow/.local/lib/python3.12/site-packages/airflow/example_dags/example_sensor_decorator.py
[2025-01-08T18:51:46.927+0000] {logging_mixin.py:190} INFO - [2025-01-08T18:51:46.926+0000] {dag.py:3239} INFO - Sync 1 DAGs
[2025-01-08T18:51:46.944+0000] {logging_mixin.py:190} INFO - [2025-01-08T18:51:46.944+0000] {dag.py:4180} INFO - Setting next_dagrun for example_sensor_decorator to None, run_after=None
[2025-01-08T18:51:46.964+0000] {processor.py:208} INFO - Processing /home/airflow/.local/lib/python3.12/site-packages/airflow/example_dags/example_sensor_decorator.py took 0.113 seconds
[2025-01-08T18:52:17.670+0000] {processor.py:186} INFO - Started process (PID=1110) to work on /home/airflow/.local/lib/python3.12/site-packages/airflow/example_dags/example_sensor_decorator.py
[2025-01-08T18:52:17.671+0000] {processor.py:914} INFO - Processing file /home/airflow/.local/lib/python3.12/site-packages/airflow/example_dags/example_sensor_decorator.py for tasks to queue
[2025-01-08T18:52:17.673+0000] {logging_mixin.py:190} INFO - [2025-01-08T18:52:17.672+0000] {dagbag.py:588} INFO - Filling up the DagBag from /home/airflow/.local/lib/python3.12/site-packages/airflow/example_dags/example_sensor_decorator.py
[2025-01-08T18:52:17.680+0000] {processor.py:925} INFO - DAG(s) 'example_sensor_decorator' retrieved from /home/airflow/.local/lib/python3.12/site-packages/airflow/example_dags/example_sensor_decorator.py
[2025-01-08T18:52:17.699+0000] {logging_mixin.py:190} INFO - [2025-01-08T18:52:17.699+0000] {dag.py:3239} INFO - Sync 1 DAGs
[2025-01-08T18:52:17.714+0000] {logging_mixin.py:190} INFO - [2025-01-08T18:52:17.714+0000] {dag.py:4180} INFO - Setting next_dagrun for example_sensor_decorator to None, run_after=None
[2025-01-08T18:52:17.731+0000] {processor.py:208} INFO - Processing /home/airflow/.local/lib/python3.12/site-packages/airflow/example_dags/example_sensor_decorator.py took 0.067 seconds
[2025-01-08T18:52:49.008+0000] {processor.py:186} INFO - Started process (PID=1177) to work on /home/airflow/.local/lib/python3.12/site-packages/airflow/example_dags/example_sensor_decorator.py
[2025-01-08T18:52:49.009+0000] {processor.py:914} INFO - Processing file /home/airflow/.local/lib/python3.12/site-packages/airflow/example_dags/example_sensor_decorator.py for tasks to queue
[2025-01-08T18:52:49.023+0000] {logging_mixin.py:190} INFO - [2025-01-08T18:52:49.023+0000] {dagbag.py:588} INFO - Filling up the DagBag from /home/airflow/.local/lib/python3.12/site-packages/airflow/example_dags/example_sensor_decorator.py
[2025-01-08T18:52:49.044+0000] {processor.py:925} INFO - DAG(s) 'example_sensor_decorator' retrieved from /home/airflow/.local/lib/python3.12/site-packages/airflow/example_dags/example_sensor_decorator.py
[2025-01-08T18:52:49.140+0000] {logging_mixin.py:190} INFO - [2025-01-08T18:52:49.139+0000] {dag.py:3239} INFO - Sync 1 DAGs
[2025-01-08T18:52:49.183+0000] {logging_mixin.py:190} INFO - [2025-01-08T18:52:49.183+0000] {dag.py:4180} INFO - Setting next_dagrun for example_sensor_decorator to None, run_after=None
[2025-01-08T18:52:49.265+0000] {processor.py:208} INFO - Processing /home/airflow/.local/lib/python3.12/site-packages/airflow/example_dags/example_sensor_decorator.py took 0.279 seconds
[2025-01-08T18:53:19.361+0000] {processor.py:186} INFO - Started process (PID=1242) to work on /home/airflow/.local/lib/python3.12/site-packages/airflow/example_dags/example_sensor_decorator.py
[2025-01-08T18:53:19.362+0000] {processor.py:914} INFO - Processing file /home/airflow/.local/lib/python3.12/site-packages/airflow/example_dags/example_sensor_decorator.py for tasks to queue
[2025-01-08T18:53:19.363+0000] {logging_mixin.py:190} INFO - [2025-01-08T18:53:19.363+0000] {dagbag.py:588} INFO - Filling up the DagBag from /home/airflow/.local/lib/python3.12/site-packages/airflow/example_dags/example_sensor_decorator.py
[2025-01-08T18:53:19.369+0000] {processor.py:925} INFO - DAG(s) 'example_sensor_decorator' retrieved from /home/airflow/.local/lib/python3.12/site-packages/airflow/example_dags/example_sensor_decorator.py
[2025-01-08T18:53:19.384+0000] {logging_mixin.py:190} INFO - [2025-01-08T18:53:19.384+0000] {dag.py:3239} INFO - Sync 1 DAGs
[2025-01-08T18:53:19.394+0000] {logging_mixin.py:190} INFO - [2025-01-08T18:53:19.394+0000] {dag.py:4180} INFO - Setting next_dagrun for example_sensor_decorator to None, run_after=None
[2025-01-08T18:53:19.406+0000] {processor.py:208} INFO - Processing /home/airflow/.local/lib/python3.12/site-packages/airflow/example_dags/example_sensor_decorator.py took 0.050 seconds
[2025-01-08T18:53:50.220+0000] {processor.py:186} INFO - Started process (PID=1308) to work on /home/airflow/.local/lib/python3.12/site-packages/airflow/example_dags/example_sensor_decorator.py
[2025-01-08T18:53:50.220+0000] {processor.py:914} INFO - Processing file /home/airflow/.local/lib/python3.12/site-packages/airflow/example_dags/example_sensor_decorator.py for tasks to queue
[2025-01-08T18:53:50.222+0000] {logging_mixin.py:190} INFO - [2025-01-08T18:53:50.222+0000] {dagbag.py:588} INFO - Filling up the DagBag from /home/airflow/.local/lib/python3.12/site-packages/airflow/example_dags/example_sensor_decorator.py
[2025-01-08T18:53:50.234+0000] {processor.py:925} INFO - DAG(s) 'example_sensor_decorator' retrieved from /home/airflow/.local/lib/python3.12/site-packages/airflow/example_dags/example_sensor_decorator.py
[2025-01-08T18:53:50.286+0000] {logging_mixin.py:190} INFO - [2025-01-08T18:53:50.286+0000] {dag.py:3239} INFO - Sync 1 DAGs
[2025-01-08T18:53:50.317+0000] {logging_mixin.py:190} INFO - [2025-01-08T18:53:50.316+0000] {dag.py:4180} INFO - Setting next_dagrun for example_sensor_decorator to None, run_after=None
[2025-01-08T18:53:50.332+0000] {processor.py:208} INFO - Processing /home/airflow/.local/lib/python3.12/site-packages/airflow/example_dags/example_sensor_decorator.py took 0.118 seconds
[2025-01-08T18:54:21.510+0000] {processor.py:186} INFO - Started process (PID=1374) to work on /home/airflow/.local/lib/python3.12/site-packages/airflow/example_dags/example_sensor_decorator.py
[2025-01-08T18:54:21.511+0000] {processor.py:914} INFO - Processing file /home/airflow/.local/lib/python3.12/site-packages/airflow/example_dags/example_sensor_decorator.py for tasks to queue
[2025-01-08T18:54:21.513+0000] {logging_mixin.py:190} INFO - [2025-01-08T18:54:21.513+0000] {dagbag.py:588} INFO - Filling up the DagBag from /home/airflow/.local/lib/python3.12/site-packages/airflow/example_dags/example_sensor_decorator.py
[2025-01-08T18:54:21.543+0000] {processor.py:925} INFO - DAG(s) 'example_sensor_decorator' retrieved from /home/airflow/.local/lib/python3.12/site-packages/airflow/example_dags/example_sensor_decorator.py
[2025-01-08T18:54:21.579+0000] {logging_mixin.py:190} INFO - [2025-01-08T18:54:21.579+0000] {dag.py:3239} INFO - Sync 1 DAGs
[2025-01-08T18:54:21.626+0000] {logging_mixin.py:190} INFO - [2025-01-08T18:54:21.625+0000] {dag.py:4180} INFO - Setting next_dagrun for example_sensor_decorator to None, run_after=None
[2025-01-08T18:54:21.704+0000] {processor.py:208} INFO - Processing /home/airflow/.local/lib/python3.12/site-packages/airflow/example_dags/example_sensor_decorator.py took 0.228 seconds
[2025-01-08T18:54:51.816+0000] {processor.py:186} INFO - Started process (PID=1439) to work on /home/airflow/.local/lib/python3.12/site-packages/airflow/example_dags/example_sensor_decorator.py
[2025-01-08T18:54:51.817+0000] {processor.py:914} INFO - Processing file /home/airflow/.local/lib/python3.12/site-packages/airflow/example_dags/example_sensor_decorator.py for tasks to queue
[2025-01-08T18:54:51.820+0000] {logging_mixin.py:190} INFO - [2025-01-08T18:54:51.820+0000] {dagbag.py:588} INFO - Filling up the DagBag from /home/airflow/.local/lib/python3.12/site-packages/airflow/example_dags/example_sensor_decorator.py
[2025-01-08T18:54:51.832+0000] {processor.py:925} INFO - DAG(s) 'example_sensor_decorator' retrieved from /home/airflow/.local/lib/python3.12/site-packages/airflow/example_dags/example_sensor_decorator.py
[2025-01-08T18:54:51.871+0000] {logging_mixin.py:190} INFO - [2025-01-08T18:54:51.871+0000] {dag.py:3239} INFO - Sync 1 DAGs
[2025-01-08T18:54:51.891+0000] {logging_mixin.py:190} INFO - [2025-01-08T18:54:51.891+0000] {dag.py:4180} INFO - Setting next_dagrun for example_sensor_decorator to None, run_after=None
[2025-01-08T18:54:51.909+0000] {processor.py:208} INFO - Processing /home/airflow/.local/lib/python3.12/site-packages/airflow/example_dags/example_sensor_decorator.py took 0.100 seconds
[2025-01-08T18:55:23.187+0000] {processor.py:186} INFO - Started process (PID=1506) to work on /home/airflow/.local/lib/python3.12/site-packages/airflow/example_dags/example_sensor_decorator.py
[2025-01-08T18:55:23.198+0000] {processor.py:914} INFO - Processing file /home/airflow/.local/lib/python3.12/site-packages/airflow/example_dags/example_sensor_decorator.py for tasks to queue
[2025-01-08T18:55:23.200+0000] {logging_mixin.py:190} INFO - [2025-01-08T18:55:23.199+0000] {dagbag.py:588} INFO - Filling up the DagBag from /home/airflow/.local/lib/python3.12/site-packages/airflow/example_dags/example_sensor_decorator.py
[2025-01-08T18:55:23.214+0000] {processor.py:925} INFO - DAG(s) 'example_sensor_decorator' retrieved from /home/airflow/.local/lib/python3.12/site-packages/airflow/example_dags/example_sensor_decorator.py
[2025-01-08T18:55:23.282+0000] {logging_mixin.py:190} INFO - [2025-01-08T18:55:23.282+0000] {dag.py:3239} INFO - Sync 1 DAGs
[2025-01-08T18:55:23.324+0000] {logging_mixin.py:190} INFO - [2025-01-08T18:55:23.323+0000] {dag.py:4180} INFO - Setting next_dagrun for example_sensor_decorator to None, run_after=None
[2025-01-08T18:55:23.396+0000] {processor.py:208} INFO - Processing /home/airflow/.local/lib/python3.12/site-packages/airflow/example_dags/example_sensor_decorator.py took 0.220 seconds
[2025-01-08T18:55:54.439+0000] {processor.py:186} INFO - Started process (PID=1573) to work on /home/airflow/.local/lib/python3.12/site-packages/airflow/example_dags/example_sensor_decorator.py
[2025-01-08T18:55:54.440+0000] {processor.py:914} INFO - Processing file /home/airflow/.local/lib/python3.12/site-packages/airflow/example_dags/example_sensor_decorator.py for tasks to queue
[2025-01-08T18:55:54.441+0000] {logging_mixin.py:190} INFO - [2025-01-08T18:55:54.441+0000] {dagbag.py:588} INFO - Filling up the DagBag from /home/airflow/.local/lib/python3.12/site-packages/airflow/example_dags/example_sensor_decorator.py
[2025-01-08T18:55:54.448+0000] {processor.py:925} INFO - DAG(s) 'example_sensor_decorator' retrieved from /home/airflow/.local/lib/python3.12/site-packages/airflow/example_dags/example_sensor_decorator.py
[2025-01-08T18:55:54.462+0000] {logging_mixin.py:190} INFO - [2025-01-08T18:55:54.462+0000] {dag.py:3239} INFO - Sync 1 DAGs
[2025-01-08T18:55:54.478+0000] {logging_mixin.py:190} INFO - [2025-01-08T18:55:54.478+0000] {dag.py:4180} INFO - Setting next_dagrun for example_sensor_decorator to None, run_after=None
[2025-01-08T18:55:54.490+0000] {processor.py:208} INFO - Processing /home/airflow/.local/lib/python3.12/site-packages/airflow/example_dags/example_sensor_decorator.py took 0.055 seconds
[2025-01-08T18:56:24.721+0000] {processor.py:186} INFO - Started process (PID=1638) to work on /home/airflow/.local/lib/python3.12/site-packages/airflow/example_dags/example_sensor_decorator.py
[2025-01-08T18:56:24.722+0000] {processor.py:914} INFO - Processing file /home/airflow/.local/lib/python3.12/site-packages/airflow/example_dags/example_sensor_decorator.py for tasks to queue
[2025-01-08T18:56:24.723+0000] {logging_mixin.py:190} INFO - [2025-01-08T18:56:24.723+0000] {dagbag.py:588} INFO - Filling up the DagBag from /home/airflow/.local/lib/python3.12/site-packages/airflow/example_dags/example_sensor_decorator.py
[2025-01-08T18:56:24.729+0000] {processor.py:925} INFO - DAG(s) 'example_sensor_decorator' retrieved from /home/airflow/.local/lib/python3.12/site-packages/airflow/example_dags/example_sensor_decorator.py
[2025-01-08T18:56:24.744+0000] {logging_mixin.py:190} INFO - [2025-01-08T18:56:24.743+0000] {dag.py:3239} INFO - Sync 1 DAGs
[2025-01-08T18:56:24.754+0000] {logging_mixin.py:190} INFO - [2025-01-08T18:56:24.754+0000] {dag.py:4180} INFO - Setting next_dagrun for example_sensor_decorator to None, run_after=None
[2025-01-08T18:56:24.767+0000] {processor.py:208} INFO - Processing /home/airflow/.local/lib/python3.12/site-packages/airflow/example_dags/example_sensor_decorator.py took 0.050 seconds
[2025-01-08T18:56:55.285+0000] {processor.py:186} INFO - Started process (PID=1704) to work on /home/airflow/.local/lib/python3.12/site-packages/airflow/example_dags/example_sensor_decorator.py
[2025-01-08T18:56:55.286+0000] {processor.py:914} INFO - Processing file /home/airflow/.local/lib/python3.12/site-packages/airflow/example_dags/example_sensor_decorator.py for tasks to queue
[2025-01-08T18:56:55.288+0000] {logging_mixin.py:190} INFO - [2025-01-08T18:56:55.287+0000] {dagbag.py:588} INFO - Filling up the DagBag from /home/airflow/.local/lib/python3.12/site-packages/airflow/example_dags/example_sensor_decorator.py
[2025-01-08T18:56:55.294+0000] {processor.py:925} INFO - DAG(s) 'example_sensor_decorator' retrieved from /home/airflow/.local/lib/python3.12/site-packages/airflow/example_dags/example_sensor_decorator.py
[2025-01-08T18:56:55.308+0000] {logging_mixin.py:190} INFO - [2025-01-08T18:56:55.308+0000] {dag.py:3239} INFO - Sync 1 DAGs
[2025-01-08T18:56:55.319+0000] {logging_mixin.py:190} INFO - [2025-01-08T18:56:55.318+0000] {dag.py:4180} INFO - Setting next_dagrun for example_sensor_decorator to None, run_after=None
[2025-01-08T18:56:55.331+0000] {processor.py:208} INFO - Processing /home/airflow/.local/lib/python3.12/site-packages/airflow/example_dags/example_sensor_decorator.py took 0.050 seconds
[2025-01-08T18:57:25.767+0000] {processor.py:186} INFO - Started process (PID=1770) to work on /home/airflow/.local/lib/python3.12/site-packages/airflow/example_dags/example_sensor_decorator.py
[2025-01-08T18:57:25.767+0000] {processor.py:914} INFO - Processing file /home/airflow/.local/lib/python3.12/site-packages/airflow/example_dags/example_sensor_decorator.py for tasks to queue
[2025-01-08T18:57:25.769+0000] {logging_mixin.py:190} INFO - [2025-01-08T18:57:25.769+0000] {dagbag.py:588} INFO - Filling up the DagBag from /home/airflow/.local/lib/python3.12/site-packages/airflow/example_dags/example_sensor_decorator.py
[2025-01-08T18:57:25.777+0000] {processor.py:925} INFO - DAG(s) 'example_sensor_decorator' retrieved from /home/airflow/.local/lib/python3.12/site-packages/airflow/example_dags/example_sensor_decorator.py
[2025-01-08T18:57:25.795+0000] {logging_mixin.py:190} INFO - [2025-01-08T18:57:25.795+0000] {dag.py:3239} INFO - Sync 1 DAGs
[2025-01-08T18:57:25.812+0000] {logging_mixin.py:190} INFO - [2025-01-08T18:57:25.812+0000] {dag.py:4180} INFO - Setting next_dagrun for example_sensor_decorator to None, run_after=None
[2025-01-08T18:57:25.830+0000] {processor.py:208} INFO - Processing /home/airflow/.local/lib/python3.12/site-packages/airflow/example_dags/example_sensor_decorator.py took 0.069 seconds
[2025-01-08T18:57:56.316+0000] {processor.py:186} INFO - Started process (PID=1835) to work on /home/airflow/.local/lib/python3.12/site-packages/airflow/example_dags/example_sensor_decorator.py
[2025-01-08T18:57:56.317+0000] {processor.py:914} INFO - Processing file /home/airflow/.local/lib/python3.12/site-packages/airflow/example_dags/example_sensor_decorator.py for tasks to queue
[2025-01-08T18:57:56.319+0000] {logging_mixin.py:190} INFO - [2025-01-08T18:57:56.318+0000] {dagbag.py:588} INFO - Filling up the DagBag from /home/airflow/.local/lib/python3.12/site-packages/airflow/example_dags/example_sensor_decorator.py
[2025-01-08T18:57:56.326+0000] {processor.py:925} INFO - DAG(s) 'example_sensor_decorator' retrieved from /home/airflow/.local/lib/python3.12/site-packages/airflow/example_dags/example_sensor_decorator.py
[2025-01-08T18:57:56.345+0000] {logging_mixin.py:190} INFO - [2025-01-08T18:57:56.345+0000] {dag.py:3239} INFO - Sync 1 DAGs
[2025-01-08T18:57:56.362+0000] {logging_mixin.py:190} INFO - [2025-01-08T18:57:56.362+0000] {dag.py:4180} INFO - Setting next_dagrun for example_sensor_decorator to None, run_after=None
[2025-01-08T18:57:56.379+0000] {processor.py:208} INFO - Processing /home/airflow/.local/lib/python3.12/site-packages/airflow/example_dags/example_sensor_decorator.py took 0.069 seconds
[2025-01-08T18:58:26.615+0000] {processor.py:186} INFO - Started process (PID=1900) to work on /home/airflow/.local/lib/python3.12/site-packages/airflow/example_dags/example_sensor_decorator.py
[2025-01-08T18:58:26.616+0000] {processor.py:914} INFO - Processing file /home/airflow/.local/lib/python3.12/site-packages/airflow/example_dags/example_sensor_decorator.py for tasks to queue
[2025-01-08T18:58:26.621+0000] {logging_mixin.py:190} INFO - [2025-01-08T18:58:26.617+0000] {dagbag.py:588} INFO - Filling up the DagBag from /home/airflow/.local/lib/python3.12/site-packages/airflow/example_dags/example_sensor_decorator.py
[2025-01-08T18:58:26.639+0000] {processor.py:925} INFO - DAG(s) 'example_sensor_decorator' retrieved from /home/airflow/.local/lib/python3.12/site-packages/airflow/example_dags/example_sensor_decorator.py
[2025-01-08T18:58:26.677+0000] {logging_mixin.py:190} INFO - [2025-01-08T18:58:26.677+0000] {dag.py:3239} INFO - Sync 1 DAGs
[2025-01-08T18:58:26.706+0000] {logging_mixin.py:190} INFO - [2025-01-08T18:58:26.705+0000] {dag.py:4180} INFO - Setting next_dagrun for example_sensor_decorator to None, run_after=None
[2025-01-08T18:58:26.729+0000] {processor.py:208} INFO - Processing /home/airflow/.local/lib/python3.12/site-packages/airflow/example_dags/example_sensor_decorator.py took 0.119 seconds
