[2025-01-08T18:44:15.660+0000] {processor.py:186} INFO - Started process (PID=104) to work on /home/airflow/.local/lib/python3.12/site-packages/airflow/example_dags/example_dataset_alias.py
[2025-01-08T18:44:15.661+0000] {processor.py:914} INFO - Processing file /home/airflow/.local/lib/python3.12/site-packages/airflow/example_dags/example_dataset_alias.py for tasks to queue
[2025-01-08T18:44:15.665+0000] {logging_mixin.py:190} INFO - [2025-01-08T18:44:15.664+0000] {dagbag.py:588} INFO - Filling up the DagBag from /home/airflow/.local/lib/python3.12/site-packages/airflow/example_dags/example_dataset_alias.py
[2025-01-08T18:44:17.765+0000] {processor.py:925} INFO - DAG(s) 'dataset_alias_example_alias_producer', 'dataset_s3_bucket_producer', 'dataset_alias_example_alias_consumer', 'dataset_s3_bucket_consumer' retrieved from /home/airflow/.local/lib/python3.12/site-packages/airflow/example_dags/example_dataset_alias.py
[2025-01-08T18:44:17.790+0000] {logging_mixin.py:190} INFO - [2025-01-08T18:44:17.790+0000] {dag.py:3239} INFO - Sync 4 DAGs
[2025-01-08T18:44:17.856+0000] {logging_mixin.py:190} INFO - [2025-01-08T18:44:17.856+0000] {dag.py:4180} INFO - Setting next_dagrun for dataset_alias_example_alias_consumer to None, run_after=None
[2025-01-08T18:44:17.865+0000] {logging_mixin.py:190} INFO - [2025-01-08T18:44:17.864+0000] {dag.py:4180} INFO - Setting next_dagrun for dataset_alias_example_alias_producer to None, run_after=None
[2025-01-08T18:44:17.866+0000] {logging_mixin.py:190} INFO - [2025-01-08T18:44:17.866+0000] {dag.py:4180} INFO - Setting next_dagrun for dataset_s3_bucket_consumer to None, run_after=None
[2025-01-08T18:44:17.867+0000] {logging_mixin.py:190} INFO - [2025-01-08T18:44:17.867+0000] {dag.py:4180} INFO - Setting next_dagrun for dataset_s3_bucket_producer to None, run_after=None
[2025-01-08T18:44:17.935+0000] {processor.py:208} INFO - Processing /home/airflow/.local/lib/python3.12/site-packages/airflow/example_dags/example_dataset_alias.py took 2.288 seconds
[2025-01-08T18:44:48.145+0000] {processor.py:186} INFO - Started process (PID=173) to work on /home/airflow/.local/lib/python3.12/site-packages/airflow/example_dags/example_dataset_alias.py
[2025-01-08T18:44:48.146+0000] {processor.py:914} INFO - Processing file /home/airflow/.local/lib/python3.12/site-packages/airflow/example_dags/example_dataset_alias.py for tasks to queue
[2025-01-08T18:44:48.149+0000] {logging_mixin.py:190} INFO - [2025-01-08T18:44:48.149+0000] {dagbag.py:588} INFO - Filling up the DagBag from /home/airflow/.local/lib/python3.12/site-packages/airflow/example_dags/example_dataset_alias.py
[2025-01-08T18:44:49.061+0000] {processor.py:925} INFO - DAG(s) 'dataset_s3_bucket_producer', 'dataset_s3_bucket_consumer', 'dataset_alias_example_alias_consumer', 'dataset_alias_example_alias_producer' retrieved from /home/airflow/.local/lib/python3.12/site-packages/airflow/example_dags/example_dataset_alias.py
[2025-01-08T18:44:49.153+0000] {logging_mixin.py:190} INFO - [2025-01-08T18:44:49.153+0000] {dag.py:3239} INFO - Sync 4 DAGs
[2025-01-08T18:44:49.187+0000] {logging_mixin.py:190} INFO - [2025-01-08T18:44:49.187+0000] {dag.py:4180} INFO - Setting next_dagrun for dataset_alias_example_alias_consumer to None, run_after=None
[2025-01-08T18:44:49.189+0000] {logging_mixin.py:190} INFO - [2025-01-08T18:44:49.189+0000] {dag.py:4180} INFO - Setting next_dagrun for dataset_alias_example_alias_producer to None, run_after=None
[2025-01-08T18:44:49.190+0000] {logging_mixin.py:190} INFO - [2025-01-08T18:44:49.190+0000] {dag.py:4180} INFO - Setting next_dagrun for dataset_s3_bucket_consumer to None, run_after=None
[2025-01-08T18:44:49.191+0000] {logging_mixin.py:190} INFO - [2025-01-08T18:44:49.191+0000] {dag.py:4180} INFO - Setting next_dagrun for dataset_s3_bucket_producer to None, run_after=None
[2025-01-08T18:44:49.214+0000] {processor.py:208} INFO - Processing /home/airflow/.local/lib/python3.12/site-packages/airflow/example_dags/example_dataset_alias.py took 1.077 seconds
[2025-01-08T18:45:20.079+0000] {processor.py:186} INFO - Started process (PID=234) to work on /home/airflow/.local/lib/python3.12/site-packages/airflow/example_dags/example_dataset_alias.py
[2025-01-08T18:45:20.083+0000] {processor.py:914} INFO - Processing file /home/airflow/.local/lib/python3.12/site-packages/airflow/example_dags/example_dataset_alias.py for tasks to queue
[2025-01-08T18:45:20.085+0000] {logging_mixin.py:190} INFO - [2025-01-08T18:45:20.085+0000] {dagbag.py:588} INFO - Filling up the DagBag from /home/airflow/.local/lib/python3.12/site-packages/airflow/example_dags/example_dataset_alias.py
[2025-01-08T18:45:21.540+0000] {processor.py:925} INFO - DAG(s) 'dataset_s3_bucket_consumer', 'dataset_alias_example_alias_consumer', 'dataset_alias_example_alias_producer', 'dataset_s3_bucket_producer' retrieved from /home/airflow/.local/lib/python3.12/site-packages/airflow/example_dags/example_dataset_alias.py
[2025-01-08T18:45:21.578+0000] {logging_mixin.py:190} INFO - [2025-01-08T18:45:21.577+0000] {dag.py:3239} INFO - Sync 4 DAGs
[2025-01-08T18:45:21.625+0000] {logging_mixin.py:190} INFO - [2025-01-08T18:45:21.625+0000] {dag.py:4180} INFO - Setting next_dagrun for dataset_alias_example_alias_consumer to None, run_after=None
[2025-01-08T18:45:21.631+0000] {logging_mixin.py:190} INFO - [2025-01-08T18:45:21.631+0000] {dag.py:4180} INFO - Setting next_dagrun for dataset_alias_example_alias_producer to None, run_after=None
[2025-01-08T18:45:21.638+0000] {logging_mixin.py:190} INFO - [2025-01-08T18:45:21.637+0000] {dag.py:4180} INFO - Setting next_dagrun for dataset_s3_bucket_consumer to None, run_after=None
[2025-01-08T18:45:21.640+0000] {logging_mixin.py:190} INFO - [2025-01-08T18:45:21.640+0000] {dag.py:4180} INFO - Setting next_dagrun for dataset_s3_bucket_producer to None, run_after=None
[2025-01-08T18:45:21.702+0000] {processor.py:208} INFO - Processing /home/airflow/.local/lib/python3.12/site-packages/airflow/example_dags/example_dataset_alias.py took 1.630 seconds
[2025-01-08T18:45:51.888+0000] {processor.py:186} INFO - Started process (PID=303) to work on /home/airflow/.local/lib/python3.12/site-packages/airflow/example_dags/example_dataset_alias.py
[2025-01-08T18:45:51.889+0000] {processor.py:914} INFO - Processing file /home/airflow/.local/lib/python3.12/site-packages/airflow/example_dags/example_dataset_alias.py for tasks to queue
[2025-01-08T18:45:51.891+0000] {logging_mixin.py:190} INFO - [2025-01-08T18:45:51.891+0000] {dagbag.py:588} INFO - Filling up the DagBag from /home/airflow/.local/lib/python3.12/site-packages/airflow/example_dags/example_dataset_alias.py
[2025-01-08T18:45:52.768+0000] {processor.py:925} INFO - DAG(s) 'dataset_s3_bucket_producer', 'dataset_alias_example_alias_consumer', 'dataset_alias_example_alias_producer', 'dataset_s3_bucket_consumer' retrieved from /home/airflow/.local/lib/python3.12/site-packages/airflow/example_dags/example_dataset_alias.py
[2025-01-08T18:45:52.801+0000] {logging_mixin.py:190} INFO - [2025-01-08T18:45:52.800+0000] {dag.py:3239} INFO - Sync 4 DAGs
[2025-01-08T18:45:52.830+0000] {logging_mixin.py:190} INFO - [2025-01-08T18:45:52.830+0000] {dag.py:4180} INFO - Setting next_dagrun for dataset_alias_example_alias_consumer to None, run_after=None
[2025-01-08T18:45:52.833+0000] {logging_mixin.py:190} INFO - [2025-01-08T18:45:52.833+0000] {dag.py:4180} INFO - Setting next_dagrun for dataset_alias_example_alias_producer to None, run_after=None
[2025-01-08T18:45:52.835+0000] {logging_mixin.py:190} INFO - [2025-01-08T18:45:52.834+0000] {dag.py:4180} INFO - Setting next_dagrun for dataset_s3_bucket_consumer to None, run_after=None
[2025-01-08T18:45:52.836+0000] {logging_mixin.py:190} INFO - [2025-01-08T18:45:52.836+0000] {dag.py:4180} INFO - Setting next_dagrun for dataset_s3_bucket_producer to None, run_after=None
[2025-01-08T18:45:52.862+0000] {processor.py:208} INFO - Processing /home/airflow/.local/lib/python3.12/site-packages/airflow/example_dags/example_dataset_alias.py took 0.988 seconds
[2025-01-08T18:46:26.607+0000] {processor.py:186} INFO - Started process (PID=363) to work on /home/airflow/.local/lib/python3.12/site-packages/airflow/example_dags/example_dataset_alias.py
[2025-01-08T18:46:26.608+0000] {processor.py:914} INFO - Processing file /home/airflow/.local/lib/python3.12/site-packages/airflow/example_dags/example_dataset_alias.py for tasks to queue
[2025-01-08T18:46:26.610+0000] {logging_mixin.py:190} INFO - [2025-01-08T18:46:26.610+0000] {dagbag.py:588} INFO - Filling up the DagBag from /home/airflow/.local/lib/python3.12/site-packages/airflow/example_dags/example_dataset_alias.py
[2025-01-08T18:46:27.540+0000] {processor.py:925} INFO - DAG(s) 'dataset_alias_example_alias_consumer', 'dataset_alias_example_alias_producer', 'dataset_s3_bucket_producer', 'dataset_s3_bucket_consumer' retrieved from /home/airflow/.local/lib/python3.12/site-packages/airflow/example_dags/example_dataset_alias.py
[2025-01-08T18:46:27.656+0000] {logging_mixin.py:190} INFO - [2025-01-08T18:46:27.656+0000] {dag.py:3239} INFO - Sync 4 DAGs
[2025-01-08T18:46:27.691+0000] {logging_mixin.py:190} INFO - [2025-01-08T18:46:27.691+0000] {dag.py:4180} INFO - Setting next_dagrun for dataset_alias_example_alias_consumer to None, run_after=None
[2025-01-08T18:46:27.694+0000] {logging_mixin.py:190} INFO - [2025-01-08T18:46:27.694+0000] {dag.py:4180} INFO - Setting next_dagrun for dataset_alias_example_alias_producer to None, run_after=None
[2025-01-08T18:46:27.695+0000] {logging_mixin.py:190} INFO - [2025-01-08T18:46:27.695+0000] {dag.py:4180} INFO - Setting next_dagrun for dataset_s3_bucket_consumer to None, run_after=None
[2025-01-08T18:46:27.696+0000] {logging_mixin.py:190} INFO - [2025-01-08T18:46:27.696+0000] {dag.py:4180} INFO - Setting next_dagrun for dataset_s3_bucket_producer to None, run_after=None
[2025-01-08T18:46:27.717+0000] {processor.py:208} INFO - Processing /home/airflow/.local/lib/python3.12/site-packages/airflow/example_dags/example_dataset_alias.py took 1.121 seconds
[2025-01-08T18:46:58.828+0000] {processor.py:186} INFO - Started process (PID=428) to work on /home/airflow/.local/lib/python3.12/site-packages/airflow/example_dags/example_dataset_alias.py
[2025-01-08T18:46:58.838+0000] {processor.py:914} INFO - Processing file /home/airflow/.local/lib/python3.12/site-packages/airflow/example_dags/example_dataset_alias.py for tasks to queue
[2025-01-08T18:46:58.840+0000] {logging_mixin.py:190} INFO - [2025-01-08T18:46:58.840+0000] {dagbag.py:588} INFO - Filling up the DagBag from /home/airflow/.local/lib/python3.12/site-packages/airflow/example_dags/example_dataset_alias.py
[2025-01-08T18:47:01.574+0000] {processor.py:925} INFO - DAG(s) 'dataset_s3_bucket_producer', 'dataset_alias_example_alias_producer', 'dataset_s3_bucket_consumer', 'dataset_alias_example_alias_consumer' retrieved from /home/airflow/.local/lib/python3.12/site-packages/airflow/example_dags/example_dataset_alias.py
[2025-01-08T18:47:01.691+0000] {logging_mixin.py:190} INFO - [2025-01-08T18:47:01.690+0000] {dag.py:3239} INFO - Sync 4 DAGs
[2025-01-08T18:47:01.778+0000] {logging_mixin.py:190} INFO - [2025-01-08T18:47:01.778+0000] {dag.py:4180} INFO - Setting next_dagrun for dataset_alias_example_alias_consumer to None, run_after=None
[2025-01-08T18:47:01.781+0000] {logging_mixin.py:190} INFO - [2025-01-08T18:47:01.781+0000] {dag.py:4180} INFO - Setting next_dagrun for dataset_alias_example_alias_producer to None, run_after=None
[2025-01-08T18:47:01.786+0000] {logging_mixin.py:190} INFO - [2025-01-08T18:47:01.786+0000] {dag.py:4180} INFO - Setting next_dagrun for dataset_s3_bucket_consumer to None, run_after=None
[2025-01-08T18:47:01.788+0000] {logging_mixin.py:190} INFO - [2025-01-08T18:47:01.787+0000] {dag.py:4180} INFO - Setting next_dagrun for dataset_s3_bucket_producer to None, run_after=None
[2025-01-08T18:47:01.837+0000] {processor.py:208} INFO - Processing /home/airflow/.local/lib/python3.12/site-packages/airflow/example_dags/example_dataset_alias.py took 3.027 seconds
[2025-01-08T18:47:32.419+0000] {processor.py:186} INFO - Started process (PID=502) to work on /home/airflow/.local/lib/python3.12/site-packages/airflow/example_dags/example_dataset_alias.py
[2025-01-08T18:47:32.420+0000] {processor.py:914} INFO - Processing file /home/airflow/.local/lib/python3.12/site-packages/airflow/example_dags/example_dataset_alias.py for tasks to queue
[2025-01-08T18:47:32.422+0000] {logging_mixin.py:190} INFO - [2025-01-08T18:47:32.422+0000] {dagbag.py:588} INFO - Filling up the DagBag from /home/airflow/.local/lib/python3.12/site-packages/airflow/example_dags/example_dataset_alias.py
[2025-01-08T18:47:33.230+0000] {processor.py:925} INFO - DAG(s) 'dataset_s3_bucket_consumer', 'dataset_alias_example_alias_consumer', 'dataset_s3_bucket_producer', 'dataset_alias_example_alias_producer' retrieved from /home/airflow/.local/lib/python3.12/site-packages/airflow/example_dags/example_dataset_alias.py
[2025-01-08T18:47:33.249+0000] {logging_mixin.py:190} INFO - [2025-01-08T18:47:33.249+0000] {dag.py:3239} INFO - Sync 4 DAGs
[2025-01-08T18:47:33.276+0000] {logging_mixin.py:190} INFO - [2025-01-08T18:47:33.275+0000] {dag.py:4180} INFO - Setting next_dagrun for dataset_alias_example_alias_consumer to None, run_after=None
[2025-01-08T18:47:33.278+0000] {logging_mixin.py:190} INFO - [2025-01-08T18:47:33.277+0000] {dag.py:4180} INFO - Setting next_dagrun for dataset_alias_example_alias_producer to None, run_after=None
[2025-01-08T18:47:33.279+0000] {logging_mixin.py:190} INFO - [2025-01-08T18:47:33.278+0000] {dag.py:4180} INFO - Setting next_dagrun for dataset_s3_bucket_consumer to None, run_after=None
[2025-01-08T18:47:33.280+0000] {logging_mixin.py:190} INFO - [2025-01-08T18:47:33.279+0000] {dag.py:4180} INFO - Setting next_dagrun for dataset_s3_bucket_producer to None, run_after=None
[2025-01-08T18:47:33.298+0000] {processor.py:208} INFO - Processing /home/airflow/.local/lib/python3.12/site-packages/airflow/example_dags/example_dataset_alias.py took 0.884 seconds
[2025-01-08T18:48:03.859+0000] {processor.py:186} INFO - Started process (PID=570) to work on /home/airflow/.local/lib/python3.12/site-packages/airflow/example_dags/example_dataset_alias.py
[2025-01-08T18:48:03.860+0000] {processor.py:914} INFO - Processing file /home/airflow/.local/lib/python3.12/site-packages/airflow/example_dags/example_dataset_alias.py for tasks to queue
[2025-01-08T18:48:03.862+0000] {logging_mixin.py:190} INFO - [2025-01-08T18:48:03.862+0000] {dagbag.py:588} INFO - Filling up the DagBag from /home/airflow/.local/lib/python3.12/site-packages/airflow/example_dags/example_dataset_alias.py
[2025-01-08T18:48:04.756+0000] {processor.py:925} INFO - DAG(s) 'dataset_alias_example_alias_producer', 'dataset_s3_bucket_consumer', 'dataset_alias_example_alias_consumer', 'dataset_s3_bucket_producer' retrieved from /home/airflow/.local/lib/python3.12/site-packages/airflow/example_dags/example_dataset_alias.py
[2025-01-08T18:48:04.779+0000] {logging_mixin.py:190} INFO - [2025-01-08T18:48:04.779+0000] {dag.py:3239} INFO - Sync 4 DAGs
[2025-01-08T18:48:04.810+0000] {logging_mixin.py:190} INFO - [2025-01-08T18:48:04.810+0000] {dag.py:4180} INFO - Setting next_dagrun for dataset_alias_example_alias_consumer to None, run_after=None
[2025-01-08T18:48:04.813+0000] {logging_mixin.py:190} INFO - [2025-01-08T18:48:04.812+0000] {dag.py:4180} INFO - Setting next_dagrun for dataset_alias_example_alias_producer to None, run_after=None
[2025-01-08T18:48:04.814+0000] {logging_mixin.py:190} INFO - [2025-01-08T18:48:04.814+0000] {dag.py:4180} INFO - Setting next_dagrun for dataset_s3_bucket_consumer to None, run_after=None
[2025-01-08T18:48:04.815+0000] {logging_mixin.py:190} INFO - [2025-01-08T18:48:04.815+0000] {dag.py:4180} INFO - Setting next_dagrun for dataset_s3_bucket_producer to None, run_after=None
[2025-01-08T18:48:04.838+0000] {processor.py:208} INFO - Processing /home/airflow/.local/lib/python3.12/site-packages/airflow/example_dags/example_dataset_alias.py took 0.984 seconds
[2025-01-08T18:48:35.709+0000] {processor.py:186} INFO - Started process (PID=640) to work on /home/airflow/.local/lib/python3.12/site-packages/airflow/example_dags/example_dataset_alias.py
[2025-01-08T18:48:35.710+0000] {processor.py:914} INFO - Processing file /home/airflow/.local/lib/python3.12/site-packages/airflow/example_dags/example_dataset_alias.py for tasks to queue
[2025-01-08T18:48:35.712+0000] {logging_mixin.py:190} INFO - [2025-01-08T18:48:35.712+0000] {dagbag.py:588} INFO - Filling up the DagBag from /home/airflow/.local/lib/python3.12/site-packages/airflow/example_dags/example_dataset_alias.py
[2025-01-08T18:48:36.506+0000] {processor.py:925} INFO - DAG(s) 'dataset_alias_example_alias_producer', 'dataset_s3_bucket_producer', 'dataset_alias_example_alias_consumer', 'dataset_s3_bucket_consumer' retrieved from /home/airflow/.local/lib/python3.12/site-packages/airflow/example_dags/example_dataset_alias.py
[2025-01-08T18:48:36.530+0000] {logging_mixin.py:190} INFO - [2025-01-08T18:48:36.530+0000] {dag.py:3239} INFO - Sync 4 DAGs
[2025-01-08T18:48:36.557+0000] {logging_mixin.py:190} INFO - [2025-01-08T18:48:36.557+0000] {dag.py:4180} INFO - Setting next_dagrun for dataset_alias_example_alias_consumer to None, run_after=None
[2025-01-08T18:48:36.560+0000] {logging_mixin.py:190} INFO - [2025-01-08T18:48:36.560+0000] {dag.py:4180} INFO - Setting next_dagrun for dataset_alias_example_alias_producer to None, run_after=None
[2025-01-08T18:48:36.562+0000] {logging_mixin.py:190} INFO - [2025-01-08T18:48:36.561+0000] {dag.py:4180} INFO - Setting next_dagrun for dataset_s3_bucket_consumer to None, run_after=None
[2025-01-08T18:48:36.563+0000] {logging_mixin.py:190} INFO - [2025-01-08T18:48:36.563+0000] {dag.py:4180} INFO - Setting next_dagrun for dataset_s3_bucket_producer to None, run_after=None
[2025-01-08T18:48:36.585+0000] {processor.py:208} INFO - Processing /home/airflow/.local/lib/python3.12/site-packages/airflow/example_dags/example_dataset_alias.py took 0.881 seconds
[2025-01-08T18:49:06.658+0000] {processor.py:186} INFO - Started process (PID=707) to work on /home/airflow/.local/lib/python3.12/site-packages/airflow/example_dags/example_dataset_alias.py
[2025-01-08T18:49:06.659+0000] {processor.py:914} INFO - Processing file /home/airflow/.local/lib/python3.12/site-packages/airflow/example_dags/example_dataset_alias.py for tasks to queue
[2025-01-08T18:49:06.661+0000] {logging_mixin.py:190} INFO - [2025-01-08T18:49:06.661+0000] {dagbag.py:588} INFO - Filling up the DagBag from /home/airflow/.local/lib/python3.12/site-packages/airflow/example_dags/example_dataset_alias.py
[2025-01-08T18:49:07.487+0000] {processor.py:925} INFO - DAG(s) 'dataset_alias_example_alias_producer', 'dataset_s3_bucket_producer', 'dataset_alias_example_alias_consumer', 'dataset_s3_bucket_consumer' retrieved from /home/airflow/.local/lib/python3.12/site-packages/airflow/example_dags/example_dataset_alias.py
[2025-01-08T18:49:07.509+0000] {logging_mixin.py:190} INFO - [2025-01-08T18:49:07.508+0000] {dag.py:3239} INFO - Sync 4 DAGs
[2025-01-08T18:49:07.553+0000] {logging_mixin.py:190} INFO - [2025-01-08T18:49:07.553+0000] {dag.py:4180} INFO - Setting next_dagrun for dataset_alias_example_alias_consumer to None, run_after=None
[2025-01-08T18:49:07.556+0000] {logging_mixin.py:190} INFO - [2025-01-08T18:49:07.556+0000] {dag.py:4180} INFO - Setting next_dagrun for dataset_alias_example_alias_producer to None, run_after=None
[2025-01-08T18:49:07.557+0000] {logging_mixin.py:190} INFO - [2025-01-08T18:49:07.557+0000] {dag.py:4180} INFO - Setting next_dagrun for dataset_s3_bucket_consumer to None, run_after=None
[2025-01-08T18:49:07.558+0000] {logging_mixin.py:190} INFO - [2025-01-08T18:49:07.558+0000] {dag.py:4180} INFO - Setting next_dagrun for dataset_s3_bucket_producer to None, run_after=None
[2025-01-08T18:49:07.580+0000] {processor.py:208} INFO - Processing /home/airflow/.local/lib/python3.12/site-packages/airflow/example_dags/example_dataset_alias.py took 0.928 seconds
[2025-01-08T18:49:39.187+0000] {processor.py:186} INFO - Started process (PID=772) to work on /home/airflow/.local/lib/python3.12/site-packages/airflow/example_dags/example_dataset_alias.py
[2025-01-08T18:49:39.198+0000] {processor.py:914} INFO - Processing file /home/airflow/.local/lib/python3.12/site-packages/airflow/example_dags/example_dataset_alias.py for tasks to queue
[2025-01-08T18:49:39.201+0000] {logging_mixin.py:190} INFO - [2025-01-08T18:49:39.200+0000] {dagbag.py:588} INFO - Filling up the DagBag from /home/airflow/.local/lib/python3.12/site-packages/airflow/example_dags/example_dataset_alias.py
[2025-01-08T18:49:41.975+0000] {processor.py:925} INFO - DAG(s) 'dataset_s3_bucket_producer', 'dataset_alias_example_alias_consumer', 'dataset_alias_example_alias_producer', 'dataset_s3_bucket_consumer' retrieved from /home/airflow/.local/lib/python3.12/site-packages/airflow/example_dags/example_dataset_alias.py
[2025-01-08T18:49:42.023+0000] {logging_mixin.py:190} INFO - [2025-01-08T18:49:42.022+0000] {dag.py:3239} INFO - Sync 4 DAGs
[2025-01-08T18:49:42.099+0000] {logging_mixin.py:190} INFO - [2025-01-08T18:49:42.098+0000] {dag.py:4180} INFO - Setting next_dagrun for dataset_alias_example_alias_consumer to None, run_after=None
[2025-01-08T18:49:42.102+0000] {logging_mixin.py:190} INFO - [2025-01-08T18:49:42.101+0000] {dag.py:4180} INFO - Setting next_dagrun for dataset_alias_example_alias_producer to None, run_after=None
[2025-01-08T18:49:42.103+0000] {logging_mixin.py:190} INFO - [2025-01-08T18:49:42.103+0000] {dag.py:4180} INFO - Setting next_dagrun for dataset_s3_bucket_consumer to None, run_after=None
[2025-01-08T18:49:42.107+0000] {logging_mixin.py:190} INFO - [2025-01-08T18:49:42.107+0000] {dag.py:4180} INFO - Setting next_dagrun for dataset_s3_bucket_producer to None, run_after=None
[2025-01-08T18:49:42.189+0000] {processor.py:208} INFO - Processing /home/airflow/.local/lib/python3.12/site-packages/airflow/example_dags/example_dataset_alias.py took 3.022 seconds
[2025-01-08T18:50:12.963+0000] {processor.py:186} INFO - Started process (PID=840) to work on /home/airflow/.local/lib/python3.12/site-packages/airflow/example_dags/example_dataset_alias.py
[2025-01-08T18:50:12.964+0000] {processor.py:914} INFO - Processing file /home/airflow/.local/lib/python3.12/site-packages/airflow/example_dags/example_dataset_alias.py for tasks to queue
[2025-01-08T18:50:12.966+0000] {logging_mixin.py:190} INFO - [2025-01-08T18:50:12.965+0000] {dagbag.py:588} INFO - Filling up the DagBag from /home/airflow/.local/lib/python3.12/site-packages/airflow/example_dags/example_dataset_alias.py
[2025-01-08T18:50:14.310+0000] {processor.py:925} INFO - DAG(s) 'dataset_alias_example_alias_consumer', 'dataset_s3_bucket_consumer', 'dataset_alias_example_alias_producer', 'dataset_s3_bucket_producer' retrieved from /home/airflow/.local/lib/python3.12/site-packages/airflow/example_dags/example_dataset_alias.py
[2025-01-08T18:50:14.334+0000] {logging_mixin.py:190} INFO - [2025-01-08T18:50:14.333+0000] {dag.py:3239} INFO - Sync 4 DAGs
[2025-01-08T18:50:14.381+0000] {logging_mixin.py:190} INFO - [2025-01-08T18:50:14.381+0000] {dag.py:4180} INFO - Setting next_dagrun for dataset_alias_example_alias_consumer to None, run_after=None
[2025-01-08T18:50:14.384+0000] {logging_mixin.py:190} INFO - [2025-01-08T18:50:14.384+0000] {dag.py:4180} INFO - Setting next_dagrun for dataset_alias_example_alias_producer to None, run_after=None
[2025-01-08T18:50:14.385+0000] {logging_mixin.py:190} INFO - [2025-01-08T18:50:14.385+0000] {dag.py:4180} INFO - Setting next_dagrun for dataset_s3_bucket_consumer to None, run_after=None
[2025-01-08T18:50:14.387+0000] {logging_mixin.py:190} INFO - [2025-01-08T18:50:14.387+0000] {dag.py:4180} INFO - Setting next_dagrun for dataset_s3_bucket_producer to None, run_after=None
[2025-01-08T18:50:14.408+0000] {processor.py:208} INFO - Processing /home/airflow/.local/lib/python3.12/site-packages/airflow/example_dags/example_dataset_alias.py took 1.451 seconds
[2025-01-08T18:50:45.350+0000] {processor.py:186} INFO - Started process (PID=918) to work on /home/airflow/.local/lib/python3.12/site-packages/airflow/example_dags/example_dataset_alias.py
[2025-01-08T18:50:45.351+0000] {processor.py:914} INFO - Processing file /home/airflow/.local/lib/python3.12/site-packages/airflow/example_dags/example_dataset_alias.py for tasks to queue
[2025-01-08T18:50:45.353+0000] {logging_mixin.py:190} INFO - [2025-01-08T18:50:45.353+0000] {dagbag.py:588} INFO - Filling up the DagBag from /home/airflow/.local/lib/python3.12/site-packages/airflow/example_dags/example_dataset_alias.py
[2025-01-08T18:50:46.033+0000] {processor.py:925} INFO - DAG(s) 'dataset_alias_example_alias_consumer', 'dataset_s3_bucket_consumer', 'dataset_s3_bucket_producer', 'dataset_alias_example_alias_producer' retrieved from /home/airflow/.local/lib/python3.12/site-packages/airflow/example_dags/example_dataset_alias.py
[2025-01-08T18:50:46.049+0000] {logging_mixin.py:190} INFO - [2025-01-08T18:50:46.048+0000] {dag.py:3239} INFO - Sync 4 DAGs
[2025-01-08T18:50:46.067+0000] {logging_mixin.py:190} INFO - [2025-01-08T18:50:46.067+0000] {dag.py:4180} INFO - Setting next_dagrun for dataset_alias_example_alias_consumer to None, run_after=None
[2025-01-08T18:50:46.069+0000] {logging_mixin.py:190} INFO - [2025-01-08T18:50:46.069+0000] {dag.py:4180} INFO - Setting next_dagrun for dataset_alias_example_alias_producer to None, run_after=None
[2025-01-08T18:50:46.070+0000] {logging_mixin.py:190} INFO - [2025-01-08T18:50:46.070+0000] {dag.py:4180} INFO - Setting next_dagrun for dataset_s3_bucket_consumer to None, run_after=None
[2025-01-08T18:50:46.071+0000] {logging_mixin.py:190} INFO - [2025-01-08T18:50:46.071+0000] {dag.py:4180} INFO - Setting next_dagrun for dataset_s3_bucket_producer to None, run_after=None
[2025-01-08T18:50:46.087+0000] {processor.py:208} INFO - Processing /home/airflow/.local/lib/python3.12/site-packages/airflow/example_dags/example_dataset_alias.py took 0.743 seconds
[2025-01-08T18:51:17.029+0000] {processor.py:186} INFO - Started process (PID=985) to work on /home/airflow/.local/lib/python3.12/site-packages/airflow/example_dags/example_dataset_alias.py
[2025-01-08T18:51:17.030+0000] {processor.py:914} INFO - Processing file /home/airflow/.local/lib/python3.12/site-packages/airflow/example_dags/example_dataset_alias.py for tasks to queue
[2025-01-08T18:51:17.032+0000] {logging_mixin.py:190} INFO - [2025-01-08T18:51:17.032+0000] {dagbag.py:588} INFO - Filling up the DagBag from /home/airflow/.local/lib/python3.12/site-packages/airflow/example_dags/example_dataset_alias.py
[2025-01-08T18:51:17.997+0000] {processor.py:925} INFO - DAG(s) 'dataset_s3_bucket_consumer', 'dataset_s3_bucket_producer', 'dataset_alias_example_alias_consumer', 'dataset_alias_example_alias_producer' retrieved from /home/airflow/.local/lib/python3.12/site-packages/airflow/example_dags/example_dataset_alias.py
[2025-01-08T18:51:18.051+0000] {logging_mixin.py:190} INFO - [2025-01-08T18:51:18.051+0000] {dag.py:3239} INFO - Sync 4 DAGs
[2025-01-08T18:51:18.076+0000] {logging_mixin.py:190} INFO - [2025-01-08T18:51:18.076+0000] {dag.py:4180} INFO - Setting next_dagrun for dataset_alias_example_alias_consumer to None, run_after=None
[2025-01-08T18:51:18.079+0000] {logging_mixin.py:190} INFO - [2025-01-08T18:51:18.079+0000] {dag.py:4180} INFO - Setting next_dagrun for dataset_alias_example_alias_producer to None, run_after=None
[2025-01-08T18:51:18.081+0000] {logging_mixin.py:190} INFO - [2025-01-08T18:51:18.080+0000] {dag.py:4180} INFO - Setting next_dagrun for dataset_s3_bucket_consumer to None, run_after=None
[2025-01-08T18:51:18.082+0000] {logging_mixin.py:190} INFO - [2025-01-08T18:51:18.082+0000] {dag.py:4180} INFO - Setting next_dagrun for dataset_s3_bucket_producer to None, run_after=None
[2025-01-08T18:51:18.106+0000] {processor.py:208} INFO - Processing /home/airflow/.local/lib/python3.12/site-packages/airflow/example_dags/example_dataset_alias.py took 1.083 seconds
[2025-01-08T18:51:49.621+0000] {processor.py:186} INFO - Started process (PID=1063) to work on /home/airflow/.local/lib/python3.12/site-packages/airflow/example_dags/example_dataset_alias.py
[2025-01-08T18:51:49.622+0000] {processor.py:914} INFO - Processing file /home/airflow/.local/lib/python3.12/site-packages/airflow/example_dags/example_dataset_alias.py for tasks to queue
[2025-01-08T18:51:49.624+0000] {logging_mixin.py:190} INFO - [2025-01-08T18:51:49.624+0000] {dagbag.py:588} INFO - Filling up the DagBag from /home/airflow/.local/lib/python3.12/site-packages/airflow/example_dags/example_dataset_alias.py
[2025-01-08T18:51:50.501+0000] {processor.py:925} INFO - DAG(s) 'dataset_alias_example_alias_producer', 'dataset_s3_bucket_consumer', 'dataset_alias_example_alias_consumer', 'dataset_s3_bucket_producer' retrieved from /home/airflow/.local/lib/python3.12/site-packages/airflow/example_dags/example_dataset_alias.py
[2025-01-08T18:51:50.526+0000] {logging_mixin.py:190} INFO - [2025-01-08T18:51:50.526+0000] {dag.py:3239} INFO - Sync 4 DAGs
[2025-01-08T18:51:50.561+0000] {logging_mixin.py:190} INFO - [2025-01-08T18:51:50.560+0000] {dag.py:4180} INFO - Setting next_dagrun for dataset_alias_example_alias_consumer to None, run_after=None
[2025-01-08T18:51:50.565+0000] {logging_mixin.py:190} INFO - [2025-01-08T18:51:50.564+0000] {dag.py:4180} INFO - Setting next_dagrun for dataset_alias_example_alias_producer to None, run_after=None
[2025-01-08T18:51:50.566+0000] {logging_mixin.py:190} INFO - [2025-01-08T18:51:50.566+0000] {dag.py:4180} INFO - Setting next_dagrun for dataset_s3_bucket_consumer to None, run_after=None
[2025-01-08T18:51:50.568+0000] {logging_mixin.py:190} INFO - [2025-01-08T18:51:50.568+0000] {dag.py:4180} INFO - Setting next_dagrun for dataset_s3_bucket_producer to None, run_after=None
[2025-01-08T18:51:50.596+0000] {processor.py:208} INFO - Processing /home/airflow/.local/lib/python3.12/site-packages/airflow/example_dags/example_dataset_alias.py took 0.982 seconds
[2025-01-08T18:52:21.242+0000] {processor.py:186} INFO - Started process (PID=1134) to work on /home/airflow/.local/lib/python3.12/site-packages/airflow/example_dags/example_dataset_alias.py
[2025-01-08T18:52:21.243+0000] {processor.py:914} INFO - Processing file /home/airflow/.local/lib/python3.12/site-packages/airflow/example_dags/example_dataset_alias.py for tasks to queue
[2025-01-08T18:52:21.245+0000] {logging_mixin.py:190} INFO - [2025-01-08T18:52:21.245+0000] {dagbag.py:588} INFO - Filling up the DagBag from /home/airflow/.local/lib/python3.12/site-packages/airflow/example_dags/example_dataset_alias.py
[2025-01-08T18:52:21.918+0000] {processor.py:925} INFO - DAG(s) 'dataset_alias_example_alias_consumer', 'dataset_s3_bucket_producer', 'dataset_s3_bucket_consumer', 'dataset_alias_example_alias_producer' retrieved from /home/airflow/.local/lib/python3.12/site-packages/airflow/example_dags/example_dataset_alias.py
[2025-01-08T18:52:21.937+0000] {logging_mixin.py:190} INFO - [2025-01-08T18:52:21.936+0000] {dag.py:3239} INFO - Sync 4 DAGs
[2025-01-08T18:52:21.957+0000] {logging_mixin.py:190} INFO - [2025-01-08T18:52:21.957+0000] {dag.py:4180} INFO - Setting next_dagrun for dataset_alias_example_alias_consumer to None, run_after=None
[2025-01-08T18:52:21.959+0000] {logging_mixin.py:190} INFO - [2025-01-08T18:52:21.959+0000] {dag.py:4180} INFO - Setting next_dagrun for dataset_alias_example_alias_producer to None, run_after=None
[2025-01-08T18:52:21.960+0000] {logging_mixin.py:190} INFO - [2025-01-08T18:52:21.960+0000] {dag.py:4180} INFO - Setting next_dagrun for dataset_s3_bucket_consumer to None, run_after=None
[2025-01-08T18:52:21.961+0000] {logging_mixin.py:190} INFO - [2025-01-08T18:52:21.961+0000] {dag.py:4180} INFO - Setting next_dagrun for dataset_s3_bucket_producer to None, run_after=None
[2025-01-08T18:52:21.977+0000] {processor.py:208} INFO - Processing /home/airflow/.local/lib/python3.12/site-packages/airflow/example_dags/example_dataset_alias.py took 0.741 seconds
[2025-01-08T18:52:52.512+0000] {processor.py:186} INFO - Started process (PID=1202) to work on /home/airflow/.local/lib/python3.12/site-packages/airflow/example_dags/example_dataset_alias.py
[2025-01-08T18:52:52.513+0000] {processor.py:914} INFO - Processing file /home/airflow/.local/lib/python3.12/site-packages/airflow/example_dags/example_dataset_alias.py for tasks to queue
[2025-01-08T18:52:52.515+0000] {logging_mixin.py:190} INFO - [2025-01-08T18:52:52.515+0000] {dagbag.py:588} INFO - Filling up the DagBag from /home/airflow/.local/lib/python3.12/site-packages/airflow/example_dags/example_dataset_alias.py
[2025-01-08T18:52:53.021+0000] {processor.py:925} INFO - DAG(s) 'dataset_alias_example_alias_producer', 'dataset_alias_example_alias_consumer', 'dataset_s3_bucket_producer', 'dataset_s3_bucket_consumer' retrieved from /home/airflow/.local/lib/python3.12/site-packages/airflow/example_dags/example_dataset_alias.py
[2025-01-08T18:52:53.036+0000] {logging_mixin.py:190} INFO - [2025-01-08T18:52:53.036+0000] {dag.py:3239} INFO - Sync 4 DAGs
[2025-01-08T18:52:53.053+0000] {logging_mixin.py:190} INFO - [2025-01-08T18:52:53.053+0000] {dag.py:4180} INFO - Setting next_dagrun for dataset_alias_example_alias_consumer to None, run_after=None
[2025-01-08T18:52:53.055+0000] {logging_mixin.py:190} INFO - [2025-01-08T18:52:53.055+0000] {dag.py:4180} INFO - Setting next_dagrun for dataset_alias_example_alias_producer to None, run_after=None
[2025-01-08T18:52:53.056+0000] {logging_mixin.py:190} INFO - [2025-01-08T18:52:53.056+0000] {dag.py:4180} INFO - Setting next_dagrun for dataset_s3_bucket_consumer to None, run_after=None
[2025-01-08T18:52:53.057+0000] {logging_mixin.py:190} INFO - [2025-01-08T18:52:53.057+0000] {dag.py:4180} INFO - Setting next_dagrun for dataset_s3_bucket_producer to None, run_after=None
[2025-01-08T18:52:53.071+0000] {processor.py:208} INFO - Processing /home/airflow/.local/lib/python3.12/site-packages/airflow/example_dags/example_dataset_alias.py took 0.565 seconds
[2025-01-08T18:53:23.160+0000] {processor.py:186} INFO - Started process (PID=1267) to work on /home/airflow/.local/lib/python3.12/site-packages/airflow/example_dags/example_dataset_alias.py
[2025-01-08T18:53:23.160+0000] {processor.py:914} INFO - Processing file /home/airflow/.local/lib/python3.12/site-packages/airflow/example_dags/example_dataset_alias.py for tasks to queue
[2025-01-08T18:53:23.163+0000] {logging_mixin.py:190} INFO - [2025-01-08T18:53:23.162+0000] {dagbag.py:588} INFO - Filling up the DagBag from /home/airflow/.local/lib/python3.12/site-packages/airflow/example_dags/example_dataset_alias.py
[2025-01-08T18:53:24.641+0000] {processor.py:925} INFO - DAG(s) 'dataset_alias_example_alias_producer', 'dataset_s3_bucket_producer', 'dataset_s3_bucket_consumer', 'dataset_alias_example_alias_consumer' retrieved from /home/airflow/.local/lib/python3.12/site-packages/airflow/example_dags/example_dataset_alias.py
[2025-01-08T18:53:24.664+0000] {logging_mixin.py:190} INFO - [2025-01-08T18:53:24.663+0000] {dag.py:3239} INFO - Sync 4 DAGs
[2025-01-08T18:53:24.691+0000] {logging_mixin.py:190} INFO - [2025-01-08T18:53:24.691+0000] {dag.py:4180} INFO - Setting next_dagrun for dataset_alias_example_alias_consumer to None, run_after=None
[2025-01-08T18:53:24.694+0000] {logging_mixin.py:190} INFO - [2025-01-08T18:53:24.694+0000] {dag.py:4180} INFO - Setting next_dagrun for dataset_alias_example_alias_producer to None, run_after=None
[2025-01-08T18:53:24.696+0000] {logging_mixin.py:190} INFO - [2025-01-08T18:53:24.695+0000] {dag.py:4180} INFO - Setting next_dagrun for dataset_s3_bucket_consumer to None, run_after=None
[2025-01-08T18:53:24.697+0000] {logging_mixin.py:190} INFO - [2025-01-08T18:53:24.697+0000] {dag.py:4180} INFO - Setting next_dagrun for dataset_s3_bucket_producer to None, run_after=None
[2025-01-08T18:53:24.717+0000] {processor.py:208} INFO - Processing /home/airflow/.local/lib/python3.12/site-packages/airflow/example_dags/example_dataset_alias.py took 1.564 seconds
[2025-01-08T18:53:54.799+0000] {processor.py:186} INFO - Started process (PID=1333) to work on /home/airflow/.local/lib/python3.12/site-packages/airflow/example_dags/example_dataset_alias.py
[2025-01-08T18:53:54.803+0000] {processor.py:914} INFO - Processing file /home/airflow/.local/lib/python3.12/site-packages/airflow/example_dags/example_dataset_alias.py for tasks to queue
[2025-01-08T18:53:54.805+0000] {logging_mixin.py:190} INFO - [2025-01-08T18:53:54.805+0000] {dagbag.py:588} INFO - Filling up the DagBag from /home/airflow/.local/lib/python3.12/site-packages/airflow/example_dags/example_dataset_alias.py
[2025-01-08T18:53:56.756+0000] {processor.py:925} INFO - DAG(s) 'dataset_alias_example_alias_consumer', 'dataset_s3_bucket_consumer', 'dataset_s3_bucket_producer', 'dataset_alias_example_alias_producer' retrieved from /home/airflow/.local/lib/python3.12/site-packages/airflow/example_dags/example_dataset_alias.py
[2025-01-08T18:53:56.795+0000] {logging_mixin.py:190} INFO - [2025-01-08T18:53:56.794+0000] {dag.py:3239} INFO - Sync 4 DAGs
[2025-01-08T18:53:56.864+0000] {logging_mixin.py:190} INFO - [2025-01-08T18:53:56.864+0000] {dag.py:4180} INFO - Setting next_dagrun for dataset_alias_example_alias_consumer to None, run_after=None
[2025-01-08T18:53:56.874+0000] {logging_mixin.py:190} INFO - [2025-01-08T18:53:56.874+0000] {dag.py:4180} INFO - Setting next_dagrun for dataset_alias_example_alias_producer to None, run_after=None
[2025-01-08T18:53:56.876+0000] {logging_mixin.py:190} INFO - [2025-01-08T18:53:56.876+0000] {dag.py:4180} INFO - Setting next_dagrun for dataset_s3_bucket_consumer to None, run_after=None
[2025-01-08T18:53:56.877+0000] {logging_mixin.py:190} INFO - [2025-01-08T18:53:56.877+0000] {dag.py:4180} INFO - Setting next_dagrun for dataset_s3_bucket_producer to None, run_after=None
[2025-01-08T18:53:56.964+0000] {processor.py:208} INFO - Processing /home/airflow/.local/lib/python3.12/site-packages/airflow/example_dags/example_dataset_alias.py took 2.195 seconds
[2025-01-08T18:54:28.070+0000] {processor.py:186} INFO - Started process (PID=1399) to work on /home/airflow/.local/lib/python3.12/site-packages/airflow/example_dags/example_dataset_alias.py
[2025-01-08T18:54:28.071+0000] {processor.py:914} INFO - Processing file /home/airflow/.local/lib/python3.12/site-packages/airflow/example_dags/example_dataset_alias.py for tasks to queue
[2025-01-08T18:54:28.073+0000] {logging_mixin.py:190} INFO - [2025-01-08T18:54:28.072+0000] {dagbag.py:588} INFO - Filling up the DagBag from /home/airflow/.local/lib/python3.12/site-packages/airflow/example_dags/example_dataset_alias.py
[2025-01-08T18:54:28.875+0000] {processor.py:925} INFO - DAG(s) 'dataset_alias_example_alias_consumer', 'dataset_s3_bucket_consumer', 'dataset_alias_example_alias_producer', 'dataset_s3_bucket_producer' retrieved from /home/airflow/.local/lib/python3.12/site-packages/airflow/example_dags/example_dataset_alias.py
[2025-01-08T18:54:28.897+0000] {logging_mixin.py:190} INFO - [2025-01-08T18:54:28.897+0000] {dag.py:3239} INFO - Sync 4 DAGs
[2025-01-08T18:54:28.924+0000] {logging_mixin.py:190} INFO - [2025-01-08T18:54:28.924+0000] {dag.py:4180} INFO - Setting next_dagrun for dataset_alias_example_alias_consumer to None, run_after=None
[2025-01-08T18:54:28.927+0000] {logging_mixin.py:190} INFO - [2025-01-08T18:54:28.927+0000] {dag.py:4180} INFO - Setting next_dagrun for dataset_alias_example_alias_producer to None, run_after=None
[2025-01-08T18:54:28.928+0000] {logging_mixin.py:190} INFO - [2025-01-08T18:54:28.928+0000] {dag.py:4180} INFO - Setting next_dagrun for dataset_s3_bucket_consumer to None, run_after=None
[2025-01-08T18:54:28.930+0000] {logging_mixin.py:190} INFO - [2025-01-08T18:54:28.929+0000] {dag.py:4180} INFO - Setting next_dagrun for dataset_s3_bucket_producer to None, run_after=None
[2025-01-08T18:54:28.950+0000] {processor.py:208} INFO - Processing /home/airflow/.local/lib/python3.12/site-packages/airflow/example_dags/example_dataset_alias.py took 0.893 seconds
[2025-01-08T18:54:59.145+0000] {processor.py:186} INFO - Started process (PID=1464) to work on /home/airflow/.local/lib/python3.12/site-packages/airflow/example_dags/example_dataset_alias.py
[2025-01-08T18:54:59.145+0000] {processor.py:914} INFO - Processing file /home/airflow/.local/lib/python3.12/site-packages/airflow/example_dags/example_dataset_alias.py for tasks to queue
[2025-01-08T18:54:59.147+0000] {logging_mixin.py:190} INFO - [2025-01-08T18:54:59.147+0000] {dagbag.py:588} INFO - Filling up the DagBag from /home/airflow/.local/lib/python3.12/site-packages/airflow/example_dags/example_dataset_alias.py
[2025-01-08T18:55:00.001+0000] {processor.py:925} INFO - DAG(s) 'dataset_alias_example_alias_producer', 'dataset_s3_bucket_producer', 'dataset_s3_bucket_consumer', 'dataset_alias_example_alias_consumer' retrieved from /home/airflow/.local/lib/python3.12/site-packages/airflow/example_dags/example_dataset_alias.py
[2025-01-08T18:55:00.026+0000] {logging_mixin.py:190} INFO - [2025-01-08T18:55:00.025+0000] {dag.py:3239} INFO - Sync 4 DAGs
[2025-01-08T18:55:00.055+0000] {logging_mixin.py:190} INFO - [2025-01-08T18:55:00.054+0000] {dag.py:4180} INFO - Setting next_dagrun for dataset_alias_example_alias_consumer to None, run_after=None
[2025-01-08T18:55:00.057+0000] {logging_mixin.py:190} INFO - [2025-01-08T18:55:00.057+0000] {dag.py:4180} INFO - Setting next_dagrun for dataset_alias_example_alias_producer to None, run_after=None
[2025-01-08T18:55:00.059+0000] {logging_mixin.py:190} INFO - [2025-01-08T18:55:00.059+0000] {dag.py:4180} INFO - Setting next_dagrun for dataset_s3_bucket_consumer to None, run_after=None
[2025-01-08T18:55:00.069+0000] {logging_mixin.py:190} INFO - [2025-01-08T18:55:00.069+0000] {dag.py:4180} INFO - Setting next_dagrun for dataset_s3_bucket_producer to None, run_after=None
[2025-01-08T18:55:00.090+0000] {processor.py:208} INFO - Processing /home/airflow/.local/lib/python3.12/site-packages/airflow/example_dags/example_dataset_alias.py took 0.951 seconds
[2025-01-08T18:55:30.813+0000] {processor.py:186} INFO - Started process (PID=1529) to work on /home/airflow/.local/lib/python3.12/site-packages/airflow/example_dags/example_dataset_alias.py
[2025-01-08T18:55:30.813+0000] {processor.py:914} INFO - Processing file /home/airflow/.local/lib/python3.12/site-packages/airflow/example_dags/example_dataset_alias.py for tasks to queue
[2025-01-08T18:55:30.818+0000] {logging_mixin.py:190} INFO - [2025-01-08T18:55:30.818+0000] {dagbag.py:588} INFO - Filling up the DagBag from /home/airflow/.local/lib/python3.12/site-packages/airflow/example_dags/example_dataset_alias.py
[2025-01-08T18:55:32.776+0000] {processor.py:925} INFO - DAG(s) 'dataset_s3_bucket_producer', 'dataset_s3_bucket_consumer', 'dataset_alias_example_alias_producer', 'dataset_alias_example_alias_consumer' retrieved from /home/airflow/.local/lib/python3.12/site-packages/airflow/example_dags/example_dataset_alias.py
[2025-01-08T18:55:32.800+0000] {logging_mixin.py:190} INFO - [2025-01-08T18:55:32.799+0000] {dag.py:3239} INFO - Sync 4 DAGs
[2025-01-08T18:55:32.834+0000] {logging_mixin.py:190} INFO - [2025-01-08T18:55:32.834+0000] {dag.py:4180} INFO - Setting next_dagrun for dataset_alias_example_alias_consumer to None, run_after=None
[2025-01-08T18:55:32.852+0000] {logging_mixin.py:190} INFO - [2025-01-08T18:55:32.852+0000] {dag.py:4180} INFO - Setting next_dagrun for dataset_alias_example_alias_producer to None, run_after=None
[2025-01-08T18:55:32.854+0000] {logging_mixin.py:190} INFO - [2025-01-08T18:55:32.854+0000] {dag.py:4180} INFO - Setting next_dagrun for dataset_s3_bucket_consumer to None, run_after=None
[2025-01-08T18:55:32.855+0000] {logging_mixin.py:190} INFO - [2025-01-08T18:55:32.855+0000] {dag.py:4180} INFO - Setting next_dagrun for dataset_s3_bucket_producer to None, run_after=None
[2025-01-08T18:55:32.881+0000] {processor.py:208} INFO - Processing /home/airflow/.local/lib/python3.12/site-packages/airflow/example_dags/example_dataset_alias.py took 2.089 seconds
[2025-01-08T18:56:03.548+0000] {processor.py:186} INFO - Started process (PID=1600) to work on /home/airflow/.local/lib/python3.12/site-packages/airflow/example_dags/example_dataset_alias.py
[2025-01-08T18:56:03.550+0000] {processor.py:914} INFO - Processing file /home/airflow/.local/lib/python3.12/site-packages/airflow/example_dags/example_dataset_alias.py for tasks to queue
[2025-01-08T18:56:03.553+0000] {logging_mixin.py:190} INFO - [2025-01-08T18:56:03.553+0000] {dagbag.py:588} INFO - Filling up the DagBag from /home/airflow/.local/lib/python3.12/site-packages/airflow/example_dags/example_dataset_alias.py
[2025-01-08T18:56:05.277+0000] {processor.py:925} INFO - DAG(s) 'dataset_s3_bucket_consumer', 'dataset_s3_bucket_producer', 'dataset_alias_example_alias_producer', 'dataset_alias_example_alias_consumer' retrieved from /home/airflow/.local/lib/python3.12/site-packages/airflow/example_dags/example_dataset_alias.py
[2025-01-08T18:56:05.334+0000] {logging_mixin.py:190} INFO - [2025-01-08T18:56:05.334+0000] {dag.py:3239} INFO - Sync 4 DAGs
[2025-01-08T18:56:05.386+0000] {logging_mixin.py:190} INFO - [2025-01-08T18:56:05.386+0000] {dag.py:4180} INFO - Setting next_dagrun for dataset_alias_example_alias_consumer to None, run_after=None
[2025-01-08T18:56:05.395+0000] {logging_mixin.py:190} INFO - [2025-01-08T18:56:05.395+0000] {dag.py:4180} INFO - Setting next_dagrun for dataset_alias_example_alias_producer to None, run_after=None
[2025-01-08T18:56:05.401+0000] {logging_mixin.py:190} INFO - [2025-01-08T18:56:05.401+0000] {dag.py:4180} INFO - Setting next_dagrun for dataset_s3_bucket_consumer to None, run_after=None
[2025-01-08T18:56:05.423+0000] {logging_mixin.py:190} INFO - [2025-01-08T18:56:05.423+0000] {dag.py:4180} INFO - Setting next_dagrun for dataset_s3_bucket_producer to None, run_after=None
[2025-01-08T18:56:05.490+0000] {processor.py:208} INFO - Processing /home/airflow/.local/lib/python3.12/site-packages/airflow/example_dags/example_dataset_alias.py took 1.961 seconds
[2025-01-08T18:56:35.890+0000] {processor.py:186} INFO - Started process (PID=1666) to work on /home/airflow/.local/lib/python3.12/site-packages/airflow/example_dags/example_dataset_alias.py
[2025-01-08T18:56:35.890+0000] {processor.py:914} INFO - Processing file /home/airflow/.local/lib/python3.12/site-packages/airflow/example_dags/example_dataset_alias.py for tasks to queue
[2025-01-08T18:56:35.892+0000] {logging_mixin.py:190} INFO - [2025-01-08T18:56:35.892+0000] {dagbag.py:588} INFO - Filling up the DagBag from /home/airflow/.local/lib/python3.12/site-packages/airflow/example_dags/example_dataset_alias.py
[2025-01-08T18:56:36.585+0000] {processor.py:925} INFO - DAG(s) 'dataset_alias_example_alias_consumer', 'dataset_s3_bucket_consumer', 'dataset_alias_example_alias_producer', 'dataset_s3_bucket_producer' retrieved from /home/airflow/.local/lib/python3.12/site-packages/airflow/example_dags/example_dataset_alias.py
[2025-01-08T18:56:36.609+0000] {logging_mixin.py:190} INFO - [2025-01-08T18:56:36.609+0000] {dag.py:3239} INFO - Sync 4 DAGs
[2025-01-08T18:56:36.636+0000] {logging_mixin.py:190} INFO - [2025-01-08T18:56:36.636+0000] {dag.py:4180} INFO - Setting next_dagrun for dataset_alias_example_alias_consumer to None, run_after=None
[2025-01-08T18:56:36.639+0000] {logging_mixin.py:190} INFO - [2025-01-08T18:56:36.639+0000] {dag.py:4180} INFO - Setting next_dagrun for dataset_alias_example_alias_producer to None, run_after=None
[2025-01-08T18:56:36.640+0000] {logging_mixin.py:190} INFO - [2025-01-08T18:56:36.640+0000] {dag.py:4180} INFO - Setting next_dagrun for dataset_s3_bucket_consumer to None, run_after=None
[2025-01-08T18:56:36.641+0000] {logging_mixin.py:190} INFO - [2025-01-08T18:56:36.641+0000] {dag.py:4180} INFO - Setting next_dagrun for dataset_s3_bucket_producer to None, run_after=None
[2025-01-08T18:56:36.661+0000] {processor.py:208} INFO - Processing /home/airflow/.local/lib/python3.12/site-packages/airflow/example_dags/example_dataset_alias.py took 0.779 seconds
[2025-01-08T18:57:07.450+0000] {processor.py:186} INFO - Started process (PID=1732) to work on /home/airflow/.local/lib/python3.12/site-packages/airflow/example_dags/example_dataset_alias.py
[2025-01-08T18:57:07.450+0000] {processor.py:914} INFO - Processing file /home/airflow/.local/lib/python3.12/site-packages/airflow/example_dags/example_dataset_alias.py for tasks to queue
[2025-01-08T18:57:07.452+0000] {logging_mixin.py:190} INFO - [2025-01-08T18:57:07.452+0000] {dagbag.py:588} INFO - Filling up the DagBag from /home/airflow/.local/lib/python3.12/site-packages/airflow/example_dags/example_dataset_alias.py
[2025-01-08T18:57:08.234+0000] {processor.py:925} INFO - DAG(s) 'dataset_s3_bucket_producer', 'dataset_alias_example_alias_producer', 'dataset_s3_bucket_consumer', 'dataset_alias_example_alias_consumer' retrieved from /home/airflow/.local/lib/python3.12/site-packages/airflow/example_dags/example_dataset_alias.py
[2025-01-08T18:57:08.273+0000] {logging_mixin.py:190} INFO - [2025-01-08T18:57:08.272+0000] {dag.py:3239} INFO - Sync 4 DAGs
[2025-01-08T18:57:08.303+0000] {logging_mixin.py:190} INFO - [2025-01-08T18:57:08.302+0000] {dag.py:4180} INFO - Setting next_dagrun for dataset_alias_example_alias_consumer to None, run_after=None
[2025-01-08T18:57:08.305+0000] {logging_mixin.py:190} INFO - [2025-01-08T18:57:08.305+0000] {dag.py:4180} INFO - Setting next_dagrun for dataset_alias_example_alias_producer to None, run_after=None
[2025-01-08T18:57:08.307+0000] {logging_mixin.py:190} INFO - [2025-01-08T18:57:08.307+0000] {dag.py:4180} INFO - Setting next_dagrun for dataset_s3_bucket_consumer to None, run_after=None
[2025-01-08T18:57:08.308+0000] {logging_mixin.py:190} INFO - [2025-01-08T18:57:08.308+0000] {dag.py:4180} INFO - Setting next_dagrun for dataset_s3_bucket_producer to None, run_after=None
[2025-01-08T18:57:08.328+0000] {processor.py:208} INFO - Processing /home/airflow/.local/lib/python3.12/site-packages/airflow/example_dags/example_dataset_alias.py took 0.884 seconds
[2025-01-08T18:57:39.294+0000] {processor.py:186} INFO - Started process (PID=1800) to work on /home/airflow/.local/lib/python3.12/site-packages/airflow/example_dags/example_dataset_alias.py
[2025-01-08T18:57:39.295+0000] {processor.py:914} INFO - Processing file /home/airflow/.local/lib/python3.12/site-packages/airflow/example_dags/example_dataset_alias.py for tasks to queue
[2025-01-08T18:57:39.297+0000] {logging_mixin.py:190} INFO - [2025-01-08T18:57:39.296+0000] {dagbag.py:588} INFO - Filling up the DagBag from /home/airflow/.local/lib/python3.12/site-packages/airflow/example_dags/example_dataset_alias.py
[2025-01-08T18:57:40.034+0000] {processor.py:925} INFO - DAG(s) 'dataset_s3_bucket_producer', 'dataset_alias_example_alias_producer', 'dataset_s3_bucket_consumer', 'dataset_alias_example_alias_consumer' retrieved from /home/airflow/.local/lib/python3.12/site-packages/airflow/example_dags/example_dataset_alias.py
[2025-01-08T18:57:40.049+0000] {logging_mixin.py:190} INFO - [2025-01-08T18:57:40.049+0000] {dag.py:3239} INFO - Sync 4 DAGs
[2025-01-08T18:57:40.067+0000] {logging_mixin.py:190} INFO - [2025-01-08T18:57:40.067+0000] {dag.py:4180} INFO - Setting next_dagrun for dataset_alias_example_alias_consumer to None, run_after=None
[2025-01-08T18:57:40.069+0000] {logging_mixin.py:190} INFO - [2025-01-08T18:57:40.069+0000] {dag.py:4180} INFO - Setting next_dagrun for dataset_alias_example_alias_producer to None, run_after=None
[2025-01-08T18:57:40.070+0000] {logging_mixin.py:190} INFO - [2025-01-08T18:57:40.070+0000] {dag.py:4180} INFO - Setting next_dagrun for dataset_s3_bucket_consumer to None, run_after=None
[2025-01-08T18:57:40.071+0000] {logging_mixin.py:190} INFO - [2025-01-08T18:57:40.071+0000] {dag.py:4180} INFO - Setting next_dagrun for dataset_s3_bucket_producer to None, run_after=None
[2025-01-08T18:57:40.086+0000] {processor.py:208} INFO - Processing /home/airflow/.local/lib/python3.12/site-packages/airflow/example_dags/example_dataset_alias.py took 0.798 seconds
[2025-01-08T18:58:10.705+0000] {processor.py:186} INFO - Started process (PID=1865) to work on /home/airflow/.local/lib/python3.12/site-packages/airflow/example_dags/example_dataset_alias.py
[2025-01-08T18:58:10.724+0000] {processor.py:914} INFO - Processing file /home/airflow/.local/lib/python3.12/site-packages/airflow/example_dags/example_dataset_alias.py for tasks to queue
[2025-01-08T18:58:10.726+0000] {logging_mixin.py:190} INFO - [2025-01-08T18:58:10.725+0000] {dagbag.py:588} INFO - Filling up the DagBag from /home/airflow/.local/lib/python3.12/site-packages/airflow/example_dags/example_dataset_alias.py
[2025-01-08T18:58:11.512+0000] {processor.py:925} INFO - DAG(s) 'dataset_alias_example_alias_producer', 'dataset_alias_example_alias_consumer', 'dataset_s3_bucket_consumer', 'dataset_s3_bucket_producer' retrieved from /home/airflow/.local/lib/python3.12/site-packages/airflow/example_dags/example_dataset_alias.py
[2025-01-08T18:58:11.534+0000] {logging_mixin.py:190} INFO - [2025-01-08T18:58:11.533+0000] {dag.py:3239} INFO - Sync 4 DAGs
[2025-01-08T18:58:11.561+0000] {logging_mixin.py:190} INFO - [2025-01-08T18:58:11.561+0000] {dag.py:4180} INFO - Setting next_dagrun for dataset_alias_example_alias_consumer to None, run_after=None
[2025-01-08T18:58:11.564+0000] {logging_mixin.py:190} INFO - [2025-01-08T18:58:11.564+0000] {dag.py:4180} INFO - Setting next_dagrun for dataset_alias_example_alias_producer to None, run_after=None
[2025-01-08T18:58:11.566+0000] {logging_mixin.py:190} INFO - [2025-01-08T18:58:11.565+0000] {dag.py:4180} INFO - Setting next_dagrun for dataset_s3_bucket_consumer to None, run_after=None
[2025-01-08T18:58:11.567+0000] {logging_mixin.py:190} INFO - [2025-01-08T18:58:11.567+0000] {dag.py:4180} INFO - Setting next_dagrun for dataset_s3_bucket_producer to None, run_after=None
[2025-01-08T18:58:11.588+0000] {processor.py:208} INFO - Processing /home/airflow/.local/lib/python3.12/site-packages/airflow/example_dags/example_dataset_alias.py took 0.888 seconds
[2025-01-08T18:58:42.460+0000] {processor.py:186} INFO - Started process (PID=1932) to work on /home/airflow/.local/lib/python3.12/site-packages/airflow/example_dags/example_dataset_alias.py
[2025-01-08T18:58:42.461+0000] {processor.py:914} INFO - Processing file /home/airflow/.local/lib/python3.12/site-packages/airflow/example_dags/example_dataset_alias.py for tasks to queue
[2025-01-08T18:58:42.466+0000] {logging_mixin.py:190} INFO - [2025-01-08T18:58:42.465+0000] {dagbag.py:588} INFO - Filling up the DagBag from /home/airflow/.local/lib/python3.12/site-packages/airflow/example_dags/example_dataset_alias.py
[2025-01-08T18:58:43.588+0000] {processor.py:925} INFO - DAG(s) 'dataset_s3_bucket_consumer', 'dataset_s3_bucket_producer', 'dataset_alias_example_alias_producer', 'dataset_alias_example_alias_consumer' retrieved from /home/airflow/.local/lib/python3.12/site-packages/airflow/example_dags/example_dataset_alias.py
[2025-01-08T18:58:43.611+0000] {logging_mixin.py:190} INFO - [2025-01-08T18:58:43.610+0000] {dag.py:3239} INFO - Sync 4 DAGs
[2025-01-08T18:58:43.640+0000] {logging_mixin.py:190} INFO - [2025-01-08T18:58:43.640+0000] {dag.py:4180} INFO - Setting next_dagrun for dataset_alias_example_alias_consumer to None, run_after=None
[2025-01-08T18:58:43.643+0000] {logging_mixin.py:190} INFO - [2025-01-08T18:58:43.643+0000] {dag.py:4180} INFO - Setting next_dagrun for dataset_alias_example_alias_producer to None, run_after=None
[2025-01-08T18:58:43.645+0000] {logging_mixin.py:190} INFO - [2025-01-08T18:58:43.644+0000] {dag.py:4180} INFO - Setting next_dagrun for dataset_s3_bucket_consumer to None, run_after=None
[2025-01-08T18:58:43.646+0000] {logging_mixin.py:190} INFO - [2025-01-08T18:58:43.646+0000] {dag.py:4180} INFO - Setting next_dagrun for dataset_s3_bucket_producer to None, run_after=None
[2025-01-08T18:58:43.668+0000] {processor.py:208} INFO - Processing /home/airflow/.local/lib/python3.12/site-packages/airflow/example_dags/example_dataset_alias.py took 1.214 seconds
[2025-01-08T18:59:13.955+0000] {processor.py:186} INFO - Started process (PID=1997) to work on /home/airflow/.local/lib/python3.12/site-packages/airflow/example_dags/example_dataset_alias.py
[2025-01-08T18:59:13.956+0000] {processor.py:914} INFO - Processing file /home/airflow/.local/lib/python3.12/site-packages/airflow/example_dags/example_dataset_alias.py for tasks to queue
[2025-01-08T18:59:13.958+0000] {logging_mixin.py:190} INFO - [2025-01-08T18:59:13.958+0000] {dagbag.py:588} INFO - Filling up the DagBag from /home/airflow/.local/lib/python3.12/site-packages/airflow/example_dags/example_dataset_alias.py
[2025-01-08T18:59:14.756+0000] {processor.py:925} INFO - DAG(s) 'dataset_s3_bucket_producer', 'dataset_alias_example_alias_producer', 'dataset_alias_example_alias_consumer', 'dataset_s3_bucket_consumer' retrieved from /home/airflow/.local/lib/python3.12/site-packages/airflow/example_dags/example_dataset_alias.py
[2025-01-08T18:59:14.779+0000] {logging_mixin.py:190} INFO - [2025-01-08T18:59:14.778+0000] {dag.py:3239} INFO - Sync 4 DAGs
[2025-01-08T18:59:14.806+0000] {logging_mixin.py:190} INFO - [2025-01-08T18:59:14.806+0000] {dag.py:4180} INFO - Setting next_dagrun for dataset_alias_example_alias_consumer to None, run_after=None
[2025-01-08T18:59:14.808+0000] {logging_mixin.py:190} INFO - [2025-01-08T18:59:14.808+0000] {dag.py:4180} INFO - Setting next_dagrun for dataset_alias_example_alias_producer to None, run_after=None
[2025-01-08T18:59:14.809+0000] {logging_mixin.py:190} INFO - [2025-01-08T18:59:14.809+0000] {dag.py:4180} INFO - Setting next_dagrun for dataset_s3_bucket_consumer to None, run_after=None
[2025-01-08T18:59:14.811+0000] {logging_mixin.py:190} INFO - [2025-01-08T18:59:14.810+0000] {dag.py:4180} INFO - Setting next_dagrun for dataset_s3_bucket_producer to None, run_after=None
[2025-01-08T18:59:14.831+0000] {processor.py:208} INFO - Processing /home/airflow/.local/lib/python3.12/site-packages/airflow/example_dags/example_dataset_alias.py took 0.884 seconds
[2025-01-08T18:59:45.773+0000] {processor.py:186} INFO - Started process (PID=2062) to work on /home/airflow/.local/lib/python3.12/site-packages/airflow/example_dags/example_dataset_alias.py
[2025-01-08T18:59:45.774+0000] {processor.py:914} INFO - Processing file /home/airflow/.local/lib/python3.12/site-packages/airflow/example_dags/example_dataset_alias.py for tasks to queue
[2025-01-08T18:59:45.777+0000] {logging_mixin.py:190} INFO - [2025-01-08T18:59:45.776+0000] {dagbag.py:588} INFO - Filling up the DagBag from /home/airflow/.local/lib/python3.12/site-packages/airflow/example_dags/example_dataset_alias.py
[2025-01-08T18:59:46.548+0000] {processor.py:925} INFO - DAG(s) 'dataset_s3_bucket_producer', 'dataset_alias_example_alias_producer', 'dataset_s3_bucket_consumer', 'dataset_alias_example_alias_consumer' retrieved from /home/airflow/.local/lib/python3.12/site-packages/airflow/example_dags/example_dataset_alias.py
[2025-01-08T18:59:46.570+0000] {logging_mixin.py:190} INFO - [2025-01-08T18:59:46.569+0000] {dag.py:3239} INFO - Sync 4 DAGs
[2025-01-08T18:59:46.601+0000] {logging_mixin.py:190} INFO - [2025-01-08T18:59:46.600+0000] {dag.py:4180} INFO - Setting next_dagrun for dataset_alias_example_alias_consumer to None, run_after=None
[2025-01-08T18:59:46.604+0000] {logging_mixin.py:190} INFO - [2025-01-08T18:59:46.604+0000] {dag.py:4180} INFO - Setting next_dagrun for dataset_alias_example_alias_producer to None, run_after=None
[2025-01-08T18:59:46.606+0000] {logging_mixin.py:190} INFO - [2025-01-08T18:59:46.606+0000] {dag.py:4180} INFO - Setting next_dagrun for dataset_s3_bucket_consumer to None, run_after=None
[2025-01-08T18:59:46.607+0000] {logging_mixin.py:190} INFO - [2025-01-08T18:59:46.607+0000] {dag.py:4180} INFO - Setting next_dagrun for dataset_s3_bucket_producer to None, run_after=None
[2025-01-08T18:59:46.628+0000] {processor.py:208} INFO - Processing /home/airflow/.local/lib/python3.12/site-packages/airflow/example_dags/example_dataset_alias.py took 0.869 seconds
[2025-01-08T19:00:16.904+0000] {processor.py:186} INFO - Started process (PID=2128) to work on /home/airflow/.local/lib/python3.12/site-packages/airflow/example_dags/example_dataset_alias.py
[2025-01-08T19:00:16.905+0000] {processor.py:914} INFO - Processing file /home/airflow/.local/lib/python3.12/site-packages/airflow/example_dags/example_dataset_alias.py for tasks to queue
[2025-01-08T19:00:16.910+0000] {logging_mixin.py:190} INFO - [2025-01-08T19:00:16.910+0000] {dagbag.py:588} INFO - Filling up the DagBag from /home/airflow/.local/lib/python3.12/site-packages/airflow/example_dags/example_dataset_alias.py
