[2025-01-08T18:44:06.918+0000] {processor.py:186} INFO - Started process (PID=91) to work on /home/airflow/.local/lib/python3.12/site-packages/airflow/example_dags/example_params_trigger_ui.py
[2025-01-08T18:44:06.958+0000] {processor.py:914} INFO - Processing file /home/airflow/.local/lib/python3.12/site-packages/airflow/example_dags/example_params_trigger_ui.py for tasks to queue
[2025-01-08T18:44:06.970+0000] {logging_mixin.py:190} INFO - [2025-01-08T18:44:06.970+0000] {dagbag.py:588} INFO - Filling up the DagBag from /home/airflow/.local/lib/python3.12/site-packages/airflow/example_dags/example_params_trigger_ui.py
[2025-01-08T18:44:06.987+0000] {processor.py:925} INFO - DAG(s) 'example_params_trigger_ui' retrieved from /home/airflow/.local/lib/python3.12/site-packages/airflow/example_dags/example_params_trigger_ui.py
[2025-01-08T18:44:07.315+0000] {logging_mixin.py:190} INFO - [2025-01-08T18:44:07.314+0000] {dag.py:3239} INFO - Sync 1 DAGs
[2025-01-08T18:44:07.426+0000] {logging_mixin.py:190} INFO - [2025-01-08T18:44:07.425+0000] {dag.py:4180} INFO - Setting next_dagrun for example_params_trigger_ui to None, run_after=None
[2025-01-08T18:44:07.569+0000] {processor.py:208} INFO - Processing /home/airflow/.local/lib/python3.12/site-packages/airflow/example_dags/example_params_trigger_ui.py took 0.737 seconds
[2025-01-08T18:44:37.915+0000] {processor.py:186} INFO - Started process (PID=156) to work on /home/airflow/.local/lib/python3.12/site-packages/airflow/example_dags/example_params_trigger_ui.py
[2025-01-08T18:44:37.918+0000] {processor.py:914} INFO - Processing file /home/airflow/.local/lib/python3.12/site-packages/airflow/example_dags/example_params_trigger_ui.py for tasks to queue
[2025-01-08T18:44:37.925+0000] {logging_mixin.py:190} INFO - [2025-01-08T18:44:37.925+0000] {dagbag.py:588} INFO - Filling up the DagBag from /home/airflow/.local/lib/python3.12/site-packages/airflow/example_dags/example_params_trigger_ui.py
[2025-01-08T18:44:37.950+0000] {processor.py:925} INFO - DAG(s) 'example_params_trigger_ui' retrieved from /home/airflow/.local/lib/python3.12/site-packages/airflow/example_dags/example_params_trigger_ui.py
[2025-01-08T18:44:38.049+0000] {logging_mixin.py:190} INFO - [2025-01-08T18:44:38.045+0000] {dag.py:3239} INFO - Sync 1 DAGs
[2025-01-08T18:44:38.072+0000] {logging_mixin.py:190} INFO - [2025-01-08T18:44:38.072+0000] {dag.py:4180} INFO - Setting next_dagrun for example_params_trigger_ui to None, run_after=None
[2025-01-08T18:44:38.088+0000] {processor.py:208} INFO - Processing /home/airflow/.local/lib/python3.12/site-packages/airflow/example_dags/example_params_trigger_ui.py took 0.186 seconds
[2025-01-08T18:45:09.666+0000] {processor.py:186} INFO - Started process (PID=221) to work on /home/airflow/.local/lib/python3.12/site-packages/airflow/example_dags/example_params_trigger_ui.py
[2025-01-08T18:45:09.677+0000] {processor.py:914} INFO - Processing file /home/airflow/.local/lib/python3.12/site-packages/airflow/example_dags/example_params_trigger_ui.py for tasks to queue
[2025-01-08T18:45:09.739+0000] {logging_mixin.py:190} INFO - [2025-01-08T18:45:09.724+0000] {dagbag.py:588} INFO - Filling up the DagBag from /home/airflow/.local/lib/python3.12/site-packages/airflow/example_dags/example_params_trigger_ui.py
[2025-01-08T18:45:09.864+0000] {processor.py:925} INFO - DAG(s) 'example_params_trigger_ui' retrieved from /home/airflow/.local/lib/python3.12/site-packages/airflow/example_dags/example_params_trigger_ui.py
[2025-01-08T18:45:10.222+0000] {logging_mixin.py:190} INFO - [2025-01-08T18:45:10.222+0000] {dag.py:3239} INFO - Sync 1 DAGs
[2025-01-08T18:45:10.267+0000] {logging_mixin.py:190} INFO - [2025-01-08T18:45:10.266+0000] {dag.py:4180} INFO - Setting next_dagrun for example_params_trigger_ui to None, run_after=None
[2025-01-08T18:45:10.363+0000] {processor.py:208} INFO - Processing /home/airflow/.local/lib/python3.12/site-packages/airflow/example_dags/example_params_trigger_ui.py took 0.752 seconds
[2025-01-08T18:45:40.657+0000] {processor.py:186} INFO - Started process (PID=285) to work on /home/airflow/.local/lib/python3.12/site-packages/airflow/example_dags/example_params_trigger_ui.py
[2025-01-08T18:45:40.661+0000] {processor.py:914} INFO - Processing file /home/airflow/.local/lib/python3.12/site-packages/airflow/example_dags/example_params_trigger_ui.py for tasks to queue
[2025-01-08T18:45:40.666+0000] {logging_mixin.py:190} INFO - [2025-01-08T18:45:40.665+0000] {dagbag.py:588} INFO - Filling up the DagBag from /home/airflow/.local/lib/python3.12/site-packages/airflow/example_dags/example_params_trigger_ui.py
[2025-01-08T18:45:40.720+0000] {processor.py:925} INFO - DAG(s) 'example_params_trigger_ui' retrieved from /home/airflow/.local/lib/python3.12/site-packages/airflow/example_dags/example_params_trigger_ui.py
[2025-01-08T18:45:40.862+0000] {logging_mixin.py:190} INFO - [2025-01-08T18:45:40.862+0000] {dag.py:3239} INFO - Sync 1 DAGs
[2025-01-08T18:45:40.892+0000] {logging_mixin.py:190} INFO - [2025-01-08T18:45:40.892+0000] {dag.py:4180} INFO - Setting next_dagrun for example_params_trigger_ui to None, run_after=None
[2025-01-08T18:45:40.909+0000] {processor.py:208} INFO - Processing /home/airflow/.local/lib/python3.12/site-packages/airflow/example_dags/example_params_trigger_ui.py took 0.263 seconds
[2025-01-08T18:46:11.725+0000] {processor.py:186} INFO - Started process (PID=350) to work on /home/airflow/.local/lib/python3.12/site-packages/airflow/example_dags/example_params_trigger_ui.py
[2025-01-08T18:46:11.730+0000] {processor.py:914} INFO - Processing file /home/airflow/.local/lib/python3.12/site-packages/airflow/example_dags/example_params_trigger_ui.py for tasks to queue
[2025-01-08T18:46:11.732+0000] {logging_mixin.py:190} INFO - [2025-01-08T18:46:11.732+0000] {dagbag.py:588} INFO - Filling up the DagBag from /home/airflow/.local/lib/python3.12/site-packages/airflow/example_dags/example_params_trigger_ui.py
[2025-01-08T18:46:11.752+0000] {processor.py:925} INFO - DAG(s) 'example_params_trigger_ui' retrieved from /home/airflow/.local/lib/python3.12/site-packages/airflow/example_dags/example_params_trigger_ui.py
[2025-01-08T18:46:11.816+0000] {logging_mixin.py:190} INFO - [2025-01-08T18:46:11.816+0000] {dag.py:3239} INFO - Sync 1 DAGs
[2025-01-08T18:46:11.833+0000] {logging_mixin.py:190} INFO - [2025-01-08T18:46:11.833+0000] {dag.py:4180} INFO - Setting next_dagrun for example_params_trigger_ui to None, run_after=None
[2025-01-08T18:46:11.851+0000] {processor.py:208} INFO - Processing /home/airflow/.local/lib/python3.12/site-packages/airflow/example_dags/example_params_trigger_ui.py took 0.136 seconds
[2025-01-08T18:46:42.309+0000] {processor.py:186} INFO - Started process (PID=415) to work on /home/airflow/.local/lib/python3.12/site-packages/airflow/example_dags/example_params_trigger_ui.py
[2025-01-08T18:46:42.310+0000] {processor.py:914} INFO - Processing file /home/airflow/.local/lib/python3.12/site-packages/airflow/example_dags/example_params_trigger_ui.py for tasks to queue
[2025-01-08T18:46:42.312+0000] {logging_mixin.py:190} INFO - [2025-01-08T18:46:42.311+0000] {dagbag.py:588} INFO - Filling up the DagBag from /home/airflow/.local/lib/python3.12/site-packages/airflow/example_dags/example_params_trigger_ui.py
[2025-01-08T18:46:42.330+0000] {processor.py:925} INFO - DAG(s) 'example_params_trigger_ui' retrieved from /home/airflow/.local/lib/python3.12/site-packages/airflow/example_dags/example_params_trigger_ui.py
[2025-01-08T18:46:42.391+0000] {logging_mixin.py:190} INFO - [2025-01-08T18:46:42.391+0000] {dag.py:3239} INFO - Sync 1 DAGs
[2025-01-08T18:46:42.405+0000] {logging_mixin.py:190} INFO - [2025-01-08T18:46:42.405+0000] {dag.py:4180} INFO - Setting next_dagrun for example_params_trigger_ui to None, run_after=None
[2025-01-08T18:46:42.418+0000] {processor.py:208} INFO - Processing /home/airflow/.local/lib/python3.12/site-packages/airflow/example_dags/example_params_trigger_ui.py took 0.115 seconds
[2025-01-08T18:47:13.117+0000] {processor.py:186} INFO - Started process (PID=480) to work on /home/airflow/.local/lib/python3.12/site-packages/airflow/example_dags/example_params_trigger_ui.py
[2025-01-08T18:47:13.142+0000] {processor.py:914} INFO - Processing file /home/airflow/.local/lib/python3.12/site-packages/airflow/example_dags/example_params_trigger_ui.py for tasks to queue
[2025-01-08T18:47:13.144+0000] {logging_mixin.py:190} INFO - [2025-01-08T18:47:13.144+0000] {dagbag.py:588} INFO - Filling up the DagBag from /home/airflow/.local/lib/python3.12/site-packages/airflow/example_dags/example_params_trigger_ui.py
[2025-01-08T18:47:13.185+0000] {processor.py:925} INFO - DAG(s) 'example_params_trigger_ui' retrieved from /home/airflow/.local/lib/python3.12/site-packages/airflow/example_dags/example_params_trigger_ui.py
[2025-01-08T18:47:13.239+0000] {logging_mixin.py:190} INFO - [2025-01-08T18:47:13.238+0000] {dag.py:3239} INFO - Sync 1 DAGs
[2025-01-08T18:47:13.251+0000] {logging_mixin.py:190} INFO - [2025-01-08T18:47:13.250+0000] {dag.py:4180} INFO - Setting next_dagrun for example_params_trigger_ui to None, run_after=None
[2025-01-08T18:47:13.265+0000] {processor.py:208} INFO - Processing /home/airflow/.local/lib/python3.12/site-packages/airflow/example_dags/example_params_trigger_ui.py took 0.166 seconds
[2025-01-08T18:47:43.655+0000] {processor.py:186} INFO - Started process (PID=545) to work on /home/airflow/.local/lib/python3.12/site-packages/airflow/example_dags/example_params_trigger_ui.py
[2025-01-08T18:47:43.655+0000] {processor.py:914} INFO - Processing file /home/airflow/.local/lib/python3.12/site-packages/airflow/example_dags/example_params_trigger_ui.py for tasks to queue
[2025-01-08T18:47:43.657+0000] {logging_mixin.py:190} INFO - [2025-01-08T18:47:43.657+0000] {dagbag.py:588} INFO - Filling up the DagBag from /home/airflow/.local/lib/python3.12/site-packages/airflow/example_dags/example_params_trigger_ui.py
[2025-01-08T18:47:43.669+0000] {processor.py:925} INFO - DAG(s) 'example_params_trigger_ui' retrieved from /home/airflow/.local/lib/python3.12/site-packages/airflow/example_dags/example_params_trigger_ui.py
[2025-01-08T18:47:43.733+0000] {logging_mixin.py:190} INFO - [2025-01-08T18:47:43.733+0000] {dag.py:3239} INFO - Sync 1 DAGs
[2025-01-08T18:47:43.749+0000] {logging_mixin.py:190} INFO - [2025-01-08T18:47:43.749+0000] {dag.py:4180} INFO - Setting next_dagrun for example_params_trigger_ui to None, run_after=None
[2025-01-08T18:47:43.765+0000] {processor.py:208} INFO - Processing /home/airflow/.local/lib/python3.12/site-packages/airflow/example_dags/example_params_trigger_ui.py took 0.117 seconds
[2025-01-08T18:48:14.147+0000] {processor.py:186} INFO - Started process (PID=610) to work on /home/airflow/.local/lib/python3.12/site-packages/airflow/example_dags/example_params_trigger_ui.py
[2025-01-08T18:48:14.158+0000] {processor.py:914} INFO - Processing file /home/airflow/.local/lib/python3.12/site-packages/airflow/example_dags/example_params_trigger_ui.py for tasks to queue
[2025-01-08T18:48:14.160+0000] {logging_mixin.py:190} INFO - [2025-01-08T18:48:14.160+0000] {dagbag.py:588} INFO - Filling up the DagBag from /home/airflow/.local/lib/python3.12/site-packages/airflow/example_dags/example_params_trigger_ui.py
[2025-01-08T18:48:14.191+0000] {processor.py:925} INFO - DAG(s) 'example_params_trigger_ui' retrieved from /home/airflow/.local/lib/python3.12/site-packages/airflow/example_dags/example_params_trigger_ui.py
[2025-01-08T18:48:14.337+0000] {logging_mixin.py:190} INFO - [2025-01-08T18:48:14.337+0000] {dag.py:3239} INFO - Sync 1 DAGs
[2025-01-08T18:48:14.355+0000] {logging_mixin.py:190} INFO - [2025-01-08T18:48:14.354+0000] {dag.py:4180} INFO - Setting next_dagrun for example_params_trigger_ui to None, run_after=None
[2025-01-08T18:48:14.373+0000] {processor.py:208} INFO - Processing /home/airflow/.local/lib/python3.12/site-packages/airflow/example_dags/example_params_trigger_ui.py took 0.239 seconds
[2025-01-08T18:48:44.827+0000] {processor.py:186} INFO - Started process (PID=675) to work on /home/airflow/.local/lib/python3.12/site-packages/airflow/example_dags/example_params_trigger_ui.py
[2025-01-08T18:48:44.835+0000] {processor.py:914} INFO - Processing file /home/airflow/.local/lib/python3.12/site-packages/airflow/example_dags/example_params_trigger_ui.py for tasks to queue
[2025-01-08T18:48:44.838+0000] {logging_mixin.py:190} INFO - [2025-01-08T18:48:44.838+0000] {dagbag.py:588} INFO - Filling up the DagBag from /home/airflow/.local/lib/python3.12/site-packages/airflow/example_dags/example_params_trigger_ui.py
[2025-01-08T18:48:44.852+0000] {processor.py:925} INFO - DAG(s) 'example_params_trigger_ui' retrieved from /home/airflow/.local/lib/python3.12/site-packages/airflow/example_dags/example_params_trigger_ui.py
[2025-01-08T18:48:44.907+0000] {logging_mixin.py:190} INFO - [2025-01-08T18:48:44.907+0000] {dag.py:3239} INFO - Sync 1 DAGs
[2025-01-08T18:48:44.925+0000] {logging_mixin.py:190} INFO - [2025-01-08T18:48:44.924+0000] {dag.py:4180} INFO - Setting next_dagrun for example_params_trigger_ui to None, run_after=None
[2025-01-08T18:48:44.944+0000] {processor.py:208} INFO - Processing /home/airflow/.local/lib/python3.12/site-packages/airflow/example_dags/example_params_trigger_ui.py took 0.140 seconds
[2025-01-08T18:49:15.068+0000] {processor.py:186} INFO - Started process (PID=741) to work on /home/airflow/.local/lib/python3.12/site-packages/airflow/example_dags/example_params_trigger_ui.py
[2025-01-08T18:49:15.069+0000] {processor.py:914} INFO - Processing file /home/airflow/.local/lib/python3.12/site-packages/airflow/example_dags/example_params_trigger_ui.py for tasks to queue
[2025-01-08T18:49:15.074+0000] {logging_mixin.py:190} INFO - [2025-01-08T18:49:15.073+0000] {dagbag.py:588} INFO - Filling up the DagBag from /home/airflow/.local/lib/python3.12/site-packages/airflow/example_dags/example_params_trigger_ui.py
[2025-01-08T18:49:15.088+0000] {processor.py:925} INFO - DAG(s) 'example_params_trigger_ui' retrieved from /home/airflow/.local/lib/python3.12/site-packages/airflow/example_dags/example_params_trigger_ui.py
[2025-01-08T18:49:15.146+0000] {logging_mixin.py:190} INFO - [2025-01-08T18:49:15.145+0000] {dag.py:3239} INFO - Sync 1 DAGs
[2025-01-08T18:49:15.163+0000] {logging_mixin.py:190} INFO - [2025-01-08T18:49:15.162+0000] {dag.py:4180} INFO - Setting next_dagrun for example_params_trigger_ui to None, run_after=None
[2025-01-08T18:49:15.184+0000] {processor.py:208} INFO - Processing /home/airflow/.local/lib/python3.12/site-packages/airflow/example_dags/example_params_trigger_ui.py took 0.123 seconds
[2025-01-08T18:49:46.176+0000] {processor.py:186} INFO - Started process (PID=806) to work on /home/airflow/.local/lib/python3.12/site-packages/airflow/example_dags/example_params_trigger_ui.py
[2025-01-08T18:49:46.178+0000] {processor.py:914} INFO - Processing file /home/airflow/.local/lib/python3.12/site-packages/airflow/example_dags/example_params_trigger_ui.py for tasks to queue
[2025-01-08T18:49:46.180+0000] {logging_mixin.py:190} INFO - [2025-01-08T18:49:46.180+0000] {dagbag.py:588} INFO - Filling up the DagBag from /home/airflow/.local/lib/python3.12/site-packages/airflow/example_dags/example_params_trigger_ui.py
[2025-01-08T18:49:46.194+0000] {processor.py:925} INFO - DAG(s) 'example_params_trigger_ui' retrieved from /home/airflow/.local/lib/python3.12/site-packages/airflow/example_dags/example_params_trigger_ui.py
[2025-01-08T18:49:46.249+0000] {logging_mixin.py:190} INFO - [2025-01-08T18:49:46.249+0000] {dag.py:3239} INFO - Sync 1 DAGs
[2025-01-08T18:49:46.263+0000] {logging_mixin.py:190} INFO - [2025-01-08T18:49:46.263+0000] {dag.py:4180} INFO - Setting next_dagrun for example_params_trigger_ui to None, run_after=None
[2025-01-08T18:49:46.276+0000] {processor.py:208} INFO - Processing /home/airflow/.local/lib/python3.12/site-packages/airflow/example_dags/example_params_trigger_ui.py took 0.106 seconds
[2025-01-08T18:50:17.222+0000] {processor.py:186} INFO - Started process (PID=871) to work on /home/airflow/.local/lib/python3.12/site-packages/airflow/example_dags/example_params_trigger_ui.py
[2025-01-08T18:50:17.223+0000] {processor.py:914} INFO - Processing file /home/airflow/.local/lib/python3.12/site-packages/airflow/example_dags/example_params_trigger_ui.py for tasks to queue
[2025-01-08T18:50:17.225+0000] {logging_mixin.py:190} INFO - [2025-01-08T18:50:17.225+0000] {dagbag.py:588} INFO - Filling up the DagBag from /home/airflow/.local/lib/python3.12/site-packages/airflow/example_dags/example_params_trigger_ui.py
[2025-01-08T18:50:17.234+0000] {processor.py:925} INFO - DAG(s) 'example_params_trigger_ui' retrieved from /home/airflow/.local/lib/python3.12/site-packages/airflow/example_dags/example_params_trigger_ui.py
[2025-01-08T18:50:17.266+0000] {logging_mixin.py:190} INFO - [2025-01-08T18:50:17.266+0000] {dag.py:3239} INFO - Sync 1 DAGs
[2025-01-08T18:50:17.277+0000] {logging_mixin.py:190} INFO - [2025-01-08T18:50:17.277+0000] {dag.py:4180} INFO - Setting next_dagrun for example_params_trigger_ui to None, run_after=None
[2025-01-08T18:50:17.290+0000] {processor.py:208} INFO - Processing /home/airflow/.local/lib/python3.12/site-packages/airflow/example_dags/example_params_trigger_ui.py took 0.074 seconds
[2025-01-08T18:50:47.776+0000] {processor.py:186} INFO - Started process (PID=933) to work on /home/airflow/.local/lib/python3.12/site-packages/airflow/example_dags/example_params_trigger_ui.py
[2025-01-08T18:50:47.776+0000] {processor.py:914} INFO - Processing file /home/airflow/.local/lib/python3.12/site-packages/airflow/example_dags/example_params_trigger_ui.py for tasks to queue
[2025-01-08T18:50:47.780+0000] {logging_mixin.py:190} INFO - [2025-01-08T18:50:47.780+0000] {dagbag.py:588} INFO - Filling up the DagBag from /home/airflow/.local/lib/python3.12/site-packages/airflow/example_dags/example_params_trigger_ui.py
[2025-01-08T18:50:47.793+0000] {processor.py:925} INFO - DAG(s) 'example_params_trigger_ui' retrieved from /home/airflow/.local/lib/python3.12/site-packages/airflow/example_dags/example_params_trigger_ui.py
[2025-01-08T18:50:47.843+0000] {logging_mixin.py:190} INFO - [2025-01-08T18:50:47.843+0000] {dag.py:3239} INFO - Sync 1 DAGs
[2025-01-08T18:50:47.860+0000] {logging_mixin.py:190} INFO - [2025-01-08T18:50:47.860+0000] {dag.py:4180} INFO - Setting next_dagrun for example_params_trigger_ui to None, run_after=None
[2025-01-08T18:50:47.878+0000] {processor.py:208} INFO - Processing /home/airflow/.local/lib/python3.12/site-packages/airflow/example_dags/example_params_trigger_ui.py took 0.109 seconds
[2025-01-08T18:51:18.413+0000] {processor.py:186} INFO - Started process (PID=998) to work on /home/airflow/.local/lib/python3.12/site-packages/airflow/example_dags/example_params_trigger_ui.py
[2025-01-08T18:51:18.413+0000] {processor.py:914} INFO - Processing file /home/airflow/.local/lib/python3.12/site-packages/airflow/example_dags/example_params_trigger_ui.py for tasks to queue
[2025-01-08T18:51:18.415+0000] {logging_mixin.py:190} INFO - [2025-01-08T18:51:18.415+0000] {dagbag.py:588} INFO - Filling up the DagBag from /home/airflow/.local/lib/python3.12/site-packages/airflow/example_dags/example_params_trigger_ui.py
[2025-01-08T18:51:18.426+0000] {processor.py:925} INFO - DAG(s) 'example_params_trigger_ui' retrieved from /home/airflow/.local/lib/python3.12/site-packages/airflow/example_dags/example_params_trigger_ui.py
[2025-01-08T18:51:18.475+0000] {logging_mixin.py:190} INFO - [2025-01-08T18:51:18.475+0000] {dag.py:3239} INFO - Sync 1 DAGs
[2025-01-08T18:51:18.491+0000] {logging_mixin.py:190} INFO - [2025-01-08T18:51:18.491+0000] {dag.py:4180} INFO - Setting next_dagrun for example_params_trigger_ui to None, run_after=None
[2025-01-08T18:51:18.508+0000] {processor.py:208} INFO - Processing /home/airflow/.local/lib/python3.12/site-packages/airflow/example_dags/example_params_trigger_ui.py took 0.102 seconds
[2025-01-08T18:51:49.488+0000] {processor.py:186} INFO - Started process (PID=1062) to work on /home/airflow/.local/lib/python3.12/site-packages/airflow/example_dags/example_params_trigger_ui.py
[2025-01-08T18:51:49.489+0000] {processor.py:914} INFO - Processing file /home/airflow/.local/lib/python3.12/site-packages/airflow/example_dags/example_params_trigger_ui.py for tasks to queue
[2025-01-08T18:51:49.491+0000] {logging_mixin.py:190} INFO - [2025-01-08T18:51:49.491+0000] {dagbag.py:588} INFO - Filling up the DagBag from /home/airflow/.local/lib/python3.12/site-packages/airflow/example_dags/example_params_trigger_ui.py
[2025-01-08T18:51:49.505+0000] {processor.py:925} INFO - DAG(s) 'example_params_trigger_ui' retrieved from /home/airflow/.local/lib/python3.12/site-packages/airflow/example_dags/example_params_trigger_ui.py
[2025-01-08T18:51:49.563+0000] {logging_mixin.py:190} INFO - [2025-01-08T18:51:49.563+0000] {dag.py:3239} INFO - Sync 1 DAGs
[2025-01-08T18:51:49.599+0000] {logging_mixin.py:190} INFO - [2025-01-08T18:51:49.599+0000] {dag.py:4180} INFO - Setting next_dagrun for example_params_trigger_ui to None, run_after=None
[2025-01-08T18:51:49.638+0000] {processor.py:208} INFO - Processing /home/airflow/.local/lib/python3.12/site-packages/airflow/example_dags/example_params_trigger_ui.py took 0.156 seconds
[2025-01-08T18:52:19.825+0000] {processor.py:186} INFO - Started process (PID=1127) to work on /home/airflow/.local/lib/python3.12/site-packages/airflow/example_dags/example_params_trigger_ui.py
[2025-01-08T18:52:19.825+0000] {processor.py:914} INFO - Processing file /home/airflow/.local/lib/python3.12/site-packages/airflow/example_dags/example_params_trigger_ui.py for tasks to queue
[2025-01-08T18:52:19.828+0000] {logging_mixin.py:190} INFO - [2025-01-08T18:52:19.827+0000] {dagbag.py:588} INFO - Filling up the DagBag from /home/airflow/.local/lib/python3.12/site-packages/airflow/example_dags/example_params_trigger_ui.py
[2025-01-08T18:52:19.839+0000] {processor.py:925} INFO - DAG(s) 'example_params_trigger_ui' retrieved from /home/airflow/.local/lib/python3.12/site-packages/airflow/example_dags/example_params_trigger_ui.py
[2025-01-08T18:52:19.897+0000] {logging_mixin.py:190} INFO - [2025-01-08T18:52:19.897+0000] {dag.py:3239} INFO - Sync 1 DAGs
[2025-01-08T18:52:19.912+0000] {logging_mixin.py:190} INFO - [2025-01-08T18:52:19.912+0000] {dag.py:4180} INFO - Setting next_dagrun for example_params_trigger_ui to None, run_after=None
[2025-01-08T18:52:19.943+0000] {processor.py:208} INFO - Processing /home/airflow/.local/lib/python3.12/site-packages/airflow/example_dags/example_params_trigger_ui.py took 0.124 seconds
[2025-01-08T18:52:50.399+0000] {processor.py:186} INFO - Started process (PID=1192) to work on /home/airflow/.local/lib/python3.12/site-packages/airflow/example_dags/example_params_trigger_ui.py
[2025-01-08T18:52:50.400+0000] {processor.py:914} INFO - Processing file /home/airflow/.local/lib/python3.12/site-packages/airflow/example_dags/example_params_trigger_ui.py for tasks to queue
[2025-01-08T18:52:50.402+0000] {logging_mixin.py:190} INFO - [2025-01-08T18:52:50.402+0000] {dagbag.py:588} INFO - Filling up the DagBag from /home/airflow/.local/lib/python3.12/site-packages/airflow/example_dags/example_params_trigger_ui.py
[2025-01-08T18:52:50.415+0000] {processor.py:925} INFO - DAG(s) 'example_params_trigger_ui' retrieved from /home/airflow/.local/lib/python3.12/site-packages/airflow/example_dags/example_params_trigger_ui.py
[2025-01-08T18:52:50.468+0000] {logging_mixin.py:190} INFO - [2025-01-08T18:52:50.468+0000] {dag.py:3239} INFO - Sync 1 DAGs
[2025-01-08T18:52:50.485+0000] {logging_mixin.py:190} INFO - [2025-01-08T18:52:50.485+0000] {dag.py:4180} INFO - Setting next_dagrun for example_params_trigger_ui to None, run_after=None
[2025-01-08T18:52:50.503+0000] {processor.py:208} INFO - Processing /home/airflow/.local/lib/python3.12/site-packages/airflow/example_dags/example_params_trigger_ui.py took 0.109 seconds
[2025-01-08T18:53:21.740+0000] {processor.py:186} INFO - Started process (PID=1257) to work on /home/airflow/.local/lib/python3.12/site-packages/airflow/example_dags/example_params_trigger_ui.py
[2025-01-08T18:53:21.750+0000] {processor.py:914} INFO - Processing file /home/airflow/.local/lib/python3.12/site-packages/airflow/example_dags/example_params_trigger_ui.py for tasks to queue
[2025-01-08T18:53:21.752+0000] {logging_mixin.py:190} INFO - [2025-01-08T18:53:21.752+0000] {dagbag.py:588} INFO - Filling up the DagBag from /home/airflow/.local/lib/python3.12/site-packages/airflow/example_dags/example_params_trigger_ui.py
[2025-01-08T18:53:21.776+0000] {processor.py:925} INFO - DAG(s) 'example_params_trigger_ui' retrieved from /home/airflow/.local/lib/python3.12/site-packages/airflow/example_dags/example_params_trigger_ui.py
[2025-01-08T18:53:21.942+0000] {logging_mixin.py:190} INFO - [2025-01-08T18:53:21.941+0000] {dag.py:3239} INFO - Sync 1 DAGs
[2025-01-08T18:53:21.970+0000] {logging_mixin.py:190} INFO - [2025-01-08T18:53:21.970+0000] {dag.py:4180} INFO - Setting next_dagrun for example_params_trigger_ui to None, run_after=None
[2025-01-08T18:53:22.019+0000] {processor.py:208} INFO - Processing /home/airflow/.local/lib/python3.12/site-packages/airflow/example_dags/example_params_trigger_ui.py took 0.293 seconds
[2025-01-08T18:53:52.264+0000] {processor.py:186} INFO - Started process (PID=1323) to work on /home/airflow/.local/lib/python3.12/site-packages/airflow/example_dags/example_params_trigger_ui.py
[2025-01-08T18:53:52.265+0000] {processor.py:914} INFO - Processing file /home/airflow/.local/lib/python3.12/site-packages/airflow/example_dags/example_params_trigger_ui.py for tasks to queue
[2025-01-08T18:53:52.267+0000] {logging_mixin.py:190} INFO - [2025-01-08T18:53:52.267+0000] {dagbag.py:588} INFO - Filling up the DagBag from /home/airflow/.local/lib/python3.12/site-packages/airflow/example_dags/example_params_trigger_ui.py
[2025-01-08T18:53:52.278+0000] {processor.py:925} INFO - DAG(s) 'example_params_trigger_ui' retrieved from /home/airflow/.local/lib/python3.12/site-packages/airflow/example_dags/example_params_trigger_ui.py
[2025-01-08T18:53:52.330+0000] {logging_mixin.py:190} INFO - [2025-01-08T18:53:52.330+0000] {dag.py:3239} INFO - Sync 1 DAGs
[2025-01-08T18:53:52.346+0000] {logging_mixin.py:190} INFO - [2025-01-08T18:53:52.346+0000] {dag.py:4180} INFO - Setting next_dagrun for example_params_trigger_ui to None, run_after=None
[2025-01-08T18:53:52.364+0000] {processor.py:208} INFO - Processing /home/airflow/.local/lib/python3.12/site-packages/airflow/example_dags/example_params_trigger_ui.py took 0.105 seconds
[2025-01-08T18:54:22.780+0000] {processor.py:186} INFO - Started process (PID=1385) to work on /home/airflow/.local/lib/python3.12/site-packages/airflow/example_dags/example_params_trigger_ui.py
[2025-01-08T18:54:22.782+0000] {processor.py:914} INFO - Processing file /home/airflow/.local/lib/python3.12/site-packages/airflow/example_dags/example_params_trigger_ui.py for tasks to queue
[2025-01-08T18:54:22.787+0000] {logging_mixin.py:190} INFO - [2025-01-08T18:54:22.786+0000] {dagbag.py:588} INFO - Filling up the DagBag from /home/airflow/.local/lib/python3.12/site-packages/airflow/example_dags/example_params_trigger_ui.py
[2025-01-08T18:54:22.811+0000] {processor.py:925} INFO - DAG(s) 'example_params_trigger_ui' retrieved from /home/airflow/.local/lib/python3.12/site-packages/airflow/example_dags/example_params_trigger_ui.py
[2025-01-08T18:54:22.923+0000] {logging_mixin.py:190} INFO - [2025-01-08T18:54:22.923+0000] {dag.py:3239} INFO - Sync 1 DAGs
[2025-01-08T18:54:22.952+0000] {logging_mixin.py:190} INFO - [2025-01-08T18:54:22.952+0000] {dag.py:4180} INFO - Setting next_dagrun for example_params_trigger_ui to None, run_after=None
[2025-01-08T18:54:22.988+0000] {processor.py:208} INFO - Processing /home/airflow/.local/lib/python3.12/site-packages/airflow/example_dags/example_params_trigger_ui.py took 0.236 seconds
[2025-01-08T18:54:53.889+0000] {processor.py:186} INFO - Started process (PID=1449) to work on /home/airflow/.local/lib/python3.12/site-packages/airflow/example_dags/example_params_trigger_ui.py
[2025-01-08T18:54:53.890+0000] {processor.py:914} INFO - Processing file /home/airflow/.local/lib/python3.12/site-packages/airflow/example_dags/example_params_trigger_ui.py for tasks to queue
[2025-01-08T18:54:53.892+0000] {logging_mixin.py:190} INFO - [2025-01-08T18:54:53.892+0000] {dagbag.py:588} INFO - Filling up the DagBag from /home/airflow/.local/lib/python3.12/site-packages/airflow/example_dags/example_params_trigger_ui.py
[2025-01-08T18:54:53.938+0000] {processor.py:925} INFO - DAG(s) 'example_params_trigger_ui' retrieved from /home/airflow/.local/lib/python3.12/site-packages/airflow/example_dags/example_params_trigger_ui.py
[2025-01-08T18:54:54.098+0000] {logging_mixin.py:190} INFO - [2025-01-08T18:54:54.097+0000] {dag.py:3239} INFO - Sync 1 DAGs
[2025-01-08T18:54:54.114+0000] {logging_mixin.py:190} INFO - [2025-01-08T18:54:54.114+0000] {dag.py:4180} INFO - Setting next_dagrun for example_params_trigger_ui to None, run_after=None
[2025-01-08T18:54:54.135+0000] {processor.py:208} INFO - Processing /home/airflow/.local/lib/python3.12/site-packages/airflow/example_dags/example_params_trigger_ui.py took 0.252 seconds
[2025-01-08T18:55:24.927+0000] {processor.py:186} INFO - Started process (PID=1514) to work on /home/airflow/.local/lib/python3.12/site-packages/airflow/example_dags/example_params_trigger_ui.py
[2025-01-08T18:55:24.928+0000] {processor.py:914} INFO - Processing file /home/airflow/.local/lib/python3.12/site-packages/airflow/example_dags/example_params_trigger_ui.py for tasks to queue
[2025-01-08T18:55:24.930+0000] {logging_mixin.py:190} INFO - [2025-01-08T18:55:24.930+0000] {dagbag.py:588} INFO - Filling up the DagBag from /home/airflow/.local/lib/python3.12/site-packages/airflow/example_dags/example_params_trigger_ui.py
[2025-01-08T18:55:24.942+0000] {processor.py:925} INFO - DAG(s) 'example_params_trigger_ui' retrieved from /home/airflow/.local/lib/python3.12/site-packages/airflow/example_dags/example_params_trigger_ui.py
[2025-01-08T18:55:24.998+0000] {logging_mixin.py:190} INFO - [2025-01-08T18:55:24.998+0000] {dag.py:3239} INFO - Sync 1 DAGs
[2025-01-08T18:55:25.017+0000] {logging_mixin.py:190} INFO - [2025-01-08T18:55:25.017+0000] {dag.py:4180} INFO - Setting next_dagrun for example_params_trigger_ui to None, run_after=None
[2025-01-08T18:55:25.042+0000] {processor.py:208} INFO - Processing /home/airflow/.local/lib/python3.12/site-packages/airflow/example_dags/example_params_trigger_ui.py took 0.120 seconds
[2025-01-08T18:55:55.742+0000] {processor.py:186} INFO - Started process (PID=1579) to work on /home/airflow/.local/lib/python3.12/site-packages/airflow/example_dags/example_params_trigger_ui.py
[2025-01-08T18:55:55.743+0000] {processor.py:914} INFO - Processing file /home/airflow/.local/lib/python3.12/site-packages/airflow/example_dags/example_params_trigger_ui.py for tasks to queue
[2025-01-08T18:55:55.744+0000] {logging_mixin.py:190} INFO - [2025-01-08T18:55:55.744+0000] {dagbag.py:588} INFO - Filling up the DagBag from /home/airflow/.local/lib/python3.12/site-packages/airflow/example_dags/example_params_trigger_ui.py
[2025-01-08T18:55:55.753+0000] {processor.py:925} INFO - DAG(s) 'example_params_trigger_ui' retrieved from /home/airflow/.local/lib/python3.12/site-packages/airflow/example_dags/example_params_trigger_ui.py
[2025-01-08T18:55:55.787+0000] {logging_mixin.py:190} INFO - [2025-01-08T18:55:55.787+0000] {dag.py:3239} INFO - Sync 1 DAGs
[2025-01-08T18:55:55.798+0000] {logging_mixin.py:190} INFO - [2025-01-08T18:55:55.797+0000] {dag.py:4180} INFO - Setting next_dagrun for example_params_trigger_ui to None, run_after=None
[2025-01-08T18:55:55.810+0000] {processor.py:208} INFO - Processing /home/airflow/.local/lib/python3.12/site-packages/airflow/example_dags/example_params_trigger_ui.py took 0.072 seconds
[2025-01-08T18:56:26.019+0000] {processor.py:186} INFO - Started process (PID=1644) to work on /home/airflow/.local/lib/python3.12/site-packages/airflow/example_dags/example_params_trigger_ui.py
[2025-01-08T18:56:26.019+0000] {processor.py:914} INFO - Processing file /home/airflow/.local/lib/python3.12/site-packages/airflow/example_dags/example_params_trigger_ui.py for tasks to queue
[2025-01-08T18:56:26.021+0000] {logging_mixin.py:190} INFO - [2025-01-08T18:56:26.021+0000] {dagbag.py:588} INFO - Filling up the DagBag from /home/airflow/.local/lib/python3.12/site-packages/airflow/example_dags/example_params_trigger_ui.py
[2025-01-08T18:56:26.029+0000] {processor.py:925} INFO - DAG(s) 'example_params_trigger_ui' retrieved from /home/airflow/.local/lib/python3.12/site-packages/airflow/example_dags/example_params_trigger_ui.py
[2025-01-08T18:56:26.062+0000] {logging_mixin.py:190} INFO - [2025-01-08T18:56:26.062+0000] {dag.py:3239} INFO - Sync 1 DAGs
[2025-01-08T18:56:26.073+0000] {logging_mixin.py:190} INFO - [2025-01-08T18:56:26.073+0000] {dag.py:4180} INFO - Setting next_dagrun for example_params_trigger_ui to None, run_after=None
[2025-01-08T18:56:26.085+0000] {processor.py:208} INFO - Processing /home/airflow/.local/lib/python3.12/site-packages/airflow/example_dags/example_params_trigger_ui.py took 0.071 seconds
[2025-01-08T18:56:56.588+0000] {processor.py:186} INFO - Started process (PID=1710) to work on /home/airflow/.local/lib/python3.12/site-packages/airflow/example_dags/example_params_trigger_ui.py
[2025-01-08T18:56:56.589+0000] {processor.py:914} INFO - Processing file /home/airflow/.local/lib/python3.12/site-packages/airflow/example_dags/example_params_trigger_ui.py for tasks to queue
[2025-01-08T18:56:56.591+0000] {logging_mixin.py:190} INFO - [2025-01-08T18:56:56.591+0000] {dagbag.py:588} INFO - Filling up the DagBag from /home/airflow/.local/lib/python3.12/site-packages/airflow/example_dags/example_params_trigger_ui.py
[2025-01-08T18:56:56.599+0000] {processor.py:925} INFO - DAG(s) 'example_params_trigger_ui' retrieved from /home/airflow/.local/lib/python3.12/site-packages/airflow/example_dags/example_params_trigger_ui.py
[2025-01-08T18:56:56.632+0000] {logging_mixin.py:190} INFO - [2025-01-08T18:56:56.632+0000] {dag.py:3239} INFO - Sync 1 DAGs
[2025-01-08T18:56:56.643+0000] {logging_mixin.py:190} INFO - [2025-01-08T18:56:56.643+0000] {dag.py:4180} INFO - Setting next_dagrun for example_params_trigger_ui to None, run_after=None
[2025-01-08T18:56:56.655+0000] {processor.py:208} INFO - Processing /home/airflow/.local/lib/python3.12/site-packages/airflow/example_dags/example_params_trigger_ui.py took 0.071 seconds
[2025-01-08T18:57:27.077+0000] {processor.py:186} INFO - Started process (PID=1776) to work on /home/airflow/.local/lib/python3.12/site-packages/airflow/example_dags/example_params_trigger_ui.py
[2025-01-08T18:57:27.077+0000] {processor.py:914} INFO - Processing file /home/airflow/.local/lib/python3.12/site-packages/airflow/example_dags/example_params_trigger_ui.py for tasks to queue
[2025-01-08T18:57:27.079+0000] {logging_mixin.py:190} INFO - [2025-01-08T18:57:27.078+0000] {dagbag.py:588} INFO - Filling up the DagBag from /home/airflow/.local/lib/python3.12/site-packages/airflow/example_dags/example_params_trigger_ui.py
[2025-01-08T18:57:27.087+0000] {processor.py:925} INFO - DAG(s) 'example_params_trigger_ui' retrieved from /home/airflow/.local/lib/python3.12/site-packages/airflow/example_dags/example_params_trigger_ui.py
[2025-01-08T18:57:27.120+0000] {logging_mixin.py:190} INFO - [2025-01-08T18:57:27.120+0000] {dag.py:3239} INFO - Sync 1 DAGs
[2025-01-08T18:57:27.130+0000] {logging_mixin.py:190} INFO - [2025-01-08T18:57:27.130+0000] {dag.py:4180} INFO - Setting next_dagrun for example_params_trigger_ui to None, run_after=None
[2025-01-08T18:57:27.142+0000] {processor.py:208} INFO - Processing /home/airflow/.local/lib/python3.12/site-packages/airflow/example_dags/example_params_trigger_ui.py took 0.070 seconds
[2025-01-08T18:57:57.640+0000] {processor.py:186} INFO - Started process (PID=1841) to work on /home/airflow/.local/lib/python3.12/site-packages/airflow/example_dags/example_params_trigger_ui.py
[2025-01-08T18:57:57.641+0000] {processor.py:914} INFO - Processing file /home/airflow/.local/lib/python3.12/site-packages/airflow/example_dags/example_params_trigger_ui.py for tasks to queue
[2025-01-08T18:57:57.643+0000] {logging_mixin.py:190} INFO - [2025-01-08T18:57:57.643+0000] {dagbag.py:588} INFO - Filling up the DagBag from /home/airflow/.local/lib/python3.12/site-packages/airflow/example_dags/example_params_trigger_ui.py
[2025-01-08T18:57:57.671+0000] {processor.py:925} INFO - DAG(s) 'example_params_trigger_ui' retrieved from /home/airflow/.local/lib/python3.12/site-packages/airflow/example_dags/example_params_trigger_ui.py
[2025-01-08T18:57:57.734+0000] {logging_mixin.py:190} INFO - [2025-01-08T18:57:57.734+0000] {dag.py:3239} INFO - Sync 1 DAGs
[2025-01-08T18:57:57.751+0000] {logging_mixin.py:190} INFO - [2025-01-08T18:57:57.751+0000] {dag.py:4180} INFO - Setting next_dagrun for example_params_trigger_ui to None, run_after=None
[2025-01-08T18:57:57.768+0000] {processor.py:208} INFO - Processing /home/airflow/.local/lib/python3.12/site-packages/airflow/example_dags/example_params_trigger_ui.py took 0.133 seconds
[2025-01-08T18:58:28.024+0000] {processor.py:186} INFO - Started process (PID=1906) to work on /home/airflow/.local/lib/python3.12/site-packages/airflow/example_dags/example_params_trigger_ui.py
[2025-01-08T18:58:28.025+0000] {processor.py:914} INFO - Processing file /home/airflow/.local/lib/python3.12/site-packages/airflow/example_dags/example_params_trigger_ui.py for tasks to queue
[2025-01-08T18:58:28.027+0000] {logging_mixin.py:190} INFO - [2025-01-08T18:58:28.027+0000] {dagbag.py:588} INFO - Filling up the DagBag from /home/airflow/.local/lib/python3.12/site-packages/airflow/example_dags/example_params_trigger_ui.py
[2025-01-08T18:58:28.039+0000] {processor.py:925} INFO - DAG(s) 'example_params_trigger_ui' retrieved from /home/airflow/.local/lib/python3.12/site-packages/airflow/example_dags/example_params_trigger_ui.py
[2025-01-08T18:58:28.102+0000] {logging_mixin.py:190} INFO - [2025-01-08T18:58:28.102+0000] {dag.py:3239} INFO - Sync 1 DAGs
[2025-01-08T18:58:28.119+0000] {logging_mixin.py:190} INFO - [2025-01-08T18:58:28.119+0000] {dag.py:4180} INFO - Setting next_dagrun for example_params_trigger_ui to None, run_after=None
[2025-01-08T18:58:28.135+0000] {processor.py:208} INFO - Processing /home/airflow/.local/lib/python3.12/site-packages/airflow/example_dags/example_params_trigger_ui.py took 0.116 seconds
