[2025-01-08T18:44:03.874+0000] {processor.py:186} INFO - Started process (PID=82) to work on /home/airflow/.local/lib/python3.12/site-packages/airflow/example_dags/example_nested_branch_dag.py
[2025-01-08T18:44:03.875+0000] {processor.py:914} INFO - Processing file /home/airflow/.local/lib/python3.12/site-packages/airflow/example_dags/example_nested_branch_dag.py for tasks to queue
[2025-01-08T18:44:03.886+0000] {logging_mixin.py:190} INFO - [2025-01-08T18:44:03.886+0000] {dagbag.py:588} INFO - Filling up the DagBag from /home/airflow/.local/lib/python3.12/site-packages/airflow/example_dags/example_nested_branch_dag.py
[2025-01-08T18:44:03.933+0000] {processor.py:925} INFO - DAG(s) 'example_nested_branch_dag' retrieved from /home/airflow/.local/lib/python3.12/site-packages/airflow/example_dags/example_nested_branch_dag.py
[2025-01-08T18:44:04.101+0000] {logging_mixin.py:190} INFO - [2025-01-08T18:44:04.100+0000] {dag.py:3239} INFO - Sync 1 DAGs
[2025-01-08T18:44:04.281+0000] {logging_mixin.py:190} INFO - [2025-01-08T18:44:04.281+0000] {dag.py:4180} INFO - Setting next_dagrun for example_nested_branch_dag to 2025-01-07 00:00:00+00:00, run_after=2025-01-08 00:00:00+00:00
[2025-01-08T18:44:04.435+0000] {processor.py:208} INFO - Processing /home/airflow/.local/lib/python3.12/site-packages/airflow/example_dags/example_nested_branch_dag.py took 0.630 seconds
[2025-01-08T18:44:34.880+0000] {processor.py:186} INFO - Started process (PID=147) to work on /home/airflow/.local/lib/python3.12/site-packages/airflow/example_dags/example_nested_branch_dag.py
[2025-01-08T18:44:34.899+0000] {processor.py:914} INFO - Processing file /home/airflow/.local/lib/python3.12/site-packages/airflow/example_dags/example_nested_branch_dag.py for tasks to queue
[2025-01-08T18:44:34.906+0000] {logging_mixin.py:190} INFO - [2025-01-08T18:44:34.906+0000] {dagbag.py:588} INFO - Filling up the DagBag from /home/airflow/.local/lib/python3.12/site-packages/airflow/example_dags/example_nested_branch_dag.py
[2025-01-08T18:44:34.956+0000] {processor.py:925} INFO - DAG(s) 'example_nested_branch_dag' retrieved from /home/airflow/.local/lib/python3.12/site-packages/airflow/example_dags/example_nested_branch_dag.py
[2025-01-08T18:44:35.032+0000] {logging_mixin.py:190} INFO - [2025-01-08T18:44:35.032+0000] {dag.py:3239} INFO - Sync 1 DAGs
[2025-01-08T18:44:35.153+0000] {logging_mixin.py:190} INFO - [2025-01-08T18:44:35.152+0000] {dag.py:4180} INFO - Setting next_dagrun for example_nested_branch_dag to 2025-01-07 00:00:00+00:00, run_after=2025-01-08 00:00:00+00:00
[2025-01-08T18:44:35.222+0000] {processor.py:208} INFO - Processing /home/airflow/.local/lib/python3.12/site-packages/airflow/example_dags/example_nested_branch_dag.py took 0.365 seconds
[2025-01-08T18:45:07.852+0000] {processor.py:186} INFO - Started process (PID=212) to work on /home/airflow/.local/lib/python3.12/site-packages/airflow/example_dags/example_nested_branch_dag.py
[2025-01-08T18:45:07.863+0000] {processor.py:914} INFO - Processing file /home/airflow/.local/lib/python3.12/site-packages/airflow/example_dags/example_nested_branch_dag.py for tasks to queue
[2025-01-08T18:45:07.865+0000] {logging_mixin.py:190} INFO - [2025-01-08T18:45:07.865+0000] {dagbag.py:588} INFO - Filling up the DagBag from /home/airflow/.local/lib/python3.12/site-packages/airflow/example_dags/example_nested_branch_dag.py
[2025-01-08T18:45:07.908+0000] {processor.py:925} INFO - DAG(s) 'example_nested_branch_dag' retrieved from /home/airflow/.local/lib/python3.12/site-packages/airflow/example_dags/example_nested_branch_dag.py
[2025-01-08T18:45:07.974+0000] {logging_mixin.py:190} INFO - [2025-01-08T18:45:07.973+0000] {dag.py:3239} INFO - Sync 1 DAGs
[2025-01-08T18:45:08.105+0000] {logging_mixin.py:190} INFO - [2025-01-08T18:45:08.105+0000] {dag.py:4180} INFO - Setting next_dagrun for example_nested_branch_dag to 2025-01-07 00:00:00+00:00, run_after=2025-01-08 00:00:00+00:00
[2025-01-08T18:45:08.252+0000] {processor.py:208} INFO - Processing /home/airflow/.local/lib/python3.12/site-packages/airflow/example_dags/example_nested_branch_dag.py took 0.422 seconds
[2025-01-08T18:45:39.047+0000] {processor.py:186} INFO - Started process (PID=276) to work on /home/airflow/.local/lib/python3.12/site-packages/airflow/example_dags/example_nested_branch_dag.py
[2025-01-08T18:45:39.048+0000] {processor.py:914} INFO - Processing file /home/airflow/.local/lib/python3.12/site-packages/airflow/example_dags/example_nested_branch_dag.py for tasks to queue
[2025-01-08T18:45:39.050+0000] {logging_mixin.py:190} INFO - [2025-01-08T18:45:39.050+0000] {dagbag.py:588} INFO - Filling up the DagBag from /home/airflow/.local/lib/python3.12/site-packages/airflow/example_dags/example_nested_branch_dag.py
[2025-01-08T18:45:39.065+0000] {processor.py:925} INFO - DAG(s) 'example_nested_branch_dag' retrieved from /home/airflow/.local/lib/python3.12/site-packages/airflow/example_dags/example_nested_branch_dag.py
[2025-01-08T18:45:39.096+0000] {logging_mixin.py:190} INFO - [2025-01-08T18:45:39.095+0000] {dag.py:3239} INFO - Sync 1 DAGs
[2025-01-08T18:45:39.127+0000] {logging_mixin.py:190} INFO - [2025-01-08T18:45:39.127+0000] {dag.py:4180} INFO - Setting next_dagrun for example_nested_branch_dag to 2025-01-07 00:00:00+00:00, run_after=2025-01-08 00:00:00+00:00
[2025-01-08T18:45:39.152+0000] {processor.py:208} INFO - Processing /home/airflow/.local/lib/python3.12/site-packages/airflow/example_dags/example_nested_branch_dag.py took 0.114 seconds
[2025-01-08T18:46:09.789+0000] {processor.py:186} INFO - Started process (PID=341) to work on /home/airflow/.local/lib/python3.12/site-packages/airflow/example_dags/example_nested_branch_dag.py
[2025-01-08T18:46:09.790+0000] {processor.py:914} INFO - Processing file /home/airflow/.local/lib/python3.12/site-packages/airflow/example_dags/example_nested_branch_dag.py for tasks to queue
[2025-01-08T18:46:09.802+0000] {logging_mixin.py:190} INFO - [2025-01-08T18:46:09.802+0000] {dagbag.py:588} INFO - Filling up the DagBag from /home/airflow/.local/lib/python3.12/site-packages/airflow/example_dags/example_nested_branch_dag.py
[2025-01-08T18:46:09.824+0000] {processor.py:925} INFO - DAG(s) 'example_nested_branch_dag' retrieved from /home/airflow/.local/lib/python3.12/site-packages/airflow/example_dags/example_nested_branch_dag.py
[2025-01-08T18:46:09.876+0000] {logging_mixin.py:190} INFO - [2025-01-08T18:46:09.876+0000] {dag.py:3239} INFO - Sync 1 DAGs
[2025-01-08T18:46:09.925+0000] {logging_mixin.py:190} INFO - [2025-01-08T18:46:09.925+0000] {dag.py:4180} INFO - Setting next_dagrun for example_nested_branch_dag to 2025-01-07 00:00:00+00:00, run_after=2025-01-08 00:00:00+00:00
[2025-01-08T18:46:10.003+0000] {processor.py:208} INFO - Processing /home/airflow/.local/lib/python3.12/site-packages/airflow/example_dags/example_nested_branch_dag.py took 0.225 seconds
[2025-01-08T18:46:40.157+0000] {processor.py:186} INFO - Started process (PID=405) to work on /home/airflow/.local/lib/python3.12/site-packages/airflow/example_dags/example_nested_branch_dag.py
[2025-01-08T18:46:40.158+0000] {processor.py:914} INFO - Processing file /home/airflow/.local/lib/python3.12/site-packages/airflow/example_dags/example_nested_branch_dag.py for tasks to queue
[2025-01-08T18:46:40.160+0000] {logging_mixin.py:190} INFO - [2025-01-08T18:46:40.159+0000] {dagbag.py:588} INFO - Filling up the DagBag from /home/airflow/.local/lib/python3.12/site-packages/airflow/example_dags/example_nested_branch_dag.py
[2025-01-08T18:46:40.173+0000] {processor.py:925} INFO - DAG(s) 'example_nested_branch_dag' retrieved from /home/airflow/.local/lib/python3.12/site-packages/airflow/example_dags/example_nested_branch_dag.py
[2025-01-08T18:46:40.198+0000] {logging_mixin.py:190} INFO - [2025-01-08T18:46:40.198+0000] {dag.py:3239} INFO - Sync 1 DAGs
[2025-01-08T18:46:40.229+0000] {logging_mixin.py:190} INFO - [2025-01-08T18:46:40.229+0000] {dag.py:4180} INFO - Setting next_dagrun for example_nested_branch_dag to 2025-01-07 00:00:00+00:00, run_after=2025-01-08 00:00:00+00:00
[2025-01-08T18:46:40.249+0000] {processor.py:208} INFO - Processing /home/airflow/.local/lib/python3.12/site-packages/airflow/example_dags/example_nested_branch_dag.py took 0.098 seconds
[2025-01-08T18:47:10.742+0000] {processor.py:186} INFO - Started process (PID=470) to work on /home/airflow/.local/lib/python3.12/site-packages/airflow/example_dags/example_nested_branch_dag.py
[2025-01-08T18:47:10.743+0000] {processor.py:914} INFO - Processing file /home/airflow/.local/lib/python3.12/site-packages/airflow/example_dags/example_nested_branch_dag.py for tasks to queue
[2025-01-08T18:47:10.745+0000] {logging_mixin.py:190} INFO - [2025-01-08T18:47:10.745+0000] {dagbag.py:588} INFO - Filling up the DagBag from /home/airflow/.local/lib/python3.12/site-packages/airflow/example_dags/example_nested_branch_dag.py
[2025-01-08T18:47:10.758+0000] {processor.py:925} INFO - DAG(s) 'example_nested_branch_dag' retrieved from /home/airflow/.local/lib/python3.12/site-packages/airflow/example_dags/example_nested_branch_dag.py
[2025-01-08T18:47:10.783+0000] {logging_mixin.py:190} INFO - [2025-01-08T18:47:10.782+0000] {dag.py:3239} INFO - Sync 1 DAGs
[2025-01-08T18:47:10.816+0000] {logging_mixin.py:190} INFO - [2025-01-08T18:47:10.816+0000] {dag.py:4180} INFO - Setting next_dagrun for example_nested_branch_dag to 2025-01-07 00:00:00+00:00, run_after=2025-01-08 00:00:00+00:00
[2025-01-08T18:47:10.834+0000] {processor.py:208} INFO - Processing /home/airflow/.local/lib/python3.12/site-packages/airflow/example_dags/example_nested_branch_dag.py took 0.097 seconds
[2025-01-08T18:47:41.173+0000] {processor.py:186} INFO - Started process (PID=536) to work on /home/airflow/.local/lib/python3.12/site-packages/airflow/example_dags/example_nested_branch_dag.py
[2025-01-08T18:47:41.174+0000] {processor.py:914} INFO - Processing file /home/airflow/.local/lib/python3.12/site-packages/airflow/example_dags/example_nested_branch_dag.py for tasks to queue
[2025-01-08T18:47:41.176+0000] {logging_mixin.py:190} INFO - [2025-01-08T18:47:41.176+0000] {dagbag.py:588} INFO - Filling up the DagBag from /home/airflow/.local/lib/python3.12/site-packages/airflow/example_dags/example_nested_branch_dag.py
[2025-01-08T18:47:41.188+0000] {processor.py:925} INFO - DAG(s) 'example_nested_branch_dag' retrieved from /home/airflow/.local/lib/python3.12/site-packages/airflow/example_dags/example_nested_branch_dag.py
[2025-01-08T18:47:41.212+0000] {logging_mixin.py:190} INFO - [2025-01-08T18:47:41.212+0000] {dag.py:3239} INFO - Sync 1 DAGs
[2025-01-08T18:47:41.251+0000] {logging_mixin.py:190} INFO - [2025-01-08T18:47:41.251+0000] {dag.py:4180} INFO - Setting next_dagrun for example_nested_branch_dag to 2025-01-07 00:00:00+00:00, run_after=2025-01-08 00:00:00+00:00
[2025-01-08T18:47:41.267+0000] {processor.py:208} INFO - Processing /home/airflow/.local/lib/python3.12/site-packages/airflow/example_dags/example_nested_branch_dag.py took 0.099 seconds
[2025-01-08T18:48:11.537+0000] {processor.py:186} INFO - Started process (PID=601) to work on /home/airflow/.local/lib/python3.12/site-packages/airflow/example_dags/example_nested_branch_dag.py
[2025-01-08T18:48:11.550+0000] {processor.py:914} INFO - Processing file /home/airflow/.local/lib/python3.12/site-packages/airflow/example_dags/example_nested_branch_dag.py for tasks to queue
[2025-01-08T18:48:11.553+0000] {logging_mixin.py:190} INFO - [2025-01-08T18:48:11.552+0000] {dagbag.py:588} INFO - Filling up the DagBag from /home/airflow/.local/lib/python3.12/site-packages/airflow/example_dags/example_nested_branch_dag.py
[2025-01-08T18:48:11.605+0000] {processor.py:925} INFO - DAG(s) 'example_nested_branch_dag' retrieved from /home/airflow/.local/lib/python3.12/site-packages/airflow/example_dags/example_nested_branch_dag.py
[2025-01-08T18:48:11.766+0000] {logging_mixin.py:190} INFO - [2025-01-08T18:48:11.766+0000] {dag.py:3239} INFO - Sync 1 DAGs
[2025-01-08T18:48:11.842+0000] {logging_mixin.py:190} INFO - [2025-01-08T18:48:11.842+0000] {dag.py:4180} INFO - Setting next_dagrun for example_nested_branch_dag to 2025-01-07 00:00:00+00:00, run_after=2025-01-08 00:00:00+00:00
[2025-01-08T18:48:11.915+0000] {processor.py:208} INFO - Processing /home/airflow/.local/lib/python3.12/site-packages/airflow/example_dags/example_nested_branch_dag.py took 0.384 seconds
[2025-01-08T18:48:42.116+0000] {processor.py:186} INFO - Started process (PID=666) to work on /home/airflow/.local/lib/python3.12/site-packages/airflow/example_dags/example_nested_branch_dag.py
[2025-01-08T18:48:42.117+0000] {processor.py:914} INFO - Processing file /home/airflow/.local/lib/python3.12/site-packages/airflow/example_dags/example_nested_branch_dag.py for tasks to queue
[2025-01-08T18:48:42.119+0000] {logging_mixin.py:190} INFO - [2025-01-08T18:48:42.118+0000] {dagbag.py:588} INFO - Filling up the DagBag from /home/airflow/.local/lib/python3.12/site-packages/airflow/example_dags/example_nested_branch_dag.py
[2025-01-08T18:48:42.135+0000] {processor.py:925} INFO - DAG(s) 'example_nested_branch_dag' retrieved from /home/airflow/.local/lib/python3.12/site-packages/airflow/example_dags/example_nested_branch_dag.py
[2025-01-08T18:48:42.158+0000] {logging_mixin.py:190} INFO - [2025-01-08T18:48:42.158+0000] {dag.py:3239} INFO - Sync 1 DAGs
[2025-01-08T18:48:42.185+0000] {logging_mixin.py:190} INFO - [2025-01-08T18:48:42.184+0000] {dag.py:4180} INFO - Setting next_dagrun for example_nested_branch_dag to 2025-01-07 00:00:00+00:00, run_after=2025-01-08 00:00:00+00:00
[2025-01-08T18:48:42.201+0000] {processor.py:208} INFO - Processing /home/airflow/.local/lib/python3.12/site-packages/airflow/example_dags/example_nested_branch_dag.py took 0.099 seconds
[2025-01-08T18:49:12.514+0000] {processor.py:186} INFO - Started process (PID=732) to work on /home/airflow/.local/lib/python3.12/site-packages/airflow/example_dags/example_nested_branch_dag.py
[2025-01-08T18:49:12.514+0000] {processor.py:914} INFO - Processing file /home/airflow/.local/lib/python3.12/site-packages/airflow/example_dags/example_nested_branch_dag.py for tasks to queue
[2025-01-08T18:49:12.517+0000] {logging_mixin.py:190} INFO - [2025-01-08T18:49:12.516+0000] {dagbag.py:588} INFO - Filling up the DagBag from /home/airflow/.local/lib/python3.12/site-packages/airflow/example_dags/example_nested_branch_dag.py
[2025-01-08T18:49:12.534+0000] {processor.py:925} INFO - DAG(s) 'example_nested_branch_dag' retrieved from /home/airflow/.local/lib/python3.12/site-packages/airflow/example_dags/example_nested_branch_dag.py
[2025-01-08T18:49:12.572+0000] {logging_mixin.py:190} INFO - [2025-01-08T18:49:12.572+0000] {dag.py:3239} INFO - Sync 1 DAGs
[2025-01-08T18:49:12.616+0000] {logging_mixin.py:190} INFO - [2025-01-08T18:49:12.616+0000] {dag.py:4180} INFO - Setting next_dagrun for example_nested_branch_dag to 2025-01-07 00:00:00+00:00, run_after=2025-01-08 00:00:00+00:00
[2025-01-08T18:49:12.633+0000] {processor.py:208} INFO - Processing /home/airflow/.local/lib/python3.12/site-packages/airflow/example_dags/example_nested_branch_dag.py took 0.130 seconds
[2025-01-08T18:49:44.205+0000] {processor.py:186} INFO - Started process (PID=788) to work on /home/airflow/.local/lib/python3.12/site-packages/airflow/example_dags/example_nested_branch_dag.py
[2025-01-08T18:49:44.208+0000] {processor.py:914} INFO - Processing file /home/airflow/.local/lib/python3.12/site-packages/airflow/example_dags/example_nested_branch_dag.py for tasks to queue
[2025-01-08T18:49:44.210+0000] {logging_mixin.py:190} INFO - [2025-01-08T18:49:44.210+0000] {dagbag.py:588} INFO - Filling up the DagBag from /home/airflow/.local/lib/python3.12/site-packages/airflow/example_dags/example_nested_branch_dag.py
[2025-01-08T18:49:44.236+0000] {processor.py:925} INFO - DAG(s) 'example_nested_branch_dag' retrieved from /home/airflow/.local/lib/python3.12/site-packages/airflow/example_dags/example_nested_branch_dag.py
[2025-01-08T18:49:44.318+0000] {logging_mixin.py:190} INFO - [2025-01-08T18:49:44.318+0000] {dag.py:3239} INFO - Sync 1 DAGs
[2025-01-08T18:49:44.383+0000] {logging_mixin.py:190} INFO - [2025-01-08T18:49:44.382+0000] {dag.py:4180} INFO - Setting next_dagrun for example_nested_branch_dag to 2025-01-07 00:00:00+00:00, run_after=2025-01-08 00:00:00+00:00
[2025-01-08T18:49:44.433+0000] {processor.py:208} INFO - Processing /home/airflow/.local/lib/python3.12/site-packages/airflow/example_dags/example_nested_branch_dag.py took 0.249 seconds
[2025-01-08T18:50:14.740+0000] {processor.py:186} INFO - Started process (PID=853) to work on /home/airflow/.local/lib/python3.12/site-packages/airflow/example_dags/example_nested_branch_dag.py
[2025-01-08T18:50:14.742+0000] {processor.py:914} INFO - Processing file /home/airflow/.local/lib/python3.12/site-packages/airflow/example_dags/example_nested_branch_dag.py for tasks to queue
[2025-01-08T18:50:14.744+0000] {logging_mixin.py:190} INFO - [2025-01-08T18:50:14.744+0000] {dagbag.py:588} INFO - Filling up the DagBag from /home/airflow/.local/lib/python3.12/site-packages/airflow/example_dags/example_nested_branch_dag.py
[2025-01-08T18:50:14.758+0000] {processor.py:925} INFO - DAG(s) 'example_nested_branch_dag' retrieved from /home/airflow/.local/lib/python3.12/site-packages/airflow/example_dags/example_nested_branch_dag.py
[2025-01-08T18:50:14.779+0000] {logging_mixin.py:190} INFO - [2025-01-08T18:50:14.779+0000] {dag.py:3239} INFO - Sync 1 DAGs
[2025-01-08T18:50:14.805+0000] {logging_mixin.py:190} INFO - [2025-01-08T18:50:14.804+0000] {dag.py:4180} INFO - Setting next_dagrun for example_nested_branch_dag to 2025-01-07 00:00:00+00:00, run_after=2025-01-08 00:00:00+00:00
[2025-01-08T18:50:14.821+0000] {processor.py:208} INFO - Processing /home/airflow/.local/lib/python3.12/site-packages/airflow/example_dags/example_nested_branch_dag.py took 0.087 seconds
[2025-01-08T18:50:45.221+0000] {processor.py:186} INFO - Started process (PID=916) to work on /home/airflow/.local/lib/python3.12/site-packages/airflow/example_dags/example_nested_branch_dag.py
[2025-01-08T18:50:45.222+0000] {processor.py:914} INFO - Processing file /home/airflow/.local/lib/python3.12/site-packages/airflow/example_dags/example_nested_branch_dag.py for tasks to queue
[2025-01-08T18:50:45.224+0000] {logging_mixin.py:190} INFO - [2025-01-08T18:50:45.224+0000] {dagbag.py:588} INFO - Filling up the DagBag from /home/airflow/.local/lib/python3.12/site-packages/airflow/example_dags/example_nested_branch_dag.py
[2025-01-08T18:50:45.238+0000] {processor.py:925} INFO - DAG(s) 'example_nested_branch_dag' retrieved from /home/airflow/.local/lib/python3.12/site-packages/airflow/example_dags/example_nested_branch_dag.py
[2025-01-08T18:50:45.263+0000] {logging_mixin.py:190} INFO - [2025-01-08T18:50:45.263+0000] {dag.py:3239} INFO - Sync 1 DAGs
[2025-01-08T18:50:45.290+0000] {logging_mixin.py:190} INFO - [2025-01-08T18:50:45.289+0000] {dag.py:4180} INFO - Setting next_dagrun for example_nested_branch_dag to 2025-01-07 00:00:00+00:00, run_after=2025-01-08 00:00:00+00:00
[2025-01-08T18:50:45.306+0000] {processor.py:208} INFO - Processing /home/airflow/.local/lib/python3.12/site-packages/airflow/example_dags/example_nested_branch_dag.py took 0.091 seconds
[2025-01-08T18:51:15.727+0000] {processor.py:186} INFO - Started process (PID=981) to work on /home/airflow/.local/lib/python3.12/site-packages/airflow/example_dags/example_nested_branch_dag.py
[2025-01-08T18:51:15.728+0000] {processor.py:914} INFO - Processing file /home/airflow/.local/lib/python3.12/site-packages/airflow/example_dags/example_nested_branch_dag.py for tasks to queue
[2025-01-08T18:51:15.730+0000] {logging_mixin.py:190} INFO - [2025-01-08T18:51:15.729+0000] {dagbag.py:588} INFO - Filling up the DagBag from /home/airflow/.local/lib/python3.12/site-packages/airflow/example_dags/example_nested_branch_dag.py
[2025-01-08T18:51:15.742+0000] {processor.py:925} INFO - DAG(s) 'example_nested_branch_dag' retrieved from /home/airflow/.local/lib/python3.12/site-packages/airflow/example_dags/example_nested_branch_dag.py
[2025-01-08T18:51:15.765+0000] {logging_mixin.py:190} INFO - [2025-01-08T18:51:15.765+0000] {dag.py:3239} INFO - Sync 1 DAGs
[2025-01-08T18:51:15.793+0000] {logging_mixin.py:190} INFO - [2025-01-08T18:51:15.793+0000] {dag.py:4180} INFO - Setting next_dagrun for example_nested_branch_dag to 2025-01-07 00:00:00+00:00, run_after=2025-01-08 00:00:00+00:00
[2025-01-08T18:51:15.810+0000] {processor.py:208} INFO - Processing /home/airflow/.local/lib/python3.12/site-packages/airflow/example_dags/example_nested_branch_dag.py took 0.089 seconds
[2025-01-08T18:51:46.637+0000] {processor.py:186} INFO - Started process (PID=1043) to work on /home/airflow/.local/lib/python3.12/site-packages/airflow/example_dags/example_nested_branch_dag.py
[2025-01-08T18:51:46.638+0000] {processor.py:914} INFO - Processing file /home/airflow/.local/lib/python3.12/site-packages/airflow/example_dags/example_nested_branch_dag.py for tasks to queue
[2025-01-08T18:51:46.640+0000] {logging_mixin.py:190} INFO - [2025-01-08T18:51:46.640+0000] {dagbag.py:588} INFO - Filling up the DagBag from /home/airflow/.local/lib/python3.12/site-packages/airflow/example_dags/example_nested_branch_dag.py
[2025-01-08T18:51:46.654+0000] {processor.py:925} INFO - DAG(s) 'example_nested_branch_dag' retrieved from /home/airflow/.local/lib/python3.12/site-packages/airflow/example_dags/example_nested_branch_dag.py
[2025-01-08T18:51:46.679+0000] {logging_mixin.py:190} INFO - [2025-01-08T18:51:46.679+0000] {dag.py:3239} INFO - Sync 1 DAGs
[2025-01-08T18:51:46.708+0000] {logging_mixin.py:190} INFO - [2025-01-08T18:51:46.708+0000] {dag.py:4180} INFO - Setting next_dagrun for example_nested_branch_dag to 2025-01-07 00:00:00+00:00, run_after=2025-01-08 00:00:00+00:00
[2025-01-08T18:51:46.727+0000] {processor.py:208} INFO - Processing /home/airflow/.local/lib/python3.12/site-packages/airflow/example_dags/example_nested_branch_dag.py took 0.096 seconds
[2025-01-08T18:52:17.531+0000] {processor.py:186} INFO - Started process (PID=1108) to work on /home/airflow/.local/lib/python3.12/site-packages/airflow/example_dags/example_nested_branch_dag.py
[2025-01-08T18:52:17.532+0000] {processor.py:914} INFO - Processing file /home/airflow/.local/lib/python3.12/site-packages/airflow/example_dags/example_nested_branch_dag.py for tasks to queue
[2025-01-08T18:52:17.534+0000] {logging_mixin.py:190} INFO - [2025-01-08T18:52:17.533+0000] {dagbag.py:588} INFO - Filling up the DagBag from /home/airflow/.local/lib/python3.12/site-packages/airflow/example_dags/example_nested_branch_dag.py
[2025-01-08T18:52:17.547+0000] {processor.py:925} INFO - DAG(s) 'example_nested_branch_dag' retrieved from /home/airflow/.local/lib/python3.12/site-packages/airflow/example_dags/example_nested_branch_dag.py
[2025-01-08T18:52:17.569+0000] {logging_mixin.py:190} INFO - [2025-01-08T18:52:17.569+0000] {dag.py:3239} INFO - Sync 1 DAGs
[2025-01-08T18:52:17.595+0000] {logging_mixin.py:190} INFO - [2025-01-08T18:52:17.595+0000] {dag.py:4180} INFO - Setting next_dagrun for example_nested_branch_dag to 2025-01-07 00:00:00+00:00, run_after=2025-01-08 00:00:00+00:00
[2025-01-08T18:52:17.612+0000] {processor.py:208} INFO - Processing /home/airflow/.local/lib/python3.12/site-packages/airflow/example_dags/example_nested_branch_dag.py took 0.088 seconds
[2025-01-08T18:52:48.401+0000] {processor.py:186} INFO - Started process (PID=1174) to work on /home/airflow/.local/lib/python3.12/site-packages/airflow/example_dags/example_nested_branch_dag.py
[2025-01-08T18:52:48.401+0000] {processor.py:914} INFO - Processing file /home/airflow/.local/lib/python3.12/site-packages/airflow/example_dags/example_nested_branch_dag.py for tasks to queue
[2025-01-08T18:52:48.404+0000] {logging_mixin.py:190} INFO - [2025-01-08T18:52:48.403+0000] {dagbag.py:588} INFO - Filling up the DagBag from /home/airflow/.local/lib/python3.12/site-packages/airflow/example_dags/example_nested_branch_dag.py
[2025-01-08T18:52:48.424+0000] {processor.py:925} INFO - DAG(s) 'example_nested_branch_dag' retrieved from /home/airflow/.local/lib/python3.12/site-packages/airflow/example_dags/example_nested_branch_dag.py
[2025-01-08T18:52:48.477+0000] {logging_mixin.py:190} INFO - [2025-01-08T18:52:48.477+0000] {dag.py:3239} INFO - Sync 1 DAGs
[2025-01-08T18:52:48.540+0000] {logging_mixin.py:190} INFO - [2025-01-08T18:52:48.540+0000] {dag.py:4180} INFO - Setting next_dagrun for example_nested_branch_dag to 2025-01-07 00:00:00+00:00, run_after=2025-01-08 00:00:00+00:00
[2025-01-08T18:52:48.577+0000] {processor.py:208} INFO - Processing /home/airflow/.local/lib/python3.12/site-packages/airflow/example_dags/example_nested_branch_dag.py took 0.199 seconds
[2025-01-08T18:53:19.167+0000] {processor.py:186} INFO - Started process (PID=1239) to work on /home/airflow/.local/lib/python3.12/site-packages/airflow/example_dags/example_nested_branch_dag.py
[2025-01-08T18:53:19.168+0000] {processor.py:914} INFO - Processing file /home/airflow/.local/lib/python3.12/site-packages/airflow/example_dags/example_nested_branch_dag.py for tasks to queue
[2025-01-08T18:53:19.170+0000] {logging_mixin.py:190} INFO - [2025-01-08T18:53:19.169+0000] {dagbag.py:588} INFO - Filling up the DagBag from /home/airflow/.local/lib/python3.12/site-packages/airflow/example_dags/example_nested_branch_dag.py
[2025-01-08T18:53:19.184+0000] {processor.py:925} INFO - DAG(s) 'example_nested_branch_dag' retrieved from /home/airflow/.local/lib/python3.12/site-packages/airflow/example_dags/example_nested_branch_dag.py
[2025-01-08T18:53:19.205+0000] {logging_mixin.py:190} INFO - [2025-01-08T18:53:19.205+0000] {dag.py:3239} INFO - Sync 1 DAGs
[2025-01-08T18:53:19.232+0000] {logging_mixin.py:190} INFO - [2025-01-08T18:53:19.232+0000] {dag.py:4180} INFO - Setting next_dagrun for example_nested_branch_dag to 2025-01-07 00:00:00+00:00, run_after=2025-01-08 00:00:00+00:00
[2025-01-08T18:53:19.248+0000] {processor.py:208} INFO - Processing /home/airflow/.local/lib/python3.12/site-packages/airflow/example_dags/example_nested_branch_dag.py took 0.090 seconds
[2025-01-08T18:53:49.961+0000] {processor.py:186} INFO - Started process (PID=1305) to work on /home/airflow/.local/lib/python3.12/site-packages/airflow/example_dags/example_nested_branch_dag.py
[2025-01-08T18:53:49.961+0000] {processor.py:914} INFO - Processing file /home/airflow/.local/lib/python3.12/site-packages/airflow/example_dags/example_nested_branch_dag.py for tasks to queue
[2025-01-08T18:53:49.964+0000] {logging_mixin.py:190} INFO - [2025-01-08T18:53:49.963+0000] {dagbag.py:588} INFO - Filling up the DagBag from /home/airflow/.local/lib/python3.12/site-packages/airflow/example_dags/example_nested_branch_dag.py
[2025-01-08T18:53:49.977+0000] {processor.py:925} INFO - DAG(s) 'example_nested_branch_dag' retrieved from /home/airflow/.local/lib/python3.12/site-packages/airflow/example_dags/example_nested_branch_dag.py
[2025-01-08T18:53:50.054+0000] {logging_mixin.py:190} INFO - [2025-01-08T18:53:50.054+0000] {dag.py:3239} INFO - Sync 1 DAGs
[2025-01-08T18:53:50.120+0000] {logging_mixin.py:190} INFO - [2025-01-08T18:53:50.120+0000] {dag.py:4180} INFO - Setting next_dagrun for example_nested_branch_dag to 2025-01-07 00:00:00+00:00, run_after=2025-01-08 00:00:00+00:00
[2025-01-08T18:53:50.169+0000] {processor.py:208} INFO - Processing /home/airflow/.local/lib/python3.12/site-packages/airflow/example_dags/example_nested_branch_dag.py took 0.216 seconds
[2025-01-08T18:54:21.185+0000] {processor.py:186} INFO - Started process (PID=1371) to work on /home/airflow/.local/lib/python3.12/site-packages/airflow/example_dags/example_nested_branch_dag.py
[2025-01-08T18:54:21.198+0000] {processor.py:914} INFO - Processing file /home/airflow/.local/lib/python3.12/site-packages/airflow/example_dags/example_nested_branch_dag.py for tasks to queue
[2025-01-08T18:54:21.200+0000] {logging_mixin.py:190} INFO - [2025-01-08T18:54:21.200+0000] {dagbag.py:588} INFO - Filling up the DagBag from /home/airflow/.local/lib/python3.12/site-packages/airflow/example_dags/example_nested_branch_dag.py
[2025-01-08T18:54:21.233+0000] {processor.py:925} INFO - DAG(s) 'example_nested_branch_dag' retrieved from /home/airflow/.local/lib/python3.12/site-packages/airflow/example_dags/example_nested_branch_dag.py
[2025-01-08T18:54:21.277+0000] {logging_mixin.py:190} INFO - [2025-01-08T18:54:21.276+0000] {dag.py:3239} INFO - Sync 1 DAGs
[2025-01-08T18:54:21.336+0000] {logging_mixin.py:190} INFO - [2025-01-08T18:54:21.336+0000] {dag.py:4180} INFO - Setting next_dagrun for example_nested_branch_dag to 2025-01-07 00:00:00+00:00, run_after=2025-01-08 00:00:00+00:00
[2025-01-08T18:54:21.371+0000] {processor.py:208} INFO - Processing /home/airflow/.local/lib/python3.12/site-packages/airflow/example_dags/example_nested_branch_dag.py took 0.218 seconds
[2025-01-08T18:54:51.572+0000] {processor.py:186} INFO - Started process (PID=1436) to work on /home/airflow/.local/lib/python3.12/site-packages/airflow/example_dags/example_nested_branch_dag.py
[2025-01-08T18:54:51.573+0000] {processor.py:914} INFO - Processing file /home/airflow/.local/lib/python3.12/site-packages/airflow/example_dags/example_nested_branch_dag.py for tasks to queue
[2025-01-08T18:54:51.575+0000] {logging_mixin.py:190} INFO - [2025-01-08T18:54:51.575+0000] {dagbag.py:588} INFO - Filling up the DagBag from /home/airflow/.local/lib/python3.12/site-packages/airflow/example_dags/example_nested_branch_dag.py
[2025-01-08T18:54:51.588+0000] {processor.py:925} INFO - DAG(s) 'example_nested_branch_dag' retrieved from /home/airflow/.local/lib/python3.12/site-packages/airflow/example_dags/example_nested_branch_dag.py
[2025-01-08T18:54:51.649+0000] {logging_mixin.py:190} INFO - [2025-01-08T18:54:51.648+0000] {dag.py:3239} INFO - Sync 1 DAGs
[2025-01-08T18:54:51.677+0000] {logging_mixin.py:190} INFO - [2025-01-08T18:54:51.677+0000] {dag.py:4180} INFO - Setting next_dagrun for example_nested_branch_dag to 2025-01-07 00:00:00+00:00, run_after=2025-01-08 00:00:00+00:00
[2025-01-08T18:54:51.693+0000] {processor.py:208} INFO - Processing /home/airflow/.local/lib/python3.12/site-packages/airflow/example_dags/example_nested_branch_dag.py took 0.127 seconds
[2025-01-08T18:55:22.588+0000] {processor.py:186} INFO - Started process (PID=1501) to work on /home/airflow/.local/lib/python3.12/site-packages/airflow/example_dags/example_nested_branch_dag.py
[2025-01-08T18:55:22.593+0000] {processor.py:914} INFO - Processing file /home/airflow/.local/lib/python3.12/site-packages/airflow/example_dags/example_nested_branch_dag.py for tasks to queue
[2025-01-08T18:55:22.595+0000] {logging_mixin.py:190} INFO - [2025-01-08T18:55:22.595+0000] {dagbag.py:588} INFO - Filling up the DagBag from /home/airflow/.local/lib/python3.12/site-packages/airflow/example_dags/example_nested_branch_dag.py
[2025-01-08T18:55:22.634+0000] {processor.py:925} INFO - DAG(s) 'example_nested_branch_dag' retrieved from /home/airflow/.local/lib/python3.12/site-packages/airflow/example_dags/example_nested_branch_dag.py
[2025-01-08T18:55:22.706+0000] {logging_mixin.py:190} INFO - [2025-01-08T18:55:22.706+0000] {dag.py:3239} INFO - Sync 1 DAGs
[2025-01-08T18:55:22.764+0000] {logging_mixin.py:190} INFO - [2025-01-08T18:55:22.764+0000] {dag.py:4180} INFO - Setting next_dagrun for example_nested_branch_dag to 2025-01-07 00:00:00+00:00, run_after=2025-01-08 00:00:00+00:00
[2025-01-08T18:55:22.833+0000] {processor.py:208} INFO - Processing /home/airflow/.local/lib/python3.12/site-packages/airflow/example_dags/example_nested_branch_dag.py took 0.276 seconds
[2025-01-08T18:55:52.896+0000] {processor.py:186} INFO - Started process (PID=1566) to work on /home/airflow/.local/lib/python3.12/site-packages/airflow/example_dags/example_nested_branch_dag.py
[2025-01-08T18:55:52.909+0000] {processor.py:914} INFO - Processing file /home/airflow/.local/lib/python3.12/site-packages/airflow/example_dags/example_nested_branch_dag.py for tasks to queue
[2025-01-08T18:55:52.911+0000] {logging_mixin.py:190} INFO - [2025-01-08T18:55:52.911+0000] {dagbag.py:588} INFO - Filling up the DagBag from /home/airflow/.local/lib/python3.12/site-packages/airflow/example_dags/example_nested_branch_dag.py
[2025-01-08T18:55:52.927+0000] {processor.py:925} INFO - DAG(s) 'example_nested_branch_dag' retrieved from /home/airflow/.local/lib/python3.12/site-packages/airflow/example_dags/example_nested_branch_dag.py
[2025-01-08T18:55:52.956+0000] {logging_mixin.py:190} INFO - [2025-01-08T18:55:52.955+0000] {dag.py:3239} INFO - Sync 1 DAGs
[2025-01-08T18:55:52.987+0000] {logging_mixin.py:190} INFO - [2025-01-08T18:55:52.987+0000] {dag.py:4180} INFO - Setting next_dagrun for example_nested_branch_dag to 2025-01-07 00:00:00+00:00, run_after=2025-01-08 00:00:00+00:00
[2025-01-08T18:55:53.020+0000] {processor.py:208} INFO - Processing /home/airflow/.local/lib/python3.12/site-packages/airflow/example_dags/example_nested_branch_dag.py took 0.137 seconds
[2025-01-08T18:56:23.355+0000] {processor.py:186} INFO - Started process (PID=1631) to work on /home/airflow/.local/lib/python3.12/site-packages/airflow/example_dags/example_nested_branch_dag.py
[2025-01-08T18:56:23.356+0000] {processor.py:914} INFO - Processing file /home/airflow/.local/lib/python3.12/site-packages/airflow/example_dags/example_nested_branch_dag.py for tasks to queue
[2025-01-08T18:56:23.366+0000] {logging_mixin.py:190} INFO - [2025-01-08T18:56:23.366+0000] {dagbag.py:588} INFO - Filling up the DagBag from /home/airflow/.local/lib/python3.12/site-packages/airflow/example_dags/example_nested_branch_dag.py
[2025-01-08T18:56:23.382+0000] {processor.py:925} INFO - DAG(s) 'example_nested_branch_dag' retrieved from /home/airflow/.local/lib/python3.12/site-packages/airflow/example_dags/example_nested_branch_dag.py
[2025-01-08T18:56:23.405+0000] {logging_mixin.py:190} INFO - [2025-01-08T18:56:23.405+0000] {dag.py:3239} INFO - Sync 1 DAGs
[2025-01-08T18:56:23.431+0000] {logging_mixin.py:190} INFO - [2025-01-08T18:56:23.431+0000] {dag.py:4180} INFO - Setting next_dagrun for example_nested_branch_dag to 2025-01-07 00:00:00+00:00, run_after=2025-01-08 00:00:00+00:00
[2025-01-08T18:56:23.447+0000] {processor.py:208} INFO - Processing /home/airflow/.local/lib/python3.12/site-packages/airflow/example_dags/example_nested_branch_dag.py took 0.110 seconds
[2025-01-08T18:56:53.833+0000] {processor.py:186} INFO - Started process (PID=1697) to work on /home/airflow/.local/lib/python3.12/site-packages/airflow/example_dags/example_nested_branch_dag.py
[2025-01-08T18:56:53.833+0000] {processor.py:914} INFO - Processing file /home/airflow/.local/lib/python3.12/site-packages/airflow/example_dags/example_nested_branch_dag.py for tasks to queue
[2025-01-08T18:56:53.835+0000] {logging_mixin.py:190} INFO - [2025-01-08T18:56:53.835+0000] {dagbag.py:588} INFO - Filling up the DagBag from /home/airflow/.local/lib/python3.12/site-packages/airflow/example_dags/example_nested_branch_dag.py
[2025-01-08T18:56:53.847+0000] {processor.py:925} INFO - DAG(s) 'example_nested_branch_dag' retrieved from /home/airflow/.local/lib/python3.12/site-packages/airflow/example_dags/example_nested_branch_dag.py
[2025-01-08T18:56:53.869+0000] {logging_mixin.py:190} INFO - [2025-01-08T18:56:53.869+0000] {dag.py:3239} INFO - Sync 1 DAGs
[2025-01-08T18:56:53.896+0000] {logging_mixin.py:190} INFO - [2025-01-08T18:56:53.896+0000] {dag.py:4180} INFO - Setting next_dagrun for example_nested_branch_dag to 2025-01-07 00:00:00+00:00, run_after=2025-01-08 00:00:00+00:00
[2025-01-08T18:56:53.921+0000] {processor.py:208} INFO - Processing /home/airflow/.local/lib/python3.12/site-packages/airflow/example_dags/example_nested_branch_dag.py took 0.094 seconds
[2025-01-08T18:57:24.328+0000] {processor.py:186} INFO - Started process (PID=1763) to work on /home/airflow/.local/lib/python3.12/site-packages/airflow/example_dags/example_nested_branch_dag.py
[2025-01-08T18:57:24.329+0000] {processor.py:914} INFO - Processing file /home/airflow/.local/lib/python3.12/site-packages/airflow/example_dags/example_nested_branch_dag.py for tasks to queue
[2025-01-08T18:57:24.331+0000] {logging_mixin.py:190} INFO - [2025-01-08T18:57:24.331+0000] {dagbag.py:588} INFO - Filling up the DagBag from /home/airflow/.local/lib/python3.12/site-packages/airflow/example_dags/example_nested_branch_dag.py
[2025-01-08T18:57:24.347+0000] {processor.py:925} INFO - DAG(s) 'example_nested_branch_dag' retrieved from /home/airflow/.local/lib/python3.12/site-packages/airflow/example_dags/example_nested_branch_dag.py
[2025-01-08T18:57:24.371+0000] {logging_mixin.py:190} INFO - [2025-01-08T18:57:24.371+0000] {dag.py:3239} INFO - Sync 1 DAGs
[2025-01-08T18:57:24.398+0000] {logging_mixin.py:190} INFO - [2025-01-08T18:57:24.398+0000] {dag.py:4180} INFO - Setting next_dagrun for example_nested_branch_dag to 2025-01-07 00:00:00+00:00, run_after=2025-01-08 00:00:00+00:00
[2025-01-08T18:57:24.414+0000] {processor.py:208} INFO - Processing /home/airflow/.local/lib/python3.12/site-packages/airflow/example_dags/example_nested_branch_dag.py took 0.092 seconds
[2025-01-08T18:57:54.606+0000] {processor.py:186} INFO - Started process (PID=1828) to work on /home/airflow/.local/lib/python3.12/site-packages/airflow/example_dags/example_nested_branch_dag.py
[2025-01-08T18:57:54.607+0000] {processor.py:914} INFO - Processing file /home/airflow/.local/lib/python3.12/site-packages/airflow/example_dags/example_nested_branch_dag.py for tasks to queue
[2025-01-08T18:57:54.609+0000] {logging_mixin.py:190} INFO - [2025-01-08T18:57:54.609+0000] {dagbag.py:588} INFO - Filling up the DagBag from /home/airflow/.local/lib/python3.12/site-packages/airflow/example_dags/example_nested_branch_dag.py
[2025-01-08T18:57:54.648+0000] {processor.py:925} INFO - DAG(s) 'example_nested_branch_dag' retrieved from /home/airflow/.local/lib/python3.12/site-packages/airflow/example_dags/example_nested_branch_dag.py
[2025-01-08T18:57:54.684+0000] {logging_mixin.py:190} INFO - [2025-01-08T18:57:54.683+0000] {dag.py:3239} INFO - Sync 1 DAGs
[2025-01-08T18:57:54.707+0000] {logging_mixin.py:190} INFO - [2025-01-08T18:57:54.707+0000] {dag.py:4180} INFO - Setting next_dagrun for example_nested_branch_dag to 2025-01-07 00:00:00+00:00, run_after=2025-01-08 00:00:00+00:00
[2025-01-08T18:57:54.723+0000] {processor.py:208} INFO - Processing /home/airflow/.local/lib/python3.12/site-packages/airflow/example_dags/example_nested_branch_dag.py took 0.122 seconds
[2025-01-08T18:58:24.930+0000] {processor.py:186} INFO - Started process (PID=1892) to work on /home/airflow/.local/lib/python3.12/site-packages/airflow/example_dags/example_nested_branch_dag.py
[2025-01-08T18:58:24.931+0000] {processor.py:914} INFO - Processing file /home/airflow/.local/lib/python3.12/site-packages/airflow/example_dags/example_nested_branch_dag.py for tasks to queue
[2025-01-08T18:58:24.933+0000] {logging_mixin.py:190} INFO - [2025-01-08T18:58:24.933+0000] {dagbag.py:588} INFO - Filling up the DagBag from /home/airflow/.local/lib/python3.12/site-packages/airflow/example_dags/example_nested_branch_dag.py
[2025-01-08T18:58:24.992+0000] {processor.py:925} INFO - DAG(s) 'example_nested_branch_dag' retrieved from /home/airflow/.local/lib/python3.12/site-packages/airflow/example_dags/example_nested_branch_dag.py
[2025-01-08T18:58:25.073+0000] {logging_mixin.py:190} INFO - [2025-01-08T18:58:25.072+0000] {dag.py:3239} INFO - Sync 1 DAGs
[2025-01-08T18:58:25.130+0000] {logging_mixin.py:190} INFO - [2025-01-08T18:58:25.130+0000] {dag.py:4180} INFO - Setting next_dagrun for example_nested_branch_dag to 2025-01-07 00:00:00+00:00, run_after=2025-01-08 00:00:00+00:00
[2025-01-08T18:58:25.165+0000] {processor.py:208} INFO - Processing /home/airflow/.local/lib/python3.12/site-packages/airflow/example_dags/example_nested_branch_dag.py took 0.262 seconds
[2025-01-08T18:58:55.704+0000] {processor.py:186} INFO - Started process (PID=1957) to work on /home/airflow/.local/lib/python3.12/site-packages/airflow/example_dags/example_nested_branch_dag.py
[2025-01-08T18:58:55.705+0000] {processor.py:914} INFO - Processing file /home/airflow/.local/lib/python3.12/site-packages/airflow/example_dags/example_nested_branch_dag.py for tasks to queue
[2025-01-08T18:58:55.707+0000] {logging_mixin.py:190} INFO - [2025-01-08T18:58:55.706+0000] {dagbag.py:588} INFO - Filling up the DagBag from /home/airflow/.local/lib/python3.12/site-packages/airflow/example_dags/example_nested_branch_dag.py
[2025-01-08T18:58:55.719+0000] {processor.py:925} INFO - DAG(s) 'example_nested_branch_dag' retrieved from /home/airflow/.local/lib/python3.12/site-packages/airflow/example_dags/example_nested_branch_dag.py
[2025-01-08T18:58:55.742+0000] {logging_mixin.py:190} INFO - [2025-01-08T18:58:55.742+0000] {dag.py:3239} INFO - Sync 1 DAGs
[2025-01-08T18:58:55.767+0000] {logging_mixin.py:190} INFO - [2025-01-08T18:58:55.767+0000] {dag.py:4180} INFO - Setting next_dagrun for example_nested_branch_dag to 2025-01-07 00:00:00+00:00, run_after=2025-01-08 00:00:00+00:00
[2025-01-08T18:58:55.783+0000] {processor.py:208} INFO - Processing /home/airflow/.local/lib/python3.12/site-packages/airflow/example_dags/example_nested_branch_dag.py took 0.085 seconds
[2025-01-08T18:59:26.238+0000] {processor.py:186} INFO - Started process (PID=2022) to work on /home/airflow/.local/lib/python3.12/site-packages/airflow/example_dags/example_nested_branch_dag.py
[2025-01-08T18:59:26.239+0000] {processor.py:914} INFO - Processing file /home/airflow/.local/lib/python3.12/site-packages/airflow/example_dags/example_nested_branch_dag.py for tasks to queue
[2025-01-08T18:59:26.241+0000] {logging_mixin.py:190} INFO - [2025-01-08T18:59:26.241+0000] {dagbag.py:588} INFO - Filling up the DagBag from /home/airflow/.local/lib/python3.12/site-packages/airflow/example_dags/example_nested_branch_dag.py
[2025-01-08T18:59:26.254+0000] {processor.py:925} INFO - DAG(s) 'example_nested_branch_dag' retrieved from /home/airflow/.local/lib/python3.12/site-packages/airflow/example_dags/example_nested_branch_dag.py
[2025-01-08T18:59:26.277+0000] {logging_mixin.py:190} INFO - [2025-01-08T18:59:26.277+0000] {dag.py:3239} INFO - Sync 1 DAGs
[2025-01-08T18:59:26.303+0000] {logging_mixin.py:190} INFO - [2025-01-08T18:59:26.303+0000] {dag.py:4180} INFO - Setting next_dagrun for example_nested_branch_dag to 2025-01-07 00:00:00+00:00, run_after=2025-01-08 00:00:00+00:00
[2025-01-08T18:59:26.320+0000] {processor.py:208} INFO - Processing /home/airflow/.local/lib/python3.12/site-packages/airflow/example_dags/example_nested_branch_dag.py took 0.087 seconds
[2025-01-08T18:59:57.101+0000] {processor.py:186} INFO - Started process (PID=2087) to work on /home/airflow/.local/lib/python3.12/site-packages/airflow/example_dags/example_nested_branch_dag.py
[2025-01-08T18:59:57.101+0000] {processor.py:914} INFO - Processing file /home/airflow/.local/lib/python3.12/site-packages/airflow/example_dags/example_nested_branch_dag.py for tasks to queue
[2025-01-08T18:59:57.131+0000] {logging_mixin.py:190} INFO - [2025-01-08T18:59:57.130+0000] {dagbag.py:588} INFO - Filling up the DagBag from /home/airflow/.local/lib/python3.12/site-packages/airflow/example_dags/example_nested_branch_dag.py
[2025-01-08T18:59:57.179+0000] {processor.py:925} INFO - DAG(s) 'example_nested_branch_dag' retrieved from /home/airflow/.local/lib/python3.12/site-packages/airflow/example_dags/example_nested_branch_dag.py
[2025-01-08T18:59:57.218+0000] {logging_mixin.py:190} INFO - [2025-01-08T18:59:57.218+0000] {dag.py:3239} INFO - Sync 1 DAGs
[2025-01-08T18:59:57.271+0000] {logging_mixin.py:190} INFO - [2025-01-08T18:59:57.271+0000] {dag.py:4180} INFO - Setting next_dagrun for example_nested_branch_dag to 2025-01-07 00:00:00+00:00, run_after=2025-01-08 00:00:00+00:00
[2025-01-08T18:59:57.297+0000] {processor.py:208} INFO - Processing /home/airflow/.local/lib/python3.12/site-packages/airflow/example_dags/example_nested_branch_dag.py took 0.203 seconds
