[2025-01-08T18:44:15.719+0000] {processor.py:186} INFO - Started process (PID=105) to work on /home/airflow/.local/lib/python3.12/site-packages/airflow/example_dags/tutorial.py
[2025-01-08T18:44:15.724+0000] {processor.py:914} INFO - Processing file /home/airflow/.local/lib/python3.12/site-packages/airflow/example_dags/tutorial.py for tasks to queue
[2025-01-08T18:44:15.739+0000] {logging_mixin.py:190} INFO - [2025-01-08T18:44:15.738+0000] {dagbag.py:588} INFO - Filling up the DagBag from /home/airflow/.local/lib/python3.12/site-packages/airflow/example_dags/tutorial.py
[2025-01-08T18:44:15.779+0000] {processor.py:925} INFO - DAG(s) 'tutorial' retrieved from /home/airflow/.local/lib/python3.12/site-packages/airflow/example_dags/tutorial.py
[2025-01-08T18:44:15.879+0000] {logging_mixin.py:190} INFO - [2025-01-08T18:44:15.877+0000] {dag.py:3239} INFO - Sync 1 DAGs
[2025-01-08T18:44:15.950+0000] {logging_mixin.py:190} INFO - [2025-01-08T18:44:15.945+0000] {dag.py:4180} INFO - Setting next_dagrun for tutorial to 2025-01-07 00:00:00+00:00, run_after=2025-01-08 00:00:00+00:00
[2025-01-08T18:44:16.007+0000] {processor.py:208} INFO - Processing /home/airflow/.local/lib/python3.12/site-packages/airflow/example_dags/tutorial.py took 0.317 seconds
[2025-01-08T18:44:47.576+0000] {processor.py:186} INFO - Started process (PID=169) to work on /home/airflow/.local/lib/python3.12/site-packages/airflow/example_dags/tutorial.py
[2025-01-08T18:44:47.578+0000] {processor.py:914} INFO - Processing file /home/airflow/.local/lib/python3.12/site-packages/airflow/example_dags/tutorial.py for tasks to queue
[2025-01-08T18:44:47.591+0000] {logging_mixin.py:190} INFO - [2025-01-08T18:44:47.590+0000] {dagbag.py:588} INFO - Filling up the DagBag from /home/airflow/.local/lib/python3.12/site-packages/airflow/example_dags/tutorial.py
[2025-01-08T18:44:47.604+0000] {processor.py:925} INFO - DAG(s) 'tutorial' retrieved from /home/airflow/.local/lib/python3.12/site-packages/airflow/example_dags/tutorial.py
[2025-01-08T18:44:47.627+0000] {logging_mixin.py:190} INFO - [2025-01-08T18:44:47.626+0000] {dag.py:3239} INFO - Sync 1 DAGs
[2025-01-08T18:44:47.660+0000] {logging_mixin.py:190} INFO - [2025-01-08T18:44:47.660+0000] {dag.py:4180} INFO - Setting next_dagrun for tutorial to 2025-01-07 00:00:00+00:00, run_after=2025-01-08 00:00:00+00:00
[2025-01-08T18:44:47.689+0000] {processor.py:208} INFO - Processing /home/airflow/.local/lib/python3.12/site-packages/airflow/example_dags/tutorial.py took 0.122 seconds
[2025-01-08T18:45:20.108+0000] {processor.py:186} INFO - Started process (PID=235) to work on /home/airflow/.local/lib/python3.12/site-packages/airflow/example_dags/tutorial.py
[2025-01-08T18:45:20.109+0000] {processor.py:914} INFO - Processing file /home/airflow/.local/lib/python3.12/site-packages/airflow/example_dags/tutorial.py for tasks to queue
[2025-01-08T18:45:20.113+0000] {logging_mixin.py:190} INFO - [2025-01-08T18:45:20.113+0000] {dagbag.py:588} INFO - Filling up the DagBag from /home/airflow/.local/lib/python3.12/site-packages/airflow/example_dags/tutorial.py
[2025-01-08T18:45:20.138+0000] {processor.py:925} INFO - DAG(s) 'tutorial' retrieved from /home/airflow/.local/lib/python3.12/site-packages/airflow/example_dags/tutorial.py
[2025-01-08T18:45:20.192+0000] {logging_mixin.py:190} INFO - [2025-01-08T18:45:20.191+0000] {dag.py:3239} INFO - Sync 1 DAGs
[2025-01-08T18:45:20.230+0000] {logging_mixin.py:190} INFO - [2025-01-08T18:45:20.229+0000] {dag.py:4180} INFO - Setting next_dagrun for tutorial to 2025-01-07 00:00:00+00:00, run_after=2025-01-08 00:00:00+00:00
[2025-01-08T18:45:20.265+0000] {processor.py:208} INFO - Processing /home/airflow/.local/lib/python3.12/site-packages/airflow/example_dags/tutorial.py took 0.163 seconds
[2025-01-08T18:45:51.398+0000] {processor.py:186} INFO - Started process (PID=298) to work on /home/airflow/.local/lib/python3.12/site-packages/airflow/example_dags/tutorial.py
[2025-01-08T18:45:51.399+0000] {processor.py:914} INFO - Processing file /home/airflow/.local/lib/python3.12/site-packages/airflow/example_dags/tutorial.py for tasks to queue
[2025-01-08T18:45:51.401+0000] {logging_mixin.py:190} INFO - [2025-01-08T18:45:51.401+0000] {dagbag.py:588} INFO - Filling up the DagBag from /home/airflow/.local/lib/python3.12/site-packages/airflow/example_dags/tutorial.py
[2025-01-08T18:45:51.422+0000] {processor.py:925} INFO - DAG(s) 'tutorial' retrieved from /home/airflow/.local/lib/python3.12/site-packages/airflow/example_dags/tutorial.py
[2025-01-08T18:45:51.444+0000] {logging_mixin.py:190} INFO - [2025-01-08T18:45:51.443+0000] {dag.py:3239} INFO - Sync 1 DAGs
[2025-01-08T18:45:51.471+0000] {logging_mixin.py:190} INFO - [2025-01-08T18:45:51.470+0000] {dag.py:4180} INFO - Setting next_dagrun for tutorial to 2025-01-07 00:00:00+00:00, run_after=2025-01-08 00:00:00+00:00
[2025-01-08T18:45:51.492+0000] {processor.py:208} INFO - Processing /home/airflow/.local/lib/python3.12/site-packages/airflow/example_dags/tutorial.py took 0.105 seconds
[2025-01-08T18:46:27.413+0000] {processor.py:186} INFO - Started process (PID=364) to work on /home/airflow/.local/lib/python3.12/site-packages/airflow/example_dags/tutorial.py
[2025-01-08T18:46:27.413+0000] {processor.py:914} INFO - Processing file /home/airflow/.local/lib/python3.12/site-packages/airflow/example_dags/tutorial.py for tasks to queue
[2025-01-08T18:46:27.416+0000] {logging_mixin.py:190} INFO - [2025-01-08T18:46:27.415+0000] {dagbag.py:588} INFO - Filling up the DagBag from /home/airflow/.local/lib/python3.12/site-packages/airflow/example_dags/tutorial.py
[2025-01-08T18:46:27.437+0000] {processor.py:925} INFO - DAG(s) 'tutorial' retrieved from /home/airflow/.local/lib/python3.12/site-packages/airflow/example_dags/tutorial.py
[2025-01-08T18:46:27.537+0000] {logging_mixin.py:190} INFO - [2025-01-08T18:46:27.537+0000] {dag.py:3239} INFO - Sync 1 DAGs
[2025-01-08T18:46:27.631+0000] {logging_mixin.py:190} INFO - [2025-01-08T18:46:27.631+0000] {dag.py:4180} INFO - Setting next_dagrun for tutorial to 2025-01-07 00:00:00+00:00, run_after=2025-01-08 00:00:00+00:00
[2025-01-08T18:46:27.663+0000] {processor.py:208} INFO - Processing /home/airflow/.local/lib/python3.12/site-packages/airflow/example_dags/tutorial.py took 0.262 seconds
[2025-01-08T18:47:00.664+0000] {processor.py:186} INFO - Started process (PID=435) to work on /home/airflow/.local/lib/python3.12/site-packages/airflow/example_dags/tutorial.py
[2025-01-08T18:47:00.664+0000] {processor.py:914} INFO - Processing file /home/airflow/.local/lib/python3.12/site-packages/airflow/example_dags/tutorial.py for tasks to queue
[2025-01-08T18:47:00.675+0000] {logging_mixin.py:190} INFO - [2025-01-08T18:47:00.674+0000] {dagbag.py:588} INFO - Filling up the DagBag from /home/airflow/.local/lib/python3.12/site-packages/airflow/example_dags/tutorial.py
[2025-01-08T18:47:00.704+0000] {processor.py:925} INFO - DAG(s) 'tutorial' retrieved from /home/airflow/.local/lib/python3.12/site-packages/airflow/example_dags/tutorial.py
[2025-01-08T18:47:00.792+0000] {logging_mixin.py:190} INFO - [2025-01-08T18:47:00.792+0000] {dag.py:3239} INFO - Sync 1 DAGs
[2025-01-08T18:47:00.879+0000] {logging_mixin.py:190} INFO - [2025-01-08T18:47:00.879+0000] {dag.py:4180} INFO - Setting next_dagrun for tutorial to 2025-01-07 00:00:00+00:00, run_after=2025-01-08 00:00:00+00:00
[2025-01-08T18:47:00.954+0000] {processor.py:208} INFO - Processing /home/airflow/.local/lib/python3.12/site-packages/airflow/example_dags/tutorial.py took 0.345 seconds
[2025-01-08T18:47:31.327+0000] {processor.py:186} INFO - Started process (PID=500) to work on /home/airflow/.local/lib/python3.12/site-packages/airflow/example_dags/tutorial.py
[2025-01-08T18:47:31.328+0000] {processor.py:914} INFO - Processing file /home/airflow/.local/lib/python3.12/site-packages/airflow/example_dags/tutorial.py for tasks to queue
[2025-01-08T18:47:31.330+0000] {logging_mixin.py:190} INFO - [2025-01-08T18:47:31.330+0000] {dagbag.py:588} INFO - Filling up the DagBag from /home/airflow/.local/lib/python3.12/site-packages/airflow/example_dags/tutorial.py
[2025-01-08T18:47:31.337+0000] {processor.py:925} INFO - DAG(s) 'tutorial' retrieved from /home/airflow/.local/lib/python3.12/site-packages/airflow/example_dags/tutorial.py
[2025-01-08T18:47:31.352+0000] {logging_mixin.py:190} INFO - [2025-01-08T18:47:31.352+0000] {dag.py:3239} INFO - Sync 1 DAGs
[2025-01-08T18:47:31.370+0000] {logging_mixin.py:190} INFO - [2025-01-08T18:47:31.369+0000] {dag.py:4180} INFO - Setting next_dagrun for tutorial to 2025-01-07 00:00:00+00:00, run_after=2025-01-08 00:00:00+00:00
[2025-01-08T18:47:31.382+0000] {processor.py:208} INFO - Processing /home/airflow/.local/lib/python3.12/site-packages/airflow/example_dags/tutorial.py took 0.062 seconds
[2025-01-08T18:48:01.994+0000] {processor.py:186} INFO - Started process (PID=565) to work on /home/airflow/.local/lib/python3.12/site-packages/airflow/example_dags/tutorial.py
[2025-01-08T18:48:02.000+0000] {processor.py:914} INFO - Processing file /home/airflow/.local/lib/python3.12/site-packages/airflow/example_dags/tutorial.py for tasks to queue
[2025-01-08T18:48:02.002+0000] {logging_mixin.py:190} INFO - [2025-01-08T18:48:02.002+0000] {dagbag.py:588} INFO - Filling up the DagBag from /home/airflow/.local/lib/python3.12/site-packages/airflow/example_dags/tutorial.py
[2025-01-08T18:48:02.010+0000] {processor.py:925} INFO - DAG(s) 'tutorial' retrieved from /home/airflow/.local/lib/python3.12/site-packages/airflow/example_dags/tutorial.py
[2025-01-08T18:48:02.031+0000] {logging_mixin.py:190} INFO - [2025-01-08T18:48:02.030+0000] {dag.py:3239} INFO - Sync 1 DAGs
[2025-01-08T18:48:02.056+0000] {logging_mixin.py:190} INFO - [2025-01-08T18:48:02.056+0000] {dag.py:4180} INFO - Setting next_dagrun for tutorial to 2025-01-07 00:00:00+00:00, run_after=2025-01-08 00:00:00+00:00
[2025-01-08T18:48:02.074+0000] {processor.py:208} INFO - Processing /home/airflow/.local/lib/python3.12/site-packages/airflow/example_dags/tutorial.py took 0.086 seconds
[2025-01-08T18:48:32.342+0000] {processor.py:186} INFO - Started process (PID=629) to work on /home/airflow/.local/lib/python3.12/site-packages/airflow/example_dags/tutorial.py
[2025-01-08T18:48:32.343+0000] {processor.py:914} INFO - Processing file /home/airflow/.local/lib/python3.12/site-packages/airflow/example_dags/tutorial.py for tasks to queue
[2025-01-08T18:48:32.346+0000] {logging_mixin.py:190} INFO - [2025-01-08T18:48:32.346+0000] {dagbag.py:588} INFO - Filling up the DagBag from /home/airflow/.local/lib/python3.12/site-packages/airflow/example_dags/tutorial.py
[2025-01-08T18:48:32.356+0000] {processor.py:925} INFO - DAG(s) 'tutorial' retrieved from /home/airflow/.local/lib/python3.12/site-packages/airflow/example_dags/tutorial.py
[2025-01-08T18:48:32.376+0000] {logging_mixin.py:190} INFO - [2025-01-08T18:48:32.376+0000] {dag.py:3239} INFO - Sync 1 DAGs
[2025-01-08T18:48:32.402+0000] {logging_mixin.py:190} INFO - [2025-01-08T18:48:32.402+0000] {dag.py:4180} INFO - Setting next_dagrun for tutorial to 2025-01-07 00:00:00+00:00, run_after=2025-01-08 00:00:00+00:00
[2025-01-08T18:48:32.419+0000] {processor.py:208} INFO - Processing /home/airflow/.local/lib/python3.12/site-packages/airflow/example_dags/tutorial.py took 0.082 seconds
[2025-01-08T18:49:02.563+0000] {processor.py:186} INFO - Started process (PID=695) to work on /home/airflow/.local/lib/python3.12/site-packages/airflow/example_dags/tutorial.py
[2025-01-08T18:49:02.564+0000] {processor.py:914} INFO - Processing file /home/airflow/.local/lib/python3.12/site-packages/airflow/example_dags/tutorial.py for tasks to queue
[2025-01-08T18:49:02.566+0000] {logging_mixin.py:190} INFO - [2025-01-08T18:49:02.566+0000] {dagbag.py:588} INFO - Filling up the DagBag from /home/airflow/.local/lib/python3.12/site-packages/airflow/example_dags/tutorial.py
[2025-01-08T18:49:02.574+0000] {processor.py:925} INFO - DAG(s) 'tutorial' retrieved from /home/airflow/.local/lib/python3.12/site-packages/airflow/example_dags/tutorial.py
[2025-01-08T18:49:02.610+0000] {logging_mixin.py:190} INFO - [2025-01-08T18:49:02.609+0000] {dag.py:3239} INFO - Sync 1 DAGs
[2025-01-08T18:49:02.636+0000] {logging_mixin.py:190} INFO - [2025-01-08T18:49:02.635+0000] {dag.py:4180} INFO - Setting next_dagrun for tutorial to 2025-01-07 00:00:00+00:00, run_after=2025-01-08 00:00:00+00:00
[2025-01-08T18:49:02.653+0000] {processor.py:208} INFO - Processing /home/airflow/.local/lib/python3.12/site-packages/airflow/example_dags/tutorial.py took 0.096 seconds
[2025-01-08T18:49:32.847+0000] {processor.py:186} INFO - Started process (PID=760) to work on /home/airflow/.local/lib/python3.12/site-packages/airflow/example_dags/tutorial.py
[2025-01-08T18:49:32.848+0000] {processor.py:914} INFO - Processing file /home/airflow/.local/lib/python3.12/site-packages/airflow/example_dags/tutorial.py for tasks to queue
[2025-01-08T18:49:32.850+0000] {logging_mixin.py:190} INFO - [2025-01-08T18:49:32.850+0000] {dagbag.py:588} INFO - Filling up the DagBag from /home/airflow/.local/lib/python3.12/site-packages/airflow/example_dags/tutorial.py
[2025-01-08T18:49:32.859+0000] {processor.py:925} INFO - DAG(s) 'tutorial' retrieved from /home/airflow/.local/lib/python3.12/site-packages/airflow/example_dags/tutorial.py
[2025-01-08T18:49:32.882+0000] {logging_mixin.py:190} INFO - [2025-01-08T18:49:32.882+0000] {dag.py:3239} INFO - Sync 1 DAGs
[2025-01-08T18:49:32.911+0000] {logging_mixin.py:190} INFO - [2025-01-08T18:49:32.911+0000] {dag.py:4180} INFO - Setting next_dagrun for tutorial to 2025-01-07 00:00:00+00:00, run_after=2025-01-08 00:00:00+00:00
[2025-01-08T18:49:32.937+0000] {processor.py:208} INFO - Processing /home/airflow/.local/lib/python3.12/site-packages/airflow/example_dags/tutorial.py took 0.104 seconds
[2025-01-08T18:50:03.223+0000] {processor.py:186} INFO - Started process (PID=824) to work on /home/airflow/.local/lib/python3.12/site-packages/airflow/example_dags/tutorial.py
[2025-01-08T18:50:03.224+0000] {processor.py:914} INFO - Processing file /home/airflow/.local/lib/python3.12/site-packages/airflow/example_dags/tutorial.py for tasks to queue
[2025-01-08T18:50:03.230+0000] {logging_mixin.py:190} INFO - [2025-01-08T18:50:03.230+0000] {dagbag.py:588} INFO - Filling up the DagBag from /home/airflow/.local/lib/python3.12/site-packages/airflow/example_dags/tutorial.py
[2025-01-08T18:50:03.245+0000] {processor.py:925} INFO - DAG(s) 'tutorial' retrieved from /home/airflow/.local/lib/python3.12/site-packages/airflow/example_dags/tutorial.py
[2025-01-08T18:50:03.286+0000] {logging_mixin.py:190} INFO - [2025-01-08T18:50:03.286+0000] {dag.py:3239} INFO - Sync 1 DAGs
[2025-01-08T18:50:03.366+0000] {logging_mixin.py:190} INFO - [2025-01-08T18:50:03.366+0000] {dag.py:4180} INFO - Setting next_dagrun for tutorial to 2025-01-07 00:00:00+00:00, run_after=2025-01-08 00:00:00+00:00
[2025-01-08T18:50:03.390+0000] {processor.py:208} INFO - Processing /home/airflow/.local/lib/python3.12/site-packages/airflow/example_dags/tutorial.py took 0.171 seconds
[2025-01-08T18:50:33.770+0000] {processor.py:186} INFO - Started process (PID=890) to work on /home/airflow/.local/lib/python3.12/site-packages/airflow/example_dags/tutorial.py
[2025-01-08T18:50:33.771+0000] {processor.py:914} INFO - Processing file /home/airflow/.local/lib/python3.12/site-packages/airflow/example_dags/tutorial.py for tasks to queue
[2025-01-08T18:50:33.773+0000] {logging_mixin.py:190} INFO - [2025-01-08T18:50:33.772+0000] {dagbag.py:588} INFO - Filling up the DagBag from /home/airflow/.local/lib/python3.12/site-packages/airflow/example_dags/tutorial.py
[2025-01-08T18:50:33.802+0000] {processor.py:925} INFO - DAG(s) 'tutorial' retrieved from /home/airflow/.local/lib/python3.12/site-packages/airflow/example_dags/tutorial.py
[2025-01-08T18:50:33.877+0000] {logging_mixin.py:190} INFO - [2025-01-08T18:50:33.877+0000] {dag.py:3239} INFO - Sync 1 DAGs
[2025-01-08T18:50:33.947+0000] {logging_mixin.py:190} INFO - [2025-01-08T18:50:33.947+0000] {dag.py:4180} INFO - Setting next_dagrun for tutorial to 2025-01-07 00:00:00+00:00, run_after=2025-01-08 00:00:00+00:00
[2025-01-08T18:50:33.987+0000] {processor.py:208} INFO - Processing /home/airflow/.local/lib/python3.12/site-packages/airflow/example_dags/tutorial.py took 0.231 seconds
[2025-01-08T18:51:04.873+0000] {processor.py:186} INFO - Started process (PID=955) to work on /home/airflow/.local/lib/python3.12/site-packages/airflow/example_dags/tutorial.py
[2025-01-08T18:51:04.874+0000] {processor.py:914} INFO - Processing file /home/airflow/.local/lib/python3.12/site-packages/airflow/example_dags/tutorial.py for tasks to queue
[2025-01-08T18:51:04.876+0000] {logging_mixin.py:190} INFO - [2025-01-08T18:51:04.876+0000] {dagbag.py:588} INFO - Filling up the DagBag from /home/airflow/.local/lib/python3.12/site-packages/airflow/example_dags/tutorial.py
[2025-01-08T18:51:04.901+0000] {processor.py:925} INFO - DAG(s) 'tutorial' retrieved from /home/airflow/.local/lib/python3.12/site-packages/airflow/example_dags/tutorial.py
[2025-01-08T18:51:05.043+0000] {logging_mixin.py:190} INFO - [2025-01-08T18:51:05.042+0000] {dag.py:3239} INFO - Sync 1 DAGs
[2025-01-08T18:51:05.116+0000] {logging_mixin.py:190} INFO - [2025-01-08T18:51:05.115+0000] {dag.py:4180} INFO - Setting next_dagrun for tutorial to 2025-01-07 00:00:00+00:00, run_after=2025-01-08 00:00:00+00:00
[2025-01-08T18:51:05.207+0000] {processor.py:208} INFO - Processing /home/airflow/.local/lib/python3.12/site-packages/airflow/example_dags/tutorial.py took 0.343 seconds
[2025-01-08T18:51:35.401+0000] {processor.py:186} INFO - Started process (PID=1020) to work on /home/airflow/.local/lib/python3.12/site-packages/airflow/example_dags/tutorial.py
[2025-01-08T18:51:35.402+0000] {processor.py:914} INFO - Processing file /home/airflow/.local/lib/python3.12/site-packages/airflow/example_dags/tutorial.py for tasks to queue
[2025-01-08T18:51:35.404+0000] {logging_mixin.py:190} INFO - [2025-01-08T18:51:35.404+0000] {dagbag.py:588} INFO - Filling up the DagBag from /home/airflow/.local/lib/python3.12/site-packages/airflow/example_dags/tutorial.py
[2025-01-08T18:51:35.412+0000] {processor.py:925} INFO - DAG(s) 'tutorial' retrieved from /home/airflow/.local/lib/python3.12/site-packages/airflow/example_dags/tutorial.py
[2025-01-08T18:51:35.433+0000] {logging_mixin.py:190} INFO - [2025-01-08T18:51:35.433+0000] {dag.py:3239} INFO - Sync 1 DAGs
[2025-01-08T18:51:35.459+0000] {logging_mixin.py:190} INFO - [2025-01-08T18:51:35.459+0000] {dag.py:4180} INFO - Setting next_dagrun for tutorial to 2025-01-07 00:00:00+00:00, run_after=2025-01-08 00:00:00+00:00
[2025-01-08T18:51:35.480+0000] {processor.py:208} INFO - Processing /home/airflow/.local/lib/python3.12/site-packages/airflow/example_dags/tutorial.py took 0.085 seconds
[2025-01-08T18:52:05.633+0000] {processor.py:186} INFO - Started process (PID=1085) to work on /home/airflow/.local/lib/python3.12/site-packages/airflow/example_dags/tutorial.py
[2025-01-08T18:52:05.634+0000] {processor.py:914} INFO - Processing file /home/airflow/.local/lib/python3.12/site-packages/airflow/example_dags/tutorial.py for tasks to queue
[2025-01-08T18:52:05.636+0000] {logging_mixin.py:190} INFO - [2025-01-08T18:52:05.636+0000] {dagbag.py:588} INFO - Filling up the DagBag from /home/airflow/.local/lib/python3.12/site-packages/airflow/example_dags/tutorial.py
[2025-01-08T18:52:05.644+0000] {processor.py:925} INFO - DAG(s) 'tutorial' retrieved from /home/airflow/.local/lib/python3.12/site-packages/airflow/example_dags/tutorial.py
[2025-01-08T18:52:05.665+0000] {logging_mixin.py:190} INFO - [2025-01-08T18:52:05.665+0000] {dag.py:3239} INFO - Sync 1 DAGs
[2025-01-08T18:52:05.691+0000] {logging_mixin.py:190} INFO - [2025-01-08T18:52:05.691+0000] {dag.py:4180} INFO - Setting next_dagrun for tutorial to 2025-01-07 00:00:00+00:00, run_after=2025-01-08 00:00:00+00:00
[2025-01-08T18:52:05.709+0000] {processor.py:208} INFO - Processing /home/airflow/.local/lib/python3.12/site-packages/airflow/example_dags/tutorial.py took 0.081 seconds
[2025-01-08T18:52:36.464+0000] {processor.py:186} INFO - Started process (PID=1151) to work on /home/airflow/.local/lib/python3.12/site-packages/airflow/example_dags/tutorial.py
[2025-01-08T18:52:36.465+0000] {processor.py:914} INFO - Processing file /home/airflow/.local/lib/python3.12/site-packages/airflow/example_dags/tutorial.py for tasks to queue
[2025-01-08T18:52:36.468+0000] {logging_mixin.py:190} INFO - [2025-01-08T18:52:36.467+0000] {dagbag.py:588} INFO - Filling up the DagBag from /home/airflow/.local/lib/python3.12/site-packages/airflow/example_dags/tutorial.py
[2025-01-08T18:52:36.476+0000] {processor.py:925} INFO - DAG(s) 'tutorial' retrieved from /home/airflow/.local/lib/python3.12/site-packages/airflow/example_dags/tutorial.py
[2025-01-08T18:52:36.504+0000] {logging_mixin.py:190} INFO - [2025-01-08T18:52:36.503+0000] {dag.py:3239} INFO - Sync 1 DAGs
[2025-01-08T18:52:36.530+0000] {logging_mixin.py:190} INFO - [2025-01-08T18:52:36.530+0000] {dag.py:4180} INFO - Setting next_dagrun for tutorial to 2025-01-07 00:00:00+00:00, run_after=2025-01-08 00:00:00+00:00
[2025-01-08T18:52:36.549+0000] {processor.py:208} INFO - Processing /home/airflow/.local/lib/python3.12/site-packages/airflow/example_dags/tutorial.py took 0.090 seconds
[2025-01-08T18:53:06.918+0000] {processor.py:186} INFO - Started process (PID=1216) to work on /home/airflow/.local/lib/python3.12/site-packages/airflow/example_dags/tutorial.py
[2025-01-08T18:53:06.919+0000] {processor.py:914} INFO - Processing file /home/airflow/.local/lib/python3.12/site-packages/airflow/example_dags/tutorial.py for tasks to queue
[2025-01-08T18:53:06.921+0000] {logging_mixin.py:190} INFO - [2025-01-08T18:53:06.921+0000] {dagbag.py:588} INFO - Filling up the DagBag from /home/airflow/.local/lib/python3.12/site-packages/airflow/example_dags/tutorial.py
[2025-01-08T18:53:06.929+0000] {processor.py:925} INFO - DAG(s) 'tutorial' retrieved from /home/airflow/.local/lib/python3.12/site-packages/airflow/example_dags/tutorial.py
[2025-01-08T18:53:06.949+0000] {logging_mixin.py:190} INFO - [2025-01-08T18:53:06.949+0000] {dag.py:3239} INFO - Sync 1 DAGs
[2025-01-08T18:53:06.975+0000] {logging_mixin.py:190} INFO - [2025-01-08T18:53:06.975+0000] {dag.py:4180} INFO - Setting next_dagrun for tutorial to 2025-01-07 00:00:00+00:00, run_after=2025-01-08 00:00:00+00:00
[2025-01-08T18:53:06.997+0000] {processor.py:208} INFO - Processing /home/airflow/.local/lib/python3.12/site-packages/airflow/example_dags/tutorial.py took 0.084 seconds
[2025-01-08T18:53:37.475+0000] {processor.py:186} INFO - Started process (PID=1282) to work on /home/airflow/.local/lib/python3.12/site-packages/airflow/example_dags/tutorial.py
[2025-01-08T18:53:37.476+0000] {processor.py:914} INFO - Processing file /home/airflow/.local/lib/python3.12/site-packages/airflow/example_dags/tutorial.py for tasks to queue
[2025-01-08T18:53:37.478+0000] {logging_mixin.py:190} INFO - [2025-01-08T18:53:37.478+0000] {dagbag.py:588} INFO - Filling up the DagBag from /home/airflow/.local/lib/python3.12/site-packages/airflow/example_dags/tutorial.py
[2025-01-08T18:53:37.486+0000] {processor.py:925} INFO - DAG(s) 'tutorial' retrieved from /home/airflow/.local/lib/python3.12/site-packages/airflow/example_dags/tutorial.py
[2025-01-08T18:53:37.506+0000] {logging_mixin.py:190} INFO - [2025-01-08T18:53:37.506+0000] {dag.py:3239} INFO - Sync 1 DAGs
[2025-01-08T18:53:37.531+0000] {logging_mixin.py:190} INFO - [2025-01-08T18:53:37.531+0000] {dag.py:4180} INFO - Setting next_dagrun for tutorial to 2025-01-07 00:00:00+00:00, run_after=2025-01-08 00:00:00+00:00
[2025-01-08T18:53:37.548+0000] {processor.py:208} INFO - Processing /home/airflow/.local/lib/python3.12/site-packages/airflow/example_dags/tutorial.py took 0.078 seconds
[2025-01-08T18:54:07.926+0000] {processor.py:186} INFO - Started process (PID=1348) to work on /home/airflow/.local/lib/python3.12/site-packages/airflow/example_dags/tutorial.py
[2025-01-08T18:54:07.933+0000] {processor.py:914} INFO - Processing file /home/airflow/.local/lib/python3.12/site-packages/airflow/example_dags/tutorial.py for tasks to queue
[2025-01-08T18:54:07.935+0000] {logging_mixin.py:190} INFO - [2025-01-08T18:54:07.935+0000] {dagbag.py:588} INFO - Filling up the DagBag from /home/airflow/.local/lib/python3.12/site-packages/airflow/example_dags/tutorial.py
[2025-01-08T18:54:07.949+0000] {processor.py:925} INFO - DAG(s) 'tutorial' retrieved from /home/airflow/.local/lib/python3.12/site-packages/airflow/example_dags/tutorial.py
[2025-01-08T18:54:08.041+0000] {logging_mixin.py:190} INFO - [2025-01-08T18:54:08.040+0000] {dag.py:3239} INFO - Sync 1 DAGs
[2025-01-08T18:54:08.109+0000] {logging_mixin.py:190} INFO - [2025-01-08T18:54:08.109+0000] {dag.py:4180} INFO - Setting next_dagrun for tutorial to 2025-01-07 00:00:00+00:00, run_after=2025-01-08 00:00:00+00:00
[2025-01-08T18:54:08.187+0000] {processor.py:208} INFO - Processing /home/airflow/.local/lib/python3.12/site-packages/airflow/example_dags/tutorial.py took 0.266 seconds
[2025-01-08T18:54:38.435+0000] {processor.py:186} INFO - Started process (PID=1413) to work on /home/airflow/.local/lib/python3.12/site-packages/airflow/example_dags/tutorial.py
[2025-01-08T18:54:38.435+0000] {processor.py:914} INFO - Processing file /home/airflow/.local/lib/python3.12/site-packages/airflow/example_dags/tutorial.py for tasks to queue
[2025-01-08T18:54:38.437+0000] {logging_mixin.py:190} INFO - [2025-01-08T18:54:38.437+0000] {dagbag.py:588} INFO - Filling up the DagBag from /home/airflow/.local/lib/python3.12/site-packages/airflow/example_dags/tutorial.py
[2025-01-08T18:54:38.445+0000] {processor.py:925} INFO - DAG(s) 'tutorial' retrieved from /home/airflow/.local/lib/python3.12/site-packages/airflow/example_dags/tutorial.py
[2025-01-08T18:54:38.466+0000] {logging_mixin.py:190} INFO - [2025-01-08T18:54:38.466+0000] {dag.py:3239} INFO - Sync 1 DAGs
[2025-01-08T18:54:38.493+0000] {logging_mixin.py:190} INFO - [2025-01-08T18:54:38.493+0000] {dag.py:4180} INFO - Setting next_dagrun for tutorial to 2025-01-07 00:00:00+00:00, run_after=2025-01-08 00:00:00+00:00
[2025-01-08T18:54:38.511+0000] {processor.py:208} INFO - Processing /home/airflow/.local/lib/python3.12/site-packages/airflow/example_dags/tutorial.py took 0.082 seconds
[2025-01-08T18:55:09.214+0000] {processor.py:186} INFO - Started process (PID=1478) to work on /home/airflow/.local/lib/python3.12/site-packages/airflow/example_dags/tutorial.py
[2025-01-08T18:55:09.214+0000] {processor.py:914} INFO - Processing file /home/airflow/.local/lib/python3.12/site-packages/airflow/example_dags/tutorial.py for tasks to queue
[2025-01-08T18:55:09.216+0000] {logging_mixin.py:190} INFO - [2025-01-08T18:55:09.216+0000] {dagbag.py:588} INFO - Filling up the DagBag from /home/airflow/.local/lib/python3.12/site-packages/airflow/example_dags/tutorial.py
[2025-01-08T18:55:09.224+0000] {processor.py:925} INFO - DAG(s) 'tutorial' retrieved from /home/airflow/.local/lib/python3.12/site-packages/airflow/example_dags/tutorial.py
[2025-01-08T18:55:09.247+0000] {logging_mixin.py:190} INFO - [2025-01-08T18:55:09.246+0000] {dag.py:3239} INFO - Sync 1 DAGs
[2025-01-08T18:55:09.273+0000] {logging_mixin.py:190} INFO - [2025-01-08T18:55:09.273+0000] {dag.py:4180} INFO - Setting next_dagrun for tutorial to 2025-01-07 00:00:00+00:00, run_after=2025-01-08 00:00:00+00:00
[2025-01-08T18:55:09.292+0000] {processor.py:208} INFO - Processing /home/airflow/.local/lib/python3.12/site-packages/airflow/example_dags/tutorial.py took 0.084 seconds
[2025-01-08T18:55:39.410+0000] {processor.py:186} INFO - Started process (PID=1543) to work on /home/airflow/.local/lib/python3.12/site-packages/airflow/example_dags/tutorial.py
[2025-01-08T18:55:39.411+0000] {processor.py:914} INFO - Processing file /home/airflow/.local/lib/python3.12/site-packages/airflow/example_dags/tutorial.py for tasks to queue
[2025-01-08T18:55:39.414+0000] {logging_mixin.py:190} INFO - [2025-01-08T18:55:39.414+0000] {dagbag.py:588} INFO - Filling up the DagBag from /home/airflow/.local/lib/python3.12/site-packages/airflow/example_dags/tutorial.py
[2025-01-08T18:55:39.422+0000] {processor.py:925} INFO - DAG(s) 'tutorial' retrieved from /home/airflow/.local/lib/python3.12/site-packages/airflow/example_dags/tutorial.py
[2025-01-08T18:55:39.450+0000] {logging_mixin.py:190} INFO - [2025-01-08T18:55:39.450+0000] {dag.py:3239} INFO - Sync 1 DAGs
[2025-01-08T18:55:39.477+0000] {logging_mixin.py:190} INFO - [2025-01-08T18:55:39.477+0000] {dag.py:4180} INFO - Setting next_dagrun for tutorial to 2025-01-07 00:00:00+00:00, run_after=2025-01-08 00:00:00+00:00
[2025-01-08T18:55:39.509+0000] {processor.py:208} INFO - Processing /home/airflow/.local/lib/python3.12/site-packages/airflow/example_dags/tutorial.py took 0.117 seconds
[2025-01-08T18:56:10.460+0000] {processor.py:186} INFO - Started process (PID=1608) to work on /home/airflow/.local/lib/python3.12/site-packages/airflow/example_dags/tutorial.py
[2025-01-08T18:56:10.461+0000] {processor.py:914} INFO - Processing file /home/airflow/.local/lib/python3.12/site-packages/airflow/example_dags/tutorial.py for tasks to queue
[2025-01-08T18:56:10.463+0000] {logging_mixin.py:190} INFO - [2025-01-08T18:56:10.463+0000] {dagbag.py:588} INFO - Filling up the DagBag from /home/airflow/.local/lib/python3.12/site-packages/airflow/example_dags/tutorial.py
[2025-01-08T18:56:10.486+0000] {processor.py:925} INFO - DAG(s) 'tutorial' retrieved from /home/airflow/.local/lib/python3.12/site-packages/airflow/example_dags/tutorial.py
[2025-01-08T18:56:10.515+0000] {logging_mixin.py:190} INFO - [2025-01-08T18:56:10.515+0000] {dag.py:3239} INFO - Sync 1 DAGs
[2025-01-08T18:56:10.542+0000] {logging_mixin.py:190} INFO - [2025-01-08T18:56:10.541+0000] {dag.py:4180} INFO - Setting next_dagrun for tutorial to 2025-01-07 00:00:00+00:00, run_after=2025-01-08 00:00:00+00:00
[2025-01-08T18:56:10.590+0000] {processor.py:208} INFO - Processing /home/airflow/.local/lib/python3.12/site-packages/airflow/example_dags/tutorial.py took 0.141 seconds
[2025-01-08T18:56:40.836+0000] {processor.py:186} INFO - Started process (PID=1674) to work on /home/airflow/.local/lib/python3.12/site-packages/airflow/example_dags/tutorial.py
[2025-01-08T18:56:40.837+0000] {processor.py:914} INFO - Processing file /home/airflow/.local/lib/python3.12/site-packages/airflow/example_dags/tutorial.py for tasks to queue
[2025-01-08T18:56:40.839+0000] {logging_mixin.py:190} INFO - [2025-01-08T18:56:40.838+0000] {dagbag.py:588} INFO - Filling up the DagBag from /home/airflow/.local/lib/python3.12/site-packages/airflow/example_dags/tutorial.py
[2025-01-08T18:56:40.847+0000] {processor.py:925} INFO - DAG(s) 'tutorial' retrieved from /home/airflow/.local/lib/python3.12/site-packages/airflow/example_dags/tutorial.py
[2025-01-08T18:56:40.867+0000] {logging_mixin.py:190} INFO - [2025-01-08T18:56:40.867+0000] {dag.py:3239} INFO - Sync 1 DAGs
[2025-01-08T18:56:40.891+0000] {logging_mixin.py:190} INFO - [2025-01-08T18:56:40.891+0000] {dag.py:4180} INFO - Setting next_dagrun for tutorial to 2025-01-07 00:00:00+00:00, run_after=2025-01-08 00:00:00+00:00
[2025-01-08T18:56:40.908+0000] {processor.py:208} INFO - Processing /home/airflow/.local/lib/python3.12/site-packages/airflow/example_dags/tutorial.py took 0.078 seconds
[2025-01-08T18:57:11.164+0000] {processor.py:186} INFO - Started process (PID=1740) to work on /home/airflow/.local/lib/python3.12/site-packages/airflow/example_dags/tutorial.py
[2025-01-08T18:57:11.165+0000] {processor.py:914} INFO - Processing file /home/airflow/.local/lib/python3.12/site-packages/airflow/example_dags/tutorial.py for tasks to queue
[2025-01-08T18:57:11.167+0000] {logging_mixin.py:190} INFO - [2025-01-08T18:57:11.167+0000] {dagbag.py:588} INFO - Filling up the DagBag from /home/airflow/.local/lib/python3.12/site-packages/airflow/example_dags/tutorial.py
[2025-01-08T18:57:11.188+0000] {processor.py:925} INFO - DAG(s) 'tutorial' retrieved from /home/airflow/.local/lib/python3.12/site-packages/airflow/example_dags/tutorial.py
[2025-01-08T18:57:11.212+0000] {logging_mixin.py:190} INFO - [2025-01-08T18:57:11.211+0000] {dag.py:3239} INFO - Sync 1 DAGs
[2025-01-08T18:57:11.240+0000] {logging_mixin.py:190} INFO - [2025-01-08T18:57:11.240+0000] {dag.py:4180} INFO - Setting next_dagrun for tutorial to 2025-01-07 00:00:00+00:00, run_after=2025-01-08 00:00:00+00:00
[2025-01-08T18:57:11.258+0000] {processor.py:208} INFO - Processing /home/airflow/.local/lib/python3.12/site-packages/airflow/example_dags/tutorial.py took 0.108 seconds
[2025-01-08T18:57:41.648+0000] {processor.py:186} INFO - Started process (PID=1804) to work on /home/airflow/.local/lib/python3.12/site-packages/airflow/example_dags/tutorial.py
[2025-01-08T18:57:41.648+0000] {processor.py:914} INFO - Processing file /home/airflow/.local/lib/python3.12/site-packages/airflow/example_dags/tutorial.py for tasks to queue
[2025-01-08T18:57:41.651+0000] {logging_mixin.py:190} INFO - [2025-01-08T18:57:41.651+0000] {dagbag.py:588} INFO - Filling up the DagBag from /home/airflow/.local/lib/python3.12/site-packages/airflow/example_dags/tutorial.py
[2025-01-08T18:57:41.660+0000] {processor.py:925} INFO - DAG(s) 'tutorial' retrieved from /home/airflow/.local/lib/python3.12/site-packages/airflow/example_dags/tutorial.py
[2025-01-08T18:57:41.681+0000] {logging_mixin.py:190} INFO - [2025-01-08T18:57:41.680+0000] {dag.py:3239} INFO - Sync 1 DAGs
[2025-01-08T18:57:41.707+0000] {logging_mixin.py:190} INFO - [2025-01-08T18:57:41.706+0000] {dag.py:4180} INFO - Setting next_dagrun for tutorial to 2025-01-07 00:00:00+00:00, run_after=2025-01-08 00:00:00+00:00
[2025-01-08T18:57:41.723+0000] {processor.py:208} INFO - Processing /home/airflow/.local/lib/python3.12/site-packages/airflow/example_dags/tutorial.py took 0.082 seconds
[2025-01-08T18:58:11.769+0000] {processor.py:186} INFO - Started process (PID=1869) to work on /home/airflow/.local/lib/python3.12/site-packages/airflow/example_dags/tutorial.py
[2025-01-08T18:58:11.769+0000] {processor.py:914} INFO - Processing file /home/airflow/.local/lib/python3.12/site-packages/airflow/example_dags/tutorial.py for tasks to queue
[2025-01-08T18:58:11.771+0000] {logging_mixin.py:190} INFO - [2025-01-08T18:58:11.771+0000] {dagbag.py:588} INFO - Filling up the DagBag from /home/airflow/.local/lib/python3.12/site-packages/airflow/example_dags/tutorial.py
[2025-01-08T18:58:11.779+0000] {processor.py:925} INFO - DAG(s) 'tutorial' retrieved from /home/airflow/.local/lib/python3.12/site-packages/airflow/example_dags/tutorial.py
[2025-01-08T18:58:11.799+0000] {logging_mixin.py:190} INFO - [2025-01-08T18:58:11.799+0000] {dag.py:3239} INFO - Sync 1 DAGs
[2025-01-08T18:58:11.826+0000] {logging_mixin.py:190} INFO - [2025-01-08T18:58:11.825+0000] {dag.py:4180} INFO - Setting next_dagrun for tutorial to 2025-01-07 00:00:00+00:00, run_after=2025-01-08 00:00:00+00:00
[2025-01-08T18:58:11.842+0000] {processor.py:208} INFO - Processing /home/airflow/.local/lib/python3.12/site-packages/airflow/example_dags/tutorial.py took 0.080 seconds
